------------------------------Current Architecture [1]------------------------------
0. (Mix(7x1_Conv, 0.125), None)
1. (Mix(3x1_Conv, 0.111), None)
2. (Mix(7x1_DilatedConv, 0.111), None)
------------------------------------------------------------
------------------------------Current Architecture [2]------------------------------
0. (Mix(7x1_DilatedConv, 0.129), None)
1. (Mix(3x1_Conv, 0.114), None)
2. (Mix(7x1_DilatedConv, 0.113), None)
------------------------------------------------------------
------------------------------Current Architecture [3]------------------------------
0. (Mix(7x1_DilatedConv, 0.131), None)
1. (Mix(3x1_Conv, 0.115), None)
2. (Mix(Zero, 0.115), None)
------------------------------------------------------------
------------------------------Current Architecture [4]------------------------------
0. (Mix(9x1_DilatedConv, 0.133), None)
1. (Mix(3x1_Conv, 0.115), None)
2. (Mix(Zero, 0.117), None)
------------------------------------------------------------
------------------------------Current Architecture [5]------------------------------
0. (Mix(9x1_DilatedConv, 0.134), None)
1. (Mix(3x1_Conv, 0.115), None)
2. (Mix(Zero, 0.119), None)
------------------------------------------------------------
------------------------------Current Architecture [6]------------------------------
0. (Mix(9x1_DilatedConv, 0.134), None)
1. (Mix(3x1_Conv, 0.117), None)
2. (Mix(Zero, 0.121), None)
------------------------------------------------------------
------------------------------Current Architecture [7]------------------------------
0. (Mix(9x1_DilatedConv, 0.139), None)
1. (Mix(3x1_Conv, 0.120), None)
2. (Mix(Zero, 0.124), None)
------------------------------------------------------------
------------------------------Current Architecture [8]------------------------------
0. (Mix(9x1_DilatedConv, 0.139), None)
1. (Mix(9x1_DilatedConv, 0.117), None)
2. (Mix(Zero, 0.125), None)
------------------------------------------------------------
------------------------------Current Architecture [9]------------------------------
0. (Mix(9x1_DilatedConv, 0.136), None)
1. (Mix(7x1_DilatedConv, 0.117), None)
2. (Mix(Zero, 0.131), None)
------------------------------------------------------------
------------------------------Current Architecture [10]------------------------------
0. (Mix(9x1_DilatedConv, 0.137), None)
1. (Mix(5x1_DilatedConv, 0.119), None)
2. (Mix(Zero, 0.135), None)
------------------------------------------------------------
------------------------------Current Architecture [11]------------------------------
0. (Mix(7x1_DilatedConv, 0.137), None)
1. (Mix(5x1_DilatedConv, 0.119), None)
2. (Mix(Zero, 0.139), None)
------------------------------------------------------------
------------------------------Current Architecture [12]------------------------------
0. (Mix(7x1_DilatedConv, 0.135), None)
1. (Mix(5x1_DilatedConv, 0.121), None)
2. (Mix(Zero, 0.141), None)
------------------------------------------------------------
------------------------------Current Architecture [13]------------------------------
0. (Mix(7x1_Conv, 0.135), None)
1. (Mix(5x1_DilatedConv, 0.118), None)
2. (Mix(Zero, 0.143), None)
------------------------------------------------------------
------------------------------Current Architecture [14]------------------------------
0. (Mix(7x1_Conv, 0.137), None)
1. (Mix(5x1_DilatedConv, 0.120), None)
2. (Mix(Zero, 0.145), None)
------------------------------------------------------------
------------------------------Current Architecture [15]------------------------------
0. (Mix(7x1_DilatedConv, 0.139), None)
1. (Mix(7x1_DilatedConv, 0.122), None)
2. (Mix(Zero, 0.148), None)
------------------------------------------------------------
------------------------------Current Architecture [16]------------------------------
0. (Mix(7x1_Conv, 0.138), None)
1. (Mix(3x1_DilatedConv, 0.121), None)
2. (Mix(Zero, 0.152), None)
------------------------------------------------------------
------------------------------Current Architecture [17]------------------------------
0. (Mix(7x1_Conv, 0.138), None)
1. (Mix(3x1_DilatedConv, 0.123), None)
2. (Mix(Zero, 0.157), None)
------------------------------------------------------------
------------------------------Current Architecture [18]------------------------------
0. (Mix(7x1_DilatedConv, 0.142), None)
1. (Mix(3x1_DilatedConv, 0.122), None)
2. (Mix(Zero, 0.163), None)
------------------------------------------------------------
------------------------------Current Architecture [19]------------------------------
0. (Mix(7x1_DilatedConv, 0.140), None)
1. (Mix(3x1_DilatedConv, 0.123), None)
2. (Mix(Zero, 0.166), None)
------------------------------------------------------------
------------------------------Current Architecture [20]------------------------------
0. (Mix(7x1_DilatedConv, 0.144), None)
1. (Mix(3x1_DilatedConv, 0.124), None)
2. (Mix(Zero, 0.167), None)
------------------------------------------------------------
------------------------------Current Architecture [21]------------------------------
0. (Mix(7x1_DilatedConv, 0.147), None)
1. (Mix(3x1_DilatedConv, 0.124), None)
2. (Mix(Zero, 0.169), None)
------------------------------------------------------------
------------------------------Current Architecture [22]------------------------------
0. (Mix(7x1_DilatedConv, 0.154), None)
1. (Mix(3x1_DilatedConv, 0.124), None)
2. (Mix(Zero, 0.176), None)
------------------------------------------------------------
------------------------------Current Architecture [23]------------------------------
0. (Mix(7x1_DilatedConv, 0.155), None)
1. (Mix(3x1_DilatedConv, 0.126), None)
2. (Mix(Zero, 0.178), None)
------------------------------------------------------------
------------------------------Current Architecture [24]------------------------------
0. (Mix(7x1_DilatedConv, 0.154), None)
1. (Mix(7x1_DilatedConv, 0.124), None)
2. (Mix(Zero, 0.183), None)
------------------------------------------------------------
------------------------------Current Architecture [25]------------------------------
0. (Mix(7x1_DilatedConv, 0.152), None)
1. (Mix(7x1_DilatedConv, 0.125), None)
2. (Mix(Zero, 0.186), None)
------------------------------------------------------------
------------------------------Current Architecture [26]------------------------------
0. (Mix(7x1_DilatedConv, 0.149), None)
1. (Mix(5x1_DilatedConv, 0.133), None)
2. (Mix(Zero, 0.191), None)
------------------------------------------------------------
------------------------------Current Architecture [27]------------------------------
0. (Mix(9x1_DilatedConv, 0.152), None)
1. (Mix(5x1_DilatedConv, 0.131), None)
2. (Mix(Zero, 0.193), None)
------------------------------------------------------------
------------------------------Current Architecture [28]------------------------------
0. (Mix(9x1_DilatedConv, 0.153), None)
1. (Mix(5x1_DilatedConv, 0.130), None)
2. (Mix(Zero, 0.200), None)
------------------------------------------------------------
------------------------------Current Architecture [29]------------------------------
0. (Mix(9x1_DilatedConv, 0.154), None)
1. (Mix(7x1_DilatedConv, 0.132), None)
2. (Mix(Zero, 0.203), None)
------------------------------------------------------------
------------------------------Current Architecture [30]------------------------------
0. (Mix(9x1_DilatedConv, 0.155), None)
1. (Mix(7x1_DilatedConv, 0.132), None)
2. (Mix(Zero, 0.207), None)
------------------------------------------------------------
------------------------------Current Architecture [31]------------------------------
0. (Mix(9x1_DilatedConv, 0.154), None)
1. (Mix(7x1_DilatedConv, 0.130), None)
2. (Mix(Zero, 0.207), None)
------------------------------------------------------------
------------------------------Current Architecture [32]------------------------------
0. (Mix(9x1_DilatedConv, 0.155), None)
1. (Mix(7x1_DilatedConv, 0.129), None)
2. (Mix(Zero, 0.208), None)
------------------------------------------------------------
------------------------------Current Architecture [33]------------------------------
0. (Mix(9x1_DilatedConv, 0.155), None)
1. (Mix(7x1_DilatedConv, 0.128), None)
2. (Mix(Zero, 0.209), None)
------------------------------------------------------------
------------------------------Current Architecture [34]------------------------------
0. (Mix(9x1_DilatedConv, 0.156), None)
1. (Mix(9x1_DilatedConv, 0.129), None)
2. (Mix(Zero, 0.219), None)
------------------------------------------------------------
------------------------------Current Architecture [35]------------------------------
0. (Mix(9x1_DilatedConv, 0.156), None)
1. (Mix(7x1_DilatedConv, 0.130), None)
2. (Mix(Zero, 0.224), None)
------------------------------------------------------------
------------------------------Current Architecture [36]------------------------------
0. (Mix(9x1_DilatedConv, 0.154), None)
1. (Mix(7x1_DilatedConv, 0.133), None)
2. (Mix(Zero, 0.229), None)
------------------------------------------------------------
------------------------------Current Architecture [37]------------------------------
0. (Mix(9x1_DilatedConv, 0.153), None)
1. (Mix(7x1_DilatedConv, 0.131), None)
2. (Mix(Zero, 0.236), None)
------------------------------------------------------------
------------------------------Current Architecture [38]------------------------------
0. (Mix(9x1_DilatedConv, 0.154), None)
1. (Mix(7x1_DilatedConv, 0.131), None)
2. (Mix(Zero, 0.242), None)
------------------------------------------------------------
------------------------------Current Architecture [39]------------------------------
0. (Mix(9x1_DilatedConv, 0.157), None)
1. (Mix(7x1_DilatedConv, 0.131), None)
2. (Mix(Zero, 0.243), None)
------------------------------------------------------------
------------------------------Current Architecture [40]------------------------------
0. (Mix(9x1_DilatedConv, 0.159), None)
1. (Mix(7x1_DilatedConv, 0.133), None)
2. (Mix(Zero, 0.250), None)
------------------------------------------------------------
------------------------------Current Architecture [41]------------------------------
0. (Mix(9x1_DilatedConv, 0.160), None)
1. (Mix(7x1_DilatedConv, 0.131), None)
2. (Mix(Zero, 0.255), None)
------------------------------------------------------------
------------------------------Current Architecture [42]------------------------------
0. (Mix(7x1_DilatedConv, 0.160), None)
1. (Mix(7x1_DilatedConv, 0.130), None)
2. (Mix(Zero, 0.261), None)
------------------------------------------------------------
------------------------------Current Architecture [43]------------------------------
0. (Mix(7x1_DilatedConv, 0.163), None)
1. (Mix(7x1_DilatedConv, 0.129), None)
2. (Mix(Zero, 0.265), None)
------------------------------------------------------------
------------------------------Current Architecture [44]------------------------------
0. (Mix(7x1_DilatedConv, 0.163), None)
1. (Mix(7x1_DilatedConv, 0.131), None)
2. (Mix(Zero, 0.270), None)
------------------------------------------------------------
------------------------------Current Architecture [45]------------------------------
0. (Mix(7x1_DilatedConv, 0.163), None)
1. (Mix(7x1_DilatedConv, 0.129), None)
2. (Mix(Zero, 0.271), None)
------------------------------------------------------------
------------------------------Current Architecture [46]------------------------------
0. (Mix(7x1_DilatedConv, 0.164), None)
1. (Mix(7x1_DilatedConv, 0.129), None)
2. (Mix(Zero, 0.273), None)
------------------------------------------------------------
------------------------------Current Architecture [47]------------------------------
0. (Mix(7x1_DilatedConv, 0.165), None)
1. (Mix(7x1_DilatedConv, 0.128), None)
2. (Mix(Zero, 0.280), None)
------------------------------------------------------------
------------------------------Current Architecture [48]------------------------------
0. (Mix(7x1_DilatedConv, 0.169), None)
1. (Mix(7x1_DilatedConv, 0.132), None)
2. (Mix(Zero, 0.283), None)
------------------------------------------------------------
------------------------------Current Architecture [49]------------------------------
0. (Mix(7x1_DilatedConv, 0.169), None)
1. (Mix(7x1_DilatedConv, 0.135), None)
2. (Mix(Zero, 0.286), None)
------------------------------------------------------------
------------------------------Current Architecture [50]------------------------------
0. (Mix(7x1_DilatedConv, 0.172), None)
1. (Mix(7x1_DilatedConv, 0.136), None)
2. (Mix(Zero, 0.289), None)
------------------------------------------------------------
------------------------------Current Architecture [51]------------------------------
0. (Mix(7x1_DilatedConv, 0.173), None)
1. (Mix(7x1_DilatedConv, 0.135), None)
2. (Mix(Zero, 0.300), None)
------------------------------------------------------------
------------------------------Current Architecture [52]------------------------------
0. (Mix(7x1_DilatedConv, 0.173), None)
1. (Mix(7x1_DilatedConv, 0.136), None)
2. (Mix(Zero, 0.304), None)
------------------------------------------------------------
------------------------------Current Architecture [53]------------------------------
0. (Mix(9x1_DilatedConv, 0.173), None)
1. (Mix(7x1_DilatedConv, 0.137), None)
2. (Mix(Zero, 0.315), None)
------------------------------------------------------------
------------------------------Current Architecture [54]------------------------------
0. (Mix(9x1_DilatedConv, 0.176), None)
1. (Mix(7x1_DilatedConv, 0.136), None)
2. (Mix(Zero, 0.324), None)
------------------------------------------------------------
------------------------------Current Architecture [55]------------------------------
0. (Mix(9x1_DilatedConv, 0.177), None)
1. (Mix(7x1_DilatedConv, 0.135), None)
2. (Mix(Zero, 0.330), None)
------------------------------------------------------------
------------------------------Current Architecture [56]------------------------------
0. (Mix(9x1_DilatedConv, 0.176), None)
1. (Mix(7x1_DilatedConv, 0.135), None)
2. (Mix(Zero, 0.341), None)
------------------------------------------------------------
------------------------------Current Architecture [57]------------------------------
0. (Mix(9x1_DilatedConv, 0.177), None)
1. (Mix(7x1_DilatedConv, 0.139), None)
2. (Mix(Zero, 0.349), None)
------------------------------------------------------------
------------------------------Current Architecture [58]------------------------------
0. (Mix(9x1_DilatedConv, 0.178), None)
1. (Mix(7x1_DilatedConv, 0.138), None)
2. (Mix(Zero, 0.357), None)
------------------------------------------------------------
------------------------------Current Architecture [59]------------------------------
0. (Mix(9x1_DilatedConv, 0.182), None)
1. (Mix(7x1_DilatedConv, 0.136), None)
2. (Mix(Zero, 0.358), None)
------------------------------------------------------------
------------------------------Current Architecture [60]------------------------------
0. (Mix(9x1_DilatedConv, 0.184), None)
1. (Mix(7x1_DilatedConv, 0.137), None)
2. (Mix(Zero, 0.359), None)
------------------------------------------------------------
------------------------------Current Architecture [61]------------------------------
0. (Mix(9x1_DilatedConv, 0.184), None)
1. (Mix(7x1_DilatedConv, 0.133), None)
2. (Mix(Zero, 0.365), None)
------------------------------------------------------------
------------------------------Current Architecture [62]------------------------------
0. (Mix(9x1_DilatedConv, 0.185), None)
1. (Mix(7x1_DilatedConv, 0.132), None)
2. (Mix(Zero, 0.371), None)
------------------------------------------------------------
------------------------------Current Architecture [63]------------------------------
0. (Mix(9x1_DilatedConv, 0.188), None)
1. (Mix(7x1_DilatedConv, 0.135), None)
2. (Mix(Zero, 0.380), None)
------------------------------------------------------------
------------------------------Current Architecture [64]------------------------------
0. (Mix(9x1_DilatedConv, 0.190), None)
1. (Mix(7x1_DilatedConv, 0.137), None)
2. (Mix(Zero, 0.392), None)
------------------------------------------------------------
------------------------------Current Architecture [65]------------------------------
0. (Mix(9x1_DilatedConv, 0.188), None)
1. (Mix(7x1_DilatedConv, 0.136), None)
2. (Mix(Zero, 0.397), None)
------------------------------------------------------------
------------------------------Current Architecture [66]------------------------------
0. (Mix(9x1_DilatedConv, 0.187), None)
1. (Mix(7x1_DilatedConv, 0.135), None)
2. (Mix(Zero, 0.410), None)
------------------------------------------------------------
------------------------------Current Architecture [67]------------------------------
0. (Mix(9x1_DilatedConv, 0.192), None)
1. (Mix(7x1_DilatedConv, 0.135), None)
2. (Mix(Zero, 0.412), None)
------------------------------------------------------------
------------------------------Current Architecture [68]------------------------------
0. (Mix(9x1_DilatedConv, 0.194), None)
1. (Mix(7x1_DilatedConv, 0.137), None)
2. (Mix(Zero, 0.417), None)
------------------------------------------------------------
------------------------------Current Architecture [69]------------------------------
0. (Mix(9x1_DilatedConv, 0.193), None)
1. (Mix(7x1_DilatedConv, 0.135), None)
2. (Mix(Zero, 0.417), None)
------------------------------------------------------------
------------------------------Current Architecture [70]------------------------------
0. (Mix(7x1_DilatedConv, 0.192), None)
1. (Mix(7x1_DilatedConv, 0.136), None)
2. (Mix(Zero, 0.430), None)
------------------------------------------------------------
------------------------------Current Architecture [71]------------------------------
0. (Mix(7x1_DilatedConv, 0.198), None)
1. (Mix(7x1_DilatedConv, 0.138), None)
2. (Mix(Zero, 0.433), None)
------------------------------------------------------------
------------------------------Current Architecture [72]------------------------------
0. (Mix(7x1_DilatedConv, 0.200), None)
1. (Mix(7x1_DilatedConv, 0.138), None)
2. (Mix(Zero, 0.440), None)
------------------------------------------------------------
------------------------------Current Architecture [73]------------------------------
0. (Mix(7x1_DilatedConv, 0.200), None)
1. (Mix(7x1_DilatedConv, 0.140), None)
2. (Mix(Zero, 0.444), None)
------------------------------------------------------------
------------------------------Current Architecture [74]------------------------------
0. (Mix(7x1_DilatedConv, 0.198), None)
1. (Mix(7x1_DilatedConv, 0.139), None)
2. (Mix(Zero, 0.458), None)
------------------------------------------------------------
------------------------------Current Architecture [75]------------------------------
0. (Mix(7x1_DilatedConv, 0.200), None)
1. (Mix(7x1_DilatedConv, 0.140), None)
2. (Mix(Zero, 0.462), None)
------------------------------------------------------------
------------------------------Current Architecture [76]------------------------------
0. (Mix(7x1_DilatedConv, 0.202), None)
1. (Mix(7x1_DilatedConv, 0.139), None)
2. (Mix(Zero, 0.470), None)
------------------------------------------------------------
------------------------------Current Architecture [77]------------------------------
0. (Mix(7x1_DilatedConv, 0.199), None)
1. (Mix(7x1_DilatedConv, 0.140), None)
2. (Mix(Zero, 0.472), None)
------------------------------------------------------------
------------------------------Current Architecture [78]------------------------------
0. (Mix(7x1_DilatedConv, 0.195), None)
1. (Mix(7x1_DilatedConv, 0.141), None)
2. (Mix(Zero, 0.478), None)
------------------------------------------------------------
------------------------------Current Architecture [79]------------------------------
0. (Mix(7x1_DilatedConv, 0.192), None)
1. (Mix(7x1_DilatedConv, 0.142), None)
2. (Mix(Zero, 0.479), None)
------------------------------------------------------------
------------------------------Current Architecture [80]------------------------------
0. (Mix(7x1_DilatedConv, 0.191), None)
1. (Mix(7x1_DilatedConv, 0.143), None)
2. (Mix(Zero, 0.480), None)
------------------------------------------------------------
------------------------------Current Architecture [81]------------------------------
0. (Mix(7x1_DilatedConv, 0.188), None)
1. (Mix(7x1_DilatedConv, 0.143), None)
2. (Mix(Zero, 0.487), None)
------------------------------------------------------------
------------------------------Current Architecture [82]------------------------------
0. (Mix(7x1_DilatedConv, 0.190), None)
1. (Mix(7x1_DilatedConv, 0.146), None)
2. (Mix(Zero, 0.497), None)
------------------------------------------------------------
------------------------------Current Architecture [83]------------------------------
0. (Mix(7x1_DilatedConv, 0.191), None)
1. (Mix(7x1_DilatedConv, 0.140), None)
2. (Mix(Zero, 0.501), None)
------------------------------------------------------------
------------------------------Current Architecture [84]------------------------------
0. (Mix(7x1_DilatedConv, 0.195), None)
1. (Mix(7x1_DilatedConv, 0.141), None)
2. (Mix(Zero, 0.505), None)
------------------------------------------------------------
------------------------------Current Architecture [85]------------------------------
0. (Mix(7x1_DilatedConv, 0.195), None)
1. (Mix(7x1_DilatedConv, 0.142), None)
2. (Mix(Zero, 0.514), None)
------------------------------------------------------------
------------------------------Current Architecture [86]------------------------------
0. (Mix(7x1_DilatedConv, 0.192), None)
1. (Mix(7x1_DilatedConv, 0.141), None)
2. (Mix(Zero, 0.519), None)
------------------------------------------------------------
------------------------------Current Architecture [87]------------------------------
0. (Mix(7x1_DilatedConv, 0.191), None)
1. (Mix(7x1_DilatedConv, 0.143), None)
2. (Mix(Zero, 0.529), None)
------------------------------------------------------------
------------------------------Current Architecture [88]------------------------------
0. (Mix(7x1_DilatedConv, 0.195), None)
1. (Mix(7x1_DilatedConv, 0.143), None)
2. (Mix(Zero, 0.534), None)
------------------------------------------------------------
------------------------------Current Architecture [89]------------------------------
0. (Mix(7x1_DilatedConv, 0.193), None)
1. (Mix(7x1_DilatedConv, 0.142), None)
2. (Mix(Zero, 0.544), None)
------------------------------------------------------------
------------------------------Current Architecture [90]------------------------------
0. (Mix(7x1_DilatedConv, 0.193), None)
1. (Mix(7x1_DilatedConv, 0.142), None)
2. (Mix(Zero, 0.552), None)
------------------------------------------------------------
------------------------------Current Architecture [91]------------------------------
0. (Mix(7x1_DilatedConv, 0.194), None)
1. (Mix(7x1_DilatedConv, 0.139), None)
2. (Mix(Zero, 0.562), None)
------------------------------------------------------------
------------------------------Current Architecture [92]------------------------------
0. (Mix(7x1_DilatedConv, 0.192), None)
1. (Mix(7x1_DilatedConv, 0.139), None)
2. (Mix(Zero, 0.564), None)
------------------------------------------------------------
------------------------------Current Architecture [93]------------------------------
0. (Mix(7x1_DilatedConv, 0.195), None)
1. (Mix(7x1_DilatedConv, 0.144), None)
2. (Mix(Zero, 0.564), None)
------------------------------------------------------------
------------------------------Current Architecture [94]------------------------------
0. (Mix(7x1_DilatedConv, 0.198), None)
1. (Mix(7x1_DilatedConv, 0.141), None)
2. (Mix(Zero, 0.569), None)
------------------------------------------------------------
------------------------------Current Architecture [95]------------------------------
0. (Mix(7x1_DilatedConv, 0.206), None)
1. (Mix(7x1_DilatedConv, 0.141), None)
2. (Mix(Zero, 0.579), None)
------------------------------------------------------------
------------------------------Current Architecture [96]------------------------------
0. (Mix(7x1_DilatedConv, 0.207), None)
1. (Mix(7x1_DilatedConv, 0.140), None)
2. (Mix(Zero, 0.582), None)
------------------------------------------------------------
------------------------------Current Architecture [97]------------------------------
0. (Mix(7x1_DilatedConv, 0.209), None)
1. (Mix(7x1_DilatedConv, 0.141), None)
2. (Mix(Zero, 0.583), None)
------------------------------------------------------------
------------------------------Current Architecture [98]------------------------------
0. (Mix(7x1_DilatedConv, 0.210), None)
1. (Mix(7x1_DilatedConv, 0.140), None)
2. (Mix(Zero, 0.585), None)
------------------------------------------------------------
------------------------------Current Architecture [99]------------------------------
0. (Mix(7x1_DilatedConv, 0.213), None)
1. (Mix(7x1_DilatedConv, 0.140), None)
2. (Mix(Zero, 0.586), None)
------------------------------------------------------------
------------------------------Current Architecture [100]------------------------------
0. (Mix(7x1_DilatedConv, 0.210), None)
1. (Mix(7x1_DilatedConv, 0.140), None)
2. (Mix(Zero, 0.592), None)
------------------------------------------------------------
------------------------------Current Architecture [1]------------------------------
0. (Mix(7x1_Conv, 0.125), None)
1. (Mix(3x1_Conv, 0.111), None)
2. (Mix(7x1_DilatedConv, 0.111), None)
------------------------------------------------------------
------------------------------Current Architecture [1]------------------------------
0. (Mix(7x1_Conv, 0.125), None)
1. (Mix(3x1_Conv, 0.111), None)
2. (Mix(7x1_DilatedConv, 0.111), None)
------------------------------------------------------------
------------------------------Current Architecture [1]------------------------------
0. (Mix(7x1_Conv, 0.125), None)
1. (Mix(3x1_Conv, 0.111), None)
2. (Mix(7x1_DilatedConv, 0.111), None)
------------------------------------------------------------
------------------------------Current Architecture [2]------------------------------
0. (Mix(5x1_Conv, 0.129), None)
1. (Mix(5x1_Conv, 0.113), None)
2. (Mix(9x1_Conv, 0.113), None)
------------------------------------------------------------
