------------------------------Current Architecture [1]------------------------------
0. (Mix(7x1_Conv, 0.125), None)
1. (Mix(3x1_Conv, 0.111), None)
2. (Mix(7x1_DilatedConv, 0.111), None)
------------------------------------------------------------
------------------------------Current Architecture [2]------------------------------
0. (Mix(5x1_Conv, 0.155), None)
1. (Mix(Zero, 0.127), None)
2. (Mix(Zero, 0.135), None)
------------------------------------------------------------
------------------------------Current Architecture [3]------------------------------
0. (Mix(5x1_Conv, 0.210), None)
1. (Mix(9x1_Conv, 0.146), None)
2. (Mix(Zero, 0.171), None)
------------------------------------------------------------
------------------------------Current Architecture [4]------------------------------
0. (Mix(9x1_DilatedConv, 0.198), None)
1. (Mix(Zero, 0.158), None)
2. (Mix(Zero, 0.188), None)
------------------------------------------------------------
------------------------------Current Architecture [5]------------------------------
0. (Mix(9x1_DilatedConv, 0.201), None)
1. (Mix(Zero, 0.156), None)
2. (Mix(Zero, 0.192), None)
------------------------------------------------------------
------------------------------Current Architecture [6]------------------------------
0. (Mix(9x1_DilatedConv, 0.204), None)
1. (Mix(9x1_DilatedConv, 0.162), None)
2. (Mix(Zero, 0.191), None)
------------------------------------------------------------
------------------------------Current Architecture [7]------------------------------
0. (Mix(9x1_DilatedConv, 0.216), None)
1. (Mix(Zero, 0.166), None)
2. (Mix(Zero, 0.228), None)
------------------------------------------------------------
------------------------------Current Architecture [8]------------------------------
0. (Mix(9x1_DilatedConv, 0.239), None)
1. (Mix(Zero, 0.167), None)
2. (Mix(Zero, 0.237), None)
------------------------------------------------------------
------------------------------Current Architecture [9]------------------------------
0. (Mix(9x1_DilatedConv, 0.236), None)
1. (Mix(Zero, 0.188), None)
2. (Mix(Zero, 0.287), None)
------------------------------------------------------------
------------------------------Current Architecture [10]------------------------------
0. (Mix(9x1_DilatedConv, 0.256), None)
1. (Mix(Zero, 0.197), None)
2. (Mix(Zero, 0.306), None)
------------------------------------------------------------
------------------------------Current Architecture [11]------------------------------
0. (Mix(9x1_DilatedConv, 0.247), None)
1. (Mix(Zero, 0.257), None)
2. (Mix(Zero, 0.336), None)
------------------------------------------------------------
------------------------------Current Architecture [12]------------------------------
0. (Mix(9x1_DilatedConv, 0.243), None)
1. (Mix(Zero, 0.271), None)
2. (Mix(Zero, 0.373), None)
------------------------------------------------------------
------------------------------Current Architecture [13]------------------------------
0. (Mix(9x1_DilatedConv, 0.265), None)
1. (Mix(Zero, 0.322), None)
2. (Mix(Zero, 0.382), None)
------------------------------------------------------------
------------------------------Current Architecture [14]------------------------------
0. (Mix(9x1_DilatedConv, 0.288), None)
1. (Mix(Zero, 0.326), None)
2. (Mix(Zero, 0.401), None)
------------------------------------------------------------
------------------------------Current Architecture [15]------------------------------
0. (Mix(9x1_DilatedConv, 0.309), None)
1. (Mix(Zero, 0.358), None)
2. (Mix(Zero, 0.411), None)
------------------------------------------------------------
------------------------------Current Architecture [16]------------------------------
0. (Mix(9x1_DilatedConv, 0.356), None)
1. (Mix(Zero, 0.373), None)
2. (Mix(Zero, 0.413), None)
------------------------------------------------------------
------------------------------Current Architecture [17]------------------------------
0. (Mix(9x1_DilatedConv, 0.352), None)
1. (Mix(Zero, 0.372), None)
2. (Mix(Zero, 0.429), None)
------------------------------------------------------------
------------------------------Current Architecture [18]------------------------------
0. (Mix(9x1_DilatedConv, 0.319), None)
1. (Mix(Zero, 0.372), None)
2. (Mix(Zero, 0.437), None)
------------------------------------------------------------
------------------------------Current Architecture [19]------------------------------
0. (Mix(9x1_DilatedConv, 0.348), None)
1. (Mix(Zero, 0.375), None)
2. (Mix(Zero, 0.449), None)
------------------------------------------------------------
------------------------------Current Architecture [20]------------------------------
0. (Mix(9x1_DilatedConv, 0.356), None)
1. (Mix(Zero, 0.382), None)
2. (Mix(Zero, 0.457), None)
------------------------------------------------------------
------------------------------Current Architecture [21]------------------------------
0. (Mix(9x1_DilatedConv, 0.362), None)
1. (Mix(Zero, 0.382), None)
2. (Mix(Zero, 0.458), None)
------------------------------------------------------------
------------------------------Current Architecture [22]------------------------------
0. (Mix(9x1_DilatedConv, 0.387), None)
1. (Mix(Zero, 0.382), None)
2. (Mix(Zero, 0.463), None)
------------------------------------------------------------
------------------------------Current Architecture [23]------------------------------
0. (Mix(9x1_DilatedConv, 0.387), None)
1. (Mix(Zero, 0.453), None)
2. (Mix(Zero, 0.466), None)
------------------------------------------------------------
------------------------------Current Architecture [24]------------------------------
0. (Mix(9x1_DilatedConv, 0.392), None)
1. (Mix(Zero, 0.488), None)
2. (Mix(Zero, 0.466), None)
------------------------------------------------------------
------------------------------Current Architecture [25]------------------------------
0. (Mix(9x1_DilatedConv, 0.409), None)
1. (Mix(Zero, 0.488), None)
2. (Mix(Zero, 0.467), None)
------------------------------------------------------------
------------------------------Current Architecture [26]------------------------------
0. (Mix(9x1_DilatedConv, 0.465), None)
1. (Mix(Zero, 0.501), None)
2. (Mix(Zero, 0.467), None)
------------------------------------------------------------
------------------------------Current Architecture [27]------------------------------
0. (Mix(9x1_DilatedConv, 0.481), None)
1. (Mix(Zero, 0.518), None)
2. (Mix(Zero, 0.480), None)
------------------------------------------------------------
------------------------------Current Architecture [28]------------------------------
0. (Mix(9x1_DilatedConv, 0.494), None)
1. (Mix(Zero, 0.532), None)
2. (Mix(Zero, 0.480), None)
------------------------------------------------------------
------------------------------Current Architecture [29]------------------------------
0. (Mix(9x1_DilatedConv, 0.515), None)
1. (Mix(Zero, 0.534), None)
2. (Mix(Zero, 0.481), None)
------------------------------------------------------------
------------------------------Current Architecture [30]------------------------------
0. (Mix(9x1_DilatedConv, 0.512), None)
1. (Mix(Zero, 0.543), None)
2. (Mix(Zero, 0.485), None)
------------------------------------------------------------
------------------------------Current Architecture [31]------------------------------
0. (Mix(9x1_DilatedConv, 0.526), None)
1. (Mix(Zero, 0.557), None)
2. (Mix(Zero, 0.485), None)
------------------------------------------------------------
------------------------------Current Architecture [32]------------------------------
0. (Mix(9x1_DilatedConv, 0.541), None)
1. (Mix(Zero, 0.556), None)
2. (Mix(Zero, 0.485), None)
------------------------------------------------------------
------------------------------Current Architecture [33]------------------------------
0. (Mix(9x1_DilatedConv, 0.541), None)
1. (Mix(Zero, 0.556), None)
2. (Mix(Zero, 0.490), None)
------------------------------------------------------------
------------------------------Current Architecture [34]------------------------------
0. (Mix(9x1_DilatedConv, 0.563), None)
1. (Mix(Zero, 0.556), None)
2. (Mix(Zero, 0.495), None)
------------------------------------------------------------
------------------------------Current Architecture [35]------------------------------
0. (Mix(9x1_DilatedConv, 0.577), None)
1. (Mix(Zero, 0.552), None)
2. (Mix(Zero, 0.502), None)
------------------------------------------------------------
------------------------------Current Architecture [36]------------------------------
0. (Mix(9x1_DilatedConv, 0.576), None)
1. (Mix(Zero, 0.548), None)
2. (Mix(Zero, 0.507), None)
------------------------------------------------------------
------------------------------Current Architecture [37]------------------------------
0. (Mix(9x1_DilatedConv, 0.610), None)
1. (Mix(Zero, 0.547), None)
2. (Mix(Zero, 0.532), None)
------------------------------------------------------------
------------------------------Current Architecture [38]------------------------------
0. (Mix(9x1_DilatedConv, 0.606), None)
1. (Mix(Zero, 0.548), None)
2. (Mix(Zero, 0.563), None)
------------------------------------------------------------
------------------------------Current Architecture [39]------------------------------
0. (Mix(9x1_DilatedConv, 0.617), None)
1. (Mix(Zero, 0.546), None)
2. (Mix(Zero, 0.571), None)
------------------------------------------------------------
------------------------------Current Architecture [40]------------------------------
0. (Mix(9x1_DilatedConv, 0.612), None)
1. (Mix(Zero, 0.548), None)
2. (Mix(Zero, 0.573), None)
------------------------------------------------------------
------------------------------Current Architecture [41]------------------------------
0. (Mix(9x1_DilatedConv, 0.622), None)
1. (Mix(Zero, 0.554), None)
2. (Mix(Zero, 0.573), None)
------------------------------------------------------------
------------------------------Current Architecture [42]------------------------------
0. (Mix(9x1_DilatedConv, 0.607), None)
1. (Mix(Zero, 0.554), None)
2. (Mix(Zero, 0.573), None)
------------------------------------------------------------
------------------------------Current Architecture [43]------------------------------
0. (Mix(9x1_DilatedConv, 0.643), None)
1. (Mix(Zero, 0.577), None)
2. (Mix(Zero, 0.585), None)
------------------------------------------------------------
------------------------------Current Architecture [44]------------------------------
0. (Mix(9x1_DilatedConv, 0.653), None)
1. (Mix(Zero, 0.582), None)
2. (Mix(Zero, 0.588), None)
------------------------------------------------------------
------------------------------Current Architecture [45]------------------------------
0. (Mix(9x1_DilatedConv, 0.679), None)
1. (Mix(Zero, 0.583), None)
2. (Mix(Zero, 0.590), None)
------------------------------------------------------------
------------------------------Current Architecture [46]------------------------------
0. (Mix(9x1_DilatedConv, 0.694), None)
1. (Mix(Zero, 0.590), None)
2. (Mix(Zero, 0.590), None)
------------------------------------------------------------
------------------------------Current Architecture [47]------------------------------
0. (Mix(9x1_DilatedConv, 0.696), None)
1. (Mix(Zero, 0.590), None)
2. (Mix(Zero, 0.598), None)
------------------------------------------------------------
------------------------------Current Architecture [48]------------------------------
0. (Mix(9x1_DilatedConv, 0.708), None)
1. (Mix(Zero, 0.595), None)
2. (Mix(Zero, 0.599), None)
------------------------------------------------------------
------------------------------Current Architecture [49]------------------------------
0. (Mix(9x1_DilatedConv, 0.708), None)
1. (Mix(Zero, 0.598), None)
2. (Mix(Zero, 0.600), None)
------------------------------------------------------------
------------------------------Current Architecture [50]------------------------------
0. (Mix(9x1_DilatedConv, 0.706), None)
1. (Mix(Zero, 0.598), None)
2. (Mix(Zero, 0.601), None)
------------------------------------------------------------
------------------------------Current Architecture [51]------------------------------
0. (Mix(9x1_DilatedConv, 0.707), None)
1. (Mix(Zero, 0.607), None)
2. (Mix(Zero, 0.607), None)
------------------------------------------------------------
------------------------------Current Architecture [52]------------------------------
0. (Mix(9x1_DilatedConv, 0.717), None)
1. (Mix(Zero, 0.627), None)
2. (Mix(Zero, 0.613), None)
------------------------------------------------------------
------------------------------Current Architecture [53]------------------------------
0. (Mix(9x1_DilatedConv, 0.731), None)
1. (Mix(Zero, 0.629), None)
2. (Mix(Zero, 0.613), None)
------------------------------------------------------------
------------------------------Current Architecture [54]------------------------------
0. (Mix(9x1_DilatedConv, 0.724), None)
1. (Mix(Zero, 0.632), None)
2. (Mix(Zero, 0.628), None)
------------------------------------------------------------
------------------------------Current Architecture [55]------------------------------
0. (Mix(9x1_DilatedConv, 0.733), None)
1. (Mix(Zero, 0.633), None)
2. (Mix(Zero, 0.636), None)
------------------------------------------------------------
------------------------------Current Architecture [56]------------------------------
0. (Mix(9x1_DilatedConv, 0.729), None)
1. (Mix(Zero, 0.633), None)
2. (Mix(Zero, 0.636), None)
------------------------------------------------------------
------------------------------Current Architecture [57]------------------------------
0. (Mix(9x1_DilatedConv, 0.713), None)
1. (Mix(Zero, 0.635), None)
2. (Mix(Zero, 0.641), None)
------------------------------------------------------------
------------------------------Current Architecture [58]------------------------------
0. (Mix(9x1_DilatedConv, 0.719), None)
1. (Mix(Zero, 0.652), None)
2. (Mix(Zero, 0.641), None)
------------------------------------------------------------
------------------------------Current Architecture [59]------------------------------
0. (Mix(9x1_DilatedConv, 0.717), None)
1. (Mix(Zero, 0.660), None)
2. (Mix(Zero, 0.641), None)
------------------------------------------------------------
------------------------------Current Architecture [60]------------------------------
0. (Mix(9x1_DilatedConv, 0.722), None)
1. (Mix(Zero, 0.666), None)
2. (Mix(Zero, 0.641), None)
------------------------------------------------------------
------------------------------Current Architecture [61]------------------------------
0. (Mix(9x1_DilatedConv, 0.723), None)
1. (Mix(Zero, 0.666), None)
2. (Mix(Zero, 0.642), None)
------------------------------------------------------------
------------------------------Current Architecture [62]------------------------------
0. (Mix(9x1_DilatedConv, 0.721), None)
1. (Mix(Zero, 0.675), None)
2. (Mix(Zero, 0.648), None)
------------------------------------------------------------
------------------------------Current Architecture [63]------------------------------
0. (Mix(9x1_DilatedConv, 0.726), None)
1. (Mix(Zero, 0.684), None)
2. (Mix(Zero, 0.652), None)
------------------------------------------------------------
------------------------------Current Architecture [64]------------------------------
0. (Mix(9x1_DilatedConv, 0.722), None)
1. (Mix(Zero, 0.686), None)
2. (Mix(Zero, 0.652), None)
------------------------------------------------------------
------------------------------Current Architecture [65]------------------------------
0. (Mix(9x1_DilatedConv, 0.741), None)
1. (Mix(Zero, 0.690), None)
2. (Mix(Zero, 0.662), None)
------------------------------------------------------------
------------------------------Current Architecture [66]------------------------------
0. (Mix(9x1_DilatedConv, 0.736), None)
1. (Mix(Zero, 0.693), None)
2. (Mix(Zero, 0.663), None)
------------------------------------------------------------
------------------------------Current Architecture [67]------------------------------
0. (Mix(9x1_DilatedConv, 0.747), None)
1. (Mix(Zero, 0.698), None)
2. (Mix(Zero, 0.667), None)
------------------------------------------------------------
------------------------------Current Architecture [68]------------------------------
0. (Mix(9x1_DilatedConv, 0.757), None)
1. (Mix(Zero, 0.698), None)
2. (Mix(Zero, 0.673), None)
------------------------------------------------------------
------------------------------Current Architecture [69]------------------------------
0. (Mix(9x1_DilatedConv, 0.760), None)
1. (Mix(Zero, 0.698), None)
2. (Mix(Zero, 0.677), None)
------------------------------------------------------------
------------------------------Current Architecture [70]------------------------------
0. (Mix(9x1_DilatedConv, 0.762), None)
1. (Mix(Zero, 0.700), None)
2. (Mix(Zero, 0.680), None)
------------------------------------------------------------
------------------------------Current Architecture [71]------------------------------
0. (Mix(9x1_DilatedConv, 0.751), None)
1. (Mix(Zero, 0.700), None)
2. (Mix(Zero, 0.681), None)
------------------------------------------------------------
------------------------------Current Architecture [72]------------------------------
0. (Mix(9x1_DilatedConv, 0.768), None)
1. (Mix(Zero, 0.701), None)
2. (Mix(Zero, 0.684), None)
------------------------------------------------------------
------------------------------Current Architecture [73]------------------------------
0. (Mix(9x1_DilatedConv, 0.768), None)
1. (Mix(Zero, 0.701), None)
2. (Mix(Zero, 0.684), None)
------------------------------------------------------------
------------------------------Current Architecture [74]------------------------------
0. (Mix(9x1_DilatedConv, 0.768), None)
1. (Mix(Zero, 0.710), None)
2. (Mix(Zero, 0.687), None)
------------------------------------------------------------
------------------------------Current Architecture [75]------------------------------
0. (Mix(9x1_DilatedConv, 0.767), None)
1. (Mix(Zero, 0.714), None)
2. (Mix(Zero, 0.690), None)
------------------------------------------------------------
------------------------------Current Architecture [76]------------------------------
0. (Mix(9x1_DilatedConv, 0.757), None)
1. (Mix(Zero, 0.714), None)
2. (Mix(Zero, 0.691), None)
------------------------------------------------------------
------------------------------Current Architecture [77]------------------------------
0. (Mix(9x1_DilatedConv, 0.759), None)
1. (Mix(Zero, 0.719), None)
2. (Mix(Zero, 0.691), None)
------------------------------------------------------------
------------------------------Current Architecture [78]------------------------------
0. (Mix(9x1_DilatedConv, 0.750), None)
1. (Mix(Zero, 0.719), None)
2. (Mix(Zero, 0.691), None)
------------------------------------------------------------
------------------------------Current Architecture [79]------------------------------
0. (Mix(9x1_DilatedConv, 0.735), None)
1. (Mix(Zero, 0.718), None)
2. (Mix(Zero, 0.696), None)
------------------------------------------------------------
------------------------------Current Architecture [80]------------------------------
0. (Mix(9x1_DilatedConv, 0.729), None)
1. (Mix(Zero, 0.726), None)
2. (Mix(Zero, 0.705), None)
------------------------------------------------------------
------------------------------Current Architecture [81]------------------------------
0. (Mix(9x1_DilatedConv, 0.707), None)
1. (Mix(Zero, 0.726), None)
2. (Mix(Zero, 0.705), None)
------------------------------------------------------------
------------------------------Current Architecture [82]------------------------------
0. (Mix(9x1_DilatedConv, 0.683), None)
1. (Mix(Zero, 0.728), None)
2. (Mix(Zero, 0.711), None)
------------------------------------------------------------
------------------------------Current Architecture [83]------------------------------
0. (Mix(9x1_DilatedConv, 0.690), None)
1. (Mix(Zero, 0.725), None)
2. (Mix(Zero, 0.709), None)
------------------------------------------------------------
------------------------------Current Architecture [84]------------------------------
0. (Mix(9x1_DilatedConv, 0.680), None)
1. (Mix(Zero, 0.725), None)
2. (Mix(Zero, 0.708), None)
------------------------------------------------------------
------------------------------Current Architecture [85]------------------------------
0. (Mix(9x1_DilatedConv, 0.684), None)
1. (Mix(Zero, 0.725), None)
2. (Mix(Zero, 0.713), None)
------------------------------------------------------------
------------------------------Current Architecture [86]------------------------------
0. (Mix(9x1_DilatedConv, 0.712), None)
1. (Mix(Zero, 0.725), None)
2. (Mix(Zero, 0.716), None)
------------------------------------------------------------
------------------------------Current Architecture [87]------------------------------
0. (Mix(9x1_DilatedConv, 0.727), None)
1. (Mix(Zero, 0.724), None)
2. (Mix(Zero, 0.716), None)
------------------------------------------------------------
------------------------------Current Architecture [88]------------------------------
0. (Mix(9x1_DilatedConv, 0.723), None)
1. (Mix(Zero, 0.724), None)
2. (Mix(Zero, 0.717), None)
------------------------------------------------------------
------------------------------Current Architecture [89]------------------------------
0. (Mix(9x1_DilatedConv, 0.711), None)
1. (Mix(Zero, 0.724), None)
2. (Mix(Zero, 0.717), None)
------------------------------------------------------------
------------------------------Current Architecture [90]------------------------------
0. (Mix(9x1_DilatedConv, 0.688), None)
1. (Mix(Zero, 0.731), None)
2. (Mix(Zero, 0.718), None)
------------------------------------------------------------
------------------------------Current Architecture [91]------------------------------
0. (Mix(9x1_DilatedConv, 0.684), None)
1. (Mix(Zero, 0.731), None)
2. (Mix(Zero, 0.720), None)
------------------------------------------------------------
------------------------------Current Architecture [92]------------------------------
0. (Mix(9x1_DilatedConv, 0.680), None)
1. (Mix(Zero, 0.731), None)
2. (Mix(Zero, 0.720), None)
------------------------------------------------------------
------------------------------Current Architecture [93]------------------------------
0. (Mix(9x1_DilatedConv, 0.675), None)
1. (Mix(Zero, 0.731), None)
2. (Mix(Zero, 0.720), None)
------------------------------------------------------------
------------------------------Current Architecture [94]------------------------------
0. (Mix(9x1_DilatedConv, 0.654), None)
1. (Mix(Zero, 0.738), None)
2. (Mix(Zero, 0.720), None)
------------------------------------------------------------
------------------------------Current Architecture [95]------------------------------
0. (Mix(9x1_DilatedConv, 0.599), None)
1. (Mix(Zero, 0.743), None)
2. (Mix(Zero, 0.720), None)
------------------------------------------------------------
------------------------------Current Architecture [96]------------------------------
0. (Mix(9x1_DilatedConv, 0.535), None)
1. (Mix(Zero, 0.745), None)
2. (Mix(Zero, 0.720), None)
------------------------------------------------------------
------------------------------Current Architecture [97]------------------------------
0. (Mix(9x1_DilatedConv, 0.589), None)
1. (Mix(Zero, 0.750), None)
2. (Mix(Zero, 0.720), None)
------------------------------------------------------------
------------------------------Current Architecture [98]------------------------------
0. (Mix(9x1_DilatedConv, 0.602), None)
1. (Mix(Zero, 0.750), None)
2. (Mix(Zero, 0.720), None)
------------------------------------------------------------
------------------------------Current Architecture [99]------------------------------
0. (Mix(9x1_DilatedConv, 0.549), None)
1. (Mix(Zero, 0.750), None)
2. (Mix(Zero, 0.720), None)
------------------------------------------------------------
------------------------------Current Architecture [100]------------------------------
0. (Mix(9x1_DilatedConv, 0.524), None)
1. (Mix(Zero, 0.751), None)
2. (Mix(Zero, 0.718), None)
------------------------------------------------------------
