(0.0010, 0.0110, 0.0470)	Architecture [2-4]	 Time 0.0610	 Loss 3.0468	 flops 2692642.5
(0.0010, 0.0090, 0.0180)	Architecture [2-9]	 Time 0.0290	 Loss 1.7540	 flops 3047036.5
(0.0020, 0.0090, 0.0250)	Architecture [2-14]	 Time 0.0370	 Loss 0.5126	 flops 1121064.375
(0.0010, 0.0110, 0.0150)	Architecture [2-19]	 Time 0.0270	 Loss 1.4864	 flops 2381203.0
(0.0020, 0.0100, 0.0380)	Architecture [2-24]	 Time 0.0510	 Loss 2.1387	 flops 2836591.75
(0.0010, 0.0070, 0.0090)	Architecture [2-29]	 Time 0.0190	 Loss 1.3067	 flops 1296468.125
(0.0010, 0.0080, 0.0160)	Architecture [2-34]	 Time 0.0260	 Loss 2.3020	 flops 2992493.75
(0.0010, 0.0080, 0.0400)	Architecture [2-39]	 Time 0.0500	 Loss 4.7515	 flops 2488409.25
(0.0010, 0.0090, 0.0120)	Architecture [2-44]	 Time 0.0240	 Loss 5.3805	 flops 1748646.25
(0.0010, 0.0080, 0.0120)	Architecture [3-4]	 Time 0.0210	 Loss 2.7083	 flops 2228513.0
(0.0010, 0.0080, 0.0130)	Architecture [3-9]	 Time 0.0240	 Loss 2.8088	 flops 1990403.375
(0.0010, 0.0090, 0.0110)	Architecture [3-14]	 Time 0.0230	 Loss 4.0380	 flops 1903909.125
(0.0010, 0.0080, 0.0110)	Architecture [3-19]	 Time 0.0210	 Loss 3.3143	 flops 2055213.875
(0.0010, 0.0100, 0.0120)	Architecture [3-24]	 Time 0.0240	 Loss 2.3265	 flops 3109992.75
(0.0010, 0.0080, 0.0130)	Architecture [3-29]	 Time 0.0240	 Loss 3.7027	 flops 3015956.5
(0.0010, 0.0110, 0.0110)	Architecture [3-34]	 Time 0.0250	 Loss 2.3803	 flops 1601195.25
(0.0010, 0.0090, 0.0080)	Architecture [3-39]	 Time 0.0190	 Loss 0.8939	 flops 1340039.25
(0.0010, 0.0090, 0.0120)	Architecture [3-44]	 Time 0.0230	 Loss 2.7347	 flops 2669388.75
(0.0010, 0.0090, 0.0130)	Architecture [4-4]	 Time 0.0240	 Loss 2.5574	 flops 2340888.25
(0.0010, 0.0080, 0.0110)	Architecture [4-9]	 Time 0.0220	 Loss 0.9186	 flops 1966279.25
(0.0010, 0.0090, 0.0120)	Architecture [4-14]	 Time 0.0240	 Loss 1.4257	 flops 2872772.0
(0.0010, 0.0080, 0.0110)	Architecture [4-19]	 Time 0.0220	 Loss 4.8446	 flops 1798350.5
(0.0010, 0.0080, 0.0100)	Architecture [4-24]	 Time 0.0210	 Loss 4.9666	 flops 2151906.75
(0.0010, 0.0100, 0.0100)	Architecture [4-29]	 Time 0.0220	 Loss 2.2143	 flops 2536869.0
(0.0000, 0.0100, 0.0110)	Architecture [4-34]	 Time 0.0230	 Loss 2.4743	 flops 1881229.0
(0.0020, 0.0100, 0.0110)	Architecture [4-39]	 Time 0.0240	 Loss 2.4802	 flops 1802280.5
(0.0010, 0.0090, 0.0110)	Architecture [4-44]	 Time 0.0220	 Loss 1.7333	 flops 1564066.125
(0.0010, 0.0070, 0.0090)	Architecture [5-4]	 Time 0.0180	 Loss 0.9042	 flops 2069993.625
(0.0010, 0.0090, 0.0100)	Architecture [5-9]	 Time 0.0210	 Loss 3.2267	 flops 2093229.375
(0.0010, 0.0090, 0.0120)	Architecture [5-14]	 Time 0.0230	 Loss 1.8576	 flops 3203718.75
(0.0010, 0.0090, 0.0130)	Architecture [5-19]	 Time 0.0240	 Loss 0.6039	 flops 2723176.0
(0.0010, 0.0070, 0.0090)	Architecture [5-24]	 Time 0.0180	 Loss 2.0488	 flops 1411502.75
(0.0010, 0.0070, 0.0090)	Architecture [5-29]	 Time 0.0190	 Loss 3.0793	 flops 2231067.5
(0.0010, 0.0100, 0.0120)	Architecture [5-34]	 Time 0.0230	 Loss 0.8154	 flops 2300155.75
(0.0010, 0.0090, 0.0140)	Architecture [5-39]	 Time 0.0250	 Loss 1.8710	 flops 2912118.0
(0.0010, 0.0100, 0.0100)	Architecture [5-44]	 Time 0.0210	 Loss 3.1654	 flops 1119220.125
(0.0010, 0.0090, 0.0130)	Architecture [6-4]	 Time 0.0240	 Loss 4.7690	 flops 3481568.0
(0.0010, 0.0080, 0.0090)	Architecture [6-9]	 Time 0.0200	 Loss 2.5239	 flops 1803917.625
(0.0010, 0.0080, 0.0110)	Architecture [6-14]	 Time 0.0200	 Loss 2.5894	 flops 3023839.25
(0.0010, 0.0090, 0.0120)	Architecture [6-19]	 Time 0.0230	 Loss 1.2651	 flops 1699722.875
(0.0010, 0.0090, 0.0120)	Architecture [6-24]	 Time 0.0240	 Loss 3.8358	 flops 2465198.0
(0.0010, 0.0080, 0.0080)	Architecture [6-29]	 Time 0.0180	 Loss 0.6882	 flops 2442986.0
(0.0020, 0.0080, 0.0110)	Architecture [6-34]	 Time 0.0210	 Loss 1.5761	 flops 2022640.125
(0.0010, 0.0090, 0.0120)	Architecture [6-39]	 Time 0.0230	 Loss 1.3260	 flops 2940187.25
(0.0010, 0.0080, 0.0090)	Architecture [6-44]	 Time 0.0200	 Loss 0.8009	 flops 1241735.75
(0.0020, 0.0090, 0.0120)	Architecture [7-4]	 Time 0.0240	 Loss 2.0226	 flops 1224269.125
(0.0010, 0.0080, 0.0080)	Architecture [7-9]	 Time 0.0180	 Loss 3.1133	 flops 3161904.25
(0.0010, 0.0080, 0.0100)	Architecture [7-14]	 Time 0.0200	 Loss 1.2248	 flops 2335672.75
(0.0000, 0.0090, 0.0110)	Architecture [7-19]	 Time 0.0220	 Loss 1.2777	 flops 2034136.0
(0.0010, 0.0080, 0.0080)	Architecture [7-24]	 Time 0.0180	 Loss 2.7675	 flops 2081891.0
(0.0010, 0.0070, 0.0070)	Architecture [7-29]	 Time 0.0170	 Loss 1.5457	 flops 1114316.625
(0.0010, 0.0090, 0.0110)	Architecture [7-34]	 Time 0.0220	 Loss 3.4944	 flops 1914529.5
(0.0010, 0.0080, 0.0110)	Architecture [7-39]	 Time 0.0210	 Loss 2.6434	 flops 2479101.75
(0.0010, 0.0080, 0.0100)	Architecture [7-44]	 Time 0.0200	 Loss 2.3472	 flops 3242104.25
(0.0010, 0.0080, 0.0090)	Architecture [8-4]	 Time 0.0190	 Loss 2.8842	 flops 1968615.5
(0.0010, 0.0100, 0.0120)	Architecture [8-9]	 Time 0.0240	 Loss 1.0142	 flops 3026001.75
(0.0010, 0.0100, 0.0090)	Architecture [8-14]	 Time 0.0220	 Loss 1.9721	 flops 2618207.75
(0.0010, 0.0090, 0.0090)	Architecture [8-19]	 Time 0.0190	 Loss 1.7641	 flops 1966641.875
(0.0010, 0.0070, 0.0090)	Architecture [8-24]	 Time 0.0180	 Loss 0.5249	 flops 2098053.5
(0.0010, 0.0080, 0.0070)	Architecture [8-29]	 Time 0.0170	 Loss 1.7632	 flops 963118.3125
(0.0010, 0.0080, 0.0080)	Architecture [8-34]	 Time 0.0180	 Loss 2.6630	 flops 2217472.0
(0.0010, 0.0080, 0.0100)	Architecture [8-39]	 Time 0.0200	 Loss 1.2259	 flops 1710559.5
(0.0010, 0.0080, 0.0080)	Architecture [8-44]	 Time 0.0190	 Loss 1.2810	 flops 1048905.25
(0.0010, 0.0080, 0.0110)	Architecture [9-4]	 Time 0.0220	 Loss 3.3470	 flops 3347055.0
(0.0010, 0.0080, 0.0080)	Architecture [9-9]	 Time 0.0170	 Loss 2.3727	 flops 2667148.0
(0.0010, 0.0080, 0.0100)	Architecture [9-14]	 Time 0.0210	 Loss 2.2564	 flops 2398743.25
(0.0010, 0.0090, 0.0090)	Architecture [9-19]	 Time 0.0200	 Loss 0.9963	 flops 2048352.5
(0.0010, 0.0090, 0.0100)	Architecture [9-24]	 Time 0.0200	 Loss 3.3241	 flops 1522035.625
(0.0010, 0.0070, 0.0110)	Architecture [9-29]	 Time 0.0210	 Loss 4.2994	 flops 3249290.0
(0.0010, 0.0090, 0.0110)	Architecture [9-34]	 Time 0.0230	 Loss 1.7625	 flops 2826694.5
(0.0010, 0.0080, 0.0080)	Architecture [9-39]	 Time 0.0190	 Loss 1.7358	 flops 2223787.5
(0.0010, 0.0090, 0.0110)	Architecture [9-44]	 Time 0.0220	 Loss 1.5168	 flops 3195333.5
(0.0010, 0.0070, 0.0090)	Architecture [10-4]	 Time 0.0190	 Loss 1.6345	 flops 1188717.125
(0.0010, 0.0070, 0.0060)	Architecture [10-9]	 Time 0.0160	 Loss 1.5629	 flops 1554695.875
(0.0010, 0.0090, 0.0080)	Architecture [10-14]	 Time 0.0200	 Loss 3.5874	 flops 1964709.875
(0.0010, 0.0090, 0.0110)	Architecture [10-19]	 Time 0.0220	 Loss 0.9923	 flops 1494266.125
(0.0010, 0.0110, 0.0100)	Architecture [10-24]	 Time 0.0240	 Loss 2.4149	 flops 3388718.5
(0.0010, 0.0070, 0.0110)	Architecture [10-29]	 Time 0.0200	 Loss 4.3345	 flops 2585347.25
(0.0010, 0.0090, 0.0100)	Architecture [10-34]	 Time 0.0220	 Loss 1.4575	 flops 2062472.25
(0.0010, 0.0080, 0.0100)	Architecture [10-39]	 Time 0.0200	 Loss 1.9607	 flops 943048.875
(0.0010, 0.0070, 0.0060)	Architecture [10-44]	 Time 0.0160	 Loss 1.5573	 flops 1136790.625
(0.0010, 0.0080, 0.0100)	Architecture [11-4]	 Time 0.0200	 Loss 2.7532	 flops 1502388.75
(0.0010, 0.0080, 0.0090)	Architecture [11-9]	 Time 0.0180	 Loss 3.3330	 flops 768262.625
(0.0010, 0.0090, 0.0060)	Architecture [11-14]	 Time 0.0160	 Loss 1.3689	 flops 1048722.5
(0.0010, 0.0070, 0.0090)	Architecture [11-19]	 Time 0.0190	 Loss 1.8763	 flops 1370574.75
(0.0010, 0.0100, 0.0130)	Architecture [11-24]	 Time 0.0250	 Loss 1.1301	 flops 1802765.375
(0.0010, 0.0100, 0.0110)	Architecture [11-29]	 Time 0.0230	 Loss 0.4162	 flops 1574008.0
(0.0010, 0.0080, 0.0090)	Architecture [11-34]	 Time 0.0180	 Loss 1.6919	 flops 767308.875
(0.0010, 0.0090, 0.0110)	Architecture [11-39]	 Time 0.0230	 Loss 2.3707	 flops 1046990.625
(0.0010, 0.0080, 0.0100)	Architecture [11-44]	 Time 0.0210	 Loss 0.8849	 flops 1744561.75
(0.0010, 0.0090, 0.0110)	Architecture [12-4]	 Time 0.0230	 Loss 1.8904	 flops 1371153.5
(0.0010, 0.0070, 0.0120)	Architecture [12-9]	 Time 0.0210	 Loss 5.4700	 flops 2045277.75
(0.0010, 0.0090, 0.0120)	Architecture [12-14]	 Time 0.0220	 Loss 6.0277	 flops 2917544.75
(0.0010, 0.0080, 0.0080)	Architecture [12-19]	 Time 0.0180	 Loss 1.1760	 flops 601266.8125
(0.0010, 0.0080, 0.0090)	Architecture [12-24]	 Time 0.0180	 Loss 1.3574	 flops 1780631.25
(0.0010, 0.0090, 0.0110)	Architecture [12-29]	 Time 0.0210	 Loss 2.3403	 flops 1719413.625
(0.0010, 0.0080, 0.0090)	Architecture [12-34]	 Time 0.0180	 Loss 0.8048	 flops 1742706.5
(0.0010, 0.0070, 0.0080)	Architecture [12-39]	 Time 0.0170	 Loss 1.8729	 flops 2455962.5
(0.0010, 0.0080, 0.0090)	Architecture [12-44]	 Time 0.0190	 Loss 1.3437	 flops 1093841.5
(0.0010, 0.0090, 0.0080)	Architecture [13-4]	 Time 0.0190	 Loss 1.9851	 flops 909844.875
(0.0010, 0.0080, 0.0110)	Architecture [13-9]	 Time 0.0210	 Loss 0.5296	 flops 945563.1875
(0.0010, 0.0090, 0.0110)	Architecture [13-14]	 Time 0.0220	 Loss 2.0732	 flops 2689142.0
(0.0010, 0.0070, 0.0110)	Architecture [13-19]	 Time 0.0210	 Loss 1.6210	 flops 2098454.0
(0.0010, 0.0080, 0.0100)	Architecture [13-24]	 Time 0.0210	 Loss 0.6191	 flops 1408669.375
(0.0020, 0.0080, 0.0060)	Architecture [13-29]	 Time 0.0170	 Loss 0.6767	 flops 864643.25
(0.0010, 0.0090, 0.0090)	Architecture [13-34]	 Time 0.0200	 Loss 4.6209	 flops 1175675.0
(0.0010, 0.0080, 0.0090)	Architecture [13-39]	 Time 0.0190	 Loss 4.7869	 flops 2641995.75
(0.0010, 0.0080, 0.0110)	Architecture [13-44]	 Time 0.0220	 Loss 2.9779	 flops 2160038.75
(0.0010, 0.0080, 0.0090)	Architecture [14-4]	 Time 0.0180	 Loss 3.3415	 flops 2346762.5
(0.0010, 0.0070, 0.0080)	Architecture [14-9]	 Time 0.0170	 Loss 0.9800	 flops 870346.5625
(0.0010, 0.0080, 0.0110)	Architecture [14-14]	 Time 0.0220	 Loss 2.8810	 flops 2011976.75
(0.0010, 0.0080, 0.0100)	Architecture [14-19]	 Time 0.0210	 Loss 2.1412	 flops 1370165.75
(0.0010, 0.0090, 0.0090)	Architecture [14-24]	 Time 0.0210	 Loss 3.3582	 flops 1550157.625
(0.0010, 0.0080, 0.0100)	Architecture [14-29]	 Time 0.0200	 Loss 2.1687	 flops 2478210.0
(0.0010, 0.0090, 0.0080)	Architecture [14-34]	 Time 0.0190	 Loss 0.4246	 flops 497098.875
(0.0010, 0.0070, 0.0060)	Architecture [14-39]	 Time 0.0160	 Loss 1.3806	 flops 1194436.5
(0.0010, 0.0090, 0.0110)	Architecture [14-44]	 Time 0.0220	 Loss 2.2940	 flops 882331.5
(0.0010, 0.0080, 0.0090)	Architecture [15-4]	 Time 0.0190	 Loss 1.8492	 flops 2082151.75
(0.0010, 0.0080, 0.0080)	Architecture [15-9]	 Time 0.0170	 Loss 1.9783	 flops 1021621.3125
(0.0010, 0.0070, 0.0090)	Architecture [15-14]	 Time 0.0190	 Loss 3.7255	 flops 1229854.5
(0.0010, 0.0090, 0.0100)	Architecture [15-19]	 Time 0.0200	 Loss 4.4557	 flops 1576434.875
(0.0000, 0.0090, 0.0090)	Architecture [15-24]	 Time 0.0200	 Loss 2.0022	 flops 1385941.75
(0.0010, 0.0080, 0.0070)	Architecture [15-29]	 Time 0.0180	 Loss 0.9394	 flops 824681.8125
(0.0010, 0.0090, 0.0080)	Architecture [15-34]	 Time 0.0200	 Loss 1.0750	 flops 1063971.75
(0.0010, 0.0070, 0.0060)	Architecture [15-39]	 Time 0.0160	 Loss 2.1763	 flops 655876.5
(0.0010, 0.0070, 0.0060)	Architecture [15-44]	 Time 0.0140	 Loss 14.2729	 flops 1099566.625
(0.0010, 0.0090, 0.0110)	Architecture [16-4]	 Time 0.0220	 Loss 4.1195	 flops 2624378.5
(0.0010, 0.0100, 0.0110)	Architecture [16-9]	 Time 0.0240	 Loss 2.4498	 flops 1302055.875
(0.0020, 0.0110, 0.0070)	Architecture [16-14]	 Time 0.0210	 Loss 0.8098	 flops 1284843.125
(0.0340, 0.0170, 0.0130)	Architecture [16-19]	 Time 0.0660	 Loss 1.2811	 flops 681013.25
(0.0020, 0.0120, 0.0100)	Architecture [16-24]	 Time 0.0260	 Loss 2.5360	 flops 1302419.375
(0.0020, 0.0140, 0.0130)	Architecture [16-29]	 Time 0.0300	 Loss 1.6986	 flops 1755029.5
(0.0010, 0.0100, 0.0080)	Architecture [16-34]	 Time 0.0210	 Loss 0.8289	 flops 734210.375
(0.0130, 0.0160, 0.0150)	Architecture [16-39]	 Time 0.0460	 Loss 3.2432	 flops 2694036.25
(0.0010, 0.0080, 0.0090)	Architecture [16-44]	 Time 0.0200	 Loss 1.4315	 flops 1230299.75
(0.0020, 0.0120, 0.0090)	Architecture [17-4]	 Time 0.0250	 Loss 2.9736	 flops 1022116.25
(0.0010, 0.0110, 0.0080)	Architecture [17-9]	 Time 0.0210	 Loss 1.2425	 flops 878746.0625
(0.0010, 0.0080, 0.0110)	Architecture [17-14]	 Time 0.0210	 Loss 1.9301	 flops 1049226.5
(0.0010, 0.0080, 0.0100)	Architecture [17-19]	 Time 0.0200	 Loss 0.8522	 flops 1211376.875
(0.0010, 0.0120, 0.0110)	Architecture [17-24]	 Time 0.0250	 Loss 1.2235	 flops 2574348.0
(0.0010, 0.0110, 0.0090)	Architecture [17-29]	 Time 0.0230	 Loss 2.4887	 flops 2469503.0
(0.0010, 0.0080, 0.0060)	Architecture [17-34]	 Time 0.0160	 Loss 0.9613	 flops 1120619.375
(0.0010, 0.0080, 0.0080)	Architecture [17-39]	 Time 0.0180	 Loss 1.7585	 flops 992585.875
(0.0010, 0.0110, 0.0090)	Architecture [17-44]	 Time 0.0210	 Loss 0.6917	 flops 2808372.0
(0.0010, 0.0070, 0.0080)	Architecture [18-4]	 Time 0.0170	 Loss 3.5835	 flops 987621.375
(0.0010, 0.0070, 0.0090)	Architecture [18-9]	 Time 0.0190	 Loss 1.2489	 flops 2689058.25
(0.0010, 0.0080, 0.0100)	Architecture [18-14]	 Time 0.0210	 Loss 2.2163	 flops 1392868.25
(0.0010, 0.0070, 0.0060)	Architecture [18-19]	 Time 0.0160	 Loss 1.9208	 flops 709908.25
(0.0010, 0.0070, 0.0060)	Architecture [18-24]	 Time 0.0160	 Loss 2.1575	 flops 1106817.125
(0.0000, 0.0070, 0.0070)	Architecture [18-29]	 Time 0.0160	 Loss 1.8921	 flops 775340.9375
(0.0010, 0.0080, 0.0070)	Architecture [18-34]	 Time 0.0180	 Loss 1.1421	 flops 1067277.375
(0.0010, 0.0060, 0.0070)	Architecture [18-39]	 Time 0.0160	 Loss 1.5094	 flops 822984.5
(0.0010, 0.0070, 0.0070)	Architecture [18-44]	 Time 0.0150	 Loss 0.8338	 flops 904998.5625
(0.0010, 0.0090, 0.0100)	Architecture [19-4]	 Time 0.0220	 Loss 0.9223	 flops 2493259.75
(0.0010, 0.0080, 0.0090)	Architecture [19-9]	 Time 0.0180	 Loss 2.9116	 flops 2079955.0
(0.0010, 0.0080, 0.0080)	Architecture [19-14]	 Time 0.0180	 Loss 1.2492	 flops 2224306.5
(0.0010, 0.0080, 0.0090)	Architecture [19-19]	 Time 0.0190	 Loss 0.4982	 flops 1729116.75
(0.0010, 0.0070, 0.0080)	Architecture [19-24]	 Time 0.0180	 Loss 1.9273	 flops 2340182.75
(0.0000, 0.0080, 0.0060)	Architecture [19-29]	 Time 0.0160	 Loss 1.0953	 flops 884015.875
(0.0010, 0.0090, 0.0090)	Architecture [19-34]	 Time 0.0210	 Loss 1.4272	 flops 718385.125
(0.0010, 0.0070, 0.0070)	Architecture [19-39]	 Time 0.0160	 Loss 0.7987	 flops 1213068.625
(0.0010, 0.0070, 0.0090)	Architecture [19-44]	 Time 0.0180	 Loss 4.0559	 flops 1014950.5625
(0.0010, 0.0080, 0.0070)	Architecture [20-4]	 Time 0.0170	 Loss 0.8474	 flops 704719.0
(0.0010, 0.0070, 0.0090)	Architecture [20-9]	 Time 0.0180	 Loss 1.6313	 flops 2371440.25
(0.0010, 0.0070, 0.0080)	Architecture [20-14]	 Time 0.0180	 Loss 1.2752	 flops 1266460.75
(0.0010, 0.0070, 0.0090)	Architecture [20-19]	 Time 0.0170	 Loss 1.7557	 flops 1927088.5
(0.0010, 0.0070, 0.0080)	Architecture [20-24]	 Time 0.0170	 Loss 0.7717	 flops 896285.5625
(0.0010, 0.0070, 0.0060)	Architecture [20-29]	 Time 0.0150	 Loss 0.9300	 flops 843978.875
(0.0010, 0.0070, 0.0070)	Architecture [20-34]	 Time 0.0160	 Loss 1.6897	 flops 786699.5625
(0.0010, 0.0070, 0.0080)	Architecture [20-39]	 Time 0.0180	 Loss 1.7522	 flops 1193390.125
(0.0010, 0.0090, 0.0120)	Architecture [20-44]	 Time 0.0220	 Loss 0.7247	 flops 2163200.25
(0.0010, 0.0070, 0.0060)	Architecture [21-4]	 Time 0.0160	 Loss 1.3223	 flops 862708.5
(0.0010, 0.0090, 0.0100)	Architecture [21-9]	 Time 0.0220	 Loss 2.1554	 flops 2632789.75
(0.0010, 0.0080, 0.0070)	Architecture [21-14]	 Time 0.0170	 Loss 1.9401	 flops 648994.75
(0.0010, 0.0070, 0.0090)	Architecture [21-19]	 Time 0.0180	 Loss 2.5076	 flops 1513515.625
(0.0010, 0.0080, 0.0080)	Architecture [21-24]	 Time 0.0180	 Loss 5.0140	 flops 2241041.25
(0.0010, 0.0080, 0.0110)	Architecture [21-29]	 Time 0.0200	 Loss 3.8293	 flops 2136422.75
(0.0010, 0.0080, 0.0060)	Architecture [21-34]	 Time 0.0160	 Loss 1.3293	 flops 742212.8125
(0.0010, 0.0080, 0.0100)	Architecture [21-39]	 Time 0.0210	 Loss 1.7017	 flops 1406446.25
(0.0010, 0.0080, 0.0060)	Architecture [21-44]	 Time 0.0160	 Loss 1.2200	 flops 782459.5
(0.0010, 0.0070, 0.0060)	Architecture [22-4]	 Time 0.0150	 Loss 0.6008	 flops 1062343.25
(0.0010, 0.0070, 0.0060)	Architecture [22-9]	 Time 0.0150	 Loss 0.9270	 flops 1001455.0625
(0.0010, 0.0080, 0.0090)	Architecture [22-14]	 Time 0.0190	 Loss 1.6602	 flops 1316088.5
(0.0010, 0.0080, 0.0110)	Architecture [22-19]	 Time 0.0210	 Loss 2.1177	 flops 2496991.0
(0.0010, 0.0090, 0.0080)	Architecture [22-24]	 Time 0.0200	 Loss 0.3509	 flops 2310111.0
(0.0010, 0.0080, 0.0080)	Architecture [22-29]	 Time 0.0180	 Loss 1.0901	 flops 1246447.5
(0.0010, 0.0090, 0.0090)	Architecture [22-34]	 Time 0.0190	 Loss 2.2707	 flops 1107098.875
(0.0010, 0.0080, 0.0110)	Architecture [22-39]	 Time 0.0210	 Loss 1.9360	 flops 1830757.375
(0.0000, 0.0070, 0.0060)	Architecture [22-44]	 Time 0.0150	 Loss 0.5119	 flops 551600.8125
(0.0010, 0.0080, 0.0070)	Architecture [23-4]	 Time 0.0170	 Loss 5.8019	 flops 1101441.5
(0.0010, 0.0070, 0.0080)	Architecture [23-9]	 Time 0.0180	 Loss 4.2798	 flops 1382614.0
(0.0010, 0.0080, 0.0080)	Architecture [23-14]	 Time 0.0170	 Loss 1.5670	 flops 1036843.25
(0.0010, 0.0070, 0.0070)	Architecture [23-19]	 Time 0.0150	 Loss 2.5557	 flops 952564.5
(0.0010, 0.0070, 0.0060)	Architecture [23-24]	 Time 0.0150	 Loss 1.8398	 flops 799890.5625
(0.0020, 0.0080, 0.0100)	Architecture [23-29]	 Time 0.0210	 Loss 2.6111	 flops 1716752.0
(0.0010, 0.0090, 0.0110)	Architecture [23-34]	 Time 0.0220	 Loss 1.9984	 flops 1851561.75
(0.0010, 0.0070, 0.0090)	Architecture [23-39]	 Time 0.0170	 Loss 1.9626	 flops 684643.375
(0.0010, 0.0080, 0.0070)	Architecture [23-44]	 Time 0.0160	 Loss 0.9392	 flops 848251.75
(0.0010, 0.0080, 0.0120)	Architecture [24-4]	 Time 0.0210	 Loss 0.7195	 flops 2541034.25
(0.0010, 0.0060, 0.0060)	Architecture [24-9]	 Time 0.0150	 Loss 1.2006	 flops 966755.625
(0.0010, 0.0070, 0.0070)	Architecture [24-14]	 Time 0.0160	 Loss 2.5262	 flops 951674.625
(0.0010, 0.0070, 0.0060)	Architecture [24-19]	 Time 0.0140	 Loss 2.1841	 flops 719426.9375
(0.0010, 0.0080, 0.0070)	Architecture [24-24]	 Time 0.0170	 Loss 0.6360	 flops 774216.125
(0.0010, 0.0080, 0.0060)	Architecture [24-29]	 Time 0.0170	 Loss 1.0951	 flops 899615.8125
(0.0010, 0.0090, 0.0090)	Architecture [24-34]	 Time 0.0200	 Loss 2.1453	 flops 1705964.75
(0.0010, 0.0070, 0.0090)	Architecture [24-39]	 Time 0.0170	 Loss 1.8171	 flops 1259856.5
(0.0010, 0.0080, 0.0060)	Architecture [24-44]	 Time 0.0160	 Loss 0.7806	 flops 777994.1875
(0.0010, 0.0070, 0.0090)	Architecture [25-4]	 Time 0.0170	 Loss 2.7488	 flops 1490550.75
(0.0010, 0.0070, 0.0070)	Architecture [25-9]	 Time 0.0170	 Loss 0.7296	 flops 885417.875
(0.0010, 0.0070, 0.0100)	Architecture [25-14]	 Time 0.0190	 Loss 0.7723	 flops 1450714.375
(0.0010, 0.0060, 0.0060)	Architecture [25-19]	 Time 0.0150	 Loss 1.3507	 flops 576679.3125
(0.0010, 0.0080, 0.0070)	Architecture [25-24]	 Time 0.0170	 Loss 2.7260	 flops 487779.875
(0.0010, 0.0080, 0.0060)	Architecture [25-29]	 Time 0.0170	 Loss 0.5449	 flops 913527.5625
(0.0010, 0.0070, 0.0060)	Architecture [25-34]	 Time 0.0150	 Loss 1.0408	 flops 616742.3125
(0.0010, 0.0090, 0.0090)	Architecture [25-39]	 Time 0.0200	 Loss 3.2938	 flops 1235745.375
(0.0010, 0.0080, 0.0090)	Architecture [25-44]	 Time 0.0200	 Loss 1.2359	 flops 799036.5
(0.0010, 0.0080, 0.0090)	Architecture [26-4]	 Time 0.0190	 Loss 1.2553	 flops 1516679.125
(0.0010, 0.0090, 0.0090)	Architecture [26-9]	 Time 0.0200	 Loss 2.0829	 flops 821726.3125
(0.0010, 0.0080, 0.0100)	Architecture [26-14]	 Time 0.0200	 Loss 4.0293	 flops 1283709.5
(0.0010, 0.0070, 0.0090)	Architecture [26-19]	 Time 0.0180	 Loss 3.9331	 flops 1774109.25
(0.0010, 0.0080, 0.0100)	Architecture [26-24]	 Time 0.0210	 Loss 1.5665	 flops 2585205.0
(0.0010, 0.0070, 0.0090)	Architecture [26-29]	 Time 0.0180	 Loss 2.2440	 flops 1968508.875
(0.0010, 0.0080, 0.0070)	Architecture [26-34]	 Time 0.0160	 Loss 0.7413	 flops 701895.75
(0.0010, 0.0070, 0.0060)	Architecture [26-39]	 Time 0.0150	 Loss 0.9799	 flops 652427.375
(0.0010, 0.0080, 0.0080)	Architecture [26-44]	 Time 0.0180	 Loss 2.7556	 flops 809981.25
(0.0010, 0.0080, 0.0080)	Architecture [27-4]	 Time 0.0190	 Loss 1.4578	 flops 667084.25
(0.0010, 0.0070, 0.0090)	Architecture [27-9]	 Time 0.0170	 Loss 0.4874	 flops 1951220.0
(0.0010, 0.0080, 0.0060)	Architecture [27-14]	 Time 0.0160	 Loss 0.9111	 flops 745569.8125
(0.0010, 0.0070, 0.0080)	Architecture [27-19]	 Time 0.0180	 Loss 3.2034	 flops 865710.5
(0.0010, 0.0070, 0.0080)	Architecture [27-24]	 Time 0.0180	 Loss 1.6083	 flops 1348032.75
(0.0010, 0.0070, 0.0070)	Architecture [27-29]	 Time 0.0160	 Loss 1.0969	 flops 935193.0625
(0.0010, 0.0080, 0.0060)	Architecture [27-34]	 Time 0.0170	 Loss 1.7204	 flops 903051.125
(0.0010, 0.0070, 0.0060)	Architecture [27-39]	 Time 0.0150	 Loss 1.2345	 flops 830836.6875
(0.0010, 0.0070, 0.0080)	Architecture [27-44]	 Time 0.0180	 Loss 2.0198	 flops 857382.0625
(0.0020, 0.0070, 0.0060)	Architecture [28-4]	 Time 0.0160	 Loss 1.2701	 flops 537861.375
(0.0010, 0.0060, 0.0060)	Architecture [28-9]	 Time 0.0150	 Loss 0.9014	 flops 795582.0625
(0.0010, 0.0080, 0.0080)	Architecture [28-14]	 Time 0.0180	 Loss 1.6512	 flops 2832983.25
(0.0010, 0.0080, 0.0080)	Architecture [28-19]	 Time 0.0190	 Loss 0.9936	 flops 2303314.0
(0.0010, 0.0080, 0.0060)	Architecture [28-24]	 Time 0.0170	 Loss 3.3067	 flops 913917.4375
(0.0010, 0.0070, 0.0060)	Architecture [28-29]	 Time 0.0150	 Loss 0.5882	 flops 894102.5625
(0.0010, 0.0070, 0.0080)	Architecture [28-34]	 Time 0.0170	 Loss 0.8022	 flops 605726.5
(0.0010, 0.0070, 0.0060)	Architecture [28-39]	 Time 0.0150	 Loss 0.8498	 flops 975879.75
(0.0010, 0.0080, 0.0070)	Architecture [28-44]	 Time 0.0160	 Loss 1.0880	 flops 941783.5
(0.0010, 0.0090, 0.0060)	Architecture [29-4]	 Time 0.0180	 Loss 1.8559	 flops 895765.75
(0.0010, 0.0070, 0.0080)	Architecture [29-9]	 Time 0.0160	 Loss 1.2400	 flops 928633.6875
(0.0010, 0.0070, 0.0060)	Architecture [29-14]	 Time 0.0160	 Loss 1.4076	 flops 931430.3125
(0.0010, 0.0070, 0.0080)	Architecture [29-19]	 Time 0.0180	 Loss 3.4826	 flops 1808742.125
(0.0010, 0.0070, 0.0060)	Architecture [29-24]	 Time 0.0150	 Loss 0.8001	 flops 915766.0625
(0.0010, 0.0080, 0.0080)	Architecture [29-29]	 Time 0.0180	 Loss 1.5513	 flops 2336424.25
(0.0010, 0.0070, 0.0060)	Architecture [29-34]	 Time 0.0160	 Loss 0.7042	 flops 785872.5
(0.0010, 0.0070, 0.0060)	Architecture [29-39]	 Time 0.0150	 Loss 0.3900	 flops 902693.8125
(0.0010, 0.0070, 0.0060)	Architecture [29-44]	 Time 0.0160	 Loss 0.8190	 flops 865471.125
(0.0010, 0.0090, 0.0090)	Architecture [30-4]	 Time 0.0210	 Loss 2.9402	 flops 791377.25
(0.0010, 0.0080, 0.0070)	Architecture [30-9]	 Time 0.0160	 Loss 1.2732	 flops 624934.4375
(0.0010, 0.0080, 0.0060)	Architecture [30-14]	 Time 0.0160	 Loss 1.0660	 flops 736393.625
(0.0010, 0.0070, 0.0060)	Architecture [30-19]	 Time 0.0150	 Loss 0.9890	 flops 507433.40625
(0.0010, 0.0080, 0.0090)	Architecture [30-24]	 Time 0.0190	 Loss 1.9148	 flops 1391629.75
(0.0010, 0.0070, 0.0080)	Architecture [30-29]	 Time 0.0170	 Loss 1.3459	 flops 1365824.875
(0.0010, 0.0070, 0.0060)	Architecture [30-34]	 Time 0.0160	 Loss 0.5063	 flops 889154.5
(0.0010, 0.0070, 0.0060)	Architecture [30-39]	 Time 0.0140	 Loss 1.1762	 flops 896009.375
(0.0010, 0.0060, 0.0060)	Architecture [30-44]	 Time 0.0140	 Loss 1.3220	 flops 604886.375
(0.0010, 0.0080, 0.0060)	Architecture [31-4]	 Time 0.0170	 Loss 0.8373	 flops 481561.1875
(0.0010, 0.0080, 0.0100)	Architecture [31-9]	 Time 0.0200	 Loss 1.3848	 flops 2826763.75
(0.0010, 0.0060, 0.0060)	Architecture [31-14]	 Time 0.0150	 Loss 1.1747	 flops 893097.125
(0.0010, 0.0070, 0.0060)	Architecture [31-19]	 Time 0.0150	 Loss 0.1735	 flops 859656.5625
(0.0010, 0.0090, 0.0120)	Architecture [31-24]	 Time 0.0230	 Loss 0.6810	 flops 1078123.25
(0.0010, 0.0070, 0.0060)	Architecture [31-29]	 Time 0.0150	 Loss 1.4644	 flops 915810.0625
(0.0010, 0.0080, 0.0060)	Architecture [31-34]	 Time 0.0170	 Loss 0.6580	 flops 921588.3125
(0.0010, 0.0080, 0.0090)	Architecture [31-39]	 Time 0.0180	 Loss 0.7888	 flops 1846894.25
(0.0010, 0.0070, 0.0060)	Architecture [31-44]	 Time 0.0150	 Loss 0.7524	 flops 876463.8125
(0.0010, 0.0080, 0.0080)	Architecture [32-4]	 Time 0.0180	 Loss 2.6936	 flops 1301134.125
(0.0010, 0.0080, 0.0100)	Architecture [32-9]	 Time 0.0190	 Loss 0.7012	 flops 641994.25
(0.0010, 0.0070, 0.0080)	Architecture [32-14]	 Time 0.0180	 Loss 2.0734	 flops 2623996.25
(0.0010, 0.0070, 0.0090)	Architecture [32-19]	 Time 0.0180	 Loss 2.7909	 flops 1343573.125
(0.0010, 0.0080, 0.0070)	Architecture [32-24]	 Time 0.0170	 Loss 1.7513	 flops 796676.875
(0.0010, 0.0070, 0.0080)	Architecture [32-29]	 Time 0.0180	 Loss 4.9354	 flops 2865381.5
(0.0020, 0.0090, 0.0060)	Architecture [32-34]	 Time 0.0180	 Loss 1.8954	 flops 824373.6875
(0.0010, 0.0070, 0.0060)	Architecture [32-39]	 Time 0.0150	 Loss 0.6492	 flops 865357.625
(0.0010, 0.0080, 0.0100)	Architecture [32-44]	 Time 0.0190	 Loss 1.6878	 flops 1004924.875
(0.0010, 0.0070, 0.0070)	Architecture [33-4]	 Time 0.0170	 Loss 0.4613	 flops 861094.4375
(0.0010, 0.0080, 0.0060)	Architecture [33-9]	 Time 0.0170	 Loss 1.5364	 flops 895026.5
(0.0010, 0.0100, 0.0120)	Architecture [33-14]	 Time 0.0250	 Loss 1.1903	 flops 2672309.25
(0.0010, 0.0080, 0.0090)	Architecture [33-19]	 Time 0.0200	 Loss 0.3982	 flops 1085945.875
(0.0010, 0.0070, 0.0090)	Architecture [33-24]	 Time 0.0180	 Loss 0.7731	 flops 2085324.0
(0.0010, 0.0060, 0.0060)	Architecture [33-29]	 Time 0.0150	 Loss 1.4035	 flops 849879.625
(0.0010, 0.0070, 0.0060)	Architecture [33-34]	 Time 0.0150	 Loss 1.4457	 flops 810987.75
(0.0010, 0.0080, 0.0110)	Architecture [33-39]	 Time 0.0210	 Loss 1.4743	 flops 3074294.25
(0.0010, 0.0080, 0.0100)	Architecture [33-44]	 Time 0.0210	 Loss 4.1143	 flops 951911.625
(0.0010, 0.0070, 0.0060)	Architecture [34-4]	 Time 0.0150	 Loss 1.0752	 flops 798151.8125
(0.0010, 0.0070, 0.0090)	Architecture [34-9]	 Time 0.0180	 Loss 1.8210	 flops 1235551.5
(0.0010, 0.0070, 0.0060)	Architecture [34-14]	 Time 0.0150	 Loss 0.7738	 flops 844926.5
(0.0010, 0.0080, 0.0090)	Architecture [34-19]	 Time 0.0180	 Loss 2.6445	 flops 1264891.5
(0.0010, 0.0060, 0.0080)	Architecture [34-24]	 Time 0.0170	 Loss 1.2065	 flops 898425.125
(0.0010, 0.0060, 0.0070)	Architecture [34-29]	 Time 0.0150	 Loss 1.4021	 flops 783835.0625
(0.0010, 0.0090, 0.0070)	Architecture [34-34]	 Time 0.0180	 Loss 1.9783	 flops 932066.5625
(0.0010, 0.0070, 0.0060)	Architecture [34-39]	 Time 0.0150	 Loss 0.8662	 flops 984234.625
(0.0010, 0.0070, 0.0060)	Architecture [34-44]	 Time 0.0150	 Loss 0.2577	 flops 839156.8125
(0.0010, 0.0090, 0.0110)	Architecture [35-4]	 Time 0.0230	 Loss 2.0170	 flops 2310011.25
(0.0010, 0.0070, 0.0050)	Architecture [35-9]	 Time 0.0150	 Loss 1.6302	 flops 785346.875
(0.0010, 0.0080, 0.0080)	Architecture [35-14]	 Time 0.0190	 Loss 1.0624	 flops 971192.625
(0.0000, 0.0070, 0.0070)	Architecture [35-19]	 Time 0.0160	 Loss 0.6322	 flops 949739.125
(0.0010, 0.0080, 0.0060)	Architecture [35-24]	 Time 0.0170	 Loss 1.2251	 flops 859191.5
(0.0010, 0.0070, 0.0090)	Architecture [35-29]	 Time 0.0190	 Loss 1.7936	 flops 1284921.0
(0.0010, 0.0070, 0.0070)	Architecture [35-34]	 Time 0.0160	 Loss 1.4316	 flops 910309.4375
(0.0010, 0.0070, 0.0080)	Architecture [35-39]	 Time 0.0180	 Loss 0.4886	 flops 777822.875
(0.0010, 0.0070, 0.0100)	Architecture [35-44]	 Time 0.0200	 Loss 1.8148	 flops 861827.4375
(0.0010, 0.0070, 0.0060)	Architecture [36-4]	 Time 0.0160	 Loss 0.4400	 flops 546829.5
(0.0010, 0.0080, 0.0090)	Architecture [36-9]	 Time 0.0180	 Loss 0.7511	 flops 1276213.5
(0.0010, 0.0070, 0.0070)	Architecture [36-14]	 Time 0.0160	 Loss 1.3160	 flops 932617.25
(0.0010, 0.0080, 0.0080)	Architecture [36-19]	 Time 0.0180	 Loss 1.3224	 flops 2090297.75
(0.0010, 0.0080, 0.0060)	Architecture [36-24]	 Time 0.0160	 Loss 0.4464	 flops 870056.3125
(0.0010, 0.0080, 0.0090)	Architecture [36-29]	 Time 0.0180	 Loss 0.8994	 flops 1885729.875
(0.0010, 0.0080, 0.0070)	Architecture [36-34]	 Time 0.0170	 Loss 2.1124	 flops 826658.6875
(0.0010, 0.0070, 0.0070)	Architecture [36-39]	 Time 0.0170	 Loss 1.9782	 flops 821328.6875
(0.0010, 0.0070, 0.0080)	Architecture [36-44]	 Time 0.0180	 Loss 0.8836	 flops 945098.5625
(0.0000, 0.0080, 0.0060)	Architecture [37-4]	 Time 0.0160	 Loss 1.4082	 flops 782377.6875
(0.0010, 0.0090, 0.0090)	Architecture [37-9]	 Time 0.0200	 Loss 3.1930	 flops 962354.875
(0.0010, 0.0070, 0.0060)	Architecture [37-14]	 Time 0.0160	 Loss 0.9129	 flops 916806.375
(0.0010, 0.0070, 0.0080)	Architecture [37-19]	 Time 0.0180	 Loss 1.4814	 flops 942207.625
(0.0000, 0.0080, 0.0090)	Architecture [37-24]	 Time 0.0190	 Loss 0.8968	 flops 489601.46875
(0.0010, 0.0070, 0.0080)	Architecture [37-29]	 Time 0.0180	 Loss 2.7145	 flops 784547.125
(0.0010, 0.0090, 0.0080)	Architecture [37-34]	 Time 0.0190	 Loss 1.3728	 flops 950856.9375
(0.0010, 0.0090, 0.0080)	Architecture [37-39]	 Time 0.0200	 Loss 5.3976	 flops 2626673.0
(0.0010, 0.0070, 0.0060)	Architecture [37-44]	 Time 0.0150	 Loss 0.5312	 flops 790095.875
(0.0010, 0.0060, 0.0070)	Architecture [38-4]	 Time 0.0160	 Loss 0.6893	 flops 783042.0625
(0.0010, 0.0080, 0.0090)	Architecture [38-9]	 Time 0.0180	 Loss 1.1080	 flops 800719.1875
(0.0010, 0.0070, 0.0060)	Architecture [38-14]	 Time 0.0140	 Loss 2.2182	 flops 809651.375
(0.0010, 0.0060, 0.0070)	Architecture [38-19]	 Time 0.0150	 Loss 1.7759	 flops 847299.75
(0.0010, 0.0090, 0.0090)	Architecture [38-24]	 Time 0.0210	 Loss 3.1781	 flops 2086161.5
(0.0010, 0.0070, 0.0080)	Architecture [38-29]	 Time 0.0170	 Loss 4.0495	 flops 814624.75
(0.0010, 0.0080, 0.0080)	Architecture [38-34]	 Time 0.0180	 Loss 3.8815	 flops 963332.0
(0.0010, 0.0070, 0.0080)	Architecture [38-39]	 Time 0.0170	 Loss 1.5428	 flops 921618.0625
(0.0010, 0.0090, 0.0080)	Architecture [38-44]	 Time 0.0200	 Loss 0.9799	 flops 815057.5625
(0.0010, 0.0100, 0.0100)	Architecture [39-4]	 Time 0.0220	 Loss 2.0595	 flops 1100620.125
(0.0010, 0.0070, 0.0070)	Architecture [39-9]	 Time 0.0160	 Loss 0.4805	 flops 927086.375
(0.0010, 0.0090, 0.0060)	Architecture [39-14]	 Time 0.0180	 Loss 1.2322	 flops 812931.1875
(0.0010, 0.0070, 0.0070)	Architecture [39-19]	 Time 0.0170	 Loss 1.0692	 flops 840254.25
(0.0010, 0.0080, 0.0060)	Architecture [39-24]	 Time 0.0160	 Loss 0.3400	 flops 836402.6875
(0.0010, 0.0090, 0.0100)	Architecture [39-29]	 Time 0.0210	 Loss 0.4523	 flops 979828.25
(0.0010, 0.0090, 0.0070)	Architecture [39-34]	 Time 0.0180	 Loss 0.7393	 flops 830628.4375
(0.0000, 0.0070, 0.0070)	Architecture [39-39]	 Time 0.0150	 Loss 0.9771	 flops 944997.9375
(0.0010, 0.0120, 0.0110)	Architecture [39-44]	 Time 0.0260	 Loss 1.4002	 flops 2763713.25
(0.0020, 0.0090, 0.0080)	Architecture [40-4]	 Time 0.0210	 Loss 0.6841	 flops 659208.875
(0.0010, 0.0110, 0.0110)	Architecture [40-9]	 Time 0.0240	 Loss 3.5812	 flops 2309755.75
(0.0020, 0.0080, 0.0090)	Architecture [40-14]	 Time 0.0210	 Loss 1.7548	 flops 828376.8125
(0.0010, 0.0080, 0.0070)	Architecture [40-19]	 Time 0.0180	 Loss 1.8437	 flops 849620.0
(0.0010, 0.0080, 0.0100)	Architecture [40-24]	 Time 0.0210	 Loss 1.5620	 flops 1517183.5
(0.0010, 0.0070, 0.0080)	Architecture [40-29]	 Time 0.0170	 Loss 0.5749	 flops 877069.125
(0.0010, 0.0120, 0.0110)	Architecture [40-34]	 Time 0.0260	 Loss 1.9125	 flops 2554833.0
(0.0010, 0.0090, 0.0080)	Architecture [40-39]	 Time 0.0200	 Loss 1.8756	 flops 854981.5625
(0.0010, 0.0090, 0.0070)	Architecture [40-44]	 Time 0.0190	 Loss 1.3762	 flops 944155.125
(0.0010, 0.0080, 0.0090)	Architecture [41-4]	 Time 0.0190	 Loss 0.7949	 flops 908553.4375
(0.0010, 0.0100, 0.0110)	Architecture [41-9]	 Time 0.0240	 Loss 0.4491	 flops 2100012.0
(0.0010, 0.0080, 0.0080)	Architecture [41-14]	 Time 0.0180	 Loss 0.2749	 flops 908499.4375
(0.0020, 0.0080, 0.0060)	Architecture [41-19]	 Time 0.0170	 Loss 1.9821	 flops 914710.0625
(0.0010, 0.0070, 0.0070)	Architecture [41-24]	 Time 0.0170	 Loss 1.4383	 flops 899066.625
(0.0010, 0.0090, 0.0100)	Architecture [41-29]	 Time 0.0210	 Loss 1.6504	 flops 2045029.125
(0.0010, 0.0080, 0.0070)	Architecture [41-34]	 Time 0.0180	 Loss 1.3236	 flops 916748.5
(0.0010, 0.0070, 0.0070)	Architecture [41-39]	 Time 0.0170	 Loss 1.7186	 flops 816107.875
(0.0010, 0.0070, 0.0070)	Architecture [41-44]	 Time 0.0160	 Loss 1.5367	 flops 801866.8125
(0.0010, 0.0070, 0.0060)	Architecture [42-4]	 Time 0.0160	 Loss 1.4133	 flops 838156.1875
(0.0010, 0.0080, 0.0080)	Architecture [42-9]	 Time 0.0190	 Loss 2.1653	 flops 1451972.75
(0.0010, 0.0070, 0.0070)	Architecture [42-14]	 Time 0.0160	 Loss 1.7516	 flops 475234.625
(0.0010, 0.0080, 0.0060)	Architecture [42-19]	 Time 0.0160	 Loss 0.5838	 flops 653344.875
(0.0010, 0.0080, 0.0070)	Architecture [42-24]	 Time 0.0170	 Loss 1.0317	 flops 795212.25
(0.0010, 0.0080, 0.0060)	Architecture [42-29]	 Time 0.0170	 Loss 0.3115	 flops 790999.375
(0.0010, 0.0080, 0.0070)	Architecture [42-34]	 Time 0.0170	 Loss 0.3204	 flops 911113.5625
(0.0010, 0.0090, 0.0090)	Architecture [42-39]	 Time 0.0200	 Loss 1.0642	 flops 1238796.0
(0.0020, 0.0060, 0.0070)	Architecture [42-44]	 Time 0.0160	 Loss 1.4474	 flops 791574.5625
(0.0010, 0.0070, 0.0070)	Architecture [43-4]	 Time 0.0170	 Loss 0.7721	 flops 827509.8125
(0.0010, 0.0080, 0.0110)	Architecture [43-9]	 Time 0.0210	 Loss 3.0831	 flops 2326278.25
(0.0010, 0.0060, 0.0070)	Architecture [43-14]	 Time 0.0150	 Loss 1.1006	 flops 575995.0
(0.0010, 0.0070, 0.0080)	Architecture [43-19]	 Time 0.0180	 Loss 5.4209	 flops 2762053.75
(0.0010, 0.0070, 0.0080)	Architecture [43-24]	 Time 0.0180	 Loss 2.3892	 flops 1238515.75
(0.0010, 0.0090, 0.0080)	Architecture [43-29]	 Time 0.0190	 Loss 2.9667	 flops 723598.1875
(0.0010, 0.0090, 0.0090)	Architecture [43-34]	 Time 0.0210	 Loss 1.3570	 flops 2282270.0
(0.0010, 0.0070, 0.0060)	Architecture [43-39]	 Time 0.0150	 Loss 0.5313	 flops 888713.75
(0.0010, 0.0070, 0.0070)	Architecture [43-44]	 Time 0.0160	 Loss 0.4959	 flops 914715.6875
(0.0010, 0.0080, 0.0070)	Architecture [44-4]	 Time 0.0170	 Loss 1.1014	 flops 902113.3125
(0.0010, 0.0070, 0.0060)	Architecture [44-9]	 Time 0.0150	 Loss 0.4176	 flops 918888.25
(0.0010, 0.0080, 0.0090)	Architecture [44-14]	 Time 0.0200	 Loss 0.3690	 flops 1242089.75
(0.0010, 0.0080, 0.0080)	Architecture [44-19]	 Time 0.0180	 Loss 0.5635	 flops 2100372.0
(0.0010, 0.0070, 0.0070)	Architecture [44-24]	 Time 0.0160	 Loss 1.9032	 flops 843182.6875
(0.0010, 0.0080, 0.0090)	Architecture [44-29]	 Time 0.0190	 Loss 1.8763	 flops 2391882.5
(0.0020, 0.0070, 0.0060)	Architecture [44-34]	 Time 0.0160	 Loss 0.6764	 flops 916315.375
(0.0010, 0.0090, 0.0060)	Architecture [44-39]	 Time 0.0170	 Loss 1.8655	 flops 810289.6875
(0.0010, 0.0080, 0.0080)	Architecture [44-44]	 Time 0.0180	 Loss 1.3865	 flops 826531.1875
(0.0010, 0.0090, 0.0070)	Architecture [45-4]	 Time 0.0190	 Loss 1.2611	 flops 821839.6875
(0.0010, 0.0090, 0.0100)	Architecture [45-9]	 Time 0.0220	 Loss 1.7426	 flops 2297777.75
(0.0000, 0.0080, 0.0070)	Architecture [45-14]	 Time 0.0170	 Loss 0.5513	 flops 810498.875
(0.0010, 0.0080, 0.0100)	Architecture [45-19]	 Time 0.0210	 Loss 3.0056	 flops 1260307.375
(0.0010, 0.0100, 0.0130)	Architecture [45-24]	 Time 0.0250	 Loss 1.6795	 flops 2824798.5
(0.0010, 0.0080, 0.0090)	Architecture [45-29]	 Time 0.0190	 Loss 4.1426	 flops 2847899.5
(0.0010, 0.0080, 0.0060)	Architecture [45-34]	 Time 0.0160	 Loss 1.3346	 flops 821402.9375
(0.0020, 0.0070, 0.0070)	Architecture [45-39]	 Time 0.0170	 Loss 0.2321	 flops 934415.25
(0.0010, 0.0090, 0.0100)	Architecture [45-44]	 Time 0.0200	 Loss 0.5357	 flops 2425147.0
(0.0010, 0.0090, 0.0080)	Architecture [46-4]	 Time 0.0190	 Loss 2.3130	 flops 1311765.125
(0.0010, 0.0080, 0.0080)	Architecture [46-9]	 Time 0.0190	 Loss 1.3223	 flops 818322.75
(0.0010, 0.0090, 0.0090)	Architecture [46-14]	 Time 0.0200	 Loss 0.9715	 flops 917856.3125
(0.0020, 0.0080, 0.0100)	Architecture [46-19]	 Time 0.0210	 Loss 3.8657	 flops 1755097.375
(0.0010, 0.0080, 0.0070)	Architecture [46-24]	 Time 0.0180	 Loss 1.0917	 flops 889593.25
(0.0010, 0.0070, 0.0070)	Architecture [46-29]	 Time 0.0160	 Loss 1.6248	 flops 819452.625
(0.0010, 0.0080, 0.0070)	Architecture [46-34]	 Time 0.0170	 Loss 0.9408	 flops 876744.9375
(0.0010, 0.0080, 0.0060)	Architecture [46-39]	 Time 0.0160	 Loss 0.4738	 flops 827940.9375
(0.0010, 0.0090, 0.0060)	Architecture [46-44]	 Time 0.0170	 Loss 0.6976	 flops 803147.5625
(0.0010, 0.0080, 0.0090)	Architecture [47-4]	 Time 0.0200	 Loss 1.3276	 flops 1227884.625
(0.0010, 0.0080, 0.0060)	Architecture [47-9]	 Time 0.0160	 Loss 0.6875	 flops 905778.125
(0.0010, 0.0070, 0.0080)	Architecture [47-14]	 Time 0.0180	 Loss 1.2757	 flops 1248594.875
(0.0010, 0.0070, 0.0060)	Architecture [47-19]	 Time 0.0150	 Loss 0.4402	 flops 715584.1875
(0.0010, 0.0070, 0.0070)	Architecture [47-24]	 Time 0.0170	 Loss 0.3462	 flops 783007.625
(0.0010, 0.0070, 0.0090)	Architecture [47-29]	 Time 0.0180	 Loss 2.2995	 flops 1228655.625
(0.0010, 0.0070, 0.0070)	Architecture [47-34]	 Time 0.0160	 Loss 1.7273	 flops 887428.0
(0.0000, 0.0080, 0.0080)	Architecture [47-39]	 Time 0.0180	 Loss 1.8793	 flops 808063.375
(0.0010, 0.0090, 0.0080)	Architecture [47-44]	 Time 0.0190	 Loss 3.6468	 flops 1048425.5
(0.0010, 0.0080, 0.0100)	Architecture [48-4]	 Time 0.0200	 Loss 3.6191	 flops 1127727.875
(0.0020, 0.0080, 0.0090)	Architecture [48-9]	 Time 0.0200	 Loss 3.9325	 flops 1530739.875
(0.0010, 0.0060, 0.0070)	Architecture [48-14]	 Time 0.0160	 Loss 1.1939	 flops 912956.9375
(0.0010, 0.0080, 0.0060)	Architecture [48-19]	 Time 0.0160	 Loss 0.4453	 flops 805179.0
(0.0010, 0.0070, 0.0070)	Architecture [48-24]	 Time 0.0160	 Loss 0.3956	 flops 819991.5625
(0.0010, 0.0070, 0.0070)	Architecture [48-29]	 Time 0.0160	 Loss 0.7587	 flops 920012.75
(0.0010, 0.0080, 0.0080)	Architecture [48-34]	 Time 0.0190	 Loss 2.4021	 flops 2020859.0
(0.0010, 0.0080, 0.0070)	Architecture [48-39]	 Time 0.0170	 Loss 0.2969	 flops 813561.75
(0.0010, 0.0070, 0.0060)	Architecture [48-44]	 Time 0.0160	 Loss 0.3617	 flops 890843.5
(0.0020, 0.0070, 0.0090)	Architecture [49-4]	 Time 0.0190	 Loss 0.4181	 flops 1832946.375
(0.0010, 0.0090, 0.0120)	Architecture [49-9]	 Time 0.0220	 Loss 2.2738	 flops 2507745.25
(0.0010, 0.0080, 0.0090)	Architecture [49-14]	 Time 0.0190	 Loss 1.4060	 flops 1291933.125
(0.0020, 0.0100, 0.0130)	Architecture [49-19]	 Time 0.0260	 Loss 2.0086	 flops 2510339.5
(0.0010, 0.0080, 0.0110)	Architecture [49-24]	 Time 0.0210	 Loss 4.6950	 flops 2638238.75
(0.0010, 0.0060, 0.0060)	Architecture [49-29]	 Time 0.0150	 Loss 1.2149	 flops 894618.6875
(0.0010, 0.0090, 0.0070)	Architecture [49-34]	 Time 0.0180	 Loss 1.6784	 flops 907117.8125
(0.0010, 0.0080, 0.0080)	Architecture [49-39]	 Time 0.0180	 Loss 1.4566	 flops 839407.25
(0.0010, 0.0070, 0.0070)	Architecture [49-44]	 Time 0.0160	 Loss 0.4627	 flops 831214.125
(0.0010, 0.0080, 0.0070)	Architecture [50-4]	 Time 0.0170	 Loss 0.6286	 flops 807722.1875
(0.0010, 0.0070, 0.0070)	Architecture [50-9]	 Time 0.0150	 Loss 1.3058	 flops 921435.4375
(0.0010, 0.0090, 0.0070)	Architecture [50-14]	 Time 0.0180	 Loss 1.2518	 flops 807547.9375
(0.0010, 0.0070, 0.0070)	Architecture [50-19]	 Time 0.0170	 Loss 0.3430	 flops 816156.125
(0.0010, 0.0080, 0.0100)	Architecture [50-24]	 Time 0.0200	 Loss 0.3063	 flops 1819575.625
(0.0010, 0.0070, 0.0070)	Architecture [50-29]	 Time 0.0160	 Loss 0.3213	 flops 832625.0
(0.0010, 0.0070, 0.0070)	Architecture [50-34]	 Time 0.0160	 Loss 2.0399	 flops 797907.6875
(0.0010, 0.0070, 0.0060)	Architecture [50-39]	 Time 0.0150	 Loss 1.3468	 flops 824914.3125
(0.0010, 0.0070, 0.0090)	Architecture [50-44]	 Time 0.0180	 Loss 1.2015	 flops 1315291.5
(0.0010, 0.0070, 0.0060)	Architecture [51-4]	 Time 0.0150	 Loss 1.6147	 flops 823521.5
(0.0010, 0.0090, 0.0080)	Architecture [51-9]	 Time 0.0190	 Loss 3.4534	 flops 898912.875
(0.0010, 0.0070, 0.0060)	Architecture [51-14]	 Time 0.0150	 Loss 1.6778	 flops 834417.3125
(0.0010, 0.0070, 0.0080)	Architecture [51-19]	 Time 0.0170	 Loss 2.7611	 flops 542599.4375
(0.0010, 0.0080, 0.0090)	Architecture [51-24]	 Time 0.0190	 Loss 1.7510	 flops 1311652.125
(0.0010, 0.0090, 0.0060)	Architecture [51-29]	 Time 0.0170	 Loss 0.4151	 flops 822152.125
(0.0010, 0.0080, 0.0100)	Architecture [51-34]	 Time 0.0210	 Loss 2.3660	 flops 1296006.625
(0.0010, 0.0070, 0.0060)	Architecture [51-39]	 Time 0.0150	 Loss 0.9707	 flops 905386.125
(0.0010, 0.0070, 0.0070)	Architecture [51-44]	 Time 0.0160	 Loss 0.2167	 flops 820168.1875
(0.0010, 0.0080, 0.0080)	Architecture [52-4]	 Time 0.0190	 Loss 0.3808	 flops 2066241.125
(0.0010, 0.0080, 0.0090)	Architecture [52-9]	 Time 0.0190	 Loss 0.3139	 flops 893390.0625
(0.0010, 0.0080, 0.0080)	Architecture [52-14]	 Time 0.0180	 Loss 2.3983	 flops 797951.5
(0.0010, 0.0070, 0.0100)	Architecture [52-19]	 Time 0.0180	 Loss 1.0897	 flops 2320667.5
(0.0010, 0.0090, 0.0080)	Architecture [52-24]	 Time 0.0200	 Loss 0.9264	 flops 809317.25
(0.0010, 0.0100, 0.0100)	Architecture [52-29]	 Time 0.0210	 Loss 4.4510	 flops 1195950.75
(0.0010, 0.0080, 0.0090)	Architecture [52-34]	 Time 0.0190	 Loss 4.5072	 flops 2651022.75
(0.0010, 0.0070, 0.0050)	Architecture [52-39]	 Time 0.0140	 Loss 1.4874	 flops 790184.5625
(0.0010, 0.0080, 0.0060)	Architecture [52-44]	 Time 0.0170	 Loss 0.6510	 flops 691405.25
(0.0010, 0.0090, 0.0070)	Architecture [53-4]	 Time 0.0180	 Loss 0.3727	 flops 903731.4375
(0.0010, 0.0060, 0.0070)	Architecture [53-9]	 Time 0.0150	 Loss 0.4059	 flops 797293.75
(0.0010, 0.0080, 0.0110)	Architecture [53-14]	 Time 0.0200	 Loss 2.6481	 flops 2734312.0
(0.0010, 0.0080, 0.0090)	Architecture [53-19]	 Time 0.0180	 Loss 2.7401	 flops 1908292.25
(0.0010, 0.0090, 0.0060)	Architecture [53-24]	 Time 0.0170	 Loss 0.2933	 flops 915021.5
(0.0010, 0.0070, 0.0060)	Architecture [53-29]	 Time 0.0160	 Loss 0.1221	 flops 802195.0625
(0.0010, 0.0080, 0.0080)	Architecture [53-34]	 Time 0.0190	 Loss 0.4968	 flops 816922.9375
(0.0010, 0.0070, 0.0070)	Architecture [53-39]	 Time 0.0170	 Loss 1.7939	 flops 791608.875
(0.0010, 0.0070, 0.0080)	Architecture [53-44]	 Time 0.0180	 Loss 0.8872	 flops 831552.625
(0.0010, 0.0090, 0.0070)	Architecture [54-4]	 Time 0.0190	 Loss 0.9732	 flops 819386.0
(0.0010, 0.0080, 0.0070)	Architecture [54-9]	 Time 0.0160	 Loss 1.4522	 flops 920997.0
(0.0010, 0.0080, 0.0110)	Architecture [54-14]	 Time 0.0210	 Loss 3.6828	 flops 1777062.125
(0.0010, 0.0080, 0.0110)	Architecture [54-19]	 Time 0.0210	 Loss 4.3429	 flops 2236356.75
(0.0010, 0.0070, 0.0070)	Architecture [54-24]	 Time 0.0150	 Loss 1.2554	 flops 936453.0
(0.0010, 0.0070, 0.0090)	Architecture [54-29]	 Time 0.0190	 Loss 3.2632	 flops 783260.625
(0.0010, 0.0070, 0.0080)	Architecture [54-34]	 Time 0.0170	 Loss 0.3003	 flops 776448.9375
(0.0010, 0.0070, 0.0060)	Architecture [54-39]	 Time 0.0160	 Loss 0.3859	 flops 794599.6875
(0.0020, 0.0070, 0.0060)	Architecture [54-44]	 Time 0.0160	 Loss 1.2998	 flops 786953.125
(0.0010, 0.0080, 0.0060)	Architecture [55-4]	 Time 0.0160	 Loss 0.5531	 flops 816528.0625
(0.0010, 0.0060, 0.0060)	Architecture [55-9]	 Time 0.0150	 Loss 0.3089	 flops 765082.5
(0.0010, 0.0080, 0.0100)	Architecture [55-14]	 Time 0.0190	 Loss 0.5912	 flops 1359170.125
(0.0010, 0.0100, 0.0100)	Architecture [55-19]	 Time 0.0230	 Loss 2.0523	 flops 2284531.75
(0.0000, 0.0090, 0.0090)	Architecture [55-24]	 Time 0.0200	 Loss 0.9679	 flops 1138205.375
(0.0010, 0.0070, 0.0060)	Architecture [55-29]	 Time 0.0150	 Loss 0.8235	 flops 896204.0625
(0.0010, 0.0100, 0.0090)	Architecture [55-34]	 Time 0.0210	 Loss 3.2332	 flops 891105.125
(0.0010, 0.0070, 0.0070)	Architecture [55-39]	 Time 0.0150	 Loss 0.8808	 flops 910118.9375
(0.0010, 0.0070, 0.0060)	Architecture [55-44]	 Time 0.0150	 Loss 1.3743	 flops 796471.625
(0.0010, 0.0070, 0.0060)	Architecture [56-4]	 Time 0.0150	 Loss 0.6289	 flops 741473.6875
(0.0010, 0.0070, 0.0060)	Architecture [56-9]	 Time 0.0150	 Loss 0.4039	 flops 809345.25
(0.0010, 0.0070, 0.0060)	Architecture [56-14]	 Time 0.0160	 Loss 0.5495	 flops 890669.625
(0.0010, 0.0070, 0.0070)	Architecture [56-19]	 Time 0.0150	 Loss 1.6877	 flops 927022.5
(0.0010, 0.0060, 0.0070)	Architecture [56-24]	 Time 0.0150	 Loss 0.8854	 flops 822217.625
(0.0010, 0.0060, 0.0060)	Architecture [56-29]	 Time 0.0150	 Loss 0.2623	 flops 797467.0
(0.0010, 0.0080, 0.0060)	Architecture [56-34]	 Time 0.0160	 Loss 0.1669	 flops 911385.1875
(0.0010, 0.0070, 0.0060)	Architecture [56-39]	 Time 0.0150	 Loss 0.3194	 flops 782454.5
(0.0010, 0.0070, 0.0060)	Architecture [56-44]	 Time 0.0160	 Loss 1.3050	 flops 885185.8125
(0.0010, 0.0070, 0.0060)	Architecture [57-4]	 Time 0.0160	 Loss 1.1279	 flops 798358.3125
(0.0010, 0.0070, 0.0080)	Architecture [57-9]	 Time 0.0170	 Loss 1.8381	 flops 798047.8125
(0.0010, 0.0070, 0.0060)	Architecture [57-14]	 Time 0.0150	 Loss 1.9048	 flops 924757.625
(0.0010, 0.0060, 0.0070)	Architecture [57-19]	 Time 0.0150	 Loss 0.7300	 flops 792821.5625
(0.0010, 0.0070, 0.0060)	Architecture [57-24]	 Time 0.0160	 Loss 1.5839	 flops 823502.875
(0.0010, 0.0080, 0.0090)	Architecture [57-29]	 Time 0.0200	 Loss 1.4777	 flops 1141002.5
(0.0010, 0.0090, 0.0080)	Architecture [57-34]	 Time 0.0190	 Loss 2.2368	 flops 1109905.75
(0.0010, 0.0070, 0.0060)	Architecture [57-39]	 Time 0.0150	 Loss 0.7633	 flops 881366.25
(0.0010, 0.0070, 0.0090)	Architecture [57-44]	 Time 0.0180	 Loss 1.7217	 flops 2778814.25
(0.0010, 0.0080, 0.0090)	Architecture [58-4]	 Time 0.0190	 Loss 3.4700	 flops 2644686.75
(0.0010, 0.0080, 0.0070)	Architecture [58-9]	 Time 0.0170	 Loss 0.3277	 flops 918001.625
(0.0010, 0.0070, 0.0070)	Architecture [58-14]	 Time 0.0170	 Loss 0.2395	 flops 646524.125
(0.0010, 0.0070, 0.0060)	Architecture [58-19]	 Time 0.0150	 Loss 0.3750	 flops 895663.25
(0.0010, 0.0090, 0.0080)	Architecture [58-24]	 Time 0.0190	 Loss 2.6128	 flops 902266.5
(0.0010, 0.0070, 0.0060)	Architecture [58-29]	 Time 0.0150	 Loss 0.9529	 flops 811053.1875
(0.0010, 0.0070, 0.0070)	Architecture [58-34]	 Time 0.0160	 Loss 1.0259	 flops 760708.375
(0.0010, 0.0070, 0.0050)	Architecture [58-39]	 Time 0.0140	 Loss 1.0007	 flops 760152.875
(0.0010, 0.0060, 0.0080)	Architecture [58-44]	 Time 0.0170	 Loss 1.1912	 flops 875260.0
(0.0010, 0.0080, 0.0070)	Architecture [59-4]	 Time 0.0180	 Loss 1.4453	 flops 852720.8125
(0.0020, 0.0070, 0.0070)	Architecture [59-9]	 Time 0.0160	 Loss 0.7654	 flops 513157.28125
(0.0010, 0.0080, 0.0090)	Architecture [59-14]	 Time 0.0200	 Loss 1.1949	 flops 1241436.25
(0.0010, 0.0070, 0.0080)	Architecture [59-19]	 Time 0.0180	 Loss 1.7007	 flops 1824882.625
(0.0010, 0.0070, 0.0070)	Architecture [59-24]	 Time 0.0160	 Loss 1.3040	 flops 879334.875
(0.0010, 0.0070, 0.0060)	Architecture [59-29]	 Time 0.0150	 Loss 0.7824	 flops 514439.0
(0.0010, 0.0070, 0.0060)	Architecture [59-34]	 Time 0.0150	 Loss 0.2760	 flops 835979.625
(0.0010, 0.0080, 0.0060)	Architecture [59-39]	 Time 0.0160	 Loss 0.1458	 flops 749252.875
(0.0010, 0.0080, 0.0060)	Architecture [59-44]	 Time 0.0160	 Loss 0.3322	 flops 755847.0
(0.0010, 0.0070, 0.0070)	Architecture [60-4]	 Time 0.0160	 Loss 1.1656	 flops 729692.1875
(0.0010, 0.0090, 0.0060)	Architecture [60-9]	 Time 0.0170	 Loss 2.1346	 flops 800340.1875
(0.0000, 0.0080, 0.0110)	Architecture [60-14]	 Time 0.0210	 Loss 2.3283	 flops 2376419.0
(0.0010, 0.0080, 0.0070)	Architecture [60-19]	 Time 0.0160	 Loss 1.1194	 flops 813924.5
(0.0010, 0.0070, 0.0090)	Architecture [60-24]	 Time 0.0180	 Loss 3.8676	 flops 1296847.25
(0.0010, 0.0070, 0.0090)	Architecture [60-29]	 Time 0.0180	 Loss 2.7864	 flops 1372612.25
(0.0010, 0.0070, 0.0090)	Architecture [60-34]	 Time 0.0180	 Loss 2.7006	 flops 896569.8125
(0.0000, 0.0080, 0.0070)	Architecture [60-39]	 Time 0.0160	 Loss 0.1845	 flops 863295.6875
(0.0010, 0.0090, 0.0060)	Architecture [60-44]	 Time 0.0170	 Loss 0.8118	 flops 870239.875
(0.0010, 0.0090, 0.0090)	Architecture [61-4]	 Time 0.0190	 Loss 1.5474	 flops 1106282.375
(0.0010, 0.0070, 0.0060)	Architecture [61-9]	 Time 0.0150	 Loss 0.9046	 flops 825643.625
(0.0010, 0.0070, 0.0060)	Architecture [61-14]	 Time 0.0150	 Loss 0.1872	 flops 862390.8125
(0.0010, 0.0070, 0.0060)	Architecture [61-19]	 Time 0.0160	 Loss 0.1373	 flops 804909.9375
(0.0010, 0.0070, 0.0060)	Architecture [61-24]	 Time 0.0160	 Loss 0.3277	 flops 864415.0
(0.0010, 0.0070, 0.0060)	Architecture [61-29]	 Time 0.0150	 Loss 1.9989	 flops 869037.1875
(0.0010, 0.0070, 0.0070)	Architecture [61-34]	 Time 0.0160	 Loss 0.9076	 flops 824012.75
(0.0010, 0.0060, 0.0070)	Architecture [61-39]	 Time 0.0150	 Loss 0.7348	 flops 796243.6875
(0.0010, 0.0070, 0.0060)	Architecture [61-44]	 Time 0.0150	 Loss 1.3070	 flops 781903.1875
(0.0000, 0.0080, 0.0060)	Architecture [62-4]	 Time 0.0160	 Loss 1.0278	 flops 828941.0
(0.0010, 0.0090, 0.0060)	Architecture [62-9]	 Time 0.0170	 Loss 1.9023	 flops 750175.6875
(0.0010, 0.0070, 0.0080)	Architecture [62-14]	 Time 0.0180	 Loss 2.0212	 flops 877857.5625
(0.0010, 0.0070, 0.0080)	Architecture [62-19]	 Time 0.0180	 Loss 1.3860	 flops 791068.0625
(0.0010, 0.0070, 0.0060)	Architecture [62-24]	 Time 0.0140	 Loss 1.1491	 flops 777416.375
(0.0010, 0.0080, 0.0070)	Architecture [62-29]	 Time 0.0160	 Loss 0.4425	 flops 807409.875
(0.0020, 0.0080, 0.0070)	Architecture [62-34]	 Time 0.0180	 Loss 0.9699	 flops 781353.4375
(0.0000, 0.0080, 0.0090)	Architecture [62-39]	 Time 0.0190	 Loss 0.9664	 flops 1151062.75
(0.0010, 0.0080, 0.0090)	Architecture [62-44]	 Time 0.0190	 Loss 0.3822	 flops 1324766.5
(0.0010, 0.0100, 0.0070)	Architecture [63-4]	 Time 0.0190	 Loss 0.2889	 flops 894241.3125
(0.0010, 0.0080, 0.0080)	Architecture [63-9]	 Time 0.0180	 Loss 2.3920	 flops 1035152.8125
(0.0010, 0.0060, 0.0060)	Architecture [63-14]	 Time 0.0150	 Loss 1.4951	 flops 751869.25
(0.0010, 0.0060, 0.0060)	Architecture [63-19]	 Time 0.0140	 Loss 0.9242	 flops 775322.0625
(0.0010, 0.0080, 0.0090)	Architecture [63-24]	 Time 0.0180	 Loss 4.3970	 flops 2309886.75
(0.0010, 0.0070, 0.0070)	Architecture [63-29]	 Time 0.0160	 Loss 0.9562	 flops 857307.0
(0.0010, 0.0080, 0.0060)	Architecture [63-34]	 Time 0.0160	 Loss 1.9629	 flops 834100.5
(0.0010, 0.0070, 0.0070)	Architecture [63-39]	 Time 0.0150	 Loss 0.8862	 flops 797890.0625
(0.0010, 0.0080, 0.0080)	Architecture [63-44]	 Time 0.0180	 Loss 2.9376	 flops 748400.4375
(0.0010, 0.0070, 0.0060)	Architecture [64-4]	 Time 0.0160	 Loss 0.9294	 flops 761352.875
(0.0010, 0.0060, 0.0060)	Architecture [64-9]	 Time 0.0150	 Loss 0.5562	 flops 790100.3125
(0.0010, 0.0070, 0.0060)	Architecture [64-14]	 Time 0.0150	 Loss 0.8169	 flops 734412.5
(0.0010, 0.0080, 0.0070)	Architecture [64-19]	 Time 0.0180	 Loss 0.2219	 flops 796881.0625
(0.0000, 0.0080, 0.0080)	Architecture [64-24]	 Time 0.0180	 Loss 0.4241	 flops 594598.8125
(0.0010, 0.0060, 0.0070)	Architecture [64-29]	 Time 0.0160	 Loss 0.2917	 flops 756858.5
(0.0010, 0.0080, 0.0060)	Architecture [64-34]	 Time 0.0150	 Loss 1.5893	 flops 782240.625
(0.0010, 0.0070, 0.0070)	Architecture [64-39]	 Time 0.0160	 Loss 1.1065	 flops 889191.5625
(0.0010, 0.0070, 0.0070)	Architecture [64-44]	 Time 0.0170	 Loss 0.7639	 flops 851732.4375
(0.0010, 0.0090, 0.0080)	Architecture [65-4]	 Time 0.0190	 Loss 3.5593	 flops 830369.5625
(0.0010, 0.0070, 0.0100)	Architecture [65-9]	 Time 0.0190	 Loss 5.3724	 flops 1209176.625
(0.0010, 0.0070, 0.0070)	Architecture [65-14]	 Time 0.0150	 Loss 1.4531	 flops 837504.625
(0.0010, 0.0070, 0.0090)	Architecture [65-19]	 Time 0.0180	 Loss 2.1359	 flops 1446804.75
(0.0010, 0.0070, 0.0060)	Architecture [65-24]	 Time 0.0140	 Loss 0.2554	 flops 787783.0625
(0.0010, 0.0090, 0.0100)	Architecture [65-29]	 Time 0.0210	 Loss 3.0031	 flops 760600.625
(0.0010, 0.0080, 0.0060)	Architecture [65-34]	 Time 0.0160	 Loss 0.7119	 flops 777564.9375
(0.0010, 0.0080, 0.0080)	Architecture [65-39]	 Time 0.0180	 Loss 4.1541	 flops 776542.8125
(0.0010, 0.0070, 0.0060)	Architecture [65-44]	 Time 0.0160	 Loss 0.2651	 flops 776962.8125
(0.0020, 0.0090, 0.0090)	Architecture [66-4]	 Time 0.0220	 Loss 0.2256	 flops 782585.5
(0.0010, 0.0100, 0.0080)	Architecture [66-9]	 Time 0.0210	 Loss 0.2302	 flops 766430.1875
(0.0010, 0.0090, 0.0080)	Architecture [66-14]	 Time 0.0200	 Loss 2.1988	 flops 783584.75
(0.0010, 0.0080, 0.0100)	Architecture [66-19]	 Time 0.0210	 Loss 1.9774	 flops 828688.5
(0.0010, 0.0070, 0.0070)	Architecture [66-24]	 Time 0.0160	 Loss 0.9811	 flops 785531.3125
(0.0010, 0.0080, 0.0070)	Architecture [66-29]	 Time 0.0180	 Loss 1.3927	 flops 734241.3125
(0.0010, 0.0080, 0.0060)	Architecture [66-34]	 Time 0.0160	 Loss 0.9479	 flops 828603.375
(0.0010, 0.0060, 0.0060)	Architecture [66-39]	 Time 0.0150	 Loss 1.3967	 flops 764152.375
(0.0010, 0.0070, 0.0060)	Architecture [66-44]	 Time 0.0160	 Loss 0.9965	 flops 833627.0625
(0.0010, 0.0080, 0.0070)	Architecture [67-4]	 Time 0.0170	 Loss 0.3506	 flops 824727.125
(0.0010, 0.0070, 0.0070)	Architecture [67-9]	 Time 0.0170	 Loss 0.8339	 flops 785033.75
(0.0010, 0.0070, 0.0060)	Architecture [67-14]	 Time 0.0150	 Loss 0.3265	 flops 848670.25
(0.0010, 0.0070, 0.0060)	Architecture [67-19]	 Time 0.0150	 Loss 0.6753	 flops 816511.75
(0.0010, 0.0070, 0.0090)	Architecture [67-24]	 Time 0.0180	 Loss 1.3044	 flops 1910915.125
(0.0000, 0.0070, 0.0060)	Architecture [67-29]	 Time 0.0150	 Loss 0.0431	 flops 850650.125
(0.0010, 0.0090, 0.0120)	Architecture [67-34]	 Time 0.0220	 Loss 1.7703	 flops 2336779.75
(0.0010, 0.0090, 0.0060)	Architecture [67-39]	 Time 0.0180	 Loss 1.8482	 flops 742178.8125
(0.0010, 0.0080, 0.0070)	Architecture [67-44]	 Time 0.0160	 Loss 1.1732	 flops 815860.5
(0.0010, 0.0080, 0.0100)	Architecture [68-4]	 Time 0.0210	 Loss 1.4702	 flops 775454.625
(0.0020, 0.0070, 0.0070)	Architecture [68-9]	 Time 0.0160	 Loss 1.6332	 flops 790625.4375
(0.0010, 0.0090, 0.0060)	Architecture [68-14]	 Time 0.0180	 Loss 0.8982	 flops 876096.8125
(0.0010, 0.0080, 0.0070)	Architecture [68-19]	 Time 0.0160	 Loss 1.7914	 flops 857152.75
(0.0010, 0.0080, 0.0090)	Architecture [68-24]	 Time 0.0190	 Loss 2.3630	 flops 1468492.5
(0.0010, 0.0070, 0.0080)	Architecture [68-29]	 Time 0.0170	 Loss 0.7602	 flops 772957.8125
(0.0010, 0.0080, 0.0070)	Architecture [68-34]	 Time 0.0170	 Loss 1.1505	 flops 819718.5625
(0.0010, 0.0070, 0.0070)	Architecture [68-39]	 Time 0.0160	 Loss 0.5987	 flops 851240.75
(0.0010, 0.0070, 0.0070)	Architecture [68-44]	 Time 0.0160	 Loss 1.3182	 flops 776213.25
(0.0010, 0.0080, 0.0050)	Architecture [69-4]	 Time 0.0150	 Loss 0.1527	 flops 801061.875
(0.0010, 0.0070, 0.0060)	Architecture [69-9]	 Time 0.0150	 Loss 0.0892	 flops 756605.0625
(0.0010, 0.0060, 0.0070)	Architecture [69-14]	 Time 0.0150	 Loss 0.1937	 flops 881992.8125
(0.0010, 0.0070, 0.0060)	Architecture [69-19]	 Time 0.0160	 Loss 1.5350	 flops 792292.5625
(0.0010, 0.0080, 0.0090)	Architecture [69-24]	 Time 0.0190	 Loss 1.1451	 flops 765789.6875
(0.0000, 0.0070, 0.0070)	Architecture [69-29]	 Time 0.0160	 Loss 0.7836	 flops 820729.8125
(0.0010, 0.0070, 0.0070)	Architecture [69-34]	 Time 0.0170	 Loss 2.0706	 flops 792732.625
(0.0010, 0.0060, 0.0060)	Architecture [69-39]	 Time 0.0150	 Loss 0.9183	 flops 753164.0
(0.0010, 0.0080, 0.0090)	Architecture [69-44]	 Time 0.0190	 Loss 2.5960	 flops 777469.875
(0.0000, 0.0070, 0.0070)	Architecture [70-4]	 Time 0.0150	 Loss 1.3785	 flops 833591.625
(0.0010, 0.0080, 0.0070)	Architecture [70-9]	 Time 0.0160	 Loss 0.2700	 flops 863206.6875
(0.0010, 0.0080, 0.0090)	Architecture [70-14]	 Time 0.0190	 Loss 1.7391	 flops 1293501.375
(0.0010, 0.0090, 0.0090)	Architecture [70-19]	 Time 0.0200	 Loss 1.3483	 flops 1891529.625
(0.0010, 0.0080, 0.0070)	Architecture [70-24]	 Time 0.0170	 Loss 0.5619	 flops 748869.5625
(0.0010, 0.0070, 0.0080)	Architecture [70-29]	 Time 0.0180	 Loss 0.5177	 flops 774604.25
(0.0010, 0.0080, 0.0060)	Architecture [70-34]	 Time 0.0170	 Loss 0.0468	 flops 848657.125
(0.0010, 0.0070, 0.0060)	Architecture [70-39]	 Time 0.0150	 Loss 0.2029	 flops 834674.4375
(0.0010, 0.0070, 0.0070)	Architecture [70-44]	 Time 0.0160	 Loss 1.6679	 flops 834088.4375
(0.0010, 0.0090, 0.0060)	Architecture [71-4]	 Time 0.0180	 Loss 1.5472	 flops 378931.1875
(0.0010, 0.0070, 0.0070)	Architecture [71-9]	 Time 0.0170	 Loss 0.9959	 flops 768520.5
(0.0010, 0.0080, 0.0080)	Architecture [71-14]	 Time 0.0180	 Loss 5.0141	 flops 1929192.0
(0.0010, 0.0070, 0.0060)	Architecture [71-19]	 Time 0.0150	 Loss 1.6508	 flops 825487.6875
(0.0010, 0.0080, 0.0060)	Architecture [71-24]	 Time 0.0160	 Loss 1.4631	 flops 856024.5625
(0.0010, 0.0060, 0.0070)	Architecture [71-29]	 Time 0.0150	 Loss 1.2076	 flops 780244.1875
(0.0010, 0.0080, 0.0090)	Architecture [71-34]	 Time 0.0200	 Loss 1.5804	 flops 1302492.125
(0.0010, 0.0080, 0.0060)	Architecture [71-39]	 Time 0.0160	 Loss 0.9944	 flops 746677.625
(0.0010, 0.0070, 0.0060)	Architecture [71-44]	 Time 0.0150	 Loss 0.4370	 flops 859132.3125
(0.0010, 0.0080, 0.0090)	Architecture [72-4]	 Time 0.0190	 Loss 2.9824	 flops 1339923.0
(0.0010, 0.0080, 0.0100)	Architecture [72-9]	 Time 0.0190	 Loss 0.8709	 flops 850929.0
(0.0000, 0.0070, 0.0060)	Architecture [72-14]	 Time 0.0150	 Loss 0.1149	 flops 836958.375
(0.0010, 0.0070, 0.0060)	Architecture [72-19]	 Time 0.0150	 Loss 0.2249	 flops 743295.4375
(0.0020, 0.0080, 0.0070)	Architecture [72-24]	 Time 0.0170	 Loss 2.4352	 flops 732778.9375
(0.0000, 0.0080, 0.0060)	Architecture [72-29]	 Time 0.0160	 Loss 1.0893	 flops 807736.9375
(0.0010, 0.0070, 0.0070)	Architecture [72-34]	 Time 0.0170	 Loss 1.8217	 flops 755327.3125
(0.0010, 0.0070, 0.0060)	Architecture [72-39]	 Time 0.0150	 Loss 1.2348	 flops 770779.1875
(0.0010, 0.0070, 0.0060)	Architecture [72-44]	 Time 0.0150	 Loss 1.1853	 flops 788244.0625
(0.0010, 0.0070, 0.0070)	Architecture [73-4]	 Time 0.0160	 Loss 1.4492	 flops 761134.3125
(0.0010, 0.0090, 0.0060)	Architecture [73-9]	 Time 0.0170	 Loss 1.4115	 flops 782738.75
(0.0010, 0.0070, 0.0070)	Architecture [73-14]	 Time 0.0170	 Loss 0.2156	 flops 842596.25
(0.0010, 0.0070, 0.0080)	Architecture [73-19]	 Time 0.0170	 Loss 1.0481	 flops 788067.1875
(0.0010, 0.0070, 0.0060)	Architecture [73-24]	 Time 0.0160	 Loss 0.6806	 flops 842664.625
(0.0010, 0.0070, 0.0060)	Architecture [73-29]	 Time 0.0150	 Loss 0.6003	 flops 842616.8125
(0.0010, 0.0070, 0.0070)	Architecture [73-34]	 Time 0.0160	 Loss 0.1875	 flops 757846.4375
(0.0010, 0.0080, 0.0060)	Architecture [73-39]	 Time 0.0170	 Loss 0.1338	 flops 866030.125
(0.0010, 0.0060, 0.0080)	Architecture [73-44]	 Time 0.0160	 Loss 0.3215	 flops 749235.125
(0.0010, 0.0070, 0.0070)	Architecture [74-4]	 Time 0.0170	 Loss 1.7886	 flops 772458.375
(0.0010, 0.0080, 0.0090)	Architecture [74-9]	 Time 0.0180	 Loss 0.6000	 flops 1279752.5
(0.0010, 0.0080, 0.0090)	Architecture [74-14]	 Time 0.0190	 Loss 1.5070	 flops 804590.25
(0.0010, 0.0080, 0.0060)	Architecture [74-19]	 Time 0.0150	 Loss 1.7856	 flops 779943.625
(0.0010, 0.0070, 0.0060)	Architecture [74-24]	 Time 0.0150	 Loss 0.8077	 flops 754566.3125
(0.0010, 0.0070, 0.0060)	Architecture [74-29]	 Time 0.0160	 Loss 1.7656	 flops 807643.3125
(0.0010, 0.0080, 0.0080)	Architecture [74-34]	 Time 0.0180	 Loss 1.8040	 flops 1834611.625
(0.0010, 0.0070, 0.0090)	Architecture [74-39]	 Time 0.0190	 Loss 0.6153	 flops 1979390.125
(0.0010, 0.0060, 0.0060)	Architecture [74-44]	 Time 0.0150	 Loss 1.5244	 flops 763400.625
(0.0010, 0.0090, 0.0080)	Architecture [75-4]	 Time 0.0190	 Loss 1.2101	 flops 849017.8125
(0.0010, 0.0080, 0.0070)	Architecture [75-9]	 Time 0.0170	 Loss 2.3238	 flops 845741.875
(0.0010, 0.0070, 0.0080)	Architecture [75-14]	 Time 0.0180	 Loss 1.5592	 flops 2919272.25
(0.0010, 0.0090, 0.0110)	Architecture [75-19]	 Time 0.0230	 Loss 0.5476	 flops 3238340.0
(0.0010, 0.0090, 0.0060)	Architecture [75-24]	 Time 0.0170	 Loss 0.1628	 flops 787479.4375
(0.0010, 0.0080, 0.0060)	Architecture [75-29]	 Time 0.0160	 Loss 1.6696	 flops 776680.75
(0.0010, 0.0080, 0.0060)	Architecture [75-34]	 Time 0.0170	 Loss 0.9318	 flops 811211.3125
(0.0010, 0.0070, 0.0110)	Architecture [75-39]	 Time 0.0200	 Loss 1.1707	 flops 1792963.875
(0.0010, 0.0070, 0.0060)	Architecture [75-44]	 Time 0.0160	 Loss 1.9464	 flops 768554.4375
(0.0010, 0.0070, 0.0060)	Architecture [76-4]	 Time 0.0150	 Loss 0.9248	 flops 757673.5625
(0.0010, 0.0070, 0.0060)	Architecture [76-9]	 Time 0.0160	 Loss 1.7965	 flops 784198.375
(0.0000, 0.0080, 0.0080)	Architecture [76-14]	 Time 0.0180	 Loss 2.0972	 flops 1450389.5
(0.0010, 0.0070, 0.0060)	Architecture [76-19]	 Time 0.0150	 Loss 0.2486	 flops 815944.625
(0.0010, 0.0080, 0.0070)	Architecture [76-24]	 Time 0.0160	 Loss 1.3235	 flops 810689.875
(0.0010, 0.0080, 0.0060)	Architecture [76-29]	 Time 0.0170	 Loss 0.6570	 flops 746145.5625
(0.0010, 0.0070, 0.0060)	Architecture [76-34]	 Time 0.0160	 Loss 0.8658	 flops 803702.0625
(0.0020, 0.0080, 0.0070)	Architecture [76-39]	 Time 0.0180	 Loss 0.2222	 flops 786486.5
(0.0010, 0.0090, 0.0070)	Architecture [76-44]	 Time 0.0170	 Loss 0.0799	 flops 843191.0
(0.0010, 0.0070, 0.0080)	Architecture [77-4]	 Time 0.0180	 Loss 0.7122	 flops 812344.25
(0.0010, 0.0070, 0.0060)	Architecture [77-9]	 Time 0.0150	 Loss 2.1511	 flops 772040.125
(0.0010, 0.0090, 0.0060)	Architecture [77-14]	 Time 0.0170	 Loss 0.7982	 flops 792408.0
(0.0010, 0.0070, 0.0060)	Architecture [77-19]	 Time 0.0150	 Loss 0.9917	 flops 742758.625
(0.0010, 0.0070, 0.0070)	Architecture [77-24]	 Time 0.0150	 Loss 1.7234	 flops 767009.125
(0.0010, 0.0080, 0.0100)	Architecture [77-29]	 Time 0.0200	 Loss 1.9009	 flops 1731474.75
(0.0010, 0.0100, 0.0070)	Architecture [77-34]	 Time 0.0180	 Loss 0.9657	 flops 848158.8125
(0.0010, 0.0080, 0.0070)	Architecture [77-39]	 Time 0.0170	 Loss 1.3741	 flops 782318.0
(0.0010, 0.0080, 0.0090)	Architecture [77-44]	 Time 0.0190	 Loss 0.6369	 flops 1964780.375
(0.0010, 0.0080, 0.0080)	Architecture [78-4]	 Time 0.0190	 Loss 1.5922	 flops 796951.875
(0.0010, 0.0090, 0.0060)	Architecture [78-9]	 Time 0.0170	 Loss 0.5010	 flops 799414.1875
(0.0010, 0.0080, 0.0060)	Architecture [78-14]	 Time 0.0160	 Loss 0.7625	 flops 768444.0
(0.0010, 0.0070, 0.0060)	Architecture [78-19]	 Time 0.0150	 Loss 0.2623	 flops 785445.75
(0.0010, 0.0070, 0.0060)	Architecture [78-24]	 Time 0.0150	 Loss 0.2913	 flops 502173.25
(0.0010, 0.0090, 0.0080)	Architecture [78-29]	 Time 0.0190	 Loss 0.2763	 flops 812679.25
(0.0010, 0.0080, 0.0070)	Architecture [78-34]	 Time 0.0170	 Loss 2.1105	 flops 641803.9375
(0.0010, 0.0070, 0.0060)	Architecture [78-39]	 Time 0.0160	 Loss 1.1866	 flops 803830.9375
(0.0010, 0.0070, 0.0060)	Architecture [78-44]	 Time 0.0150	 Loss 1.0391	 flops 772498.9375
(0.0010, 0.0060, 0.0070)	Architecture [79-4]	 Time 0.0160	 Loss 2.3490	 flops 765903.375
(0.0010, 0.0080, 0.0060)	Architecture [79-9]	 Time 0.0160	 Loss 1.0207	 flops 771497.75
(0.0010, 0.0080, 0.0070)	Architecture [79-14]	 Time 0.0170	 Loss 1.4506	 flops 819737.0
(0.0010, 0.0070, 0.0060)	Architecture [79-19]	 Time 0.0150	 Loss 2.4631	 flops 769249.75
(0.0010, 0.0100, 0.0070)	Architecture [79-24]	 Time 0.0180	 Loss 0.2079	 flops 761992.8125
(0.0010, 0.0080, 0.0080)	Architecture [79-29]	 Time 0.0180	 Loss 2.6173	 flops 784664.8125
(0.0010, 0.0090, 0.0060)	Architecture [79-34]	 Time 0.0180	 Loss 0.5450	 flops 838037.25
(0.0010, 0.0070, 0.0060)	Architecture [79-39]	 Time 0.0150	 Loss 0.6911	 flops 756079.6875
(0.0010, 0.0080, 0.0110)	Architecture [79-44]	 Time 0.0220	 Loss 2.3152	 flops 2738561.0
(0.0010, 0.0080, 0.0060)	Architecture [80-4]	 Time 0.0160	 Loss 0.0648	 flops 793540.25
(0.0010, 0.0080, 0.0060)	Architecture [80-9]	 Time 0.0150	 Loss 0.2023	 flops 810292.6875
(0.0010, 0.0070, 0.0070)	Architecture [80-14]	 Time 0.0160	 Loss 2.4626	 flops 804416.625
(0.0020, 0.0080, 0.0060)	Architecture [80-19]	 Time 0.0170	 Loss 1.2801	 flops 779342.0625
(0.0010, 0.0080, 0.0070)	Architecture [80-24]	 Time 0.0180	 Loss 0.6468	 flops 811176.9375
(0.0010, 0.0090, 0.0080)	Architecture [80-29]	 Time 0.0200	 Loss 4.7743	 flops 751517.1875
(0.0010, 0.0090, 0.0070)	Architecture [80-34]	 Time 0.0180	 Loss 1.9546	 flops 781133.9375
(0.0010, 0.0090, 0.0110)	Architecture [80-39]	 Time 0.0220	 Loss 2.5863	 flops 1565530.75
(0.0010, 0.0070, 0.0060)	Architecture [80-44]	 Time 0.0140	 Loss 1.4706	 flops 754739.9375
(0.0010, 0.0070, 0.0060)	Architecture [81-4]	 Time 0.0160	 Loss 0.7535	 flops 800298.125
(0.0020, 0.0060, 0.0060)	Architecture [81-9]	 Time 0.0150	 Loss 1.2912	 flops 819712.0625
(0.0010, 0.0080, 0.0060)	Architecture [81-14]	 Time 0.0170	 Loss 0.6763	 flops 773337.875
(0.0010, 0.0070, 0.0070)	Architecture [81-19]	 Time 0.0160	 Loss 0.5274	 flops 819712.0
(0.0010, 0.0080, 0.0060)	Architecture [81-24]	 Time 0.0170	 Loss 0.1458	 flops 779129.875
(0.0010, 0.0080, 0.0070)	Architecture [81-29]	 Time 0.0170	 Loss 0.0445	 flops 762860.375
(0.0010, 0.0070, 0.0060)	Architecture [81-34]	 Time 0.0160	 Loss 0.4634	 flops 658333.5
(0.0000, 0.0080, 0.0060)	Architecture [81-39]	 Time 0.0160	 Loss 2.4810	 flops 769955.0
(0.0010, 0.0070, 0.0060)	Architecture [81-44]	 Time 0.0140	 Loss 1.3303	 flops 745741.4375
(0.0010, 0.0070, 0.0060)	Architecture [82-4]	 Time 0.0150	 Loss 0.4983	 flops 799330.0625
(0.0010, 0.0070, 0.0090)	Architecture [82-9]	 Time 0.0180	 Loss 4.2016	 flops 1923132.875
(0.0010, 0.0070, 0.0060)	Architecture [82-14]	 Time 0.0150	 Loss 0.9399	 flops 739913.25
(0.0010, 0.0090, 0.0090)	Architecture [82-19]	 Time 0.0200	 Loss 3.3758	 flops 1146908.375
(0.0010, 0.0080, 0.0060)	Architecture [82-24]	 Time 0.0150	 Loss 1.6320	 flops 753577.1875
(0.0010, 0.0090, 0.0070)	Architecture [82-29]	 Time 0.0180	 Loss 0.6131	 flops 709159.9375
(0.0010, 0.0070, 0.0060)	Architecture [82-34]	 Time 0.0150	 Loss 1.7466	 flops 741759.0
(0.0010, 0.0070, 0.0060)	Architecture [82-39]	 Time 0.0140	 Loss 0.5186	 flops 785030.0625
(0.0010, 0.0070, 0.0090)	Architecture [82-44]	 Time 0.0190	 Loss 3.0298	 flops 1227284.125
(0.0010, 0.0070, 0.0060)	Architecture [83-4]	 Time 0.0150	 Loss 0.2811	 flops 789594.3125
(0.0010, 0.0090, 0.0080)	Architecture [83-9]	 Time 0.0190	 Loss 0.3713	 flops 2109732.25
(0.0010, 0.0070, 0.0070)	Architecture [83-14]	 Time 0.0160	 Loss 0.2792	 flops 791356.375
(0.0010, 0.0070, 0.0070)	Architecture [83-19]	 Time 0.0170	 Loss 2.4607	 flops 787571.0625
(0.0010, 0.0080, 0.0100)	Architecture [83-24]	 Time 0.0200	 Loss 1.6081	 flops 1504547.5
(0.0010, 0.0070, 0.0060)	Architecture [83-29]	 Time 0.0150	 Loss 1.1999	 flops 787818.1875
(0.0010, 0.0080, 0.0090)	Architecture [83-34]	 Time 0.0200	 Loss 3.8309	 flops 1158126.375
(0.0010, 0.0080, 0.0060)	Architecture [83-39]	 Time 0.0160	 Loss 1.3550	 flops 759804.3125
(0.0010, 0.0090, 0.0060)	Architecture [83-44]	 Time 0.0170	 Loss 1.5886	 flops 741511.375
(0.0010, 0.0070, 0.0060)	Architecture [84-4]	 Time 0.0150	 Loss 1.4275	 flops 788585.0
(0.0010, 0.0080, 0.0070)	Architecture [84-9]	 Time 0.0180	 Loss 0.2057	 flops 798378.8125
(0.0010, 0.0070, 0.0060)	Architecture [84-14]	 Time 0.0150	 Loss 1.5912	 flops 785017.0625
(0.0010, 0.0090, 0.0060)	Architecture [84-19]	 Time 0.0170	 Loss 0.7189	 flops 793841.0625
(0.0010, 0.0080, 0.0080)	Architecture [84-24]	 Time 0.0180	 Loss 3.7507	 flops 1073458.875
(0.0010, 0.0070, 0.0080)	Architecture [84-29]	 Time 0.0180	 Loss 1.1225	 flops 1200952.0
(0.0010, 0.0080, 0.0090)	Architecture [84-34]	 Time 0.0200	 Loss 0.3929	 flops 750498.5
(0.0010, 0.0070, 0.0060)	Architecture [84-39]	 Time 0.0150	 Loss 0.2768	 flops 810965.8125
(0.0010, 0.0080, 0.0090)	Architecture [84-44]	 Time 0.0190	 Loss 2.2335	 flops 1245285.5
(0.0010, 0.0080, 0.0070)	Architecture [85-4]	 Time 0.0170	 Loss 1.0353	 flops 737808.3125
(0.0010, 0.0080, 0.0060)	Architecture [85-9]	 Time 0.0160	 Loss 0.6446	 flops 687898.4375
(0.0000, 0.0070, 0.0060)	Architecture [85-14]	 Time 0.0150	 Loss 1.9242	 flops 517643.03125
(0.0010, 0.0070, 0.0080)	Architecture [85-19]	 Time 0.0170	 Loss 2.6752	 flops 768145.625
(0.0000, 0.0070, 0.0060)	Architecture [85-24]	 Time 0.0150	 Loss 1.7250	 flops 797998.875
(0.0010, 0.0070, 0.0050)	Architecture [85-29]	 Time 0.0150	 Loss 1.5396	 flops 798017.4375
(0.0010, 0.0100, 0.0060)	Architecture [85-34]	 Time 0.0190	 Loss 0.4622	 flops 806005.3125
(0.0010, 0.0070, 0.0090)	Architecture [85-39]	 Time 0.0180	 Loss 2.0448	 flops 738254.8125
(0.0010, 0.0080, 0.0070)	Architecture [85-44]	 Time 0.0180	 Loss 0.4115	 flops 799760.0625
(0.0010, 0.0080, 0.0070)	Architecture [86-4]	 Time 0.0160	 Loss 0.7041	 flops 799435.875
(0.0010, 0.0070, 0.0080)	Architecture [86-9]	 Time 0.0170	 Loss 0.8361	 flops 1108469.0
(0.0010, 0.0080, 0.0090)	Architecture [86-14]	 Time 0.0190	 Loss 0.4010	 flops 1036699.75
(0.0010, 0.0060, 0.0070)	Architecture [86-19]	 Time 0.0150	 Loss 0.2151	 flops 758667.3125
(0.0010, 0.0070, 0.0070)	Architecture [86-24]	 Time 0.0160	 Loss 3.3131	 flops 803187.0
(0.0010, 0.0070, 0.0060)	Architecture [86-29]	 Time 0.0150	 Loss 1.0617	 flops 803278.125
(0.0010, 0.0080, 0.0090)	Architecture [86-34]	 Time 0.0190	 Loss 1.8037	 flops 1239242.25
(0.0010, 0.0070, 0.0060)	Architecture [86-39]	 Time 0.0160	 Loss 3.1167	 flops 817658.75
(0.0010, 0.0080, 0.0070)	Architecture [86-44]	 Time 0.0170	 Loss 0.9791	 flops 773616.1875
(0.0010, 0.0100, 0.0060)	Architecture [87-4]	 Time 0.0180	 Loss 1.6294	 flops 817658.8125
(0.0010, 0.0070, 0.0050)	Architecture [87-9]	 Time 0.0150	 Loss 1.3305	 flops 790311.5625
(0.0010, 0.0090, 0.0090)	Architecture [87-14]	 Time 0.0200	 Loss 0.6548	 flops 1521347.375
(0.0010, 0.0070, 0.0060)	Architecture [87-19]	 Time 0.0150	 Loss 1.3132	 flops 799966.6875
(0.0010, 0.0070, 0.0060)	Architecture [87-24]	 Time 0.0160	 Loss 0.3890	 flops 773471.5
(0.0010, 0.0070, 0.0090)	Architecture [87-29]	 Time 0.0170	 Loss 2.6489	 flops 1834959.0
(0.0010, 0.0090, 0.0070)	Architecture [87-34]	 Time 0.0170	 Loss 0.1924	 flops 788783.0625
(0.0010, 0.0070, 0.0060)	Architecture [87-39]	 Time 0.0150	 Loss 0.0319	 flops 804612.6875
(0.0000, 0.0080, 0.0050)	Architecture [87-44]	 Time 0.0150	 Loss 0.2051	 flops 794628.5625
(0.0010, 0.0080, 0.0090)	Architecture [88-4]	 Time 0.0200	 Loss 2.0110	 flops 1826726.75
(0.0010, 0.0070, 0.0060)	Architecture [88-9]	 Time 0.0160	 Loss 1.0959	 flops 750924.4375
(0.0010, 0.0060, 0.0070)	Architecture [88-14]	 Time 0.0150	 Loss 0.9997	 flops 786670.0
(0.0010, 0.0080, 0.0060)	Architecture [88-19]	 Time 0.0170	 Loss 1.8414	 flops 731752.75
(0.0000, 0.0070, 0.0060)	Architecture [88-24]	 Time 0.0150	 Loss 0.9172	 flops 819672.6875
(0.0010, 0.0060, 0.0060)	Architecture [88-29]	 Time 0.0150	 Loss 1.5858	 flops 808808.0625
(0.0010, 0.0080, 0.0060)	Architecture [88-34]	 Time 0.0160	 Loss 1.5815	 flops 736807.875
(0.0010, 0.0070, 0.0060)	Architecture [88-39]	 Time 0.0150	 Loss 0.1800	 flops 805094.4375
(0.0010, 0.0090, 0.0090)	Architecture [88-44]	 Time 0.0200	 Loss 2.1012	 flops 1529295.875
(0.0020, 0.0070, 0.0070)	Architecture [89-4]	 Time 0.0170	 Loss 0.5199	 flops 743645.125
(0.0010, 0.0070, 0.0060)	Architecture [89-9]	 Time 0.0160	 Loss 0.7759	 flops 747555.5625
(0.0010, 0.0070, 0.0070)	Architecture [89-14]	 Time 0.0170	 Loss 0.7268	 flops 789483.625
(0.0010, 0.0070, 0.0080)	Architecture [89-19]	 Time 0.0170	 Loss 0.4797	 flops 739601.1875
(0.0010, 0.0070, 0.0090)	Architecture [89-24]	 Time 0.0170	 Loss 0.5381	 flops 815943.9375
(0.0010, 0.0060, 0.0070)	Architecture [89-29]	 Time 0.0150	 Loss 2.2728	 flops 804391.875
(0.0010, 0.0080, 0.0060)	Architecture [89-34]	 Time 0.0160	 Loss 1.0481	 flops 732553.5
(0.0010, 0.0070, 0.0060)	Architecture [89-39]	 Time 0.0160	 Loss 0.9553	 flops 726228.1875
(0.0010, 0.0090, 0.0060)	Architecture [89-44]	 Time 0.0180	 Loss 1.8683	 flops 462223.5
(0.0020, 0.0080, 0.0060)	Architecture [90-4]	 Time 0.0170	 Loss 0.8730	 flops 802918.5625
(0.0010, 0.0090, 0.0070)	Architecture [90-9]	 Time 0.0170	 Loss 1.4907	 flops 722938.3125
(0.0010, 0.0060, 0.0060)	Architecture [90-14]	 Time 0.0150	 Loss 1.3084	 flops 742403.9375
(0.0010, 0.0070, 0.0060)	Architecture [90-19]	 Time 0.0160	 Loss 0.3915	 flops 349797.625
(0.0010, 0.0100, 0.0100)	Architecture [90-24]	 Time 0.0220	 Loss 2.1937	 flops 806187.25
(0.0000, 0.0080, 0.0080)	Architecture [90-29]	 Time 0.0170	 Loss 1.2261	 flops 820035.625
(0.0010, 0.0080, 0.0060)	Architecture [90-34]	 Time 0.0170	 Loss 0.6771	 flops 807519.8125
(0.0010, 0.0060, 0.0070)	Architecture [90-39]	 Time 0.0160	 Loss 0.2287	 flops 709230.875
(0.0010, 0.0090, 0.0070)	Architecture [90-44]	 Time 0.0190	 Loss 0.0587	 flops 759047.3125
(0.0020, 0.0070, 0.0060)	Architecture [91-4]	 Time 0.0160	 Loss 0.1954	 flops 730681.5
(0.0010, 0.0070, 0.0060)	Architecture [91-9]	 Time 0.0150	 Loss 2.1085	 flops 753834.625
(0.0010, 0.0070, 0.0060)	Architecture [91-14]	 Time 0.0160	 Loss 1.0326	 flops 718195.3125
(0.0010, 0.0070, 0.0090)	Architecture [91-19]	 Time 0.0170	 Loss 2.0798	 flops 1079711.75
(0.0010, 0.0070, 0.0090)	Architecture [91-24]	 Time 0.0190	 Loss 4.1358	 flops 1233281.625
(0.0010, 0.0070, 0.0060)	Architecture [91-29]	 Time 0.0150	 Loss 1.1473	 flops 509980.90625
(0.0010, 0.0070, 0.0070)	Architecture [91-34]	 Time 0.0160	 Loss 1.5383	 flops 724287.5
(0.0000, 0.0080, 0.0090)	Architecture [91-39]	 Time 0.0180	 Loss 1.2541	 flops 1388446.625
(0.0010, 0.0080, 0.0090)	Architecture [91-44]	 Time 0.0200	 Loss 1.7501	 flops 1237845.25
(0.0010, 0.0070, 0.0060)	Architecture [92-4]	 Time 0.0150	 Loss 1.6580	 flops 798426.4375
(0.0010, 0.0070, 0.0060)	Architecture [92-9]	 Time 0.0160	 Loss 0.4898	 flops 769010.0
(0.0010, 0.0080, 0.0080)	Architecture [92-14]	 Time 0.0170	 Loss 2.3880	 flops 1238108.625
(0.0010, 0.0070, 0.0060)	Architecture [92-19]	 Time 0.0150	 Loss 0.1780	 flops 699527.875
(0.0010, 0.0070, 0.0060)	Architecture [92-24]	 Time 0.0150	 Loss 0.0948	 flops 777290.4375
(0.0000, 0.0070, 0.0060)	Architecture [92-29]	 Time 0.0150	 Loss 0.2136	 flops 747175.375
(0.0010, 0.0070, 0.0070)	Architecture [92-34]	 Time 0.0160	 Loss 2.1067	 flops 817252.1875
(0.0010, 0.0090, 0.0070)	Architecture [92-39]	 Time 0.0180	 Loss 1.0343	 flops 739426.5
(0.0010, 0.0060, 0.0060)	Architecture [92-44]	 Time 0.0150	 Loss 1.0961	 flops 811969.25
(0.0020, 0.0090, 0.0080)	Architecture [93-4]	 Time 0.0200	 Loss 2.0353	 flops 739163.875
(0.0020, 0.0080, 0.0070)	Architecture [93-9]	 Time 0.0170	 Loss 1.3682	 flops 762456.9375
(0.0010, 0.0080, 0.0070)	Architecture [93-14]	 Time 0.0170	 Loss 1.4550	 flops 743181.125
(0.0010, 0.0080, 0.0060)	Architecture [93-19]	 Time 0.0170	 Loss 1.9707	 flops 758322.9375
(0.0020, 0.0090, 0.0080)	Architecture [93-24]	 Time 0.0210	 Loss 0.1876	 flops 741346.0625
(0.0010, 0.0080, 0.0060)	Architecture [93-29]	 Time 0.0170	 Loss 1.5227	 flops 759192.1875
(0.0010, 0.0080, 0.0060)	Architecture [93-34]	 Time 0.0160	 Loss 0.5189	 flops 742630.6875
(0.0010, 0.0060, 0.0070)	Architecture [93-39]	 Time 0.0150	 Loss 0.5844	 flops 787241.5
(0.0010, 0.0070, 0.0100)	Architecture [93-44]	 Time 0.0180	 Loss 0.9883	 flops 761866.6875
(0.0010, 0.0090, 0.0090)	Architecture [94-4]	 Time 0.0200	 Loss 0.3899	 flops 809147.625
(0.0000, 0.0070, 0.0060)	Architecture [94-9]	 Time 0.0140	 Loss 0.2203	 flops 745355.1875
(0.0010, 0.0080, 0.0060)	Architecture [94-14]	 Time 0.0160	 Loss 2.2642	 flops 712744.5
(0.0010, 0.0070, 0.0060)	Architecture [94-19]	 Time 0.0140	 Loss 1.0586	 flops 808632.25
(0.0010, 0.0070, 0.0070)	Architecture [94-24]	 Time 0.0170	 Loss 1.1942	 flops 806509.5625
(0.0010, 0.0070, 0.0060)	Architecture [94-29]	 Time 0.0140	 Loss 2.1300	 flops 795140.9375
(0.0010, 0.0070, 0.0060)	Architecture [94-34]	 Time 0.0150	 Loss 0.9199	 flops 741861.4375
(0.0010, 0.0080, 0.0070)	Architecture [94-39]	 Time 0.0170	 Loss 1.5116	 flops 786516.125
(0.0010, 0.0080, 0.0070)	Architecture [94-44]	 Time 0.0170	 Loss 1.5487	 flops 702101.9375
(0.0010, 0.0060, 0.0070)	Architecture [95-4]	 Time 0.0150	 Loss 0.4071	 flops 737781.125
(0.0010, 0.0070, 0.0060)	Architecture [95-9]	 Time 0.0150	 Loss 1.5459	 flops 735610.3125
(0.0010, 0.0070, 0.0060)	Architecture [95-14]	 Time 0.0150	 Loss 0.5375	 flops 768199.3125
(0.0010, 0.0080, 0.0080)	Architecture [95-19]	 Time 0.0170	 Loss 3.0021	 flops 1518727.75
(0.0010, 0.0060, 0.0060)	Architecture [95-24]	 Time 0.0150	 Loss 0.2314	 flops 794008.5
(0.0010, 0.0070, 0.0070)	Architecture [95-29]	 Time 0.0160	 Loss 0.0453	 flops 794580.6875
(0.0010, 0.0070, 0.0060)	Architecture [95-34]	 Time 0.0160	 Loss 0.2140	 flops 651318.3125
(0.0000, 0.0070, 0.0060)	Architecture [95-39]	 Time 0.0150	 Loss 2.1881	 flops 634163.5
(0.0010, 0.0100, 0.0090)	Architecture [95-44]	 Time 0.0210	 Loss 1.3442	 flops 1096519.0
(0.0010, 0.0070, 0.0060)	Architecture [96-4]	 Time 0.0160	 Loss 0.9462	 flops 800082.0
(0.0010, 0.0070, 0.0060)	Architecture [96-9]	 Time 0.0160	 Loss 2.0074	 flops 784334.0
(0.0010, 0.0070, 0.0060)	Architecture [96-14]	 Time 0.0160	 Loss 0.8672	 flops 647612.625
(0.0010, 0.0060, 0.0060)	Architecture [96-19]	 Time 0.0150	 Loss 1.4567	 flops 724631.3125
(0.0010, 0.0070, 0.0060)	Architecture [96-24]	 Time 0.0150	 Loss 1.4369	 flops 698530.1875
(0.0010, 0.0070, 0.0060)	Architecture [96-29]	 Time 0.0150	 Loss 0.2213	 flops 789445.625
(0.0010, 0.0070, 0.0060)	Architecture [96-34]	 Time 0.0150	 Loss 1.5271	 flops 737595.125
(0.0010, 0.0080, 0.0080)	Architecture [96-39]	 Time 0.0180	 Loss 2.2647	 flops 1329841.0
(0.0010, 0.0080, 0.0070)	Architecture [96-44]	 Time 0.0160	 Loss 0.6947	 flops 739318.875
(0.0010, 0.0090, 0.0080)	Architecture [97-4]	 Time 0.0190	 Loss 0.8196	 flops 671007.8125
(0.0010, 0.0080, 0.0080)	Architecture [97-9]	 Time 0.0190	 Loss 0.5118	 flops 1956940.875
(0.0010, 0.0080, 0.0060)	Architecture [97-14]	 Time 0.0170	 Loss 0.2267	 flops 650028.0
(0.0010, 0.0070, 0.0060)	Architecture [97-19]	 Time 0.0150	 Loss 2.2279	 flops 456141.75
(0.0000, 0.0070, 0.0060)	Architecture [97-24]	 Time 0.0150	 Loss 1.0146	 flops 779895.4375
(0.0010, 0.0080, 0.0060)	Architecture [97-29]	 Time 0.0160	 Loss 1.0382	 flops 807149.9375
(0.0010, 0.0080, 0.0060)	Architecture [97-34]	 Time 0.0170	 Loss 1.9831	 flops 719227.3125
(0.0010, 0.0070, 0.0090)	Architecture [97-39]	 Time 0.0190	 Loss 5.2084	 flops 1300165.75
(0.0000, 0.0070, 0.0060)	Architecture [97-44]	 Time 0.0150	 Loss 1.5407	 flops 764716.5625
(0.0010, 0.0090, 0.0090)	Architecture [98-4]	 Time 0.0210	 Loss 2.5551	 flops 1692682.875
(0.0010, 0.0080, 0.0070)	Architecture [98-9]	 Time 0.0160	 Loss 0.5700	 flops 654365.1875
(0.0020, 0.0080, 0.0070)	Architecture [98-14]	 Time 0.0170	 Loss 0.4620	 flops 563777.0
(0.0010, 0.0060, 0.0060)	Architecture [98-19]	 Time 0.0150	 Loss 0.4353	 flops 756182.8125
(0.0010, 0.0060, 0.0070)	Architecture [98-24]	 Time 0.0150	 Loss 0.6498	 flops 751228.8125
(0.0010, 0.0060, 0.0060)	Architecture [98-29]	 Time 0.0150	 Loss 0.1835	 flops 726329.0625
(0.0010, 0.0080, 0.0060)	Architecture [98-34]	 Time 0.0150	 Loss 0.0563	 flops 808036.8125
(0.0000, 0.0070, 0.0060)	Architecture [98-39]	 Time 0.0150	 Loss 0.4109	 flops 602503.375
(0.0010, 0.0070, 0.0060)	Architecture [98-44]	 Time 0.0150	 Loss 2.1326	 flops 807531.4375
(0.0010, 0.0080, 0.0060)	Architecture [99-4]	 Time 0.0160	 Loss 1.0283	 flops 781280.8125
(0.0010, 0.0080, 0.0060)	Architecture [99-9]	 Time 0.0160	 Loss 0.9895	 flops 799387.375
(0.0010, 0.0070, 0.0050)	Architecture [99-14]	 Time 0.0150	 Loss 2.0419	 flops 806775.8125
(0.0010, 0.0060, 0.0070)	Architecture [99-19]	 Time 0.0160	 Loss 0.8960	 flops 775254.875
(0.0010, 0.0070, 0.0070)	Architecture [99-24]	 Time 0.0150	 Loss 1.5188	 flops 791998.0
(0.0010, 0.0070, 0.0050)	Architecture [99-29]	 Time 0.0140	 Loss 1.3470	 flops 725566.0625
(0.0010, 0.0080, 0.0060)	Architecture [99-34]	 Time 0.0160	 Loss 0.7443	 flops 615039.5625
(0.0010, 0.0070, 0.0060)	Architecture [99-39]	 Time 0.0150	 Loss 0.6912	 flops 283299.5
(0.0010, 0.0070, 0.0060)	Architecture [99-44]	 Time 0.0160	 Loss 0.5100	 flops 690104.25
(0.0010, 0.0100, 0.0080)	Architecture [100-4]	 Time 0.0200	 Loss 1.9700	 flops 1271013.125
(0.0010, 0.0090, 0.0060)	Architecture [100-9]	 Time 0.0170	 Loss 0.1873	 flops 668474.8125
(0.0010, 0.0070, 0.0060)	Architecture [100-14]	 Time 0.0150	 Loss 0.0625	 flops 652344.75
(0.0010, 0.0090, 0.0070)	Architecture [100-19]	 Time 0.0170	 Loss 0.2226	 flops 791325.5
(0.0010, 0.0080, 0.0050)	Architecture [100-24]	 Time 0.0150	 Loss 2.2254	 flops 731326.6875
(0.0010, 0.0060, 0.0070)	Architecture [100-29]	 Time 0.0150	 Loss 0.9759	 flops 640801.0625
(0.0010, 0.0090, 0.0090)	Architecture [100-34]	 Time 0.0210	 Loss 2.0268	 flops 1192028.5
(0.0010, 0.0060, 0.0060)	Architecture [100-39]	 Time 0.0150	 Loss 1.9103	 flops 767431.0
(0.0010, 0.0070, 0.0070)	Architecture [100-44]	 Time 0.0170	 Loss 1.1030	 flops 808283.125
