------------------------------Current Architecture [1]------------------------------
0. (Mix(7x1_Conv, 0.125), None)
1. (Mix(3x1_Conv, 0.111), None)
2. (Mix(7x1_DilatedConv, 0.111), None)
------------------------------------------------------------
------------------------------Current Architecture [2]------------------------------
0. (Mix(5x1_Conv, 0.147), None)
1. (Mix(3x1_DilatedConv, 0.134), None)
2. (Mix(Zero, 0.126), None)
------------------------------------------------------------
------------------------------Current Architecture [3]------------------------------
0. (Mix(5x1_Conv, 0.173), None)
1. (Mix(5x1_Conv, 0.133), None)
2. (Mix(7x1_Conv, 0.132), None)
------------------------------------------------------------
------------------------------Current Architecture [4]------------------------------
0. (Mix(5x1_Conv, 0.138), None)
1. (Mix(5x1_Conv, 0.135), None)
2. (Mix(7x1_Conv, 0.162), None)
------------------------------------------------------------
------------------------------Current Architecture [5]------------------------------
0. (Mix(5x1_DilatedConv, 0.155), None)
1. (Mix(5x1_Conv, 0.140), None)
2. (Mix(7x1_Conv, 0.227), None)
------------------------------------------------------------
------------------------------Current Architecture [6]------------------------------
0. (Mix(5x1_DilatedConv, 0.150), None)
1. (Mix(5x1_Conv, 0.148), None)
2. (Mix(7x1_Conv, 0.230), None)
------------------------------------------------------------
------------------------------Current Architecture [7]------------------------------
0. (Mix(7x1_Conv, 0.167), None)
1. (Mix(5x1_Conv, 0.169), None)
2. (Mix(7x1_Conv, 0.232), None)
------------------------------------------------------------
------------------------------Current Architecture [8]------------------------------
0. (Mix(7x1_Conv, 0.161), None)
1. (Mix(5x1_Conv, 0.178), None)
2. (Mix(9x1_Conv, 0.178), None)
------------------------------------------------------------
------------------------------Current Architecture [9]------------------------------
0. (Mix(7x1_Conv, 0.196), None)
1. (Mix(5x1_Conv, 0.183), None)
2. (Mix(7x1_Conv, 0.170), None)
------------------------------------------------------------
------------------------------Current Architecture [10]------------------------------
0. (Mix(7x1_Conv, 0.214), None)
1. (Mix(5x1_Conv, 0.209), None)
2. (Mix(7x1_Conv, 0.169), None)
------------------------------------------------------------
------------------------------Current Architecture [11]------------------------------
0. (Mix(5x1_DilatedConv, 0.181), None)
1. (Mix(5x1_Conv, 0.218), None)
2. (Mix(5x1_Conv, 0.143), None)
------------------------------------------------------------
------------------------------Current Architecture [12]------------------------------
0. (Mix(5x1_DilatedConv, 0.188), None)
1. (Mix(5x1_Conv, 0.210), None)
2. (Mix(5x1_Conv, 0.142), None)
------------------------------------------------------------
------------------------------Current Architecture [13]------------------------------
0. (Mix(5x1_DilatedConv, 0.189), None)
1. (Mix(7x1_DilatedConv, 0.174), None)
2. (Mix(9x1_Conv, 0.185), None)
------------------------------------------------------------
------------------------------Current Architecture [14]------------------------------
0. (Mix(5x1_DilatedConv, 0.243), None)
1. (Mix(7x1_DilatedConv, 0.181), None)
2. (Mix(5x1_Conv, 0.177), None)
------------------------------------------------------------
------------------------------Current Architecture [15]------------------------------
0. (Mix(5x1_DilatedConv, 0.220), None)
1. (Mix(7x1_DilatedConv, 0.143), None)
2. (Mix(5x1_Conv, 0.177), None)
------------------------------------------------------------
------------------------------Current Architecture [16]------------------------------
0. (Mix(5x1_DilatedConv, 0.230), None)
1. (Mix(7x1_DilatedConv, 0.155), None)
2. (Mix(5x1_Conv, 0.188), None)
------------------------------------------------------------
------------------------------Current Architecture [17]------------------------------
0. (Mix(7x1_DilatedConv, 0.248), None)
1. (Mix(7x1_DilatedConv, 0.169), None)
2. (Mix(5x1_Conv, 0.181), None)
------------------------------------------------------------
------------------------------Current Architecture [18]------------------------------
0. (Mix(7x1_DilatedConv, 0.315), None)
1. (Mix(5x1_DilatedConv, 0.167), None)
2. (Mix(5x1_Conv, 0.189), None)
------------------------------------------------------------
------------------------------Current Architecture [19]------------------------------
0. (Mix(7x1_DilatedConv, 0.297), None)
1. (Mix(Zero, 0.173), None)
2. (Mix(5x1_Conv, 0.182), None)
------------------------------------------------------------
------------------------------Current Architecture [20]------------------------------
0. (Mix(7x1_DilatedConv, 0.349), None)
1. (Mix(5x1_DilatedConv, 0.191), None)
2. (Mix(9x1_Conv, 0.217), None)
------------------------------------------------------------
------------------------------Current Architecture [21]------------------------------
0. (Mix(7x1_DilatedConv, 0.379), None)
1. (Mix(5x1_DilatedConv, 0.183), None)
2. (Mix(9x1_Conv, 0.222), None)
------------------------------------------------------------
------------------------------Current Architecture [22]------------------------------
0. (Mix(7x1_DilatedConv, 0.355), None)
1. (Mix(5x1_DilatedConv, 0.206), None)
2. (Mix(5x1_Conv, 0.186), None)
------------------------------------------------------------
------------------------------Current Architecture [23]------------------------------
0. (Mix(7x1_DilatedConv, 0.358), None)
1. (Mix(5x1_DilatedConv, 0.234), None)
2. (Mix(9x1_Conv, 0.203), None)
------------------------------------------------------------
------------------------------Current Architecture [24]------------------------------
0. (Mix(7x1_DilatedConv, 0.322), None)
1. (Mix(Zero, 0.214), None)
2. (Mix(Zero, 0.208), None)
------------------------------------------------------------
------------------------------Current Architecture [25]------------------------------
0. (Mix(7x1_DilatedConv, 0.370), None)
1. (Mix(Zero, 0.211), None)
2. (Mix(9x1_Conv, 0.234), None)
------------------------------------------------------------
------------------------------Current Architecture [26]------------------------------
0. (Mix(7x1_DilatedConv, 0.347), None)
1. (Mix(Zero, 0.207), None)
2. (Mix(9x1_Conv, 0.260), None)
------------------------------------------------------------
------------------------------Current Architecture [27]------------------------------
0. (Mix(7x1_DilatedConv, 0.328), None)
1. (Mix(Zero, 0.206), None)
2. (Mix(9x1_Conv, 0.258), None)
------------------------------------------------------------
------------------------------Current Architecture [28]------------------------------
0. (Mix(7x1_DilatedConv, 0.307), None)
1. (Mix(Zero, 0.203), None)
2. (Mix(9x1_Conv, 0.250), None)
------------------------------------------------------------
------------------------------Current Architecture [29]------------------------------
0. (Mix(7x1_DilatedConv, 0.351), None)
1. (Mix(5x1_Conv, 0.205), None)
2. (Mix(Zero, 0.248), None)
------------------------------------------------------------
------------------------------Current Architecture [30]------------------------------
0. (Mix(7x1_DilatedConv, 0.457), None)
1. (Mix(5x1_Conv, 0.237), None)
2. (Mix(Zero, 0.246), None)
------------------------------------------------------------
------------------------------Current Architecture [31]------------------------------
0. (Mix(7x1_DilatedConv, 0.450), None)
1. (Mix(5x1_Conv, 0.244), None)
2. (Mix(Zero, 0.244), None)
------------------------------------------------------------
------------------------------Current Architecture [32]------------------------------
0. (Mix(7x1_DilatedConv, 0.549), None)
1. (Mix(5x1_Conv, 0.228), None)
2. (Mix(Zero, 0.232), None)
------------------------------------------------------------
------------------------------Current Architecture [33]------------------------------
0. (Mix(7x1_DilatedConv, 0.504), None)
1. (Mix(Zero, 0.241), None)
2. (Mix(Zero, 0.233), None)
------------------------------------------------------------
------------------------------Current Architecture [34]------------------------------
0. (Mix(7x1_DilatedConv, 0.454), None)
1. (Mix(Zero, 0.365), None)
2. (Mix(Zero, 0.238), None)
------------------------------------------------------------
------------------------------Current Architecture [35]------------------------------
0. (Mix(7x1_DilatedConv, 0.384), None)
1. (Mix(Zero, 0.382), None)
2. (Mix(Zero, 0.238), None)
------------------------------------------------------------
------------------------------Current Architecture [36]------------------------------
0. (Mix(7x1_DilatedConv, 0.369), None)
1. (Mix(Zero, 0.378), None)
2. (Mix(Zero, 0.270), None)
------------------------------------------------------------
------------------------------Current Architecture [37]------------------------------
0. (Mix(7x1_DilatedConv, 0.386), None)
1. (Mix(Zero, 0.474), None)
2. (Mix(Zero, 0.273), None)
------------------------------------------------------------
------------------------------Current Architecture [38]------------------------------
0. (Mix(7x1_DilatedConv, 0.231), None)
1. (Mix(Zero, 0.479), None)
2. (Mix(Zero, 0.290), None)
------------------------------------------------------------
------------------------------Current Architecture [39]------------------------------
0. (Mix(7x1_DilatedConv, 0.240), None)
1. (Mix(Zero, 0.479), None)
2. (Mix(Zero, 0.291), None)
------------------------------------------------------------
------------------------------Current Architecture [40]------------------------------
0. (Mix(9x1_Conv, 0.282), None)
1. (Mix(Zero, 0.478), None)
2. (Mix(Zero, 0.290), None)
------------------------------------------------------------
------------------------------Current Architecture [41]------------------------------
0. (Mix(9x1_Conv, 0.268), None)
1. (Mix(Zero, 0.467), None)
2. (Mix(Zero, 0.289), None)
------------------------------------------------------------
------------------------------Current Architecture [42]------------------------------
0. (Mix(9x1_Conv, 0.281), None)
1. (Mix(Zero, 0.475), None)
2. (Mix(Zero, 0.288), None)
------------------------------------------------------------
------------------------------Current Architecture [43]------------------------------
0. (Mix(5x1_Conv, 0.279), None)
1. (Mix(Zero, 0.480), None)
2. (Mix(Zero, 0.288), None)
------------------------------------------------------------
------------------------------Current Architecture [44]------------------------------
0. (Mix(5x1_Conv, 0.306), None)
1. (Mix(Zero, 0.481), None)
2. (Mix(Zero, 0.331), None)
------------------------------------------------------------
------------------------------Current Architecture [45]------------------------------
0. (Mix(9x1_Conv, 0.236), None)
1. (Mix(Zero, 0.474), None)
2. (Mix(Zero, 0.338), None)
------------------------------------------------------------
------------------------------Current Architecture [46]------------------------------
0. (Mix(5x1_Conv, 0.228), None)
1. (Mix(Zero, 0.472), None)
2. (Mix(Zero, 0.348), None)
------------------------------------------------------------
------------------------------Current Architecture [47]------------------------------
0. (Mix(7x1_DilatedConv, 0.322), None)
1. (Mix(Zero, 0.471), None)
2. (Mix(Zero, 0.350), None)
------------------------------------------------------------
------------------------------Current Architecture [48]------------------------------
0. (Mix(7x1_DilatedConv, 0.328), None)
1. (Mix(Zero, 0.482), None)
2. (Mix(Zero, 0.350), None)
------------------------------------------------------------
------------------------------Current Architecture [49]------------------------------
0. (Mix(7x1_DilatedConv, 0.291), None)
1. (Mix(Zero, 0.492), None)
2. (Mix(Zero, 0.347), None)
------------------------------------------------------------
------------------------------Current Architecture [50]------------------------------
0. (Mix(7x1_DilatedConv, 0.254), None)
1. (Mix(Zero, 0.491), None)
2. (Mix(Zero, 0.352), None)
------------------------------------------------------------
------------------------------Current Architecture [51]------------------------------
0. (Mix(9x1_Conv, 0.240), None)
1. (Mix(Zero, 0.490), None)
2. (Mix(Zero, 0.352), None)
------------------------------------------------------------
------------------------------Current Architecture [52]------------------------------
0. (Mix(9x1_Conv, 0.248), None)
1. (Mix(Zero, 0.489), None)
2. (Mix(Zero, 0.354), None)
------------------------------------------------------------
------------------------------Current Architecture [53]------------------------------
0. (Mix(9x1_Conv, 0.250), None)
1. (Mix(Zero, 0.488), None)
2. (Mix(Zero, 0.350), None)
------------------------------------------------------------
------------------------------Current Architecture [54]------------------------------
0. (Mix(9x1_Conv, 0.247), None)
1. (Mix(Zero, 0.484), None)
2. (Mix(Zero, 0.359), None)
------------------------------------------------------------
------------------------------Current Architecture [55]------------------------------
0. (Mix(9x1_Conv, 0.228), None)
1. (Mix(Zero, 0.483), None)
2. (Mix(Zero, 0.360), None)
------------------------------------------------------------
------------------------------Current Architecture [56]------------------------------
0. (Mix(9x1_Conv, 0.230), None)
1. (Mix(Zero, 0.483), None)
2. (Mix(Zero, 0.359), None)
------------------------------------------------------------
------------------------------Current Architecture [57]------------------------------
0. (Mix(9x1_Conv, 0.217), None)
1. (Mix(Zero, 0.482), None)
2. (Mix(Zero, 0.361), None)
------------------------------------------------------------
------------------------------Current Architecture [58]------------------------------
0. (Mix(9x1_Conv, 0.224), None)
1. (Mix(Zero, 0.481), None)
2. (Mix(Zero, 0.361), None)
------------------------------------------------------------
------------------------------Current Architecture [59]------------------------------
0. (Mix(7x1_DilatedConv, 0.231), None)
1. (Mix(Zero, 0.477), None)
2. (Mix(Zero, 0.362), None)
------------------------------------------------------------
------------------------------Current Architecture [60]------------------------------
0. (Mix(7x1_DilatedConv, 0.237), None)
1. (Mix(Zero, 0.476), None)
2. (Mix(Zero, 0.427), None)
------------------------------------------------------------
------------------------------Current Architecture [61]------------------------------
0. (Mix(7x1_DilatedConv, 0.220), None)
1. (Mix(Zero, 0.476), None)
2. (Mix(Zero, 0.437), None)
------------------------------------------------------------
------------------------------Current Architecture [62]------------------------------
0. (Mix(7x1_DilatedConv, 0.212), None)
1. (Mix(Zero, 0.471), None)
2. (Mix(Zero, 0.437), None)
------------------------------------------------------------
------------------------------Current Architecture [63]------------------------------
0. (Mix(7x1_DilatedConv, 0.228), None)
1. (Mix(Zero, 0.476), None)
2. (Mix(Zero, 0.438), None)
------------------------------------------------------------
------------------------------Current Architecture [64]------------------------------
0. (Mix(9x1_DilatedConv, 0.289), None)
1. (Mix(Zero, 0.481), None)
2. (Mix(Zero, 0.437), None)
------------------------------------------------------------
------------------------------Current Architecture [65]------------------------------
0. (Mix(9x1_DilatedConv, 0.235), None)
1. (Mix(Zero, 0.480), None)
2. (Mix(Zero, 0.459), None)
------------------------------------------------------------
------------------------------Current Architecture [66]------------------------------
0. (Mix(7x1_DilatedConv, 0.249), None)
1. (Mix(Zero, 0.479), None)
2. (Mix(Zero, 0.495), None)
------------------------------------------------------------
------------------------------Current Architecture [67]------------------------------
0. (Mix(7x1_DilatedConv, 0.258), None)
1. (Mix(Zero, 0.481), None)
2. (Mix(Zero, 0.502), None)
------------------------------------------------------------
------------------------------Current Architecture [68]------------------------------
0. (Mix(7x1_DilatedConv, 0.279), None)
1. (Mix(Zero, 0.481), None)
2. (Mix(Zero, 0.504), None)
------------------------------------------------------------
------------------------------Current Architecture [69]------------------------------
0. (Mix(7x1_DilatedConv, 0.279), None)
1. (Mix(Zero, 0.481), None)
2. (Mix(Zero, 0.499), None)
------------------------------------------------------------
------------------------------Current Architecture [70]------------------------------
0. (Mix(7x1_DilatedConv, 0.282), None)
1. (Mix(Zero, 0.481), None)
2. (Mix(Zero, 0.535), None)
------------------------------------------------------------
------------------------------Current Architecture [71]------------------------------
0. (Mix(7x1_DilatedConv, 0.281), None)
1. (Mix(Zero, 0.479), None)
2. (Mix(Zero, 0.569), None)
------------------------------------------------------------
------------------------------Current Architecture [72]------------------------------
0. (Mix(7x1_DilatedConv, 0.269), None)
1. (Mix(Zero, 0.477), None)
2. (Mix(Zero, 0.575), None)
------------------------------------------------------------
------------------------------Current Architecture [73]------------------------------
0. (Mix(7x1_DilatedConv, 0.260), None)
1. (Mix(Zero, 0.490), None)
2. (Mix(Zero, 0.576), None)
------------------------------------------------------------
------------------------------Current Architecture [74]------------------------------
0. (Mix(7x1_DilatedConv, 0.269), None)
1. (Mix(Zero, 0.503), None)
2. (Mix(Zero, 0.575), None)
------------------------------------------------------------
------------------------------Current Architecture [75]------------------------------
0. (Mix(7x1_DilatedConv, 0.257), None)
1. (Mix(Zero, 0.504), None)
2. (Mix(Zero, 0.575), None)
------------------------------------------------------------
------------------------------Current Architecture [76]------------------------------
0. (Mix(7x1_DilatedConv, 0.254), None)
1. (Mix(Zero, 0.506), None)
2. (Mix(Zero, 0.567), None)
------------------------------------------------------------
------------------------------Current Architecture [77]------------------------------
0. (Mix(7x1_DilatedConv, 0.270), None)
1. (Mix(Zero, 0.506), None)
2. (Mix(Zero, 0.568), None)
------------------------------------------------------------
------------------------------Current Architecture [78]------------------------------
0. (Mix(7x1_DilatedConv, 0.267), None)
1. (Mix(Zero, 0.500), None)
2. (Mix(Zero, 0.575), None)
------------------------------------------------------------
------------------------------Current Architecture [79]------------------------------
0. (Mix(9x1_DilatedConv, 0.302), None)
1. (Mix(Zero, 0.499), None)
2. (Mix(Zero, 0.579), None)
------------------------------------------------------------
------------------------------Current Architecture [80]------------------------------
0. (Mix(7x1_DilatedConv, 0.304), None)
1. (Mix(Zero, 0.492), None)
2. (Mix(Zero, 0.580), None)
------------------------------------------------------------
------------------------------Current Architecture [81]------------------------------
0. (Mix(7x1_DilatedConv, 0.288), None)
1. (Mix(Zero, 0.491), None)
2. (Mix(Zero, 0.580), None)
------------------------------------------------------------
------------------------------Current Architecture [82]------------------------------
0. (Mix(7x1_DilatedConv, 0.362), None)
1. (Mix(Zero, 0.519), None)
2. (Mix(Zero, 0.588), None)
------------------------------------------------------------
------------------------------Current Architecture [83]------------------------------
0. (Mix(7x1_DilatedConv, 0.354), None)
1. (Mix(Zero, 0.519), None)
2. (Mix(Zero, 0.587), None)
------------------------------------------------------------
------------------------------Current Architecture [84]------------------------------
0. (Mix(7x1_DilatedConv, 0.248), None)
1. (Mix(Zero, 0.518), None)
2. (Mix(Zero, 0.587), None)
------------------------------------------------------------
------------------------------Current Architecture [85]------------------------------
0. (Mix(7x1_DilatedConv, 0.234), None)
1. (Mix(Zero, 0.514), None)
2. (Mix(Zero, 0.589), None)
------------------------------------------------------------
------------------------------Current Architecture [86]------------------------------
0. (Mix(7x1_DilatedConv, 0.248), None)
1. (Mix(Zero, 0.512), None)
2. (Mix(Zero, 0.595), None)
------------------------------------------------------------
------------------------------Current Architecture [87]------------------------------
0. (Mix(7x1_DilatedConv, 0.245), None)
1. (Mix(Zero, 0.509), None)
2. (Mix(Zero, 0.595), None)
------------------------------------------------------------
------------------------------Current Architecture [88]------------------------------
0. (Mix(7x1_DilatedConv, 0.208), None)
1. (Mix(Zero, 0.509), None)
2. (Mix(Zero, 0.595), None)
------------------------------------------------------------
------------------------------Current Architecture [89]------------------------------
0. (Mix(9x1_DilatedConv, 0.220), None)
1. (Mix(Zero, 0.508), None)
2. (Mix(Zero, 0.628), None)
------------------------------------------------------------
------------------------------Current Architecture [90]------------------------------
0. (Mix(9x1_DilatedConv, 0.219), None)
1. (Mix(Zero, 0.508), None)
2. (Mix(Zero, 0.637), None)
------------------------------------------------------------
------------------------------Current Architecture [91]------------------------------
0. (Mix(9x1_DilatedConv, 0.218), None)
1. (Mix(Zero, 0.508), None)
2. (Mix(Zero, 0.637), None)
------------------------------------------------------------
------------------------------Current Architecture [92]------------------------------
0. (Mix(9x1_DilatedConv, 0.195), None)
1. (Mix(Zero, 0.507), None)
2. (Mix(Zero, 0.641), None)
------------------------------------------------------------
------------------------------Current Architecture [93]------------------------------
0. (Mix(9x1_DilatedConv, 0.207), None)
1. (Mix(Zero, 0.507), None)
2. (Mix(Zero, 0.642), None)
------------------------------------------------------------
------------------------------Current Architecture [94]------------------------------
0. (Mix(3x1_DilatedConv, 0.244), None)
1. (Mix(Zero, 0.507), None)
2. (Mix(Zero, 0.642), None)
------------------------------------------------------------
------------------------------Current Architecture [95]------------------------------
0. (Mix(9x1_DilatedConv, 0.230), None)
1. (Mix(Zero, 0.509), None)
2. (Mix(Zero, 0.642), None)
------------------------------------------------------------
------------------------------Current Architecture [96]------------------------------
0. (Mix(5x1_DilatedConv, 0.239), None)
1. (Mix(Zero, 0.510), None)
2. (Mix(Zero, 0.641), None)
------------------------------------------------------------
------------------------------Current Architecture [97]------------------------------
0. (Mix(5x1_DilatedConv, 0.270), None)
1. (Mix(Zero, 0.509), None)
2. (Mix(Zero, 0.641), None)
------------------------------------------------------------
------------------------------Current Architecture [98]------------------------------
0. (Mix(5x1_DilatedConv, 0.264), None)
1. (Mix(Zero, 0.507), None)
2. (Mix(Zero, 0.638), None)
------------------------------------------------------------
------------------------------Current Architecture [99]------------------------------
0. (Mix(5x1_DilatedConv, 0.278), None)
1. (Mix(Zero, 0.505), None)
2. (Mix(Zero, 0.633), None)
------------------------------------------------------------
------------------------------Current Architecture [100]------------------------------
0. (Mix(5x1_DilatedConv, 0.310), None)
1. (Mix(Zero, 0.504), None)
2. (Mix(Zero, 0.632), None)
------------------------------------------------------------
------------------------------Current Architecture [1]------------------------------
0. (Mix(7x1_Conv, 0.125), None)
1. (Mix(3x1_Conv, 0.111), None)
2. (Mix(7x1_DilatedConv, 0.111), None)
------------------------------------------------------------
------------------------------Current Architecture [2]------------------------------
0. (Mix(3x1_DilatedConv, 0.182), None)
1. (Mix(3x1_DilatedConv, 0.130), None)
2. (Mix(5x1_DilatedConv, 0.156), None)
------------------------------------------------------------
------------------------------Current Architecture [3]------------------------------
0. (Mix(3x1_DilatedConv, 0.198), None)
1. (Mix(7x1_Conv, 0.164), None)
2. (Mix(5x1_Conv, 0.146), None)
------------------------------------------------------------
------------------------------Current Architecture [4]------------------------------
0. (Mix(7x1_DilatedConv, 0.180), None)
1. (Mix(7x1_Conv, 0.175), None)
2. (Mix(5x1_Conv, 0.159), None)
------------------------------------------------------------
------------------------------Current Architecture [5]------------------------------
0. (Mix(9x1_Conv, 0.192), None)
1. (Mix(7x1_Conv, 0.211), None)
2. (Mix(5x1_Conv, 0.176), None)
------------------------------------------------------------
------------------------------Current Architecture [6]------------------------------
0. (Mix(7x1_DilatedConv, 0.264), None)
1. (Mix(7x1_Conv, 0.212), None)
2. (Mix(5x1_Conv, 0.210), None)
------------------------------------------------------------
------------------------------Current Architecture [7]------------------------------
0. (Mix(7x1_DilatedConv, 0.346), None)
1. (Mix(7x1_Conv, 0.189), None)
2. (Mix(5x1_Conv, 0.199), None)
------------------------------------------------------------
------------------------------Current Architecture [8]------------------------------
0. (Mix(7x1_DilatedConv, 0.465), None)
1. (Mix(7x1_Conv, 0.161), None)
2. (Mix(5x1_Conv, 0.234), None)
------------------------------------------------------------
------------------------------Current Architecture [9]------------------------------
0. (Mix(7x1_DilatedConv, 0.431), None)
1. (Mix(7x1_Conv, 0.180), None)
2. (Mix(5x1_Conv, 0.188), None)
------------------------------------------------------------
------------------------------Current Architecture [10]------------------------------
0. (Mix(7x1_DilatedConv, 0.504), None)
1. (Mix(7x1_Conv, 0.197), None)
2. (Mix(Zero, 0.217), None)
------------------------------------------------------------
------------------------------Current Architecture [11]------------------------------
0. (Mix(7x1_DilatedConv, 0.427), None)
1. (Mix(7x1_Conv, 0.243), None)
2. (Mix(Zero, 0.197), None)
------------------------------------------------------------
------------------------------Current Architecture [12]------------------------------
0. (Mix(7x1_DilatedConv, 0.488), None)
1. (Mix(7x1_Conv, 0.344), None)
2. (Mix(5x1_Conv, 0.199), None)
------------------------------------------------------------
------------------------------Current Architecture [13]------------------------------
0. (Mix(7x1_DilatedConv, 0.474), None)
1. (Mix(7x1_Conv, 0.304), None)
2. (Mix(Zero, 0.293), None)
------------------------------------------------------------
------------------------------Current Architecture [14]------------------------------
0. (Mix(7x1_DilatedConv, 0.458), None)
1. (Mix(7x1_Conv, 0.294), None)
2. (Mix(Zero, 0.383), None)
------------------------------------------------------------
------------------------------Current Architecture [15]------------------------------
0. (Mix(7x1_DilatedConv, 0.445), None)
1. (Mix(7x1_Conv, 0.397), None)
2. (Mix(Zero, 0.550), None)
------------------------------------------------------------
------------------------------Current Architecture [16]------------------------------
0. (Mix(7x1_DilatedConv, 0.529), None)
1. (Mix(7x1_Conv, 0.469), None)
2. (Mix(Zero, 0.602), None)
------------------------------------------------------------
------------------------------Current Architecture [17]------------------------------
0. (Mix(7x1_DilatedConv, 0.606), None)
1. (Mix(7x1_Conv, 0.462), None)
2. (Mix(Zero, 0.646), None)
------------------------------------------------------------
------------------------------Current Architecture [18]------------------------------
0. (Mix(7x1_DilatedConv, 0.605), None)
1. (Mix(7x1_Conv, 0.484), None)
2. (Mix(Zero, 0.690), None)
------------------------------------------------------------
------------------------------Current Architecture [19]------------------------------
0. (Mix(7x1_DilatedConv, 0.450), None)
1. (Mix(7x1_Conv, 0.280), None)
2. (Mix(Zero, 0.685), None)
------------------------------------------------------------
------------------------------Current Architecture [20]------------------------------
0. (Mix(7x1_DilatedConv, 0.425), None)
1. (Mix(7x1_Conv, 0.277), None)
2. (Mix(Zero, 0.675), None)
------------------------------------------------------------
------------------------------Current Architecture [21]------------------------------
0. (Mix(7x1_DilatedConv, 0.427), None)
1. (Mix(7x1_Conv, 0.240), None)
2. (Mix(Zero, 0.674), None)
------------------------------------------------------------
------------------------------Current Architecture [22]------------------------------
0. (Mix(7x1_DilatedConv, 0.370), None)
1. (Mix(7x1_Conv, 0.225), None)
2. (Mix(Zero, 0.670), None)
------------------------------------------------------------
------------------------------Current Architecture [23]------------------------------
0. (Mix(7x1_DilatedConv, 0.555), None)
1. (Mix(7x1_Conv, 0.229), None)
2. (Mix(Zero, 0.749), None)
------------------------------------------------------------
------------------------------Current Architecture [24]------------------------------
0. (Mix(7x1_DilatedConv, 0.573), None)
1. (Mix(Zero, 0.257), None)
2. (Mix(Zero, 0.773), None)
------------------------------------------------------------
------------------------------Current Architecture [25]------------------------------
0. (Mix(7x1_DilatedConv, 0.714), None)
1. (Mix(Zero, 0.340), None)
2. (Mix(Zero, 0.801), None)
------------------------------------------------------------
------------------------------Current Architecture [26]------------------------------
0. (Mix(7x1_DilatedConv, 0.693), None)
1. (Mix(Zero, 0.339), None)
2. (Mix(Zero, 0.809), None)
------------------------------------------------------------
------------------------------Current Architecture [27]------------------------------
0. (Mix(7x1_DilatedConv, 0.616), None)
1. (Mix(Zero, 0.354), None)
2. (Mix(Zero, 0.809), None)
------------------------------------------------------------
------------------------------Current Architecture [28]------------------------------
0. (Mix(7x1_DilatedConv, 0.586), None)
1. (Mix(Zero, 0.447), None)
2. (Mix(Zero, 0.848), None)
------------------------------------------------------------
------------------------------Current Architecture [29]------------------------------
0. (Mix(7x1_DilatedConv, 0.586), None)
1. (Mix(Zero, 0.519), None)
2. (Mix(Zero, 0.850), None)
------------------------------------------------------------
------------------------------Current Architecture [30]------------------------------
0. (Mix(7x1_DilatedConv, 0.605), None)
1. (Mix(Zero, 0.521), None)
2. (Mix(Zero, 0.857), None)
------------------------------------------------------------
------------------------------Current Architecture [31]------------------------------
0. (Mix(7x1_DilatedConv, 0.490), None)
1. (Mix(Zero, 0.526), None)
2. (Mix(Zero, 0.857), None)
------------------------------------------------------------
------------------------------Current Architecture [32]------------------------------
0. (Mix(7x1_DilatedConv, 0.519), None)
1. (Mix(Zero, 0.535), None)
2. (Mix(Zero, 0.852), None)
------------------------------------------------------------
------------------------------Current Architecture [33]------------------------------
0. (Mix(7x1_DilatedConv, 0.529), None)
1. (Mix(Zero, 0.535), None)
2. (Mix(Zero, 0.850), None)
------------------------------------------------------------
------------------------------Current Architecture [34]------------------------------
0. (Mix(7x1_DilatedConv, 0.493), None)
1. (Mix(Zero, 0.575), None)
2. (Mix(Zero, 0.850), None)
------------------------------------------------------------
------------------------------Current Architecture [35]------------------------------
0. (Mix(7x1_DilatedConv, 0.493), None)
1. (Mix(Zero, 0.548), None)
2. (Mix(Zero, 0.881), None)
------------------------------------------------------------
------------------------------Current Architecture [36]------------------------------
0. (Mix(7x1_DilatedConv, 0.497), None)
1. (Mix(Zero, 0.551), None)
2. (Mix(Zero, 0.882), None)
------------------------------------------------------------
------------------------------Current Architecture [37]------------------------------
0. (Mix(7x1_DilatedConv, 0.470), None)
1. (Mix(Zero, 0.548), None)
2. (Mix(Zero, 0.888), None)
------------------------------------------------------------
------------------------------Current Architecture [38]------------------------------
0. (Mix(3x1_DilatedConv, 0.359), None)
1. (Mix(Zero, 0.551), None)
2. (Mix(Zero, 0.888), None)
------------------------------------------------------------
------------------------------Current Architecture [39]------------------------------
0. (Mix(3x1_DilatedConv, 0.397), None)
1. (Mix(Zero, 0.545), None)
2. (Mix(Zero, 0.893), None)
------------------------------------------------------------
------------------------------Current Architecture [40]------------------------------
0. (Mix(3x1_DilatedConv, 0.380), None)
1. (Mix(Zero, 0.569), None)
2. (Mix(Zero, 0.893), None)
------------------------------------------------------------
------------------------------Current Architecture [41]------------------------------
0. (Mix(3x1_DilatedConv, 0.348), None)
1. (Mix(Zero, 0.597), None)
2. (Mix(Zero, 0.893), None)
------------------------------------------------------------
------------------------------Current Architecture [42]------------------------------
0. (Mix(7x1_DilatedConv, 0.375), None)
1. (Mix(Zero, 0.592), None)
2. (Mix(Zero, 0.893), None)
------------------------------------------------------------
------------------------------Current Architecture [43]------------------------------
0. (Mix(7x1_DilatedConv, 0.400), None)
1. (Mix(Zero, 0.604), None)
2. (Mix(Zero, 0.893), None)
------------------------------------------------------------
------------------------------Current Architecture [44]------------------------------
0. (Mix(7x1_DilatedConv, 0.378), None)
1. (Mix(Zero, 0.608), None)
2. (Mix(Zero, 0.892), None)
------------------------------------------------------------
------------------------------Current Architecture [45]------------------------------
0. (Mix(7x1_DilatedConv, 0.392), None)
1. (Mix(Zero, 0.660), None)
2. (Mix(Zero, 0.893), None)
------------------------------------------------------------
------------------------------Current Architecture [46]------------------------------
0. (Mix(7x1_DilatedConv, 0.406), None)
1. (Mix(Zero, 0.682), None)
2. (Mix(Zero, 0.893), None)
------------------------------------------------------------
------------------------------Current Architecture [47]------------------------------
0. (Mix(7x1_DilatedConv, 0.428), None)
1. (Mix(Zero, 0.686), None)
2. (Mix(Zero, 0.900), None)
------------------------------------------------------------
------------------------------Current Architecture [48]------------------------------
0. (Mix(7x1_DilatedConv, 0.413), None)
1. (Mix(Zero, 0.683), None)
2. (Mix(Zero, 0.900), None)
------------------------------------------------------------
------------------------------Current Architecture [49]------------------------------
0. (Mix(7x1_DilatedConv, 0.443), None)
1. (Mix(Zero, 0.693), None)
2. (Mix(Zero, 0.900), None)
------------------------------------------------------------
------------------------------Current Architecture [50]------------------------------
0. (Mix(7x1_DilatedConv, 0.436), None)
1. (Mix(Zero, 0.692), None)
2. (Mix(Zero, 0.900), None)
------------------------------------------------------------
------------------------------Current Architecture [51]------------------------------
0. (Mix(7x1_DilatedConv, 0.418), None)
1. (Mix(Zero, 0.695), None)
2. (Mix(Zero, 0.901), None)
------------------------------------------------------------
------------------------------Current Architecture [52]------------------------------
0. (Mix(7x1_DilatedConv, 0.415), None)
1. (Mix(Zero, 0.687), None)
2. (Mix(Zero, 0.902), None)
------------------------------------------------------------
------------------------------Current Architecture [53]------------------------------
0. (Mix(7x1_DilatedConv, 0.440), None)
1. (Mix(Zero, 0.682), None)
2. (Mix(Zero, 0.902), None)
------------------------------------------------------------
------------------------------Current Architecture [54]------------------------------
0. (Mix(7x1_DilatedConv, 0.500), None)
1. (Mix(Zero, 0.684), None)
2. (Mix(Zero, 0.902), None)
------------------------------------------------------------
------------------------------Current Architecture [55]------------------------------
0. (Mix(7x1_DilatedConv, 0.496), None)
1. (Mix(Zero, 0.691), None)
2. (Mix(Zero, 0.903), None)
------------------------------------------------------------
------------------------------Current Architecture [56]------------------------------
0. (Mix(7x1_DilatedConv, 0.553), None)
1. (Mix(Zero, 0.684), None)
2. (Mix(Zero, 0.903), None)
------------------------------------------------------------
------------------------------Current Architecture [57]------------------------------
0. (Mix(7x1_DilatedConv, 0.603), None)
1. (Mix(Zero, 0.724), None)
2. (Mix(Zero, 0.903), None)
------------------------------------------------------------
------------------------------Current Architecture [58]------------------------------
0. (Mix(7x1_DilatedConv, 0.588), None)
1. (Mix(Zero, 0.746), None)
2. (Mix(Zero, 0.902), None)
------------------------------------------------------------
------------------------------Current Architecture [59]------------------------------
0. (Mix(7x1_DilatedConv, 0.567), None)
1. (Mix(Zero, 0.761), None)
2. (Mix(Zero, 0.901), None)
------------------------------------------------------------
------------------------------Current Architecture [60]------------------------------
0. (Mix(7x1_DilatedConv, 0.601), None)
1. (Mix(Zero, 0.762), None)
2. (Mix(Zero, 0.899), None)
------------------------------------------------------------
------------------------------Current Architecture [61]------------------------------
0. (Mix(7x1_DilatedConv, 0.542), None)
1. (Mix(Zero, 0.763), None)
2. (Mix(Zero, 0.899), None)
------------------------------------------------------------
------------------------------Current Architecture [62]------------------------------
0. (Mix(7x1_DilatedConv, 0.524), None)
1. (Mix(Zero, 0.756), None)
2. (Mix(Zero, 0.897), None)
------------------------------------------------------------
------------------------------Current Architecture [63]------------------------------
0. (Mix(7x1_DilatedConv, 0.436), None)
1. (Mix(Zero, 0.745), None)
2. (Mix(Zero, 0.896), None)
------------------------------------------------------------
------------------------------Current Architecture [64]------------------------------
0. (Mix(7x1_DilatedConv, 0.498), None)
1. (Mix(Zero, 0.743), None)
2. (Mix(Zero, 0.893), None)
------------------------------------------------------------
------------------------------Current Architecture [65]------------------------------
0. (Mix(7x1_DilatedConv, 0.416), None)
1. (Mix(Zero, 0.757), None)
2. (Mix(Zero, 0.893), None)
------------------------------------------------------------
------------------------------Current Architecture [66]------------------------------
0. (Mix(7x1_DilatedConv, 0.455), None)
1. (Mix(Zero, 0.762), None)
2. (Mix(Zero, 0.891), None)
------------------------------------------------------------
------------------------------Current Architecture [67]------------------------------
0. (Mix(7x1_DilatedConv, 0.452), None)
1. (Mix(Zero, 0.773), None)
2. (Mix(Zero, 0.891), None)
------------------------------------------------------------
------------------------------Current Architecture [68]------------------------------
0. (Mix(7x1_DilatedConv, 0.512), None)
1. (Mix(Zero, 0.775), None)
2. (Mix(Zero, 0.894), None)
------------------------------------------------------------
------------------------------Current Architecture [69]------------------------------
0. (Mix(7x1_DilatedConv, 0.445), None)
1. (Mix(Zero, 0.770), None)
2. (Mix(Zero, 0.897), None)
------------------------------------------------------------
------------------------------Current Architecture [70]------------------------------
0. (Mix(7x1_DilatedConv, 0.497), None)
1. (Mix(Zero, 0.759), None)
2. (Mix(Zero, 0.897), None)
------------------------------------------------------------
------------------------------Current Architecture [71]------------------------------
0. (Mix(7x1_DilatedConv, 0.384), None)
1. (Mix(Zero, 0.763), None)
2. (Mix(Zero, 0.899), None)
------------------------------------------------------------
------------------------------Current Architecture [72]------------------------------
0. (Mix(7x1_DilatedConv, 0.403), None)
1. (Mix(Zero, 0.768), None)
2. (Mix(Zero, 0.899), None)
------------------------------------------------------------
------------------------------Current Architecture [73]------------------------------
0. (Mix(7x1_DilatedConv, 0.434), None)
1. (Mix(Zero, 0.770), None)
2. (Mix(Zero, 0.899), None)
------------------------------------------------------------
------------------------------Current Architecture [74]------------------------------
0. (Mix(7x1_DilatedConv, 0.513), None)
1. (Mix(Zero, 0.767), None)
2. (Mix(Zero, 0.899), None)
------------------------------------------------------------
------------------------------Current Architecture [75]------------------------------
0. (Mix(7x1_DilatedConv, 0.542), None)
1. (Mix(Zero, 0.772), None)
2. (Mix(Zero, 0.899), None)
------------------------------------------------------------
------------------------------Current Architecture [76]------------------------------
0. (Mix(7x1_DilatedConv, 0.670), None)
1. (Mix(Zero, 0.777), None)
2. (Mix(Zero, 0.899), None)
------------------------------------------------------------
------------------------------Current Architecture [77]------------------------------
0. (Mix(7x1_DilatedConv, 0.663), None)
1. (Mix(Zero, 0.772), None)
2. (Mix(Zero, 0.899), None)
------------------------------------------------------------
------------------------------Current Architecture [78]------------------------------
0. (Mix(7x1_DilatedConv, 0.617), None)
1. (Mix(Zero, 0.773), None)
2. (Mix(Zero, 0.899), None)
------------------------------------------------------------
------------------------------Current Architecture [79]------------------------------
0. (Mix(7x1_DilatedConv, 0.577), None)
1. (Mix(Zero, 0.765), None)
2. (Mix(Zero, 0.899), None)
------------------------------------------------------------
------------------------------Current Architecture [80]------------------------------
0. (Mix(7x1_DilatedConv, 0.585), None)
1. (Mix(Zero, 0.759), None)
2. (Mix(Zero, 0.899), None)
------------------------------------------------------------
------------------------------Current Architecture [81]------------------------------
0. (Mix(7x1_DilatedConv, 0.547), None)
1. (Mix(Zero, 0.761), None)
2. (Mix(Zero, 0.897), None)
------------------------------------------------------------
------------------------------Current Architecture [82]------------------------------
0. (Mix(7x1_DilatedConv, 0.589), None)
1. (Mix(Zero, 0.773), None)
2. (Mix(Zero, 0.898), None)
------------------------------------------------------------
------------------------------Current Architecture [83]------------------------------
0. (Mix(7x1_DilatedConv, 0.612), None)
1. (Mix(Zero, 0.794), None)
2. (Mix(Zero, 0.898), None)
------------------------------------------------------------
------------------------------Current Architecture [84]------------------------------
0. (Mix(7x1_DilatedConv, 0.586), None)
1. (Mix(Zero, 0.801), None)
2. (Mix(Zero, 0.899), None)
------------------------------------------------------------
------------------------------Current Architecture [85]------------------------------
0. (Mix(7x1_DilatedConv, 0.601), None)
1. (Mix(Zero, 0.803), None)
2. (Mix(Zero, 0.899), None)
------------------------------------------------------------
------------------------------Current Architecture [86]------------------------------
0. (Mix(7x1_DilatedConv, 0.654), None)
1. (Mix(Zero, 0.804), None)
2. (Mix(Zero, 0.904), None)
------------------------------------------------------------
------------------------------Current Architecture [87]------------------------------
0. (Mix(7x1_DilatedConv, 0.697), None)
1. (Mix(Zero, 0.804), None)
2. (Mix(Zero, 0.904), None)
------------------------------------------------------------
------------------------------Current Architecture [88]------------------------------
0. (Mix(7x1_DilatedConv, 0.652), None)
1. (Mix(Zero, 0.806), None)
2. (Mix(Zero, 0.904), None)
------------------------------------------------------------
------------------------------Current Architecture [89]------------------------------
0. (Mix(7x1_DilatedConv, 0.684), None)
1. (Mix(Zero, 0.806), None)
2. (Mix(Zero, 0.907), None)
------------------------------------------------------------
------------------------------Current Architecture [90]------------------------------
0. (Mix(7x1_DilatedConv, 0.705), None)
1. (Mix(Zero, 0.807), None)
2. (Mix(Zero, 0.907), None)
------------------------------------------------------------
------------------------------Current Architecture [91]------------------------------
0. (Mix(7x1_DilatedConv, 0.701), None)
1. (Mix(Zero, 0.817), None)
2. (Mix(Zero, 0.908), None)
------------------------------------------------------------
------------------------------Current Architecture [92]------------------------------
0. (Mix(7x1_DilatedConv, 0.586), None)
1. (Mix(Zero, 0.817), None)
2. (Mix(Zero, 0.909), None)
------------------------------------------------------------
------------------------------Current Architecture [93]------------------------------
0. (Mix(7x1_DilatedConv, 0.579), None)
1. (Mix(Zero, 0.818), None)
2. (Mix(Zero, 0.909), None)
------------------------------------------------------------
------------------------------Current Architecture [94]------------------------------
0. (Mix(7x1_DilatedConv, 0.546), None)
1. (Mix(Zero, 0.819), None)
2. (Mix(Zero, 0.909), None)
------------------------------------------------------------
------------------------------Current Architecture [95]------------------------------
0. (Mix(7x1_DilatedConv, 0.576), None)
1. (Mix(Zero, 0.811), None)
2. (Mix(Zero, 0.914), None)
------------------------------------------------------------
------------------------------Current Architecture [96]------------------------------
0. (Mix(7x1_DilatedConv, 0.524), None)
1. (Mix(Zero, 0.811), None)
2. (Mix(Zero, 0.916), None)
------------------------------------------------------------
------------------------------Current Architecture [97]------------------------------
0. (Mix(7x1_DilatedConv, 0.550), None)
1. (Mix(Zero, 0.814), None)
2. (Mix(Zero, 0.920), None)
------------------------------------------------------------
------------------------------Current Architecture [98]------------------------------
0. (Mix(7x1_DilatedConv, 0.546), None)
1. (Mix(Zero, 0.818), None)
2. (Mix(Zero, 0.920), None)
------------------------------------------------------------
------------------------------Current Architecture [99]------------------------------
0. (Mix(7x1_DilatedConv, 0.491), None)
1. (Mix(Zero, 0.818), None)
2. (Mix(Zero, 0.921), None)
------------------------------------------------------------
------------------------------Current Architecture [100]------------------------------
0. (Mix(7x1_DilatedConv, 0.396), None)
1. (Mix(Zero, 0.818), None)
2. (Mix(Zero, 0.921), None)
------------------------------------------------------------
------------------------------Current Architecture [1]------------------------------
0. (Mix(7x1_Conv, 0.125), None)
1. (Mix(3x1_Conv, 0.111), None)
2. (Mix(7x1_DilatedConv, 0.111), None)
------------------------------------------------------------
------------------------------Current Architecture [2]------------------------------
0. (Mix(7x1_DilatedConv, 0.130), None)
1. (Mix(7x1_Conv, 0.113), None)
2. (Mix(9x1_DilatedConv, 0.115), None)
------------------------------------------------------------
------------------------------Current Architecture [3]------------------------------
0. (Mix(7x1_DilatedConv, 0.133), None)
1. (Mix(7x1_Conv, 0.113), None)
2. (Mix(9x1_DilatedConv, 0.115), None)
------------------------------------------------------------
------------------------------Current Architecture [4]------------------------------
0. (Mix(7x1_DilatedConv, 0.136), None)
1. (Mix(7x1_Conv, 0.115), None)
2. (Mix(5x1_Conv, 0.114), None)
------------------------------------------------------------
------------------------------Current Architecture [5]------------------------------
0. (Mix(7x1_DilatedConv, 0.139), None)
1. (Mix(7x1_Conv, 0.118), None)
2. (Mix(9x1_DilatedConv, 0.117), None)
------------------------------------------------------------
------------------------------Current Architecture [6]------------------------------
0. (Mix(7x1_DilatedConv, 0.140), None)
1. (Mix(7x1_Conv, 0.119), None)
2. (Mix(9x1_DilatedConv, 0.118), None)
------------------------------------------------------------
------------------------------Current Architecture [7]------------------------------
0. (Mix(7x1_DilatedConv, 0.140), None)
1. (Mix(7x1_Conv, 0.123), None)
2. (Mix(9x1_DilatedConv, 0.118), None)
------------------------------------------------------------
------------------------------Current Architecture [8]------------------------------
0. (Mix(7x1_DilatedConv, 0.143), None)
1. (Mix(7x1_Conv, 0.124), None)
2. (Mix(Zero, 0.117), None)
------------------------------------------------------------
------------------------------Current Architecture [9]------------------------------
0. (Mix(7x1_DilatedConv, 0.147), None)
1. (Mix(7x1_Conv, 0.124), None)
2. (Mix(Zero, 0.119), None)
------------------------------------------------------------
------------------------------Current Architecture [10]------------------------------
0. (Mix(7x1_DilatedConv, 0.149), None)
1. (Mix(7x1_Conv, 0.126), None)
2. (Mix(Zero, 0.123), None)
------------------------------------------------------------
------------------------------Current Architecture [11]------------------------------
0. (Mix(7x1_DilatedConv, 0.148), None)
1. (Mix(7x1_Conv, 0.128), None)
2. (Mix(Zero, 0.123), None)
------------------------------------------------------------
------------------------------Current Architecture [12]------------------------------
0. (Mix(7x1_DilatedConv, 0.150), None)
1. (Mix(7x1_Conv, 0.129), None)
2. (Mix(Zero, 0.122), None)
------------------------------------------------------------
------------------------------Current Architecture [13]------------------------------
0. (Mix(7x1_DilatedConv, 0.154), None)
1. (Mix(7x1_Conv, 0.127), None)
2. (Mix(Zero, 0.123), None)
------------------------------------------------------------
------------------------------Current Architecture [14]------------------------------
0. (Mix(7x1_DilatedConv, 0.155), None)
1. (Mix(7x1_Conv, 0.129), None)
2. (Mix(Zero, 0.125), None)
------------------------------------------------------------
------------------------------Current Architecture [15]------------------------------
0. (Mix(7x1_DilatedConv, 0.156), None)
1. (Mix(7x1_Conv, 0.128), None)
2. (Mix(Zero, 0.133), None)
------------------------------------------------------------
------------------------------Current Architecture [16]------------------------------
0. (Mix(7x1_DilatedConv, 0.157), None)
1. (Mix(7x1_Conv, 0.126), None)
2. (Mix(Zero, 0.137), None)
------------------------------------------------------------
------------------------------Current Architecture [17]------------------------------
0. (Mix(7x1_DilatedConv, 0.158), None)
1. (Mix(7x1_Conv, 0.127), None)
2. (Mix(Zero, 0.141), None)
------------------------------------------------------------
------------------------------Current Architecture [18]------------------------------
0. (Mix(7x1_DilatedConv, 0.161), None)
1. (Mix(7x1_Conv, 0.126), None)
2. (Mix(Zero, 0.146), None)
------------------------------------------------------------
------------------------------Current Architecture [19]------------------------------
0. (Mix(7x1_DilatedConv, 0.161), None)
1. (Mix(7x1_Conv, 0.133), None)
2. (Mix(Zero, 0.145), None)
------------------------------------------------------------
------------------------------Current Architecture [20]------------------------------
0. (Mix(7x1_DilatedConv, 0.165), None)
1. (Mix(7x1_Conv, 0.131), None)
2. (Mix(Zero, 0.147), None)
------------------------------------------------------------
------------------------------Current Architecture [21]------------------------------
0. (Mix(7x1_DilatedConv, 0.170), None)
1. (Mix(7x1_Conv, 0.131), None)
2. (Mix(Zero, 0.149), None)
------------------------------------------------------------
------------------------------Current Architecture [22]------------------------------
0. (Mix(7x1_DilatedConv, 0.171), None)
1. (Mix(7x1_Conv, 0.131), None)
2. (Mix(Zero, 0.153), None)
------------------------------------------------------------
------------------------------Current Architecture [23]------------------------------
0. (Mix(7x1_DilatedConv, 0.171), None)
1. (Mix(7x1_Conv, 0.130), None)
2. (Mix(Zero, 0.156), None)
------------------------------------------------------------
------------------------------Current Architecture [24]------------------------------
0. (Mix(7x1_DilatedConv, 0.169), None)
1. (Mix(7x1_Conv, 0.130), None)
2. (Mix(Zero, 0.162), None)
------------------------------------------------------------
------------------------------Current Architecture [25]------------------------------
0. (Mix(7x1_DilatedConv, 0.170), None)
1. (Mix(7x1_Conv, 0.132), None)
2. (Mix(Zero, 0.163), None)
------------------------------------------------------------
------------------------------Current Architecture [26]------------------------------
0. (Mix(7x1_DilatedConv, 0.168), None)
1. (Mix(7x1_Conv, 0.126), None)
2. (Mix(Zero, 0.169), None)
------------------------------------------------------------
------------------------------Current Architecture [27]------------------------------
0. (Mix(7x1_DilatedConv, 0.168), None)
1. (Mix(5x1_Conv, 0.125), None)
2. (Mix(Zero, 0.174), None)
------------------------------------------------------------
------------------------------Current Architecture [28]------------------------------
0. (Mix(7x1_DilatedConv, 0.169), None)
1. (Mix(5x1_Conv, 0.127), None)
2. (Mix(Zero, 0.181), None)
------------------------------------------------------------
------------------------------Current Architecture [29]------------------------------
0. (Mix(7x1_DilatedConv, 0.169), None)
1. (Mix(5x1_Conv, 0.127), None)
2. (Mix(Zero, 0.181), None)
------------------------------------------------------------
------------------------------Current Architecture [30]------------------------------
0. (Mix(7x1_DilatedConv, 0.164), None)
1. (Mix(5x1_Conv, 0.129), None)
2. (Mix(Zero, 0.188), None)
------------------------------------------------------------
------------------------------Current Architecture [31]------------------------------
0. (Mix(7x1_DilatedConv, 0.163), None)
1. (Mix(5x1_Conv, 0.128), None)
2. (Mix(Zero, 0.188), None)
------------------------------------------------------------
------------------------------Current Architecture [32]------------------------------
0. (Mix(7x1_DilatedConv, 0.168), None)
1. (Mix(5x1_Conv, 0.128), None)
2. (Mix(Zero, 0.191), None)
------------------------------------------------------------
------------------------------Current Architecture [33]------------------------------
0. (Mix(7x1_DilatedConv, 0.174), None)
1. (Mix(5x1_Conv, 0.128), None)
2. (Mix(Zero, 0.195), None)
------------------------------------------------------------
------------------------------Current Architecture [34]------------------------------
0. (Mix(7x1_DilatedConv, 0.167), None)
1. (Mix(5x1_Conv, 0.132), None)
2. (Mix(Zero, 0.203), None)
------------------------------------------------------------
------------------------------Current Architecture [35]------------------------------
0. (Mix(7x1_DilatedConv, 0.168), None)
1. (Mix(7x1_DilatedConv, 0.132), None)
2. (Mix(Zero, 0.206), None)
------------------------------------------------------------
------------------------------Current Architecture [36]------------------------------
0. (Mix(7x1_DilatedConv, 0.171), None)
1. (Mix(5x1_Conv, 0.135), None)
2. (Mix(Zero, 0.215), None)
------------------------------------------------------------
------------------------------Current Architecture [37]------------------------------
0. (Mix(7x1_DilatedConv, 0.176), None)
1. (Mix(5x1_Conv, 0.134), None)
2. (Mix(Zero, 0.217), None)
------------------------------------------------------------
------------------------------Current Architecture [38]------------------------------
0. (Mix(7x1_DilatedConv, 0.179), None)
1. (Mix(5x1_Conv, 0.134), None)
2. (Mix(Zero, 0.224), None)
------------------------------------------------------------
------------------------------Current Architecture [39]------------------------------
0. (Mix(7x1_DilatedConv, 0.180), None)
1. (Mix(5x1_Conv, 0.137), None)
2. (Mix(Zero, 0.231), None)
------------------------------------------------------------
------------------------------Current Architecture [40]------------------------------
0. (Mix(7x1_DilatedConv, 0.178), None)
1. (Mix(5x1_Conv, 0.140), None)
2. (Mix(Zero, 0.234), None)
------------------------------------------------------------
------------------------------Current Architecture [41]------------------------------
0. (Mix(7x1_DilatedConv, 0.175), None)
1. (Mix(5x1_Conv, 0.140), None)
2. (Mix(Zero, 0.239), None)
------------------------------------------------------------
------------------------------Current Architecture [42]------------------------------
0. (Mix(7x1_DilatedConv, 0.173), None)
1. (Mix(5x1_Conv, 0.139), None)
2. (Mix(Zero, 0.245), None)
------------------------------------------------------------
------------------------------Current Architecture [43]------------------------------
0. (Mix(7x1_DilatedConv, 0.174), None)
1. (Mix(5x1_Conv, 0.140), None)
2. (Mix(Zero, 0.250), None)
------------------------------------------------------------
------------------------------Current Architecture [44]------------------------------
0. (Mix(7x1_DilatedConv, 0.174), None)
1. (Mix(5x1_Conv, 0.140), None)
2. (Mix(Zero, 0.251), None)
------------------------------------------------------------
------------------------------Current Architecture [45]------------------------------
0. (Mix(7x1_DilatedConv, 0.174), None)
1. (Mix(5x1_Conv, 0.143), None)
2. (Mix(Zero, 0.261), None)
------------------------------------------------------------
------------------------------Current Architecture [46]------------------------------
0. (Mix(7x1_DilatedConv, 0.178), None)
1. (Mix(5x1_Conv, 0.144), None)
2. (Mix(Zero, 0.262), None)
------------------------------------------------------------
------------------------------Current Architecture [47]------------------------------
0. (Mix(7x1_DilatedConv, 0.177), None)
1. (Mix(5x1_Conv, 0.139), None)
2. (Mix(Zero, 0.272), None)
------------------------------------------------------------
------------------------------Current Architecture [48]------------------------------
0. (Mix(7x1_DilatedConv, 0.178), None)
1. (Mix(5x1_Conv, 0.143), None)
2. (Mix(Zero, 0.274), None)
------------------------------------------------------------
------------------------------Current Architecture [49]------------------------------
0. (Mix(7x1_DilatedConv, 0.180), None)
1. (Mix(5x1_Conv, 0.147), None)
2. (Mix(Zero, 0.282), None)
------------------------------------------------------------
------------------------------Current Architecture [50]------------------------------
0. (Mix(7x1_DilatedConv, 0.179), None)
1. (Mix(5x1_Conv, 0.148), None)
2. (Mix(Zero, 0.285), None)
------------------------------------------------------------
------------------------------Current Architecture [51]------------------------------
0. (Mix(7x1_DilatedConv, 0.183), None)
1. (Mix(5x1_Conv, 0.146), None)
2. (Mix(Zero, 0.296), None)
------------------------------------------------------------
------------------------------Current Architecture [52]------------------------------
0. (Mix(7x1_DilatedConv, 0.185), None)
1. (Mix(5x1_Conv, 0.141), None)
2. (Mix(Zero, 0.304), None)
------------------------------------------------------------
------------------------------Current Architecture [53]------------------------------
0. (Mix(7x1_DilatedConv, 0.185), None)
1. (Mix(5x1_Conv, 0.142), None)
2. (Mix(Zero, 0.304), None)
------------------------------------------------------------
------------------------------Current Architecture [54]------------------------------
0. (Mix(7x1_DilatedConv, 0.180), None)
1. (Mix(5x1_Conv, 0.138), None)
2. (Mix(Zero, 0.311), None)
------------------------------------------------------------
------------------------------Current Architecture [55]------------------------------
0. (Mix(7x1_DilatedConv, 0.180), None)
1. (Mix(5x1_Conv, 0.142), None)
2. (Mix(Zero, 0.317), None)
------------------------------------------------------------
------------------------------Current Architecture [56]------------------------------
0. (Mix(7x1_DilatedConv, 0.177), None)
1. (Mix(5x1_Conv, 0.144), None)
2. (Mix(Zero, 0.318), None)
------------------------------------------------------------
------------------------------Current Architecture [57]------------------------------
0. (Mix(7x1_DilatedConv, 0.177), None)
1. (Mix(5x1_Conv, 0.146), None)
2. (Mix(Zero, 0.330), None)
------------------------------------------------------------
------------------------------Current Architecture [58]------------------------------
0. (Mix(7x1_DilatedConv, 0.172), None)
1. (Mix(5x1_Conv, 0.146), None)
2. (Mix(Zero, 0.330), None)
------------------------------------------------------------
------------------------------Current Architecture [59]------------------------------
0. (Mix(7x1_DilatedConv, 0.164), None)
1. (Mix(5x1_Conv, 0.148), None)
2. (Mix(Zero, 0.334), None)
------------------------------------------------------------
------------------------------Current Architecture [60]------------------------------
0. (Mix(7x1_DilatedConv, 0.162), None)
1. (Mix(5x1_Conv, 0.148), None)
2. (Mix(Zero, 0.335), None)
------------------------------------------------------------
------------------------------Current Architecture [61]------------------------------
0. (Mix(9x1_DilatedConv, 0.162), None)
1. (Mix(5x1_Conv, 0.150), None)
2. (Mix(Zero, 0.339), None)
------------------------------------------------------------
------------------------------Current Architecture [62]------------------------------
0. (Mix(9x1_DilatedConv, 0.167), None)
1. (Mix(5x1_Conv, 0.153), None)
2. (Mix(Zero, 0.348), None)
------------------------------------------------------------
------------------------------Current Architecture [63]------------------------------
0. (Mix(9x1_DilatedConv, 0.165), None)
1. (Mix(5x1_Conv, 0.157), None)
2. (Mix(Zero, 0.354), None)
------------------------------------------------------------
------------------------------Current Architecture [64]------------------------------
0. (Mix(7x1_DilatedConv, 0.160), None)
1. (Mix(5x1_Conv, 0.158), None)
2. (Mix(Zero, 0.356), None)
------------------------------------------------------------
------------------------------Current Architecture [65]------------------------------
0. (Mix(7x1_DilatedConv, 0.159), None)
1. (Mix(5x1_Conv, 0.151), None)
2. (Mix(Zero, 0.360), None)
------------------------------------------------------------
------------------------------Current Architecture [66]------------------------------
0. (Mix(7x1_DilatedConv, 0.158), None)
1. (Mix(5x1_Conv, 0.152), None)
2. (Mix(Zero, 0.369), None)
------------------------------------------------------------
------------------------------Current Architecture [67]------------------------------
0. (Mix(7x1_DilatedConv, 0.157), None)
1. (Mix(5x1_Conv, 0.153), None)
2. (Mix(Zero, 0.377), None)
------------------------------------------------------------
------------------------------Current Architecture [68]------------------------------
0. (Mix(9x1_DilatedConv, 0.158), None)
1. (Mix(5x1_Conv, 0.147), None)
2. (Mix(Zero, 0.383), None)
------------------------------------------------------------
------------------------------Current Architecture [69]------------------------------
0. (Mix(7x1_DilatedConv, 0.157), None)
1. (Mix(5x1_Conv, 0.149), None)
2. (Mix(Zero, 0.391), None)
------------------------------------------------------------
------------------------------Current Architecture [70]------------------------------
0. (Mix(9x1_DilatedConv, 0.158), None)
1. (Mix(5x1_Conv, 0.149), None)
2. (Mix(Zero, 0.402), None)
------------------------------------------------------------
------------------------------Current Architecture [71]------------------------------
0. (Mix(9x1_Conv, 0.155), None)
1. (Mix(5x1_Conv, 0.150), None)
2. (Mix(Zero, 0.405), None)
------------------------------------------------------------
------------------------------Current Architecture [72]------------------------------
0. (Mix(9x1_Conv, 0.158), None)
1. (Mix(5x1_Conv, 0.150), None)
2. (Mix(Zero, 0.413), None)
------------------------------------------------------------
------------------------------Current Architecture [73]------------------------------
0. (Mix(9x1_Conv, 0.159), None)
1. (Mix(5x1_Conv, 0.151), None)
2. (Mix(Zero, 0.418), None)
------------------------------------------------------------
------------------------------Current Architecture [74]------------------------------
0. (Mix(9x1_Conv, 0.160), None)
1. (Mix(5x1_Conv, 0.153), None)
2. (Mix(Zero, 0.419), None)
------------------------------------------------------------
------------------------------Current Architecture [75]------------------------------
0. (Mix(9x1_Conv, 0.159), None)
1. (Mix(5x1_Conv, 0.152), None)
2. (Mix(Zero, 0.422), None)
------------------------------------------------------------
------------------------------Current Architecture [76]------------------------------
0. (Mix(9x1_Conv, 0.161), None)
1. (Mix(5x1_Conv, 0.146), None)
2. (Mix(Zero, 0.427), None)
------------------------------------------------------------
------------------------------Current Architecture [77]------------------------------
0. (Mix(9x1_Conv, 0.158), None)
1. (Mix(5x1_Conv, 0.147), None)
2. (Mix(Zero, 0.436), None)
------------------------------------------------------------
------------------------------Current Architecture [78]------------------------------
0. (Mix(9x1_Conv, 0.159), None)
1. (Mix(5x1_Conv, 0.144), None)
2. (Mix(Zero, 0.447), None)
------------------------------------------------------------
------------------------------Current Architecture [79]------------------------------
0. (Mix(9x1_Conv, 0.156), None)
1. (Mix(5x1_Conv, 0.141), None)
2. (Mix(Zero, 0.456), None)
------------------------------------------------------------
------------------------------Current Architecture [80]------------------------------
0. (Mix(9x1_Conv, 0.156), None)
1. (Mix(5x1_Conv, 0.141), None)
2. (Mix(Zero, 0.472), None)
------------------------------------------------------------
------------------------------Current Architecture [81]------------------------------
0. (Mix(9x1_Conv, 0.157), None)
1. (Mix(5x1_Conv, 0.140), None)
2. (Mix(Zero, 0.479), None)
------------------------------------------------------------
------------------------------Current Architecture [82]------------------------------
0. (Mix(9x1_Conv, 0.159), None)
1. (Mix(5x1_Conv, 0.141), None)
2. (Mix(Zero, 0.487), None)
------------------------------------------------------------
------------------------------Current Architecture [83]------------------------------
0. (Mix(9x1_Conv, 0.159), None)
1. (Mix(5x1_Conv, 0.139), None)
2. (Mix(Zero, 0.496), None)
------------------------------------------------------------
------------------------------Current Architecture [84]------------------------------
0. (Mix(9x1_Conv, 0.152), None)
1. (Mix(9x1_Conv, 0.139), None)
2. (Mix(Zero, 0.498), None)
------------------------------------------------------------
------------------------------Current Architecture [85]------------------------------
0. (Mix(9x1_Conv, 0.153), None)
1. (Mix(9x1_Conv, 0.140), None)
2. (Mix(Zero, 0.506), None)
------------------------------------------------------------
------------------------------Current Architecture [86]------------------------------
0. (Mix(9x1_Conv, 0.153), None)
1. (Mix(9x1_Conv, 0.141), None)
2. (Mix(Zero, 0.515), None)
------------------------------------------------------------
------------------------------Current Architecture [87]------------------------------
0. (Mix(9x1_Conv, 0.153), None)
1. (Mix(9x1_Conv, 0.142), None)
2. (Mix(Zero, 0.516), None)
------------------------------------------------------------
------------------------------Current Architecture [88]------------------------------
0. (Mix(9x1_Conv, 0.154), None)
1. (Mix(9x1_Conv, 0.137), None)
2. (Mix(Zero, 0.516), None)
------------------------------------------------------------
------------------------------Current Architecture [89]------------------------------
0. (Mix(9x1_Conv, 0.157), None)
1. (Mix(9x1_Conv, 0.138), None)
2. (Mix(Zero, 0.522), None)
------------------------------------------------------------
------------------------------Current Architecture [90]------------------------------
0. (Mix(9x1_Conv, 0.155), None)
1. (Mix(9x1_Conv, 0.138), None)
2. (Mix(Zero, 0.525), None)
------------------------------------------------------------
------------------------------Current Architecture [91]------------------------------
0. (Mix(9x1_Conv, 0.154), None)
1. (Mix(9x1_Conv, 0.140), None)
2. (Mix(Zero, 0.531), None)
------------------------------------------------------------
------------------------------Current Architecture [92]------------------------------
0. (Mix(9x1_Conv, 0.153), None)
1. (Mix(9x1_Conv, 0.139), None)
2. (Mix(Zero, 0.532), None)
------------------------------------------------------------
------------------------------Current Architecture [93]------------------------------
0. (Mix(9x1_Conv, 0.156), None)
1. (Mix(7x1_DilatedConv, 0.141), None)
2. (Mix(Zero, 0.538), None)
------------------------------------------------------------
------------------------------Current Architecture [94]------------------------------
0. (Mix(9x1_Conv, 0.155), None)
1. (Mix(7x1_DilatedConv, 0.140), None)
2. (Mix(Zero, 0.544), None)
------------------------------------------------------------
------------------------------Current Architecture [95]------------------------------
0. (Mix(9x1_Conv, 0.155), None)
1. (Mix(7x1_DilatedConv, 0.143), None)
2. (Mix(Zero, 0.554), None)
------------------------------------------------------------
------------------------------Current Architecture [96]------------------------------
0. (Mix(9x1_Conv, 0.155), None)
1. (Mix(7x1_DilatedConv, 0.145), None)
2. (Mix(Zero, 0.556), None)
------------------------------------------------------------
------------------------------Current Architecture [97]------------------------------
0. (Mix(9x1_Conv, 0.155), None)
1. (Mix(7x1_DilatedConv, 0.142), None)
2. (Mix(Zero, 0.560), None)
------------------------------------------------------------
------------------------------Current Architecture [98]------------------------------
0. (Mix(9x1_Conv, 0.155), None)
1. (Mix(7x1_DilatedConv, 0.143), None)
2. (Mix(Zero, 0.562), None)
------------------------------------------------------------
------------------------------Current Architecture [99]------------------------------
0. (Mix(9x1_Conv, 0.156), None)
1. (Mix(7x1_DilatedConv, 0.144), None)
2. (Mix(Zero, 0.571), None)
------------------------------------------------------------
------------------------------Current Architecture [100]------------------------------
0. (Mix(9x1_Conv, 0.155), None)
1. (Mix(7x1_DilatedConv, 0.144), None)
2. (Mix(Zero, 0.571), None)
------------------------------------------------------------
