------------------------------Current Architecture [1]------------------------------
0. (Mix(7x1_Conv, 0.125), None)
1. (Mix(3x1_Conv, 0.111), None)
2. (Mix(7x1_DilatedConv, 0.111), None)
------------------------------------------------------------
------------------------------Current Architecture [2]------------------------------
0. (Mix(7x1_DilatedConv, 0.143), None)
1. (Mix(7x1_DilatedConv, 0.133), None)
2. (Mix(5x1_Conv, 0.125), None)
------------------------------------------------------------
------------------------------Current Architecture [3]------------------------------
0. (Mix(5x1_Conv, 0.191), None)
1. (Mix(5x1_DilatedConv, 0.134), None)
2. (Mix(7x1_Conv, 0.152), None)
------------------------------------------------------------
------------------------------Current Architecture [4]------------------------------
0. (Mix(5x1_Conv, 0.180), None)
1. (Mix(9x1_DilatedConv, 0.150), None)
2. (Mix(7x1_Conv, 0.146), None)
------------------------------------------------------------
------------------------------Current Architecture [5]------------------------------
0. (Mix(5x1_Conv, 0.198), None)
1. (Mix(9x1_DilatedConv, 0.140), None)
2. (Mix(5x1_Conv, 0.152), None)
------------------------------------------------------------
------------------------------Current Architecture [6]------------------------------
0. (Mix(9x1_DilatedConv, 0.191), None)
1. (Mix(5x1_DilatedConv, 0.143), None)
2. (Mix(9x1_Conv, 0.176), None)
------------------------------------------------------------
------------------------------Current Architecture [7]------------------------------
0. (Mix(5x1_Conv, 0.186), None)
1. (Mix(5x1_DilatedConv, 0.156), None)
2. (Mix(9x1_Conv, 0.181), None)
------------------------------------------------------------
------------------------------Current Architecture [8]------------------------------
0. (Mix(5x1_DilatedConv, 0.202), None)
1. (Mix(9x1_DilatedConv, 0.154), None)
2. (Mix(5x1_DilatedConv, 0.190), None)
------------------------------------------------------------
------------------------------Current Architecture [9]------------------------------
0. (Mix(9x1_DilatedConv, 0.216), None)
1. (Mix(9x1_DilatedConv, 0.173), None)
2. (Mix(5x1_DilatedConv, 0.191), None)
------------------------------------------------------------
------------------------------Current Architecture [10]------------------------------
0. (Mix(9x1_DilatedConv, 0.219), None)
1. (Mix(9x1_DilatedConv, 0.189), None)
2. (Mix(5x1_DilatedConv, 0.186), None)
------------------------------------------------------------
------------------------------Current Architecture [11]------------------------------
0. (Mix(9x1_DilatedConv, 0.273), None)
1. (Mix(9x1_DilatedConv, 0.192), None)
2. (Mix(5x1_Conv, 0.204), None)
------------------------------------------------------------
------------------------------Current Architecture [12]------------------------------
0. (Mix(5x1_DilatedConv, 0.297), None)
1. (Mix(9x1_DilatedConv, 0.313), None)
2. (Mix(5x1_Conv, 0.207), None)
------------------------------------------------------------
------------------------------Current Architecture [13]------------------------------
0. (Mix(5x1_DilatedConv, 0.301), None)
1. (Mix(9x1_DilatedConv, 0.343), None)
2. (Mix(Zero, 0.169), None)
------------------------------------------------------------
------------------------------Current Architecture [14]------------------------------
0. (Mix(5x1_DilatedConv, 0.303), None)
1. (Mix(9x1_DilatedConv, 0.332), None)
2. (Mix(Zero, 0.173), None)
------------------------------------------------------------
------------------------------Current Architecture [15]------------------------------
0. (Mix(5x1_DilatedConv, 0.325), None)
1. (Mix(9x1_DilatedConv, 0.318), None)
2. (Mix(Zero, 0.182), None)
------------------------------------------------------------
------------------------------Current Architecture [16]------------------------------
0. (Mix(5x1_DilatedConv, 0.349), None)
1. (Mix(9x1_DilatedConv, 0.309), None)
2. (Mix(Zero, 0.194), None)
------------------------------------------------------------
------------------------------Current Architecture [17]------------------------------
0. (Mix(5x1_DilatedConv, 0.350), None)
1. (Mix(9x1_DilatedConv, 0.304), None)
2. (Mix(Zero, 0.191), None)
------------------------------------------------------------
------------------------------Current Architecture [18]------------------------------
0. (Mix(5x1_DilatedConv, 0.352), None)
1. (Mix(9x1_DilatedConv, 0.321), None)
2. (Mix(5x1_Conv, 0.196), None)
------------------------------------------------------------
------------------------------Current Architecture [19]------------------------------
0. (Mix(5x1_DilatedConv, 0.431), None)
1. (Mix(9x1_DilatedConv, 0.335), None)
2. (Mix(Zero, 0.195), None)
------------------------------------------------------------
------------------------------Current Architecture [20]------------------------------
0. (Mix(5x1_DilatedConv, 0.440), None)
1. (Mix(9x1_DilatedConv, 0.338), None)
2. (Mix(Zero, 0.292), None)
------------------------------------------------------------
------------------------------Current Architecture [21]------------------------------
0. (Mix(5x1_DilatedConv, 0.458), None)
1. (Mix(9x1_DilatedConv, 0.319), None)
2. (Mix(Zero, 0.298), None)
------------------------------------------------------------
------------------------------Current Architecture [22]------------------------------
0. (Mix(5x1_DilatedConv, 0.466), None)
1. (Mix(9x1_DilatedConv, 0.339), None)
2. (Mix(Zero, 0.308), None)
------------------------------------------------------------
------------------------------Current Architecture [23]------------------------------
0. (Mix(5x1_DilatedConv, 0.465), None)
1. (Mix(9x1_DilatedConv, 0.258), None)
2. (Mix(Zero, 0.321), None)
------------------------------------------------------------
------------------------------Current Architecture [24]------------------------------
0. (Mix(5x1_DilatedConv, 0.474), None)
1. (Mix(9x1_DilatedConv, 0.255), None)
2. (Mix(Zero, 0.342), None)
------------------------------------------------------------
------------------------------Current Architecture [25]------------------------------
0. (Mix(5x1_DilatedConv, 0.441), None)
1. (Mix(9x1_DilatedConv, 0.259), None)
2. (Mix(Zero, 0.347), None)
------------------------------------------------------------
------------------------------Current Architecture [26]------------------------------
0. (Mix(5x1_DilatedConv, 0.430), None)
1. (Mix(5x1_Conv, 0.206), None)
2. (Mix(Zero, 0.341), None)
------------------------------------------------------------
------------------------------Current Architecture [27]------------------------------
0. (Mix(5x1_DilatedConv, 0.416), None)
1. (Mix(9x1_DilatedConv, 0.198), None)
2. (Mix(Zero, 0.340), None)
------------------------------------------------------------
------------------------------Current Architecture [28]------------------------------
0. (Mix(5x1_DilatedConv, 0.397), None)
1. (Mix(9x1_DilatedConv, 0.199), None)
2. (Mix(Zero, 0.340), None)
------------------------------------------------------------
------------------------------Current Architecture [29]------------------------------
0. (Mix(5x1_DilatedConv, 0.355), None)
1. (Mix(5x1_Conv, 0.214), None)
2. (Mix(Zero, 0.352), None)
------------------------------------------------------------
------------------------------Current Architecture [30]------------------------------
0. (Mix(5x1_DilatedConv, 0.372), None)
1. (Mix(5x1_Conv, 0.328), None)
2. (Mix(Zero, 0.369), None)
------------------------------------------------------------
------------------------------Current Architecture [31]------------------------------
0. (Mix(5x1_DilatedConv, 0.413), None)
1. (Mix(5x1_Conv, 0.292), None)
2. (Mix(Zero, 0.369), None)
------------------------------------------------------------
------------------------------Current Architecture [32]------------------------------
0. (Mix(5x1_DilatedConv, 0.403), None)
1. (Mix(9x1_Conv, 0.246), None)
2. (Mix(Zero, 0.375), None)
------------------------------------------------------------
------------------------------Current Architecture [33]------------------------------
0. (Mix(5x1_DilatedConv, 0.366), None)
1. (Mix(9x1_Conv, 0.246), None)
2. (Mix(Zero, 0.384), None)
------------------------------------------------------------
------------------------------Current Architecture [34]------------------------------
0. (Mix(5x1_DilatedConv, 0.396), None)
1. (Mix(9x1_Conv, 0.246), None)
2. (Mix(Zero, 0.390), None)
------------------------------------------------------------
------------------------------Current Architecture [35]------------------------------
0. (Mix(5x1_DilatedConv, 0.403), None)
1. (Mix(9x1_Conv, 0.252), None)
2. (Mix(Zero, 0.391), None)
------------------------------------------------------------
------------------------------Current Architecture [36]------------------------------
0. (Mix(5x1_DilatedConv, 0.374), None)
1. (Mix(9x1_Conv, 0.261), None)
2. (Mix(Zero, 0.386), None)
------------------------------------------------------------
------------------------------Current Architecture [37]------------------------------
0. (Mix(5x1_DilatedConv, 0.361), None)
1. (Mix(9x1_Conv, 0.262), None)
2. (Mix(Zero, 0.490), None)
------------------------------------------------------------
------------------------------Current Architecture [38]------------------------------
0. (Mix(5x1_DilatedConv, 0.341), None)
1. (Mix(9x1_Conv, 0.197), None)
2. (Mix(Zero, 0.493), None)
------------------------------------------------------------
------------------------------Current Architecture [39]------------------------------
0. (Mix(5x1_DilatedConv, 0.361), None)
1. (Mix(5x1_Conv, 0.192), None)
2. (Mix(Zero, 0.513), None)
------------------------------------------------------------
------------------------------Current Architecture [40]------------------------------
0. (Mix(5x1_DilatedConv, 0.359), None)
1. (Mix(5x1_Conv, 0.273), None)
2. (Mix(Zero, 0.520), None)
------------------------------------------------------------
------------------------------Current Architecture [41]------------------------------
0. (Mix(5x1_DilatedConv, 0.392), None)
1. (Mix(5x1_Conv, 0.280), None)
2. (Mix(Zero, 0.528), None)
------------------------------------------------------------
------------------------------Current Architecture [42]------------------------------
0. (Mix(5x1_DilatedConv, 0.379), None)
1. (Mix(5x1_Conv, 0.287), None)
2. (Mix(Zero, 0.527), None)
------------------------------------------------------------
------------------------------Current Architecture [43]------------------------------
0. (Mix(5x1_DilatedConv, 0.401), None)
1. (Mix(5x1_Conv, 0.288), None)
2. (Mix(Zero, 0.524), None)
------------------------------------------------------------
------------------------------Current Architecture [44]------------------------------
0. (Mix(5x1_DilatedConv, 0.413), None)
1. (Mix(5x1_Conv, 0.262), None)
2. (Mix(Zero, 0.523), None)
------------------------------------------------------------
------------------------------Current Architecture [45]------------------------------
0. (Mix(5x1_DilatedConv, 0.425), None)
1. (Mix(5x1_Conv, 0.252), None)
2. (Mix(Zero, 0.522), None)
------------------------------------------------------------
------------------------------Current Architecture [46]------------------------------
0. (Mix(5x1_DilatedConv, 0.397), None)
1. (Mix(5x1_Conv, 0.233), None)
2. (Mix(Zero, 0.522), None)
------------------------------------------------------------
------------------------------Current Architecture [47]------------------------------
0. (Mix(5x1_DilatedConv, 0.413), None)
1. (Mix(5x1_Conv, 0.261), None)
2. (Mix(Zero, 0.520), None)
------------------------------------------------------------
------------------------------Current Architecture [48]------------------------------
0. (Mix(5x1_DilatedConv, 0.430), None)
1. (Mix(5x1_DilatedConv, 0.252), None)
2. (Mix(Zero, 0.520), None)
------------------------------------------------------------
------------------------------Current Architecture [49]------------------------------
0. (Mix(5x1_DilatedConv, 0.378), None)
1. (Mix(5x1_DilatedConv, 0.264), None)
2. (Mix(Zero, 0.521), None)
------------------------------------------------------------
------------------------------Current Architecture [50]------------------------------
0. (Mix(5x1_DilatedConv, 0.319), None)
1. (Mix(5x1_DilatedConv, 0.265), None)
2. (Mix(Zero, 0.520), None)
------------------------------------------------------------
------------------------------Current Architecture [51]------------------------------
0. (Mix(5x1_DilatedConv, 0.334), None)
1. (Mix(5x1_DilatedConv, 0.260), None)
2. (Mix(Zero, 0.519), None)
------------------------------------------------------------
------------------------------Current Architecture [52]------------------------------
0. (Mix(5x1_DilatedConv, 0.337), None)
1. (Mix(5x1_DilatedConv, 0.259), None)
2. (Mix(Zero, 0.518), None)
------------------------------------------------------------
------------------------------Current Architecture [53]------------------------------
0. (Mix(5x1_DilatedConv, 0.290), None)
1. (Mix(5x1_DilatedConv, 0.260), None)
2. (Mix(Zero, 0.517), None)
------------------------------------------------------------
------------------------------Current Architecture [54]------------------------------
0. (Mix(5x1_DilatedConv, 0.302), None)
1. (Mix(Zero, 0.413), None)
2. (Mix(Zero, 0.517), None)
------------------------------------------------------------
------------------------------Current Architecture [55]------------------------------
0. (Mix(5x1_DilatedConv, 0.293), None)
1. (Mix(Zero, 0.412), None)
2. (Mix(Zero, 0.517), None)
------------------------------------------------------------
------------------------------Current Architecture [56]------------------------------
0. (Mix(5x1_DilatedConv, 0.278), None)
1. (Mix(Zero, 0.475), None)
2. (Mix(Zero, 0.517), None)
------------------------------------------------------------
------------------------------Current Architecture [57]------------------------------
0. (Mix(5x1_DilatedConv, 0.273), None)
1. (Mix(Zero, 0.477), None)
2. (Mix(Zero, 0.517), None)
------------------------------------------------------------
------------------------------Current Architecture [58]------------------------------
0. (Mix(5x1_DilatedConv, 0.287), None)
1. (Mix(Zero, 0.477), None)
2. (Mix(Zero, 0.513), None)
------------------------------------------------------------
------------------------------Current Architecture [59]------------------------------
0. (Mix(7x1_DilatedConv, 0.319), None)
1. (Mix(Zero, 0.495), None)
2. (Mix(Zero, 0.513), None)
------------------------------------------------------------
------------------------------Current Architecture [60]------------------------------
0. (Mix(7x1_DilatedConv, 0.276), None)
1. (Mix(Zero, 0.495), None)
2. (Mix(Zero, 0.512), None)
------------------------------------------------------------
------------------------------Current Architecture [61]------------------------------
0. (Mix(5x1_DilatedConv, 0.277), None)
1. (Mix(Zero, 0.494), None)
2. (Mix(Zero, 0.511), None)
------------------------------------------------------------
------------------------------Current Architecture [62]------------------------------
0. (Mix(5x1_DilatedConv, 0.323), None)
1. (Mix(Zero, 0.494), None)
2. (Mix(Zero, 0.510), None)
------------------------------------------------------------
------------------------------Current Architecture [63]------------------------------
0. (Mix(5x1_DilatedConv, 0.280), None)
1. (Mix(Zero, 0.525), None)
2. (Mix(Zero, 0.510), None)
------------------------------------------------------------
------------------------------Current Architecture [64]------------------------------
0. (Mix(5x1_DilatedConv, 0.283), None)
1. (Mix(Zero, 0.557), None)
2. (Mix(Zero, 0.509), None)
------------------------------------------------------------
------------------------------Current Architecture [65]------------------------------
0. (Mix(5x1_DilatedConv, 0.299), None)
1. (Mix(Zero, 0.578), None)
2. (Mix(Zero, 0.518), None)
------------------------------------------------------------
------------------------------Current Architecture [66]------------------------------
0. (Mix(5x1_DilatedConv, 0.295), None)
1. (Mix(Zero, 0.580), None)
2. (Mix(Zero, 0.513), None)
------------------------------------------------------------
------------------------------Current Architecture [67]------------------------------
0. (Mix(7x1_DilatedConv, 0.287), None)
1. (Mix(Zero, 0.581), None)
2. (Mix(Zero, 0.512), None)
------------------------------------------------------------
------------------------------Current Architecture [68]------------------------------
0. (Mix(7x1_DilatedConv, 0.315), None)
1. (Mix(Zero, 0.581), None)
2. (Mix(Zero, 0.509), None)
------------------------------------------------------------
------------------------------Current Architecture [69]------------------------------
0. (Mix(7x1_DilatedConv, 0.334), None)
1. (Mix(Zero, 0.578), None)
2. (Mix(Zero, 0.507), None)
------------------------------------------------------------
------------------------------Current Architecture [70]------------------------------
0. (Mix(7x1_DilatedConv, 0.430), None)
1. (Mix(Zero, 0.577), None)
2. (Mix(Zero, 0.527), None)
------------------------------------------------------------
------------------------------Current Architecture [71]------------------------------
0. (Mix(7x1_DilatedConv, 0.417), None)
1. (Mix(Zero, 0.575), None)
2. (Mix(Zero, 0.562), None)
------------------------------------------------------------
------------------------------Current Architecture [72]------------------------------
0. (Mix(7x1_DilatedConv, 0.402), None)
1. (Mix(Zero, 0.572), None)
2. (Mix(Zero, 0.566), None)
------------------------------------------------------------
------------------------------Current Architecture [73]------------------------------
0. (Mix(7x1_DilatedConv, 0.384), None)
1. (Mix(Zero, 0.571), None)
2. (Mix(Zero, 0.565), None)
------------------------------------------------------------
------------------------------Current Architecture [74]------------------------------
0. (Mix(7x1_DilatedConv, 0.371), None)
1. (Mix(Zero, 0.569), None)
2. (Mix(Zero, 0.563), None)
------------------------------------------------------------
------------------------------Current Architecture [75]------------------------------
0. (Mix(7x1_DilatedConv, 0.360), None)
1. (Mix(Zero, 0.569), None)
2. (Mix(Zero, 0.563), None)
------------------------------------------------------------
------------------------------Current Architecture [76]------------------------------
0. (Mix(7x1_DilatedConv, 0.301), None)
1. (Mix(Zero, 0.567), None)
2. (Mix(Zero, 0.554), None)
------------------------------------------------------------
------------------------------Current Architecture [77]------------------------------
0. (Mix(7x1_DilatedConv, 0.310), None)
1. (Mix(Zero, 0.567), None)
2. (Mix(Zero, 0.554), None)
------------------------------------------------------------
------------------------------Current Architecture [78]------------------------------
0. (Mix(7x1_DilatedConv, 0.329), None)
1. (Mix(Zero, 0.566), None)
2. (Mix(Zero, 0.560), None)
------------------------------------------------------------
------------------------------Current Architecture [79]------------------------------
0. (Mix(7x1_DilatedConv, 0.348), None)
1. (Mix(Zero, 0.566), None)
2. (Mix(Zero, 0.561), None)
------------------------------------------------------------
------------------------------Current Architecture [80]------------------------------
0. (Mix(7x1_DilatedConv, 0.449), None)
1. (Mix(Zero, 0.570), None)
2. (Mix(Zero, 0.560), None)
------------------------------------------------------------
------------------------------Current Architecture [81]------------------------------
0. (Mix(7x1_DilatedConv, 0.406), None)
1. (Mix(Zero, 0.569), None)
2. (Mix(Zero, 0.560), None)
------------------------------------------------------------
------------------------------Current Architecture [82]------------------------------
0. (Mix(7x1_DilatedConv, 0.404), None)
1. (Mix(Zero, 0.572), None)
2. (Mix(Zero, 0.560), None)
------------------------------------------------------------
------------------------------Current Architecture [83]------------------------------
0. (Mix(7x1_DilatedConv, 0.403), None)
1. (Mix(Zero, 0.571), None)
2. (Mix(Zero, 0.560), None)
------------------------------------------------------------
------------------------------Current Architecture [84]------------------------------
0. (Mix(7x1_DilatedConv, 0.360), None)
1. (Mix(Zero, 0.569), None)
2. (Mix(Zero, 0.558), None)
------------------------------------------------------------
------------------------------Current Architecture [85]------------------------------
0. (Mix(7x1_DilatedConv, 0.371), None)
1. (Mix(Zero, 0.571), None)
2. (Mix(Zero, 0.556), None)
------------------------------------------------------------
------------------------------Current Architecture [86]------------------------------
0. (Mix(7x1_DilatedConv, 0.457), None)
1. (Mix(Zero, 0.574), None)
2. (Mix(Zero, 0.555), None)
------------------------------------------------------------
------------------------------Current Architecture [87]------------------------------
0. (Mix(7x1_DilatedConv, 0.459), None)
1. (Mix(Zero, 0.577), None)
2. (Mix(Zero, 0.554), None)
------------------------------------------------------------
------------------------------Current Architecture [88]------------------------------
0. (Mix(7x1_DilatedConv, 0.499), None)
1. (Mix(Zero, 0.585), None)
2. (Mix(Zero, 0.553), None)
------------------------------------------------------------
------------------------------Current Architecture [89]------------------------------
0. (Mix(7x1_DilatedConv, 0.495), None)
1. (Mix(Zero, 0.587), None)
2. (Mix(Zero, 0.583), None)
------------------------------------------------------------
------------------------------Current Architecture [90]------------------------------
0. (Mix(7x1_DilatedConv, 0.477), None)
1. (Mix(Zero, 0.586), None)
2. (Mix(Zero, 0.588), None)
------------------------------------------------------------
------------------------------Current Architecture [91]------------------------------
0. (Mix(7x1_DilatedConv, 0.480), None)
1. (Mix(Zero, 0.586), None)
2. (Mix(Zero, 0.591), None)
------------------------------------------------------------
------------------------------Current Architecture [92]------------------------------
0. (Mix(7x1_DilatedConv, 0.479), None)
1. (Mix(Zero, 0.585), None)
2. (Mix(Zero, 0.590), None)
------------------------------------------------------------
------------------------------Current Architecture [93]------------------------------
0. (Mix(7x1_DilatedConv, 0.472), None)
1. (Mix(Zero, 0.583), None)
2. (Mix(Zero, 0.589), None)
------------------------------------------------------------
------------------------------Current Architecture [94]------------------------------
0. (Mix(7x1_DilatedConv, 0.467), None)
1. (Mix(Zero, 0.582), None)
2. (Mix(Zero, 0.588), None)
------------------------------------------------------------
------------------------------Current Architecture [95]------------------------------
0. (Mix(7x1_DilatedConv, 0.458), None)
1. (Mix(Zero, 0.581), None)
2. (Mix(Zero, 0.584), None)
------------------------------------------------------------
------------------------------Current Architecture [96]------------------------------
0. (Mix(7x1_DilatedConv, 0.454), None)
1. (Mix(Zero, 0.581), None)
2. (Mix(Zero, 0.583), None)
------------------------------------------------------------
------------------------------Current Architecture [97]------------------------------
0. (Mix(7x1_DilatedConv, 0.445), None)
1. (Mix(Zero, 0.598), None)
2. (Mix(Zero, 0.583), None)
------------------------------------------------------------
------------------------------Current Architecture [98]------------------------------
0. (Mix(7x1_DilatedConv, 0.412), None)
1. (Mix(Zero, 0.601), None)
2. (Mix(Zero, 0.578), None)
------------------------------------------------------------
------------------------------Current Architecture [99]------------------------------
0. (Mix(7x1_DilatedConv, 0.431), None)
1. (Mix(Zero, 0.603), None)
2. (Mix(Zero, 0.575), None)
------------------------------------------------------------
------------------------------Current Architecture [100]------------------------------
0. (Mix(7x1_DilatedConv, 0.441), None)
1. (Mix(Zero, 0.603), None)
2. (Mix(Zero, 0.574), None)
------------------------------------------------------------
