------------------------------Current Architecture [1]------------------------------
0. (Mix(7x1_Conv, 0.125), None)
1. (Mix(3x1_Conv, 0.111), None)
2. (Mix(7x1_DilatedConv, 0.111), None)
------------------------------------------------------------
------------------------------Current Architecture [2]------------------------------
0. (Mix(9x1_DilatedConv, 0.150), None)
1. (Mix(5x1_Conv, 0.143), None)
2. (Mix(7x1_Conv, 0.125), None)
------------------------------------------------------------
------------------------------Current Architecture [3]------------------------------
0. (Mix(9x1_DilatedConv, 0.193), None)
1. (Mix(5x1_Conv, 0.150), None)
2. (Mix(7x1_Conv, 0.158), None)
------------------------------------------------------------
------------------------------Current Architecture [4]------------------------------
0. (Mix(9x1_DilatedConv, 0.224), None)
1. (Mix(5x1_Conv, 0.171), None)
2. (Mix(5x1_DilatedConv, 0.143), None)
------------------------------------------------------------
------------------------------Current Architecture [5]------------------------------
0. (Mix(5x1_DilatedConv, 0.189), None)
1. (Mix(5x1_Conv, 0.174), None)
2. (Mix(5x1_DilatedConv, 0.154), None)
------------------------------------------------------------
------------------------------Current Architecture [6]------------------------------
0. (Mix(5x1_DilatedConv, 0.201), None)
1. (Mix(5x1_Conv, 0.177), None)
2. (Mix(5x1_DilatedConv, 0.174), None)
------------------------------------------------------------
------------------------------Current Architecture [7]------------------------------
0. (Mix(9x1_Conv, 0.176), None)
1. (Mix(5x1_Conv, 0.180), None)
2. (Mix(5x1_DilatedConv, 0.185), None)
------------------------------------------------------------
------------------------------Current Architecture [8]------------------------------
0. (Mix(9x1_Conv, 0.168), None)
1. (Mix(5x1_Conv, 0.178), None)
2. (Mix(9x1_Conv, 0.145), None)
------------------------------------------------------------
------------------------------Current Architecture [9]------------------------------
0. (Mix(9x1_Conv, 0.170), None)
1. (Mix(5x1_Conv, 0.212), None)
2. (Mix(5x1_DilatedConv, 0.168), None)
------------------------------------------------------------
------------------------------Current Architecture [10]------------------------------
0. (Mix(5x1_DilatedConv, 0.179), None)
1. (Mix(5x1_Conv, 0.210), None)
2. (Mix(9x1_Conv, 0.170), None)
------------------------------------------------------------
------------------------------Current Architecture [11]------------------------------
0. (Mix(9x1_DilatedConv, 0.232), None)
1. (Mix(5x1_Conv, 0.208), None)
2. (Mix(5x1_DilatedConv, 0.204), None)
------------------------------------------------------------
------------------------------Current Architecture [12]------------------------------
0. (Mix(9x1_DilatedConv, 0.202), None)
1. (Mix(5x1_Conv, 0.206), None)
2. (Mix(5x1_DilatedConv, 0.181), None)
------------------------------------------------------------
------------------------------Current Architecture [13]------------------------------
0. (Mix(9x1_DilatedConv, 0.187), None)
1. (Mix(5x1_Conv, 0.205), None)
2. (Mix(5x1_DilatedConv, 0.197), None)
------------------------------------------------------------
------------------------------Current Architecture [14]------------------------------
0. (Mix(9x1_DilatedConv, 0.215), None)
1. (Mix(5x1_Conv, 0.209), None)
2. (Mix(5x1_DilatedConv, 0.199), None)
------------------------------------------------------------
------------------------------Current Architecture [15]------------------------------
0. (Mix(9x1_DilatedConv, 0.221), None)
1. (Mix(5x1_Conv, 0.197), None)
2. (Mix(5x1_DilatedConv, 0.176), None)
------------------------------------------------------------
------------------------------Current Architecture [16]------------------------------
0. (Mix(9x1_DilatedConv, 0.229), None)
1. (Mix(5x1_Conv, 0.187), None)
2. (Mix(Zero, 0.174), None)
------------------------------------------------------------
------------------------------Current Architecture [17]------------------------------
0. (Mix(9x1_DilatedConv, 0.204), None)
1. (Mix(5x1_Conv, 0.184), None)
2. (Mix(3x1_DilatedConv, 0.206), None)
------------------------------------------------------------
------------------------------Current Architecture [18]------------------------------
0. (Mix(9x1_DilatedConv, 0.196), None)
1. (Mix(5x1_Conv, 0.215), None)
2. (Mix(3x1_DilatedConv, 0.224), None)
------------------------------------------------------------
------------------------------Current Architecture [19]------------------------------
0. (Mix(9x1_DilatedConv, 0.205), None)
1. (Mix(5x1_Conv, 0.220), None)
2. (Mix(3x1_DilatedConv, 0.195), None)
------------------------------------------------------------
------------------------------Current Architecture [20]------------------------------
0. (Mix(9x1_Conv, 0.221), None)
1. (Mix(5x1_Conv, 0.229), None)
2. (Mix(Zero, 0.207), None)
------------------------------------------------------------
------------------------------Current Architecture [21]------------------------------
0. (Mix(9x1_Conv, 0.262), None)
1. (Mix(5x1_Conv, 0.224), None)
2. (Mix(Zero, 0.206), None)
------------------------------------------------------------
------------------------------Current Architecture [22]------------------------------
0. (Mix(9x1_Conv, 0.267), None)
1. (Mix(5x1_Conv, 0.237), None)
2. (Mix(Zero, 0.210), None)
------------------------------------------------------------
------------------------------Current Architecture [23]------------------------------
0. (Mix(9x1_Conv, 0.275), None)
1. (Mix(Zero, 0.215), None)
2. (Mix(Zero, 0.213), None)
------------------------------------------------------------
------------------------------Current Architecture [24]------------------------------
0. (Mix(7x1_DilatedConv, 0.247), None)
1. (Mix(Zero, 0.249), None)
2. (Mix(Zero, 0.213), None)
------------------------------------------------------------
------------------------------Current Architecture [25]------------------------------
0. (Mix(7x1_DilatedConv, 0.228), None)
1. (Mix(Zero, 0.248), None)
2. (Mix(Zero, 0.213), None)
------------------------------------------------------------
------------------------------Current Architecture [26]------------------------------
0. (Mix(9x1_Conv, 0.280), None)
1. (Mix(Zero, 0.294), None)
2. (Mix(Zero, 0.208), None)
------------------------------------------------------------
------------------------------Current Architecture [27]------------------------------
0. (Mix(7x1_DilatedConv, 0.359), None)
1. (Mix(Zero, 0.292), None)
2. (Mix(Zero, 0.206), None)
------------------------------------------------------------
------------------------------Current Architecture [28]------------------------------
0. (Mix(7x1_DilatedConv, 0.337), None)
1. (Mix(Zero, 0.289), None)
2. (Mix(Zero, 0.205), None)
------------------------------------------------------------
------------------------------Current Architecture [29]------------------------------
0. (Mix(7x1_DilatedConv, 0.344), None)
1. (Mix(Zero, 0.289), None)
2. (Mix(Zero, 0.251), None)
------------------------------------------------------------
------------------------------Current Architecture [30]------------------------------
0. (Mix(7x1_DilatedConv, 0.341), None)
1. (Mix(Zero, 0.289), None)
2. (Mix(Zero, 0.269), None)
------------------------------------------------------------
------------------------------Current Architecture [31]------------------------------
0. (Mix(7x1_DilatedConv, 0.335), None)
1. (Mix(Zero, 0.284), None)
2. (Mix(Zero, 0.345), None)
------------------------------------------------------------
------------------------------Current Architecture [32]------------------------------
0. (Mix(7x1_DilatedConv, 0.352), None)
1. (Mix(Zero, 0.277), None)
2. (Mix(Zero, 0.343), None)
------------------------------------------------------------
------------------------------Current Architecture [33]------------------------------
0. (Mix(7x1_DilatedConv, 0.350), None)
1. (Mix(Zero, 0.272), None)
2. (Mix(Zero, 0.337), None)
------------------------------------------------------------
------------------------------Current Architecture [34]------------------------------
0. (Mix(7x1_DilatedConv, 0.336), None)
1. (Mix(Zero, 0.269), None)
2. (Mix(Zero, 0.333), None)
------------------------------------------------------------
------------------------------Current Architecture [35]------------------------------
0. (Mix(7x1_DilatedConv, 0.373), None)
1. (Mix(Zero, 0.267), None)
2. (Mix(Zero, 0.328), None)
------------------------------------------------------------
------------------------------Current Architecture [36]------------------------------
0. (Mix(7x1_DilatedConv, 0.383), None)
1. (Mix(Zero, 0.265), None)
2. (Mix(Zero, 0.358), None)
------------------------------------------------------------
------------------------------Current Architecture [37]------------------------------
0. (Mix(7x1_DilatedConv, 0.369), None)
1. (Mix(Zero, 0.259), None)
2. (Mix(Zero, 0.356), None)
------------------------------------------------------------
------------------------------Current Architecture [38]------------------------------
0. (Mix(7x1_DilatedConv, 0.370), None)
1. (Mix(Zero, 0.246), None)
2. (Mix(Zero, 0.356), None)
------------------------------------------------------------
------------------------------Current Architecture [39]------------------------------
0. (Mix(7x1_DilatedConv, 0.412), None)
1. (Mix(Zero, 0.238), None)
2. (Mix(Zero, 0.356), None)
------------------------------------------------------------
------------------------------Current Architecture [40]------------------------------
0. (Mix(7x1_DilatedConv, 0.407), None)
1. (Mix(Zero, 0.236), None)
2. (Mix(Zero, 0.347), None)
------------------------------------------------------------
------------------------------Current Architecture [41]------------------------------
0. (Mix(7x1_DilatedConv, 0.402), None)
1. (Mix(Zero, 0.238), None)
2. (Mix(Zero, 0.347), None)
------------------------------------------------------------
------------------------------Current Architecture [42]------------------------------
0. (Mix(7x1_DilatedConv, 0.343), None)
1. (Mix(Zero, 0.230), None)
2. (Mix(Zero, 0.346), None)
------------------------------------------------------------
------------------------------Current Architecture [43]------------------------------
0. (Mix(7x1_DilatedConv, 0.276), None)
1. (Mix(Zero, 0.224), None)
2. (Mix(Zero, 0.346), None)
------------------------------------------------------------
------------------------------Current Architecture [44]------------------------------
0. (Mix(7x1_DilatedConv, 0.305), None)
1. (Mix(Zero, 0.233), None)
2. (Mix(Zero, 0.350), None)
------------------------------------------------------------
------------------------------Current Architecture [45]------------------------------
0. (Mix(7x1_DilatedConv, 0.280), None)
1. (Mix(Zero, 0.237), None)
2. (Mix(Zero, 0.347), None)
------------------------------------------------------------
------------------------------Current Architecture [46]------------------------------
0. (Mix(7x1_DilatedConv, 0.265), None)
1. (Mix(Zero, 0.239), None)
2. (Mix(Zero, 0.388), None)
------------------------------------------------------------
------------------------------Current Architecture [47]------------------------------
0. (Mix(7x1_DilatedConv, 0.253), None)
1. (Mix(Zero, 0.238), None)
2. (Mix(Zero, 0.432), None)
------------------------------------------------------------
------------------------------Current Architecture [48]------------------------------
0. (Mix(7x1_DilatedConv, 0.283), None)
1. (Mix(Zero, 0.260), None)
2. (Mix(Zero, 0.443), None)
------------------------------------------------------------
------------------------------Current Architecture [49]------------------------------
0. (Mix(7x1_DilatedConv, 0.306), None)
1. (Mix(Zero, 0.260), None)
2. (Mix(Zero, 0.443), None)
------------------------------------------------------------
------------------------------Current Architecture [50]------------------------------
0. (Mix(7x1_DilatedConv, 0.292), None)
1. (Mix(Zero, 0.252), None)
2. (Mix(Zero, 0.450), None)
------------------------------------------------------------
------------------------------Current Architecture [51]------------------------------
0. (Mix(7x1_DilatedConv, 0.308), None)
1. (Mix(Zero, 0.261), None)
2. (Mix(Zero, 0.449), None)
------------------------------------------------------------
------------------------------Current Architecture [52]------------------------------
0. (Mix(7x1_DilatedConv, 0.282), None)
1. (Mix(Zero, 0.261), None)
2. (Mix(Zero, 0.448), None)
------------------------------------------------------------
------------------------------Current Architecture [53]------------------------------
0. (Mix(7x1_DilatedConv, 0.275), None)
1. (Mix(Zero, 0.324), None)
2. (Mix(Zero, 0.446), None)
------------------------------------------------------------
------------------------------Current Architecture [54]------------------------------
0. (Mix(7x1_DilatedConv, 0.298), None)
1. (Mix(Zero, 0.326), None)
2. (Mix(Zero, 0.445), None)
------------------------------------------------------------
------------------------------Current Architecture [55]------------------------------
0. (Mix(7x1_DilatedConv, 0.345), None)
1. (Mix(Zero, 0.364), None)
2. (Mix(Zero, 0.465), None)
------------------------------------------------------------
------------------------------Current Architecture [56]------------------------------
0. (Mix(7x1_DilatedConv, 0.335), None)
1. (Mix(Zero, 0.365), None)
2. (Mix(Zero, 0.546), None)
------------------------------------------------------------
------------------------------Current Architecture [57]------------------------------
0. (Mix(7x1_DilatedConv, 0.350), None)
1. (Mix(Zero, 0.361), None)
2. (Mix(Zero, 0.548), None)
------------------------------------------------------------
------------------------------Current Architecture [58]------------------------------
0. (Mix(7x1_DilatedConv, 0.345), None)
1. (Mix(Zero, 0.361), None)
2. (Mix(Zero, 0.547), None)
------------------------------------------------------------
------------------------------Current Architecture [59]------------------------------
0. (Mix(7x1_DilatedConv, 0.341), None)
1. (Mix(Zero, 0.357), None)
2. (Mix(Zero, 0.560), None)
------------------------------------------------------------
------------------------------Current Architecture [60]------------------------------
0. (Mix(7x1_DilatedConv, 0.330), None)
1. (Mix(Zero, 0.357), None)
2. (Mix(Zero, 0.562), None)
------------------------------------------------------------
------------------------------Current Architecture [61]------------------------------
0. (Mix(7x1_DilatedConv, 0.336), None)
1. (Mix(Zero, 0.419), None)
2. (Mix(Zero, 0.580), None)
------------------------------------------------------------
------------------------------Current Architecture [62]------------------------------
0. (Mix(7x1_DilatedConv, 0.417), None)
1. (Mix(Zero, 0.452), None)
2. (Mix(Zero, 0.584), None)
------------------------------------------------------------
------------------------------Current Architecture [63]------------------------------
0. (Mix(7x1_DilatedConv, 0.346), None)
1. (Mix(Zero, 0.442), None)
2. (Mix(Zero, 0.585), None)
------------------------------------------------------------
------------------------------Current Architecture [64]------------------------------
0. (Mix(7x1_DilatedConv, 0.325), None)
1. (Mix(Zero, 0.428), None)
2. (Mix(Zero, 0.584), None)
------------------------------------------------------------
------------------------------Current Architecture [65]------------------------------
0. (Mix(5x1_DilatedConv, 0.317), None)
1. (Mix(Zero, 0.438), None)
2. (Mix(Zero, 0.586), None)
------------------------------------------------------------
------------------------------Current Architecture [66]------------------------------
0. (Mix(5x1_DilatedConv, 0.356), None)
1. (Mix(Zero, 0.445), None)
2. (Mix(Zero, 0.586), None)
------------------------------------------------------------
------------------------------Current Architecture [67]------------------------------
0. (Mix(5x1_DilatedConv, 0.365), None)
1. (Mix(Zero, 0.442), None)
2. (Mix(Zero, 0.588), None)
------------------------------------------------------------
------------------------------Current Architecture [68]------------------------------
0. (Mix(5x1_DilatedConv, 0.352), None)
1. (Mix(Zero, 0.440), None)
2. (Mix(Zero, 0.587), None)
------------------------------------------------------------
------------------------------Current Architecture [69]------------------------------
0. (Mix(5x1_DilatedConv, 0.332), None)
1. (Mix(Zero, 0.441), None)
2. (Mix(Zero, 0.586), None)
------------------------------------------------------------
------------------------------Current Architecture [70]------------------------------
0. (Mix(5x1_DilatedConv, 0.336), None)
1. (Mix(Zero, 0.454), None)
2. (Mix(Zero, 0.585), None)
------------------------------------------------------------
------------------------------Current Architecture [71]------------------------------
0. (Mix(5x1_DilatedConv, 0.362), None)
1. (Mix(Zero, 0.507), None)
2. (Mix(Zero, 0.584), None)
------------------------------------------------------------
------------------------------Current Architecture [72]------------------------------
0. (Mix(5x1_DilatedConv, 0.383), None)
1. (Mix(Zero, 0.535), None)
2. (Mix(Zero, 0.599), None)
------------------------------------------------------------
------------------------------Current Architecture [73]------------------------------
0. (Mix(5x1_DilatedConv, 0.405), None)
1. (Mix(Zero, 0.547), None)
2. (Mix(Zero, 0.599), None)
------------------------------------------------------------
------------------------------Current Architecture [74]------------------------------
0. (Mix(5x1_DilatedConv, 0.423), None)
1. (Mix(Zero, 0.549), None)
2. (Mix(Zero, 0.609), None)
------------------------------------------------------------
------------------------------Current Architecture [75]------------------------------
0. (Mix(5x1_DilatedConv, 0.403), None)
1. (Mix(Zero, 0.554), None)
2. (Mix(Zero, 0.609), None)
------------------------------------------------------------
------------------------------Current Architecture [76]------------------------------
0. (Mix(5x1_DilatedConv, 0.430), None)
1. (Mix(Zero, 0.555), None)
2. (Mix(Zero, 0.611), None)
------------------------------------------------------------
------------------------------Current Architecture [77]------------------------------
0. (Mix(5x1_DilatedConv, 0.425), None)
1. (Mix(Zero, 0.555), None)
2. (Mix(Zero, 0.613), None)
------------------------------------------------------------
------------------------------Current Architecture [78]------------------------------
0. (Mix(5x1_DilatedConv, 0.464), None)
1. (Mix(Zero, 0.552), None)
2. (Mix(Zero, 0.613), None)
------------------------------------------------------------
------------------------------Current Architecture [79]------------------------------
0. (Mix(5x1_DilatedConv, 0.406), None)
1. (Mix(Zero, 0.550), None)
2. (Mix(Zero, 0.612), None)
------------------------------------------------------------
------------------------------Current Architecture [80]------------------------------
0. (Mix(5x1_DilatedConv, 0.456), None)
1. (Mix(Zero, 0.548), None)
2. (Mix(Zero, 0.607), None)
------------------------------------------------------------
------------------------------Current Architecture [81]------------------------------
0. (Mix(5x1_DilatedConv, 0.436), None)
1. (Mix(Zero, 0.548), None)
2. (Mix(Zero, 0.622), None)
------------------------------------------------------------
------------------------------Current Architecture [82]------------------------------
0. (Mix(5x1_DilatedConv, 0.451), None)
1. (Mix(Zero, 0.594), None)
2. (Mix(Zero, 0.623), None)
------------------------------------------------------------
------------------------------Current Architecture [83]------------------------------
0. (Mix(5x1_DilatedConv, 0.437), None)
1. (Mix(Zero, 0.598), None)
2. (Mix(Zero, 0.623), None)
------------------------------------------------------------
------------------------------Current Architecture [84]------------------------------
0. (Mix(5x1_DilatedConv, 0.444), None)
1. (Mix(Zero, 0.590), None)
2. (Mix(Zero, 0.621), None)
------------------------------------------------------------
------------------------------Current Architecture [85]------------------------------
0. (Mix(5x1_DilatedConv, 0.429), None)
1. (Mix(Zero, 0.586), None)
2. (Mix(Zero, 0.621), None)
------------------------------------------------------------
------------------------------Current Architecture [86]------------------------------
0. (Mix(5x1_DilatedConv, 0.413), None)
1. (Mix(Zero, 0.586), None)
2. (Mix(Zero, 0.619), None)
------------------------------------------------------------
------------------------------Current Architecture [87]------------------------------
0. (Mix(5x1_DilatedConv, 0.467), None)
1. (Mix(Zero, 0.583), None)
2. (Mix(Zero, 0.617), None)
------------------------------------------------------------
------------------------------Current Architecture [88]------------------------------
0. (Mix(5x1_DilatedConv, 0.456), None)
1. (Mix(Zero, 0.579), None)
2. (Mix(Zero, 0.615), None)
------------------------------------------------------------
------------------------------Current Architecture [89]------------------------------
0. (Mix(5x1_DilatedConv, 0.446), None)
1. (Mix(Zero, 0.572), None)
2. (Mix(Zero, 0.615), None)
------------------------------------------------------------
------------------------------Current Architecture [90]------------------------------
0. (Mix(5x1_DilatedConv, 0.511), None)
1. (Mix(Zero, 0.587), None)
2. (Mix(Zero, 0.615), None)
------------------------------------------------------------
------------------------------Current Architecture [91]------------------------------
0. (Mix(5x1_DilatedConv, 0.470), None)
1. (Mix(Zero, 0.587), None)
2. (Mix(Zero, 0.613), None)
------------------------------------------------------------
------------------------------Current Architecture [92]------------------------------
0. (Mix(5x1_DilatedConv, 0.478), None)
1. (Mix(Zero, 0.592), None)
2. (Mix(Zero, 0.614), None)
------------------------------------------------------------
------------------------------Current Architecture [93]------------------------------
0. (Mix(5x1_DilatedConv, 0.493), None)
1. (Mix(Zero, 0.592), None)
2. (Mix(Zero, 0.613), None)
------------------------------------------------------------
------------------------------Current Architecture [94]------------------------------
0. (Mix(5x1_DilatedConv, 0.471), None)
1. (Mix(Zero, 0.595), None)
2. (Mix(Zero, 0.617), None)
------------------------------------------------------------
------------------------------Current Architecture [95]------------------------------
0. (Mix(5x1_DilatedConv, 0.496), None)
1. (Mix(Zero, 0.592), None)
2. (Mix(Zero, 0.618), None)
------------------------------------------------------------
------------------------------Current Architecture [96]------------------------------
0. (Mix(5x1_DilatedConv, 0.510), None)
1. (Mix(Zero, 0.600), None)
2. (Mix(Zero, 0.618), None)
------------------------------------------------------------
------------------------------Current Architecture [97]------------------------------
0. (Mix(5x1_DilatedConv, 0.544), None)
1. (Mix(Zero, 0.609), None)
2. (Mix(Zero, 0.617), None)
------------------------------------------------------------
------------------------------Current Architecture [98]------------------------------
0. (Mix(5x1_DilatedConv, 0.539), None)
1. (Mix(Zero, 0.619), None)
2. (Mix(Zero, 0.614), None)
------------------------------------------------------------
------------------------------Current Architecture [99]------------------------------
0. (Mix(5x1_DilatedConv, 0.555), None)
1. (Mix(Zero, 0.621), None)
2. (Mix(Zero, 0.628), None)
------------------------------------------------------------
------------------------------Current Architecture [100]------------------------------
0. (Mix(5x1_DilatedConv, 0.559), None)
1. (Mix(Zero, 0.621), None)
2. (Mix(Zero, 0.632), None)
------------------------------------------------------------
