------------------------------Current Architecture [1]------------------------------
0. (Mix(7x1_Conv, 0.125), None)
1. (Mix(3x1_Conv, 0.111), None)
2. (Mix(7x1_DilatedConv, 0.111), None)
------------------------------------------------------------
------------------------------Current Architecture [2]------------------------------
0. (Mix(5x1_DilatedConv, 0.140), None)
1. (Mix(5x1_DilatedConv, 0.133), None)
2. (Mix(7x1_DilatedConv, 0.129), None)
------------------------------------------------------------
------------------------------Current Architecture [3]------------------------------
0. (Mix(5x1_DilatedConv, 0.154), None)
1. (Mix(5x1_DilatedConv, 0.137), None)
2. (Mix(Zero, 0.134), None)
------------------------------------------------------------
------------------------------Current Architecture [4]------------------------------
0. (Mix(3x1_Conv, 0.181), None)
1. (Mix(3x1_DilatedConv, 0.138), None)
2. (Mix(Zero, 0.136), None)
------------------------------------------------------------
------------------------------Current Architecture [5]------------------------------
0. (Mix(5x1_DilatedConv, 0.186), None)
1. (Mix(5x1_DilatedConv, 0.158), None)
2. (Mix(Zero, 0.135), None)
------------------------------------------------------------
------------------------------Current Architecture [6]------------------------------
0. (Mix(3x1_Conv, 0.210), None)
1. (Mix(5x1_DilatedConv, 0.180), None)
2. (Mix(Zero, 0.205), None)
------------------------------------------------------------
------------------------------Current Architecture [7]------------------------------
0. (Mix(3x1_Conv, 0.231), None)
1. (Mix(Zero, 0.159), None)
2. (Mix(Zero, 0.220), None)
------------------------------------------------------------
------------------------------Current Architecture [8]------------------------------
0. (Mix(3x1_Conv, 0.248), None)
1. (Mix(Zero, 0.166), None)
2. (Mix(Zero, 0.222), None)
------------------------------------------------------------
------------------------------Current Architecture [9]------------------------------
0. (Mix(3x1_Conv, 0.239), None)
1. (Mix(Zero, 0.166), None)
2. (Mix(Zero, 0.222), None)
------------------------------------------------------------
------------------------------Current Architecture [10]------------------------------
0. (Mix(5x1_DilatedConv, 0.237), None)
1. (Mix(Zero, 0.166), None)
2. (Mix(Zero, 0.222), None)
------------------------------------------------------------
------------------------------Current Architecture [11]------------------------------
0. (Mix(5x1_DilatedConv, 0.241), None)
1. (Mix(3x1_Conv, 0.172), None)
2. (Mix(Zero, 0.220), None)
------------------------------------------------------------
------------------------------Current Architecture [12]------------------------------
0. (Mix(3x1_Conv, 0.277), None)
1. (Mix(Zero, 0.167), None)
2. (Mix(Zero, 0.219), None)
------------------------------------------------------------
------------------------------Current Architecture [13]------------------------------
0. (Mix(3x1_Conv, 0.231), None)
1. (Mix(3x1_DilatedConv, 0.182), None)
2. (Mix(Zero, 0.218), None)
------------------------------------------------------------
------------------------------Current Architecture [14]------------------------------
0. (Mix(5x1_DilatedConv, 0.257), None)
1. (Mix(Zero, 0.199), None)
2. (Mix(Zero, 0.237), None)
------------------------------------------------------------
------------------------------Current Architecture [15]------------------------------
0. (Mix(5x1_DilatedConv, 0.341), None)
1. (Mix(Zero, 0.199), None)
2. (Mix(Zero, 0.268), None)
------------------------------------------------------------
------------------------------Current Architecture [16]------------------------------
0. (Mix(5x1_DilatedConv, 0.373), None)
1. (Mix(Zero, 0.203), None)
2. (Mix(Zero, 0.276), None)
------------------------------------------------------------
------------------------------Current Architecture [17]------------------------------
0. (Mix(5x1_DilatedConv, 0.418), None)
1. (Mix(Zero, 0.207), None)
2. (Mix(Zero, 0.296), None)
------------------------------------------------------------
------------------------------Current Architecture [18]------------------------------
0. (Mix(5x1_DilatedConv, 0.430), None)
1. (Mix(3x1_DilatedConv, 0.210), None)
2. (Mix(Zero, 0.356), None)
------------------------------------------------------------
------------------------------Current Architecture [19]------------------------------
0. (Mix(5x1_DilatedConv, 0.427), None)
1. (Mix(3x1_DilatedConv, 0.249), None)
2. (Mix(Zero, 0.367), None)
------------------------------------------------------------
------------------------------Current Architecture [20]------------------------------
0. (Mix(5x1_DilatedConv, 0.472), None)
1. (Mix(3x1_DilatedConv, 0.255), None)
2. (Mix(Zero, 0.369), None)
------------------------------------------------------------
------------------------------Current Architecture [21]------------------------------
0. (Mix(5x1_DilatedConv, 0.487), None)
1. (Mix(Zero, 0.242), None)
2. (Mix(Zero, 0.433), None)
------------------------------------------------------------
------------------------------Current Architecture [22]------------------------------
0. (Mix(5x1_DilatedConv, 0.493), None)
1. (Mix(Zero, 0.249), None)
2. (Mix(Zero, 0.452), None)
------------------------------------------------------------
------------------------------Current Architecture [23]------------------------------
0. (Mix(5x1_DilatedConv, 0.546), None)
1. (Mix(Zero, 0.250), None)
2. (Mix(Zero, 0.483), None)
------------------------------------------------------------
------------------------------Current Architecture [24]------------------------------
0. (Mix(5x1_DilatedConv, 0.561), None)
1. (Mix(Zero, 0.248), None)
2. (Mix(Zero, 0.518), None)
------------------------------------------------------------
------------------------------Current Architecture [25]------------------------------
0. (Mix(5x1_DilatedConv, 0.571), None)
1. (Mix(Zero, 0.249), None)
2. (Mix(Zero, 0.540), None)
------------------------------------------------------------
------------------------------Current Architecture [26]------------------------------
0. (Mix(5x1_DilatedConv, 0.587), None)
1. (Mix(Zero, 0.269), None)
2. (Mix(Zero, 0.549), None)
------------------------------------------------------------
------------------------------Current Architecture [27]------------------------------
0. (Mix(5x1_DilatedConv, 0.608), None)
1. (Mix(Zero, 0.340), None)
2. (Mix(Zero, 0.570), None)
------------------------------------------------------------
------------------------------Current Architecture [28]------------------------------
0. (Mix(5x1_DilatedConv, 0.638), None)
1. (Mix(Zero, 0.362), None)
2. (Mix(Zero, 0.574), None)
------------------------------------------------------------
------------------------------Current Architecture [29]------------------------------
0. (Mix(5x1_DilatedConv, 0.633), None)
1. (Mix(Zero, 0.371), None)
2. (Mix(Zero, 0.573), None)
------------------------------------------------------------
------------------------------Current Architecture [30]------------------------------
0. (Mix(5x1_DilatedConv, 0.635), None)
1. (Mix(Zero, 0.440), None)
2. (Mix(Zero, 0.580), None)
------------------------------------------------------------
------------------------------Current Architecture [31]------------------------------
0. (Mix(5x1_DilatedConv, 0.640), None)
1. (Mix(Zero, 0.447), None)
2. (Mix(Zero, 0.593), None)
------------------------------------------------------------
------------------------------Current Architecture [32]------------------------------
0. (Mix(5x1_DilatedConv, 0.636), None)
1. (Mix(Zero, 0.453), None)
2. (Mix(Zero, 0.602), None)
------------------------------------------------------------
------------------------------Current Architecture [33]------------------------------
0. (Mix(5x1_DilatedConv, 0.620), None)
1. (Mix(Zero, 0.455), None)
2. (Mix(Zero, 0.604), None)
------------------------------------------------------------
------------------------------Current Architecture [34]------------------------------
0. (Mix(5x1_DilatedConv, 0.624), None)
1. (Mix(Zero, 0.452), None)
2. (Mix(Zero, 0.608), None)
------------------------------------------------------------
------------------------------Current Architecture [35]------------------------------
0. (Mix(5x1_DilatedConv, 0.588), None)
1. (Mix(Zero, 0.455), None)
2. (Mix(Zero, 0.609), None)
------------------------------------------------------------
------------------------------Current Architecture [36]------------------------------
0. (Mix(5x1_DilatedConv, 0.604), None)
1. (Mix(Zero, 0.455), None)
2. (Mix(Zero, 0.617), None)
------------------------------------------------------------
------------------------------Current Architecture [37]------------------------------
0. (Mix(5x1_DilatedConv, 0.605), None)
1. (Mix(Zero, 0.461), None)
2. (Mix(Zero, 0.619), None)
------------------------------------------------------------
------------------------------Current Architecture [38]------------------------------
0. (Mix(5x1_DilatedConv, 0.569), None)
1. (Mix(Zero, 0.477), None)
2. (Mix(Zero, 0.619), None)
------------------------------------------------------------
------------------------------Current Architecture [39]------------------------------
0. (Mix(5x1_DilatedConv, 0.526), None)
1. (Mix(Zero, 0.499), None)
2. (Mix(Zero, 0.619), None)
------------------------------------------------------------
------------------------------Current Architecture [40]------------------------------
0. (Mix(5x1_DilatedConv, 0.521), None)
1. (Mix(Zero, 0.570), None)
2. (Mix(Zero, 0.618), None)
------------------------------------------------------------
------------------------------Current Architecture [41]------------------------------
0. (Mix(5x1_DilatedConv, 0.518), None)
1. (Mix(Zero, 0.585), None)
2. (Mix(Zero, 0.618), None)
------------------------------------------------------------
------------------------------Current Architecture [42]------------------------------
0. (Mix(5x1_DilatedConv, 0.506), None)
1. (Mix(Zero, 0.587), None)
2. (Mix(Zero, 0.618), None)
------------------------------------------------------------
------------------------------Current Architecture [43]------------------------------
0. (Mix(5x1_DilatedConv, 0.489), None)
1. (Mix(Zero, 0.588), None)
2. (Mix(Zero, 0.620), None)
------------------------------------------------------------
------------------------------Current Architecture [44]------------------------------
0. (Mix(5x1_DilatedConv, 0.543), None)
1. (Mix(Zero, 0.592), None)
2. (Mix(Zero, 0.624), None)
------------------------------------------------------------
------------------------------Current Architecture [45]------------------------------
0. (Mix(5x1_DilatedConv, 0.504), None)
1. (Mix(Zero, 0.598), None)
2. (Mix(Zero, 0.627), None)
------------------------------------------------------------
------------------------------Current Architecture [46]------------------------------
0. (Mix(5x1_DilatedConv, 0.471), None)
1. (Mix(Zero, 0.616), None)
2. (Mix(Zero, 0.627), None)
------------------------------------------------------------
------------------------------Current Architecture [47]------------------------------
0. (Mix(5x1_DilatedConv, 0.476), None)
1. (Mix(Zero, 0.629), None)
2. (Mix(Zero, 0.627), None)
------------------------------------------------------------
------------------------------Current Architecture [48]------------------------------
0. (Mix(5x1_DilatedConv, 0.504), None)
1. (Mix(Zero, 0.632), None)
2. (Mix(Zero, 0.627), None)
------------------------------------------------------------
------------------------------Current Architecture [49]------------------------------
0. (Mix(5x1_DilatedConv, 0.524), None)
1. (Mix(Zero, 0.627), None)
2. (Mix(Zero, 0.632), None)
------------------------------------------------------------
------------------------------Current Architecture [50]------------------------------
0. (Mix(5x1_DilatedConv, 0.541), None)
1. (Mix(Zero, 0.624), None)
2. (Mix(Zero, 0.638), None)
------------------------------------------------------------
------------------------------Current Architecture [51]------------------------------
0. (Mix(5x1_DilatedConv, 0.512), None)
1. (Mix(Zero, 0.627), None)
2. (Mix(Zero, 0.649), None)
------------------------------------------------------------
------------------------------Current Architecture [52]------------------------------
0. (Mix(5x1_DilatedConv, 0.531), None)
1. (Mix(Zero, 0.626), None)
2. (Mix(Zero, 0.658), None)
------------------------------------------------------------
------------------------------Current Architecture [53]------------------------------
0. (Mix(5x1_DilatedConv, 0.535), None)
1. (Mix(Zero, 0.626), None)
2. (Mix(Zero, 0.658), None)
------------------------------------------------------------
------------------------------Current Architecture [54]------------------------------
0. (Mix(5x1_DilatedConv, 0.517), None)
1. (Mix(Zero, 0.626), None)
2. (Mix(Zero, 0.660), None)
------------------------------------------------------------
------------------------------Current Architecture [55]------------------------------
0. (Mix(5x1_DilatedConv, 0.520), None)
1. (Mix(Zero, 0.624), None)
2. (Mix(Zero, 0.660), None)
------------------------------------------------------------
------------------------------Current Architecture [56]------------------------------
0. (Mix(5x1_DilatedConv, 0.496), None)
1. (Mix(Zero, 0.624), None)
2. (Mix(Zero, 0.676), None)
------------------------------------------------------------
------------------------------Current Architecture [57]------------------------------
0. (Mix(5x1_DilatedConv, 0.471), None)
1. (Mix(Zero, 0.641), None)
2. (Mix(Zero, 0.684), None)
------------------------------------------------------------
------------------------------Current Architecture [58]------------------------------
0. (Mix(5x1_DilatedConv, 0.433), None)
1. (Mix(Zero, 0.641), None)
2. (Mix(Zero, 0.689), None)
------------------------------------------------------------
------------------------------Current Architecture [59]------------------------------
0. (Mix(5x1_DilatedConv, 0.432), None)
1. (Mix(Zero, 0.647), None)
2. (Mix(Zero, 0.689), None)
------------------------------------------------------------
------------------------------Current Architecture [60]------------------------------
0. (Mix(5x1_DilatedConv, 0.383), None)
1. (Mix(Zero, 0.647), None)
2. (Mix(Zero, 0.690), None)
------------------------------------------------------------
------------------------------Current Architecture [61]------------------------------
0. (Mix(5x1_DilatedConv, 0.422), None)
1. (Mix(Zero, 0.647), None)
2. (Mix(Zero, 0.691), None)
------------------------------------------------------------
------------------------------Current Architecture [62]------------------------------
0. (Mix(5x1_DilatedConv, 0.560), None)
1. (Mix(Zero, 0.647), None)
2. (Mix(Zero, 0.692), None)
------------------------------------------------------------
------------------------------Current Architecture [63]------------------------------
0. (Mix(5x1_DilatedConv, 0.572), None)
1. (Mix(Zero, 0.671), None)
2. (Mix(Zero, 0.692), None)
------------------------------------------------------------
------------------------------Current Architecture [64]------------------------------
0. (Mix(5x1_DilatedConv, 0.522), None)
1. (Mix(Zero, 0.673), None)
2. (Mix(Zero, 0.692), None)
------------------------------------------------------------
------------------------------Current Architecture [65]------------------------------
0. (Mix(5x1_DilatedConv, 0.522), None)
1. (Mix(Zero, 0.673), None)
2. (Mix(Zero, 0.693), None)
------------------------------------------------------------
------------------------------Current Architecture [66]------------------------------
0. (Mix(5x1_DilatedConv, 0.479), None)
1. (Mix(Zero, 0.674), None)
2. (Mix(Zero, 0.693), None)
------------------------------------------------------------
------------------------------Current Architecture [67]------------------------------
0. (Mix(5x1_DilatedConv, 0.447), None)
1. (Mix(Zero, 0.675), None)
2. (Mix(Zero, 0.694), None)
------------------------------------------------------------
------------------------------Current Architecture [68]------------------------------
0. (Mix(5x1_DilatedConv, 0.381), None)
1. (Mix(Zero, 0.676), None)
2. (Mix(Zero, 0.695), None)
------------------------------------------------------------
------------------------------Current Architecture [69]------------------------------
0. (Mix(7x1_Conv, 0.403), None)
1. (Mix(Zero, 0.675), None)
2. (Mix(Zero, 0.695), None)
------------------------------------------------------------
------------------------------Current Architecture [70]------------------------------
0. (Mix(7x1_Conv, 0.510), None)
1. (Mix(Zero, 0.673), None)
2. (Mix(Zero, 0.695), None)
------------------------------------------------------------
------------------------------Current Architecture [71]------------------------------
0. (Mix(7x1_Conv, 0.543), None)
1. (Mix(Zero, 0.673), None)
2. (Mix(Zero, 0.695), None)
------------------------------------------------------------
------------------------------Current Architecture [72]------------------------------
0. (Mix(7x1_Conv, 0.560), None)
1. (Mix(Zero, 0.673), None)
2. (Mix(Zero, 0.695), None)
------------------------------------------------------------
------------------------------Current Architecture [73]------------------------------
0. (Mix(7x1_Conv, 0.539), None)
1. (Mix(Zero, 0.676), None)
2. (Mix(Zero, 0.696), None)
------------------------------------------------------------
------------------------------Current Architecture [74]------------------------------
0. (Mix(7x1_Conv, 0.553), None)
1. (Mix(Zero, 0.682), None)
2. (Mix(Zero, 0.696), None)
------------------------------------------------------------
------------------------------Current Architecture [75]------------------------------
0. (Mix(7x1_Conv, 0.554), None)
1. (Mix(Zero, 0.698), None)
2. (Mix(Zero, 0.696), None)
------------------------------------------------------------
------------------------------Current Architecture [76]------------------------------
0. (Mix(7x1_Conv, 0.509), None)
1. (Mix(Zero, 0.698), None)
2. (Mix(Zero, 0.696), None)
------------------------------------------------------------
------------------------------Current Architecture [77]------------------------------
0. (Mix(7x1_Conv, 0.510), None)
1. (Mix(Zero, 0.698), None)
2. (Mix(Zero, 0.700), None)
------------------------------------------------------------
------------------------------Current Architecture [78]------------------------------
0. (Mix(7x1_Conv, 0.537), None)
1. (Mix(Zero, 0.702), None)
2. (Mix(Zero, 0.701), None)
------------------------------------------------------------
------------------------------Current Architecture [79]------------------------------
0. (Mix(7x1_Conv, 0.579), None)
1. (Mix(Zero, 0.709), None)
2. (Mix(Zero, 0.707), None)
------------------------------------------------------------
------------------------------Current Architecture [80]------------------------------
0. (Mix(7x1_Conv, 0.553), None)
1. (Mix(Zero, 0.710), None)
2. (Mix(Zero, 0.709), None)
------------------------------------------------------------
------------------------------Current Architecture [81]------------------------------
0. (Mix(7x1_Conv, 0.537), None)
1. (Mix(Zero, 0.711), None)
2. (Mix(Zero, 0.712), None)
------------------------------------------------------------
------------------------------Current Architecture [82]------------------------------
0. (Mix(7x1_Conv, 0.508), None)
1. (Mix(Zero, 0.711), None)
2. (Mix(Zero, 0.718), None)
------------------------------------------------------------
------------------------------Current Architecture [83]------------------------------
0. (Mix(7x1_Conv, 0.491), None)
1. (Mix(Zero, 0.711), None)
2. (Mix(Zero, 0.725), None)
------------------------------------------------------------
------------------------------Current Architecture [84]------------------------------
0. (Mix(7x1_Conv, 0.595), None)
1. (Mix(Zero, 0.711), None)
2. (Mix(Zero, 0.726), None)
------------------------------------------------------------
------------------------------Current Architecture [85]------------------------------
0. (Mix(7x1_Conv, 0.559), None)
1. (Mix(Zero, 0.713), None)
2. (Mix(Zero, 0.728), None)
------------------------------------------------------------
------------------------------Current Architecture [86]------------------------------
0. (Mix(7x1_Conv, 0.479), None)
1. (Mix(Zero, 0.716), None)
2. (Mix(Zero, 0.728), None)
------------------------------------------------------------
------------------------------Current Architecture [87]------------------------------
0. (Mix(7x1_Conv, 0.464), None)
1. (Mix(Zero, 0.718), None)
2. (Mix(Zero, 0.728), None)
------------------------------------------------------------
------------------------------Current Architecture [88]------------------------------
0. (Mix(7x1_Conv, 0.354), None)
1. (Mix(Zero, 0.725), None)
2. (Mix(Zero, 0.734), None)
------------------------------------------------------------
------------------------------Current Architecture [89]------------------------------
0. (Mix(3x1_DilatedConv, 0.345), None)
1. (Mix(Zero, 0.739), None)
2. (Mix(Zero, 0.737), None)
------------------------------------------------------------
------------------------------Current Architecture [90]------------------------------
0. (Mix(3x1_DilatedConv, 0.325), None)
1. (Mix(Zero, 0.739), None)
2. (Mix(Zero, 0.743), None)
------------------------------------------------------------
------------------------------Current Architecture [91]------------------------------
0. (Mix(3x1_DilatedConv, 0.406), None)
1. (Mix(Zero, 0.743), None)
2. (Mix(Zero, 0.744), None)
------------------------------------------------------------
------------------------------Current Architecture [92]------------------------------
0. (Mix(3x1_DilatedConv, 0.411), None)
1. (Mix(Zero, 0.744), None)
2. (Mix(Zero, 0.745), None)
------------------------------------------------------------
------------------------------Current Architecture [93]------------------------------
0. (Mix(3x1_DilatedConv, 0.386), None)
1. (Mix(Zero, 0.747), None)
2. (Mix(Zero, 0.745), None)
------------------------------------------------------------
------------------------------Current Architecture [94]------------------------------
0. (Mix(3x1_DilatedConv, 0.422), None)
1. (Mix(Zero, 0.753), None)
2. (Mix(Zero, 0.745), None)
------------------------------------------------------------
------------------------------Current Architecture [95]------------------------------
0. (Mix(3x1_DilatedConv, 0.380), None)
1. (Mix(Zero, 0.758), None)
2. (Mix(Zero, 0.745), None)
------------------------------------------------------------
------------------------------Current Architecture [96]------------------------------
0. (Mix(7x1_Conv, 0.381), None)
1. (Mix(Zero, 0.761), None)
2. (Mix(Zero, 0.745), None)
------------------------------------------------------------
------------------------------Current Architecture [97]------------------------------
0. (Mix(3x1_DilatedConv, 0.386), None)
1. (Mix(Zero, 0.763), None)
2. (Mix(Zero, 0.745), None)
------------------------------------------------------------
------------------------------Current Architecture [98]------------------------------
0. (Mix(7x1_Conv, 0.411), None)
1. (Mix(Zero, 0.763), None)
2. (Mix(Zero, 0.745), None)
------------------------------------------------------------
------------------------------Current Architecture [99]------------------------------
0. (Mix(7x1_Conv, 0.403), None)
1. (Mix(Zero, 0.764), None)
2. (Mix(Zero, 0.745), None)
------------------------------------------------------------
------------------------------Current Architecture [100]------------------------------
0. (Mix(3x1_DilatedConv, 0.371), None)
1. (Mix(Zero, 0.764), None)
2. (Mix(Zero, 0.747), None)
------------------------------------------------------------
