(0.0010, 0.0090, 0.0400)	Architecture [2-4]	 Time 0.0520	 Loss 3.3596	 flops 2619989.25
(0.0010, 0.0080, 0.0180)	Architecture [2-9]	 Time 0.0290	 Loss 1.3307	 flops 1956104.25
(0.0010, 0.0090, 0.0260)	Architecture [2-14]	 Time 0.0380	 Loss 0.4428	 flops 2487467.5
(0.0010, 0.0080, 0.0110)	Architecture [2-19]	 Time 0.0210	 Loss 1.8620	 flops 1853049.5
(0.0010, 0.0080, 0.0120)	Architecture [2-24]	 Time 0.0220	 Loss 2.1300	 flops 2536700.5
(0.0010, 0.0070, 0.0500)	Architecture [2-29]	 Time 0.0580	 Loss 1.1264	 flops 2696567.0
(0.0010, 0.0080, 0.0110)	Architecture [2-34]	 Time 0.0220	 Loss 1.8849	 flops 3489823.5
(0.0010, 0.0080, 0.0190)	Architecture [2-39]	 Time 0.0280	 Loss 3.3694	 flops 2162734.25
(0.0010, 0.0080, 0.0110)	Architecture [2-44]	 Time 0.0210	 Loss 3.0635	 flops 2210804.75
(0.0020, 0.0090, 0.0110)	Architecture [3-4]	 Time 0.0230	 Loss 1.1375	 flops 1935017.375
(0.0010, 0.0080, 0.0110)	Architecture [3-9]	 Time 0.0210	 Loss 2.0060	 flops 2146627.5
(0.0010, 0.0090, 0.0150)	Architecture [3-14]	 Time 0.0260	 Loss 4.3441	 flops 3185354.0
(0.0010, 0.0090, 0.0120)	Architecture [3-19]	 Time 0.0240	 Loss 4.7265	 flops 2616926.75
(0.0010, 0.0100, 0.0120)	Architecture [3-24]	 Time 0.0240	 Loss 2.3670	 flops 2120551.75
(0.0010, 0.0080, 0.0110)	Architecture [3-29]	 Time 0.0210	 Loss 1.5914	 flops 1973014.125
(0.0010, 0.0090, 0.0100)	Architecture [3-34]	 Time 0.0210	 Loss 1.3137	 flops 2038090.625
(0.0010, 0.0090, 0.0110)	Architecture [3-39]	 Time 0.0230	 Loss 0.7378	 flops 1967881.875
(0.0010, 0.0090, 0.0120)	Architecture [3-44]	 Time 0.0240	 Loss 2.0346	 flops 2779339.0
(0.0000, 0.0090, 0.0070)	Architecture [4-4]	 Time 0.0180	 Loss 1.4086	 flops 2115843.5
(0.0010, 0.0090, 0.0110)	Architecture [4-9]	 Time 0.0210	 Loss 1.0929	 flops 2807560.5
(0.0010, 0.0080, 0.0130)	Architecture [4-14]	 Time 0.0240	 Loss 1.7730	 flops 3311346.0
(0.0010, 0.0080, 0.0120)	Architecture [4-19]	 Time 0.0210	 Loss 4.8953	 flops 3487786.0
(0.0010, 0.0080, 0.0120)	Architecture [4-24]	 Time 0.0210	 Loss 3.3734	 flops 2043063.125
(0.0010, 0.0080, 0.0110)	Architecture [4-29]	 Time 0.0200	 Loss 2.5221	 flops 2299100.5
(0.0010, 0.0090, 0.0360)	Architecture [4-34]	 Time 0.0470	 Loss 2.7582	 flops 2119164.5
(0.0010, 0.0080, 0.0110)	Architecture [4-39]	 Time 0.0210	 Loss 2.4071	 flops 2572437.75
(0.0010, 0.0080, 0.0100)	Architecture [4-44]	 Time 0.0200	 Loss 2.6446	 flops 3087941.75
(0.0010, 0.0110, 0.0110)	Architecture [5-4]	 Time 0.0250	 Loss 1.5378	 flops 2610341.75
(0.0010, 0.0100, 0.0110)	Architecture [5-9]	 Time 0.0230	 Loss 2.9977	 flops 2747817.5
(0.0010, 0.0090, 0.0100)	Architecture [5-14]	 Time 0.0220	 Loss 1.7277	 flops 1553886.5
(0.0010, 0.0080, 0.0100)	Architecture [5-19]	 Time 0.0210	 Loss 2.5257	 flops 3152059.75
(0.0010, 0.0090, 0.0120)	Architecture [5-24]	 Time 0.0240	 Loss 2.4729	 flops 2993383.0
(0.0010, 0.0090, 0.0110)	Architecture [5-29]	 Time 0.0230	 Loss 2.6386	 flops 3339230.75
(0.0010, 0.0080, 0.0100)	Architecture [5-34]	 Time 0.0200	 Loss 0.8577	 flops 1389158.75
(0.0010, 0.0080, 0.0110)	Architecture [5-39]	 Time 0.0210	 Loss 1.2415	 flops 1809894.25
(0.0010, 0.0080, 0.0080)	Architecture [5-44]	 Time 0.0180	 Loss 2.6596	 flops 2144195.0
(0.0010, 0.0080, 0.0080)	Architecture [6-4]	 Time 0.0180	 Loss 1.9665	 flops 1783344.0
(0.0010, 0.0080, 0.0100)	Architecture [6-9]	 Time 0.0210	 Loss 2.5108	 flops 2125292.5
(0.0010, 0.0090, 0.0110)	Architecture [6-14]	 Time 0.0220	 Loss 2.0913	 flops 1660021.0
(0.0010, 0.0100, 0.0120)	Architecture [6-19]	 Time 0.0230	 Loss 3.4336	 flops 3186429.0
(0.0010, 0.0100, 0.0110)	Architecture [6-24]	 Time 0.0220	 Loss 1.3995	 flops 2089318.5
(0.0010, 0.0080, 0.0100)	Architecture [6-29]	 Time 0.0210	 Loss 2.2684	 flops 1700822.375
(0.0010, 0.0090, 0.0100)	Architecture [6-34]	 Time 0.0210	 Loss 3.0164	 flops 1356253.5
(0.0010, 0.0070, 0.0090)	Architecture [6-39]	 Time 0.0170	 Loss 1.7566	 flops 2733878.75
(0.0010, 0.0080, 0.0110)	Architecture [6-44]	 Time 0.0200	 Loss 0.9182	 flops 1923448.375
(0.0010, 0.0090, 0.0100)	Architecture [7-4]	 Time 0.0200	 Loss 1.1309	 flops 3019498.0
(0.0010, 0.0090, 0.0100)	Architecture [7-9]	 Time 0.0220	 Loss 1.6388	 flops 2258508.5
(0.0010, 0.0080, 0.0060)	Architecture [7-14]	 Time 0.0160	 Loss 1.6937	 flops 1600923.875
(0.0010, 0.0070, 0.0110)	Architecture [7-19]	 Time 0.0210	 Loss 3.2993	 flops 2177024.75
(0.0010, 0.0070, 0.0080)	Architecture [7-24]	 Time 0.0180	 Loss 5.4403	 flops 1195284.75
(0.0010, 0.0070, 0.0080)	Architecture [7-29]	 Time 0.0180	 Loss 2.5851	 flops 1689042.0
(0.0010, 0.0080, 0.0110)	Architecture [7-34]	 Time 0.0210	 Loss 2.6897	 flops 2169342.0
(0.0010, 0.0070, 0.0090)	Architecture [7-39]	 Time 0.0180	 Loss 1.4608	 flops 1366290.625
(0.0010, 0.0080, 0.0110)	Architecture [7-44]	 Time 0.0200	 Loss 2.2938	 flops 2312839.5
(0.0010, 0.0100, 0.0110)	Architecture [8-4]	 Time 0.0240	 Loss 2.7572	 flops 2699312.25
(0.0010, 0.0080, 0.0090)	Architecture [8-9]	 Time 0.0180	 Loss 0.9694	 flops 1743555.25
(0.0010, 0.0110, 0.0110)	Architecture [8-14]	 Time 0.0250	 Loss 2.7512	 flops 2940714.5
(0.0010, 0.0070, 0.0080)	Architecture [8-19]	 Time 0.0180	 Loss 2.2462	 flops 1873927.625
(0.0010, 0.0070, 0.0110)	Architecture [8-24]	 Time 0.0210	 Loss 0.5802	 flops 2066661.375
(0.0010, 0.0070, 0.0090)	Architecture [8-29]	 Time 0.0170	 Loss 1.7602	 flops 1443067.5
(0.0010, 0.0070, 0.0070)	Architecture [8-34]	 Time 0.0160	 Loss 1.3743	 flops 887673.9375
(0.0010, 0.0080, 0.0100)	Architecture [8-39]	 Time 0.0200	 Loss 0.8553	 flops 2860690.0
(0.0010, 0.0090, 0.0120)	Architecture [8-44]	 Time 0.0220	 Loss 2.0106	 flops 2289306.0
(0.0010, 0.0100, 0.0090)	Architecture [9-4]	 Time 0.0210	 Loss 2.1416	 flops 1242334.375
(0.0010, 0.0070, 0.0090)	Architecture [9-9]	 Time 0.0170	 Loss 4.4157	 flops 2306999.0
(0.0010, 0.0100, 0.0110)	Architecture [9-14]	 Time 0.0230	 Loss 3.1748	 flops 1735451.25
(0.0010, 0.0070, 0.0100)	Architecture [9-19]	 Time 0.0200	 Loss 1.4876	 flops 1182816.75
(0.0010, 0.0070, 0.0080)	Architecture [9-24]	 Time 0.0180	 Loss 1.3302	 flops 1656985.75
(0.0010, 0.0080, 0.0110)	Architecture [9-29]	 Time 0.0210	 Loss 1.3003	 flops 2516629.5
(0.0010, 0.0080, 0.0120)	Architecture [9-34]	 Time 0.0230	 Loss 0.8473	 flops 2006871.5
(0.0010, 0.0080, 0.0110)	Architecture [9-39]	 Time 0.0210	 Loss 2.7411	 flops 1256719.75
(0.0010, 0.0080, 0.0110)	Architecture [9-44]	 Time 0.0200	 Loss 1.8664	 flops 2459492.0
(0.0020, 0.0090, 0.0100)	Architecture [10-4]	 Time 0.0210	 Loss 0.5207	 flops 1005161.5
(0.0010, 0.0080, 0.0110)	Architecture [10-9]	 Time 0.0210	 Loss 1.5099	 flops 2199842.5
(0.0010, 0.0080, 0.0110)	Architecture [10-14]	 Time 0.0210	 Loss 2.1220	 flops 2705344.75
(0.0010, 0.0080, 0.0100)	Architecture [10-19]	 Time 0.0200	 Loss 0.8834	 flops 2238540.25
(0.0020, 0.0080, 0.0120)	Architecture [10-24]	 Time 0.0220	 Loss 1.4567	 flops 1383571.25
(0.0010, 0.0100, 0.0110)	Architecture [10-29]	 Time 0.0230	 Loss 4.2009	 flops 2220613.5
(0.0000, 0.0090, 0.0110)	Architecture [10-34]	 Time 0.0210	 Loss 4.8492	 flops 2146715.5
(0.0010, 0.0070, 0.0120)	Architecture [10-39]	 Time 0.0220	 Loss 3.5220	 flops 2110185.25
(0.0010, 0.0090, 0.0080)	Architecture [10-44]	 Time 0.0190	 Loss 1.8988	 flops 1790028.0
(0.0010, 0.0070, 0.0100)	Architecture [11-4]	 Time 0.0190	 Loss 0.7877	 flops 1577746.5
(0.0010, 0.0090, 0.0100)	Architecture [11-9]	 Time 0.0210	 Loss 1.1737	 flops 3094268.5
(0.0010, 0.0100, 0.0120)	Architecture [11-14]	 Time 0.0240	 Loss 3.0215	 flops 3100712.0
(0.0010, 0.0080, 0.0110)	Architecture [11-19]	 Time 0.0210	 Loss 4.4899	 flops 1472822.0
(0.0010, 0.0080, 0.0100)	Architecture [11-24]	 Time 0.0200	 Loss 1.5235	 flops 1855292.125
(0.0010, 0.0110, 0.0110)	Architecture [11-29]	 Time 0.0240	 Loss 0.5965	 flops 1841243.5
(0.0010, 0.0090, 0.0120)	Architecture [11-34]	 Time 0.0240	 Loss 2.1656	 flops 2342357.0
(0.0010, 0.0070, 0.0090)	Architecture [11-39]	 Time 0.0180	 Loss 2.6120	 flops 1750839.0
(0.0010, 0.0080, 0.0110)	Architecture [11-44]	 Time 0.0200	 Loss 1.4689	 flops 2410283.75
(0.0180, 0.0120, 0.0150)	Architecture [12-4]	 Time 0.0470	 Loss 1.9356	 flops 1305984.75
(0.0020, 0.0120, 0.0140)	Architecture [12-9]	 Time 0.0300	 Loss 4.3365	 flops 1723701.125
(0.0020, 0.0120, 0.0120)	Architecture [12-14]	 Time 0.0280	 Loss 3.2640	 flops 1205008.875
(0.0010, 0.0080, 0.0120)	Architecture [12-19]	 Time 0.0210	 Loss 4.3855	 flops 1948221.5
(0.0010, 0.0070, 0.0120)	Architecture [12-24]	 Time 0.0220	 Loss 2.8037	 flops 2835752.75
(0.0010, 0.0080, 0.0110)	Architecture [12-29]	 Time 0.0210	 Loss 1.8839	 flops 1880540.75
(0.0010, 0.0100, 0.0120)	Architecture [12-34]	 Time 0.0250	 Loss 1.5828	 flops 1458977.375
(0.0010, 0.0080, 0.0110)	Architecture [12-39]	 Time 0.0210	 Loss 2.9647	 flops 2420453.0
(0.0010, 0.0080, 0.0100)	Architecture [12-44]	 Time 0.0200	 Loss 1.6013	 flops 1433982.625
(0.0010, 0.0080, 0.0090)	Architecture [13-4]	 Time 0.0200	 Loss 2.4250	 flops 1860816.375
(0.0010, 0.0080, 0.0120)	Architecture [13-9]	 Time 0.0230	 Loss 0.9139	 flops 2550591.5
(0.0010, 0.0070, 0.0080)	Architecture [13-14]	 Time 0.0170	 Loss 1.9328	 flops 980489.5625
(0.0010, 0.0080, 0.0100)	Architecture [13-19]	 Time 0.0200	 Loss 2.6115	 flops 1379431.0
(0.0010, 0.0070, 0.0120)	Architecture [13-24]	 Time 0.0220	 Loss 1.0107	 flops 2460412.5
(0.0010, 0.0070, 0.0090)	Architecture [13-29]	 Time 0.0170	 Loss 1.0160	 flops 1720927.75
(0.0010, 0.0090, 0.0120)	Architecture [13-34]	 Time 0.0230	 Loss 3.0165	 flops 2672421.0
(0.0010, 0.0080, 0.0120)	Architecture [13-39]	 Time 0.0220	 Loss 2.9157	 flops 3332249.75
(0.0020, 0.0090, 0.0110)	Architecture [13-44]	 Time 0.0230	 Loss 3.0832	 flops 2191684.75
(0.0020, 0.0090, 0.0090)	Architecture [14-4]	 Time 0.0210	 Loss 1.7610	 flops 1459512.625
(0.0010, 0.0110, 0.0130)	Architecture [14-9]	 Time 0.0260	 Loss 3.5697	 flops 2647995.5
(0.0000, 0.0080, 0.0110)	Architecture [14-14]	 Time 0.0210	 Loss 2.2529	 flops 1605929.75
(0.0010, 0.0080, 0.0100)	Architecture [14-19]	 Time 0.0200	 Loss 1.9952	 flops 2068511.75
(0.0010, 0.0070, 0.0090)	Architecture [14-24]	 Time 0.0170	 Loss 2.0022	 flops 1612621.25
(0.0010, 0.0070, 0.0110)	Architecture [14-29]	 Time 0.0210	 Loss 2.1798	 flops 1572569.125
(0.0010, 0.0100, 0.0130)	Architecture [14-34]	 Time 0.0250	 Loss 0.9384	 flops 2392305.0
(0.0010, 0.0070, 0.0080)	Architecture [14-39]	 Time 0.0180	 Loss 0.9540	 flops 2271545.5
(0.0010, 0.0090, 0.0120)	Architecture [14-44]	 Time 0.0230	 Loss 1.9714	 flops 2462978.5
(0.0010, 0.0110, 0.0070)	Architecture [15-4]	 Time 0.0200	 Loss 1.8632	 flops 702067.75
(0.0010, 0.0080, 0.0110)	Architecture [15-9]	 Time 0.0220	 Loss 0.8625	 flops 2229444.0
(0.0010, 0.0080, 0.0090)	Architecture [15-14]	 Time 0.0190	 Loss 5.6491	 flops 1777136.0
(0.0010, 0.0070, 0.0100)	Architecture [15-19]	 Time 0.0200	 Loss 3.4192	 flops 1631638.0
(0.0010, 0.0080, 0.0080)	Architecture [15-24]	 Time 0.0180	 Loss 1.1617	 flops 2625947.75
(0.0010, 0.0080, 0.0100)	Architecture [15-29]	 Time 0.0200	 Loss 1.6240	 flops 2059178.25
(0.0010, 0.0080, 0.0120)	Architecture [15-34]	 Time 0.0220	 Loss 3.3258	 flops 1592848.25
(0.0010, 0.0090, 0.0100)	Architecture [15-39]	 Time 0.0220	 Loss 4.5351	 flops 1298295.0
(0.0010, 0.0070, 0.0110)	Architecture [15-44]	 Time 0.0200	 Loss 3.2296	 flops 1835654.125
(0.0010, 0.0090, 0.0090)	Architecture [16-4]	 Time 0.0210	 Loss 2.3847	 flops 1547746.5
(0.0010, 0.0070, 0.0110)	Architecture [16-9]	 Time 0.0210	 Loss 1.1174	 flops 2375556.75
(0.0010, 0.0070, 0.0080)	Architecture [16-14]	 Time 0.0180	 Loss 0.5963	 flops 2861434.25
(0.0010, 0.0080, 0.0090)	Architecture [16-19]	 Time 0.0190	 Loss 0.7102	 flops 1444808.25
(0.0010, 0.0080, 0.0110)	Architecture [16-24]	 Time 0.0220	 Loss 2.4797	 flops 1090953.0
(0.0010, 0.0090, 0.0110)	Architecture [16-29]	 Time 0.0230	 Loss 0.7858	 flops 1995733.75
(0.0010, 0.0080, 0.0110)	Architecture [16-34]	 Time 0.0220	 Loss 2.2425	 flops 2596149.0
(0.0010, 0.0100, 0.0110)	Architecture [16-39]	 Time 0.0230	 Loss 2.6011	 flops 2918372.5
(0.0010, 0.0070, 0.0080)	Architecture [16-44]	 Time 0.0180	 Loss 1.3777	 flops 912538.1875
(0.0010, 0.0080, 0.0090)	Architecture [17-4]	 Time 0.0190	 Loss 1.3985	 flops 1235405.0
(0.0010, 0.0070, 0.0090)	Architecture [17-9]	 Time 0.0190	 Loss 2.5255	 flops 1192633.0
(0.0010, 0.0100, 0.0120)	Architecture [17-14]	 Time 0.0250	 Loss 3.4953	 flops 1397523.25
(0.0010, 0.0070, 0.0080)	Architecture [17-19]	 Time 0.0180	 Loss 2.8739	 flops 780792.3125
(0.0020, 0.0080, 0.0090)	Architecture [17-24]	 Time 0.0200	 Loss 1.8425	 flops 1543224.0
(0.0010, 0.0070, 0.0070)	Architecture [17-29]	 Time 0.0170	 Loss 1.2730	 flops 1125777.5
(0.0010, 0.0090, 0.0070)	Architecture [17-34]	 Time 0.0190	 Loss 1.1681	 flops 775312.875
(0.0010, 0.0090, 0.0110)	Architecture [17-39]	 Time 0.0220	 Loss 1.1347	 flops 1477491.875
(0.0010, 0.0080, 0.0080)	Architecture [17-44]	 Time 0.0190	 Loss 0.6891	 flops 1184520.875
(0.0010, 0.0090, 0.0100)	Architecture [18-4]	 Time 0.0210	 Loss 2.4502	 flops 1607776.75
(0.0010, 0.0080, 0.0100)	Architecture [18-9]	 Time 0.0200	 Loss 0.6911	 flops 1862546.375
(0.0000, 0.0070, 0.0070)	Architecture [18-14]	 Time 0.0160	 Loss 1.2620	 flops 1041567.125
(0.0010, 0.0070, 0.0090)	Architecture [18-19]	 Time 0.0180	 Loss 3.4304	 flops 2947745.0
(0.0010, 0.0070, 0.0080)	Architecture [18-24]	 Time 0.0180	 Loss 2.8364	 flops 1710127.75
(0.0010, 0.0080, 0.0090)	Architecture [18-29]	 Time 0.0200	 Loss 1.0605	 flops 1735502.625
(0.0010, 0.0070, 0.0100)	Architecture [18-34]	 Time 0.0190	 Loss 2.0999	 flops 1059286.875
(0.0010, 0.0080, 0.0100)	Architecture [18-39]	 Time 0.0200	 Loss 2.0397	 flops 1760588.625
(0.0000, 0.0090, 0.0100)	Architecture [18-44]	 Time 0.0210	 Loss 1.5407	 flops 2108074.75
(0.0010, 0.0100, 0.0120)	Architecture [19-4]	 Time 0.0250	 Loss 2.0180	 flops 2578855.25
(0.0010, 0.0080, 0.0110)	Architecture [19-9]	 Time 0.0210	 Loss 2.7450	 flops 1927104.375
(0.0010, 0.0070, 0.0100)	Architecture [19-14]	 Time 0.0190	 Loss 2.1510	 flops 1587847.5
(0.0010, 0.0100, 0.0110)	Architecture [19-19]	 Time 0.0240	 Loss 0.4623	 flops 1778859.875
(0.0010, 0.0080, 0.0090)	Architecture [19-24]	 Time 0.0180	 Loss 1.3121	 flops 1285981.0
(0.0010, 0.0080, 0.0080)	Architecture [19-29]	 Time 0.0180	 Loss 2.5479	 flops 1802893.5
(0.0010, 0.0080, 0.0060)	Architecture [19-34]	 Time 0.0160	 Loss 1.1189	 flops 1097184.375
(0.0010, 0.0080, 0.0120)	Architecture [19-39]	 Time 0.0210	 Loss 1.1305	 flops 1885195.125
(0.0000, 0.0090, 0.0100)	Architecture [19-44]	 Time 0.0210	 Loss 4.6289	 flops 2408813.5
(0.0010, 0.0100, 0.0100)	Architecture [20-4]	 Time 0.0230	 Loss 4.2956	 flops 1510832.625
(0.0010, 0.0090, 0.0100)	Architecture [20-9]	 Time 0.0210	 Loss 1.5966	 flops 1653552.125
(0.0010, 0.0070, 0.0060)	Architecture [20-14]	 Time 0.0160	 Loss 1.7669	 flops 1086874.75
(0.0010, 0.0070, 0.0060)	Architecture [20-19]	 Time 0.0160	 Loss 1.3055	 flops 1043837.1875
(0.0020, 0.0080, 0.0090)	Architecture [20-24]	 Time 0.0200	 Loss 0.5296	 flops 1548260.875
(0.0010, 0.0070, 0.0090)	Architecture [20-29]	 Time 0.0190	 Loss 1.6334	 flops 2192265.75
(0.0020, 0.0080, 0.0080)	Architecture [20-34]	 Time 0.0190	 Loss 0.8188	 flops 1069550.375
(0.0010, 0.0090, 0.0090)	Architecture [20-39]	 Time 0.0210	 Loss 1.5161	 flops 1443446.5
(0.0010, 0.0100, 0.0110)	Architecture [20-44]	 Time 0.0240	 Loss 0.2590	 flops 1955909.625
(0.0010, 0.0080, 0.0110)	Architecture [21-4]	 Time 0.0200	 Loss 1.0121	 flops 938022.125
(0.0010, 0.0080, 0.0100)	Architecture [21-9]	 Time 0.0200	 Loss 2.5661	 flops 892319.75
(0.0010, 0.0080, 0.0090)	Architecture [21-14]	 Time 0.0190	 Loss 1.6568	 flops 861733.0625
(0.0010, 0.0070, 0.0110)	Architecture [21-19]	 Time 0.0210	 Loss 2.1786	 flops 965737.5625
(0.0010, 0.0080, 0.0090)	Architecture [21-24]	 Time 0.0190	 Loss 3.3922	 flops 812797.25
(0.0010, 0.0080, 0.0120)	Architecture [21-29]	 Time 0.0220	 Loss 2.7871	 flops 2987497.25
(0.0010, 0.0080, 0.0080)	Architecture [21-34]	 Time 0.0180	 Loss 1.2120	 flops 1482541.125
(0.0010, 0.0070, 0.0110)	Architecture [21-39]	 Time 0.0200	 Loss 2.8255	 flops 2541012.5
(0.0010, 0.0080, 0.0080)	Architecture [21-44]	 Time 0.0180	 Loss 1.0036	 flops 899155.25
(0.0020, 0.0130, 0.0140)	Architecture [22-4]	 Time 0.0320	 Loss 2.4678	 flops 3497236.75
(0.0010, 0.0080, 0.0060)	Architecture [22-9]	 Time 0.0160	 Loss 1.6212	 flops 906905.625
(0.0010, 0.0080, 0.0090)	Architecture [22-14]	 Time 0.0190	 Loss 2.4702	 flops 927055.1875
(0.0010, 0.0080, 0.0080)	Architecture [22-19]	 Time 0.0180	 Loss 1.7287	 flops 2230571.75
(0.0010, 0.0080, 0.0130)	Architecture [22-24]	 Time 0.0230	 Loss 0.4360	 flops 1458117.375
(0.0010, 0.0080, 0.0110)	Architecture [22-29]	 Time 0.0220	 Loss 1.7719	 flops 2002011.0
(0.0010, 0.0080, 0.0090)	Architecture [22-34]	 Time 0.0200	 Loss 2.0952	 flops 1231265.75
(0.0010, 0.0080, 0.0100)	Architecture [22-39]	 Time 0.0200	 Loss 0.6390	 flops 2105065.75
(0.0020, 0.0070, 0.0090)	Architecture [22-44]	 Time 0.0190	 Loss 3.5404	 flops 2281107.25
(0.0010, 0.0080, 0.0100)	Architecture [23-4]	 Time 0.0200	 Loss 6.1742	 flops 1755331.75
(0.0010, 0.0070, 0.0090)	Architecture [23-9]	 Time 0.0190	 Loss 3.7494	 flops 1450998.625
(0.0010, 0.0080, 0.0110)	Architecture [23-14]	 Time 0.0200	 Loss 1.9242	 flops 2118486.0
(0.0010, 0.0090, 0.0090)	Architecture [23-19]	 Time 0.0200	 Loss 3.7537	 flops 1558627.0
(0.0010, 0.0110, 0.0090)	Architecture [23-24]	 Time 0.0220	 Loss 1.7511	 flops 2746725.0
(0.0010, 0.0070, 0.0060)	Architecture [23-29]	 Time 0.0150	 Loss 1.7137	 flops 850422.1875
(0.0010, 0.0100, 0.0090)	Architecture [23-34]	 Time 0.0220	 Loss 0.7176	 flops 2863240.0
(0.0010, 0.0070, 0.0080)	Architecture [23-39]	 Time 0.0180	 Loss 3.0741	 flops 2553502.5
(0.0010, 0.0100, 0.0080)	Architecture [23-44]	 Time 0.0210	 Loss 3.0654	 flops 1669825.125
(0.0010, 0.0070, 0.0070)	Architecture [24-4]	 Time 0.0160	 Loss 1.0672	 flops 696364.375
(0.0010, 0.0070, 0.0090)	Architecture [24-9]	 Time 0.0190	 Loss 1.7944	 flops 1143531.5
(0.0000, 0.0080, 0.0090)	Architecture [24-14]	 Time 0.0180	 Loss 3.3343	 flops 2336735.0
(0.0010, 0.0070, 0.0090)	Architecture [24-19]	 Time 0.0190	 Loss 1.4683	 flops 1905949.75
(0.0010, 0.0070, 0.0090)	Architecture [24-24]	 Time 0.0190	 Loss 0.9029	 flops 1181536.25
(0.0010, 0.0070, 0.0080)	Architecture [24-29]	 Time 0.0160	 Loss 4.7644	 flops 903339.625
(0.0010, 0.0070, 0.0070)	Architecture [24-34]	 Time 0.0160	 Loss 1.9389	 flops 1003883.6875
(0.0010, 0.0060, 0.0070)	Architecture [24-39]	 Time 0.0140	 Loss 1.6702	 flops 994918.0
(0.0010, 0.0080, 0.0080)	Architecture [24-44]	 Time 0.0180	 Loss 2.5745	 flops 1819603.375
(0.0000, 0.0090, 0.0090)	Architecture [25-4]	 Time 0.0200	 Loss 1.8724	 flops 1742891.375
(0.0010, 0.0070, 0.0060)	Architecture [25-9]	 Time 0.0160	 Loss 0.7139	 flops 990082.875
(0.0000, 0.0090, 0.0070)	Architecture [25-14]	 Time 0.0170	 Loss 1.9786	 flops 938563.9375
(0.0020, 0.0090, 0.0110)	Architecture [25-19]	 Time 0.0230	 Loss 3.2047	 flops 3436581.5
(0.0010, 0.0080, 0.0090)	Architecture [25-24]	 Time 0.0190	 Loss 3.4051	 flops 2063788.625
(0.0010, 0.0080, 0.0090)	Architecture [25-29]	 Time 0.0190	 Loss 0.4006	 flops 1565449.375
(0.0010, 0.0070, 0.0070)	Architecture [25-34]	 Time 0.0160	 Loss 0.8768	 flops 687838.0
(0.0000, 0.0100, 0.0110)	Architecture [25-39]	 Time 0.0230	 Loss 3.9570	 flops 1294542.875
(0.0010, 0.0070, 0.0060)	Architecture [25-44]	 Time 0.0150	 Loss 1.6780	 flops 1003990.125
(0.0010, 0.0080, 0.0100)	Architecture [26-4]	 Time 0.0210	 Loss 1.4932	 flops 1624835.75
(0.0000, 0.0080, 0.0080)	Architecture [26-9]	 Time 0.0170	 Loss 2.9658	 flops 1388199.5
(0.0010, 0.0080, 0.0090)	Architecture [26-14]	 Time 0.0200	 Loss 2.4366	 flops 1540299.375
(0.0010, 0.0080, 0.0080)	Architecture [26-19]	 Time 0.0180	 Loss 0.9735	 flops 1349072.625
(0.0010, 0.0090, 0.0080)	Architecture [26-24]	 Time 0.0190	 Loss 1.7253	 flops 1631631.25
(0.0010, 0.0060, 0.0070)	Architecture [26-29]	 Time 0.0150	 Loss 1.0393	 flops 711886.125
(0.0010, 0.0070, 0.0080)	Architecture [26-34]	 Time 0.0180	 Loss 1.4271	 flops 895404.3125
(0.0010, 0.0080, 0.0090)	Architecture [26-39]	 Time 0.0200	 Loss 1.1357	 flops 2077497.25
(0.0010, 0.0080, 0.0090)	Architecture [26-44]	 Time 0.0200	 Loss 2.3201	 flops 2284109.25
(0.0010, 0.0070, 0.0090)	Architecture [27-4]	 Time 0.0190	 Loss 1.5827	 flops 1465251.875
(0.0010, 0.0070, 0.0070)	Architecture [27-9]	 Time 0.0160	 Loss 0.5795	 flops 913577.25
(0.0010, 0.0080, 0.0090)	Architecture [27-14]	 Time 0.0180	 Loss 0.7623	 flops 1888608.0
(0.0010, 0.0070, 0.0110)	Architecture [27-19]	 Time 0.0200	 Loss 3.7915	 flops 1299561.125
(0.0010, 0.0090, 0.0110)	Architecture [27-24]	 Time 0.0220	 Loss 0.9909	 flops 1457059.625
(0.0010, 0.0070, 0.0100)	Architecture [27-29]	 Time 0.0200	 Loss 2.3864	 flops 2542247.25
(0.0010, 0.0090, 0.0080)	Architecture [27-34]	 Time 0.0200	 Loss 6.1169	 flops 787285.375
(0.0010, 0.0080, 0.0080)	Architecture [27-39]	 Time 0.0190	 Loss 4.8802	 flops 695946.5625
(0.0000, 0.0090, 0.0110)	Architecture [27-44]	 Time 0.0220	 Loss 2.9285	 flops 2209199.0
(0.0010, 0.0090, 0.0090)	Architecture [28-4]	 Time 0.0200	 Loss 2.4677	 flops 2509867.75
(0.0010, 0.0090, 0.0100)	Architecture [28-9]	 Time 0.0210	 Loss 0.9229	 flops 1594574.625
(0.0010, 0.0080, 0.0090)	Architecture [28-14]	 Time 0.0200	 Loss 2.0248	 flops 1280630.375
(0.0010, 0.0070, 0.0090)	Architecture [28-19]	 Time 0.0180	 Loss 1.0426	 flops 2356403.5
(0.0010, 0.0080, 0.0100)	Architecture [28-24]	 Time 0.0200	 Loss 4.2215	 flops 1342519.5
(0.0010, 0.0080, 0.0090)	Architecture [28-29]	 Time 0.0190	 Loss 2.7559	 flops 2465142.25
(0.0010, 0.0110, 0.0080)	Architecture [28-34]	 Time 0.0210	 Loss 0.2564	 flops 756529.75
(0.0010, 0.0070, 0.0060)	Architecture [28-39]	 Time 0.0160	 Loss 0.6589	 flops 510745.0625
(0.0010, 0.0070, 0.0110)	Architecture [28-44]	 Time 0.0210	 Loss 2.5047	 flops 1829900.0
(0.0010, 0.0100, 0.0090)	Architecture [29-4]	 Time 0.0210	 Loss 1.2412	 flops 1530008.125
(0.0010, 0.0080, 0.0110)	Architecture [29-9]	 Time 0.0210	 Loss 2.1813	 flops 2193589.0
(0.0010, 0.0070, 0.0090)	Architecture [29-14]	 Time 0.0170	 Loss 4.2053	 flops 1271891.875
(0.0010, 0.0080, 0.0080)	Architecture [29-19]	 Time 0.0190	 Loss 2.8276	 flops 1120985.0
(0.0010, 0.0080, 0.0080)	Architecture [29-24]	 Time 0.0180	 Loss 1.4994	 flops 900029.6875
(0.0010, 0.0080, 0.0060)	Architecture [29-29]	 Time 0.0170	 Loss 1.5411	 flops 706401.9375
(0.0010, 0.0100, 0.0110)	Architecture [29-34]	 Time 0.0230	 Loss 1.4036	 flops 2228636.0
(0.0020, 0.0100, 0.0100)	Architecture [29-39]	 Time 0.0220	 Loss 0.4941	 flops 706931.5625
(0.0010, 0.0080, 0.0090)	Architecture [29-44]	 Time 0.0190	 Loss 2.3740	 flops 1075577.5
(0.0020, 0.0090, 0.0090)	Architecture [30-4]	 Time 0.0200	 Loss 3.2058	 flops 734646.375
(0.0010, 0.0070, 0.0060)	Architecture [30-9]	 Time 0.0160	 Loss 1.2709	 flops 597275.125
(0.0010, 0.0070, 0.0080)	Architecture [30-14]	 Time 0.0170	 Loss 0.2135	 flops 1677689.5
(0.0010, 0.0070, 0.0090)	Architecture [30-19]	 Time 0.0170	 Loss 1.6975	 flops 1184776.25
(0.0010, 0.0080, 0.0090)	Architecture [30-24]	 Time 0.0190	 Loss 3.6183	 flops 719250.25
(0.0010, 0.0060, 0.0070)	Architecture [30-29]	 Time 0.0160	 Loss 1.4603	 flops 864042.875
(0.0010, 0.0090, 0.0130)	Architecture [30-34]	 Time 0.0250	 Loss 1.4385	 flops 2390312.5
(0.0010, 0.0090, 0.0120)	Architecture [30-39]	 Time 0.0220	 Loss 6.4076	 flops 1334952.75
(0.0010, 0.0070, 0.0060)	Architecture [30-44]	 Time 0.0140	 Loss 0.9001	 flops 617303.75
(0.0010, 0.0080, 0.0060)	Architecture [31-4]	 Time 0.0170	 Loss 0.9460	 flops 840176.625
(0.0010, 0.0070, 0.0060)	Architecture [31-9]	 Time 0.0150	 Loss 1.5216	 flops 638294.5
(0.0010, 0.0070, 0.0070)	Architecture [31-14]	 Time 0.0160	 Loss 1.2444	 flops 707563.25
(0.0010, 0.0070, 0.0080)	Architecture [31-19]	 Time 0.0180	 Loss 2.4602	 flops 617406.4375
(0.0010, 0.0090, 0.0100)	Architecture [31-24]	 Time 0.0210	 Loss 1.5919	 flops 1608014.875
(0.0010, 0.0070, 0.0080)	Architecture [31-29]	 Time 0.0180	 Loss 3.8117	 flops 1052877.25
(0.0010, 0.0090, 0.0090)	Architecture [31-34]	 Time 0.0210	 Loss 1.1820	 flops 621838.0625
(0.0010, 0.0080, 0.0070)	Architecture [31-39]	 Time 0.0170	 Loss 0.2285	 flops 598980.0625
(0.0010, 0.0070, 0.0100)	Architecture [31-44]	 Time 0.0190	 Loss 0.7228	 flops 663346.8125
(0.0010, 0.0080, 0.0090)	Architecture [32-4]	 Time 0.0190	 Loss 2.2512	 flops 1293901.25
(0.0010, 0.0070, 0.0080)	Architecture [32-9]	 Time 0.0180	 Loss 2.2106	 flops 641133.6875
(0.0010, 0.0080, 0.0070)	Architecture [32-14]	 Time 0.0180	 Loss 1.1083	 flops 603074.4375
(0.0010, 0.0070, 0.0090)	Architecture [32-19]	 Time 0.0190	 Loss 6.6680	 flops 2536426.5
(0.0010, 0.0090, 0.0090)	Architecture [32-24]	 Time 0.0210	 Loss 1.9374	 flops 1473437.125
(0.0010, 0.0080, 0.0090)	Architecture [32-29]	 Time 0.0180	 Loss 0.9964	 flops 1021946.9375
(0.0010, 0.0080, 0.0100)	Architecture [32-34]	 Time 0.0210	 Loss 2.8368	 flops 803386.5
(0.0010, 0.0070, 0.0090)	Architecture [32-39]	 Time 0.0180	 Loss 1.5687	 flops 2204649.25
(0.0010, 0.0090, 0.0120)	Architecture [32-44]	 Time 0.0240	 Loss 2.6057	 flops 1085856.375
(0.0020, 0.0070, 0.0070)	Architecture [33-4]	 Time 0.0170	 Loss 1.0956	 flops 595663.9375
(0.0010, 0.0080, 0.0090)	Architecture [33-9]	 Time 0.0180	 Loss 1.8115	 flops 2431845.25
(0.0020, 0.0080, 0.0070)	Architecture [33-14]	 Time 0.0180	 Loss 0.9866	 flops 815791.8125
(0.0010, 0.0080, 0.0090)	Architecture [33-19]	 Time 0.0200	 Loss 0.5246	 flops 1728543.5
(0.0010, 0.0070, 0.0070)	Architecture [33-24]	 Time 0.0150	 Loss 0.8012	 flops 633043.375
(0.0010, 0.0090, 0.0110)	Architecture [33-29]	 Time 0.0220	 Loss 3.5435	 flops 2793462.5
(0.0010, 0.0080, 0.0080)	Architecture [33-34]	 Time 0.0190	 Loss 1.2655	 flops 632077.3125
(0.0010, 0.0070, 0.0060)	Architecture [33-39]	 Time 0.0160	 Loss 1.1644	 flops 585421.75
(0.0010, 0.0080, 0.0090)	Architecture [33-44]	 Time 0.0190	 Loss 4.4331	 flops 1751566.25
(0.0010, 0.0090, 0.0090)	Architecture [34-4]	 Time 0.0210	 Loss 6.2083	 flops 2456780.75
(0.0010, 0.0090, 0.0090)	Architecture [34-9]	 Time 0.0200	 Loss 1.3951	 flops 854799.5625
(0.0010, 0.0080, 0.0090)	Architecture [34-14]	 Time 0.0180	 Loss 2.5882	 flops 1470604.25
(0.0010, 0.0070, 0.0070)	Architecture [34-19]	 Time 0.0160	 Loss 1.3541	 flops 573098.75
(0.0010, 0.0090, 0.0100)	Architecture [34-24]	 Time 0.0200	 Loss 2.7243	 flops 1396603.125
(0.0010, 0.0080, 0.0100)	Architecture [34-29]	 Time 0.0210	 Loss 2.2217	 flops 1294850.0
(0.0010, 0.0060, 0.0070)	Architecture [34-34]	 Time 0.0160	 Loss 1.3294	 flops 511394.59375
(0.0010, 0.0080, 0.0060)	Architecture [34-39]	 Time 0.0150	 Loss 0.7863	 flops 559525.0625
(0.0010, 0.0080, 0.0080)	Architecture [34-44]	 Time 0.0180	 Loss 1.1138	 flops 1008481.9375
(0.0010, 0.0080, 0.0080)	Architecture [35-4]	 Time 0.0190	 Loss 0.7004	 flops 591816.4375
(0.0010, 0.0080, 0.0080)	Architecture [35-9]	 Time 0.0180	 Loss 2.3385	 flops 2346429.0
(0.0010, 0.0070, 0.0060)	Architecture [35-14]	 Time 0.0150	 Loss 1.6978	 flops 706169.875
(0.0010, 0.0080, 0.0060)	Architecture [35-19]	 Time 0.0170	 Loss 1.3500	 flops 532724.625
(0.0010, 0.0070, 0.0060)	Architecture [35-24]	 Time 0.0160	 Loss 3.5557	 flops 561845.375
(0.0010, 0.0070, 0.0090)	Architecture [35-29]	 Time 0.0180	 Loss 2.1203	 flops 2206691.5
(0.0010, 0.0080, 0.0070)	Architecture [35-34]	 Time 0.0170	 Loss 1.7565	 flops 598592.3125
(0.0010, 0.0080, 0.0080)	Architecture [35-39]	 Time 0.0180	 Loss 2.4166	 flops 885504.125
(0.0010, 0.0080, 0.0060)	Architecture [35-44]	 Time 0.0160	 Loss 0.7742	 flops 701050.0
(0.0010, 0.0090, 0.0090)	Architecture [36-4]	 Time 0.0200	 Loss 1.0644	 flops 1451569.0
(0.0010, 0.0080, 0.0060)	Architecture [36-9]	 Time 0.0170	 Loss 3.2320	 flops 665157.6875
(0.0010, 0.0070, 0.0080)	Architecture [36-14]	 Time 0.0160	 Loss 4.0780	 flops 621189.75
(0.0010, 0.0080, 0.0090)	Architecture [36-19]	 Time 0.0190	 Loss 2.0497	 flops 1758728.625
(0.0010, 0.0100, 0.0100)	Architecture [36-24]	 Time 0.0230	 Loss 0.5078	 flops 1218506.125
(0.0010, 0.0070, 0.0090)	Architecture [36-29]	 Time 0.0180	 Loss 0.9652	 flops 1472251.25
(0.0010, 0.0070, 0.0060)	Architecture [36-34]	 Time 0.0150	 Loss 1.5453	 flops 550194.3125
(0.0010, 0.0070, 0.0070)	Architecture [36-39]	 Time 0.0160	 Loss 0.9871	 flops 866225.6875
(0.0010, 0.0090, 0.0120)	Architecture [36-44]	 Time 0.0230	 Loss 1.7618	 flops 2917616.0
(0.0010, 0.0070, 0.0140)	Architecture [37-4]	 Time 0.0270	 Loss 1.5193	 flops 881798.375
(0.0020, 0.0070, 0.0080)	Architecture [37-9]	 Time 0.0180	 Loss 1.7088	 flops 828961.625
(0.0010, 0.0100, 0.0100)	Architecture [37-14]	 Time 0.0230	 Loss 3.0481	 flops 2335169.0
(0.0010, 0.0130, 0.0150)	Architecture [37-19]	 Time 0.0300	 Loss 2.9585	 flops 1887017.125
(0.0010, 0.0120, 0.0100)	Architecture [37-24]	 Time 0.0240	 Loss 0.7911	 flops 1409389.75
(0.0010, 0.0080, 0.0090)	Architecture [37-29]	 Time 0.0200	 Loss 1.0196	 flops 894956.25
(0.0010, 0.0080, 0.0070)	Architecture [37-34]	 Time 0.0180	 Loss 2.1664	 flops 588864.5
(0.0020, 0.0090, 0.0100)	Architecture [37-39]	 Time 0.0220	 Loss 2.2299	 flops 956746.8125
(0.0020, 0.0120, 0.0100)	Architecture [37-44]	 Time 0.0260	 Loss 1.0287	 flops 1115321.375
(0.0010, 0.0070, 0.0090)	Architecture [38-4]	 Time 0.0190	 Loss 0.9021	 flops 1922105.375
(0.0010, 0.0090, 0.0090)	Architecture [38-9]	 Time 0.0190	 Loss 0.5771	 flops 618571.1875
(0.0010, 0.0090, 0.0070)	Architecture [38-14]	 Time 0.0180	 Loss 2.1241	 flops 619783.5625
(0.0010, 0.0070, 0.0060)	Architecture [38-19]	 Time 0.0140	 Loss 1.7954	 flops 650219.125
(0.0010, 0.0070, 0.0080)	Architecture [38-24]	 Time 0.0180	 Loss 1.7662	 flops 551388.8125
(0.0010, 0.0070, 0.0080)	Architecture [38-29]	 Time 0.0170	 Loss 1.6317	 flops 643010.9375
(0.0010, 0.0080, 0.0090)	Architecture [38-34]	 Time 0.0200	 Loss 2.1358	 flops 1120570.25
(0.0010, 0.0060, 0.0060)	Architecture [38-39]	 Time 0.0150	 Loss 1.6164	 flops 618434.125
(0.0000, 0.0080, 0.0070)	Architecture [38-44]	 Time 0.0170	 Loss 1.5834	 flops 601842.625
(0.0010, 0.0080, 0.0070)	Architecture [39-4]	 Time 0.0170	 Loss 0.5677	 flops 566519.9375
(0.0010, 0.0070, 0.0050)	Architecture [39-9]	 Time 0.0140	 Loss 0.4145	 flops 536555.9375
(0.0010, 0.0070, 0.0080)	Architecture [39-14]	 Time 0.0180	 Loss 1.1753	 flops 633013.5
(0.0010, 0.0070, 0.0070)	Architecture [39-19]	 Time 0.0150	 Loss 1.2190	 flops 546386.4375
(0.0010, 0.0100, 0.0090)	Architecture [39-24]	 Time 0.0210	 Loss 1.8057	 flops 1793479.5
(0.0010, 0.0100, 0.0080)	Architecture [39-29]	 Time 0.0200	 Loss 0.5489	 flops 1055047.5
(0.0010, 0.0080, 0.0090)	Architecture [39-34]	 Time 0.0190	 Loss 0.9078	 flops 1520848.25
(0.0010, 0.0090, 0.0070)	Architecture [39-39]	 Time 0.0180	 Loss 2.5527	 flops 588638.625
(0.0010, 0.0090, 0.0090)	Architecture [39-44]	 Time 0.0210	 Loss 1.1156	 flops 1188393.75
(0.0010, 0.0090, 0.0090)	Architecture [40-4]	 Time 0.0210	 Loss 1.8986	 flops 567813.4375
(0.0010, 0.0070, 0.0080)	Architecture [40-9]	 Time 0.0170	 Loss 3.9877	 flops 814189.3125
(0.0010, 0.0070, 0.0090)	Architecture [40-14]	 Time 0.0180	 Loss 3.0518	 flops 1795697.25
(0.0010, 0.0060, 0.0060)	Architecture [40-19]	 Time 0.0150	 Loss 1.3706	 flops 697585.4375
(0.0010, 0.0090, 0.0110)	Architecture [40-24]	 Time 0.0210	 Loss 1.9381	 flops 1760820.625
(0.0010, 0.0080, 0.0060)	Architecture [40-29]	 Time 0.0160	 Loss 0.6904	 flops 495205.09375
(0.0020, 0.0090, 0.0080)	Architecture [40-34]	 Time 0.0200	 Loss 1.0210	 flops 1277066.0
(0.0020, 0.0080, 0.0100)	Architecture [40-39]	 Time 0.0200	 Loss 1.4059	 flops 1108561.625
(0.0010, 0.0120, 0.0120)	Architecture [40-44]	 Time 0.0270	 Loss 3.3189	 flops 1025935.9375
(0.0060, 0.0150, 0.0130)	Architecture [41-4]	 Time 0.0360	 Loss 2.5921	 flops 2429697.25
(0.0020, 0.0130, 0.0100)	Architecture [41-9]	 Time 0.0270	 Loss 0.4899	 flops 635826.8125
(0.0010, 0.0110, 0.0090)	Architecture [41-14]	 Time 0.0230	 Loss 0.5667	 flops 552634.0
(0.0020, 0.0110, 0.0130)	Architecture [41-19]	 Time 0.0270	 Loss 2.5082	 flops 1253433.75
(0.0020, 0.0140, 0.0100)	Architecture [41-24]	 Time 0.0270	 Loss 1.2341	 flops 543120.25
(0.0010, 0.0080, 0.0070)	Architecture [41-29]	 Time 0.0180	 Loss 0.4201	 flops 476996.34375
(0.0010, 0.0110, 0.0100)	Architecture [41-34]	 Time 0.0240	 Loss 3.7582	 flops 572162.6875
(0.0010, 0.0100, 0.0100)	Architecture [41-39]	 Time 0.0220	 Loss 2.5154	 flops 1811917.0
(0.0010, 0.0080, 0.0070)	Architecture [41-44]	 Time 0.0160	 Loss 0.3773	 flops 522481.8125
(0.0010, 0.0080, 0.0090)	Architecture [42-4]	 Time 0.0190	 Loss 3.3532	 flops 1782697.125
(0.0010, 0.0070, 0.0060)	Architecture [42-9]	 Time 0.0150	 Loss 0.8786	 flops 652304.1875
(0.0010, 0.0070, 0.0060)	Architecture [42-14]	 Time 0.0150	 Loss 2.1449	 flops 749469.625
(0.0010, 0.0070, 0.0090)	Architecture [42-19]	 Time 0.0170	 Loss 1.7767	 flops 1117514.0
(0.0010, 0.0070, 0.0070)	Architecture [42-24]	 Time 0.0160	 Loss 1.5937	 flops 538321.75
(0.0020, 0.0100, 0.0070)	Architecture [42-29]	 Time 0.0200	 Loss 0.5726	 flops 668736.875
(0.0010, 0.0070, 0.0080)	Architecture [42-34]	 Time 0.0180	 Loss 0.4504	 flops 675783.8125
(0.0010, 0.0080, 0.0070)	Architecture [42-39]	 Time 0.0180	 Loss 0.9995	 flops 504944.5625
(0.0010, 0.0080, 0.0090)	Architecture [42-44]	 Time 0.0190	 Loss 3.3179	 flops 2582627.5
(0.0010, 0.0080, 0.0070)	Architecture [43-4]	 Time 0.0170	 Loss 1.9256	 flops 557531.0
(0.0010, 0.0070, 0.0090)	Architecture [43-9]	 Time 0.0190	 Loss 1.5946	 flops 1744113.75
(0.0010, 0.0080, 0.0090)	Architecture [43-14]	 Time 0.0190	 Loss 3.7274	 flops 1003023.625
(0.0010, 0.0090, 0.0090)	Architecture [43-19]	 Time 0.0210	 Loss 3.9891	 flops 957618.375
(0.0010, 0.0070, 0.0070)	Architecture [43-24]	 Time 0.0160	 Loss 0.9959	 flops 700790.875
(0.0010, 0.0080, 0.0080)	Architecture [43-29]	 Time 0.0180	 Loss 1.1922	 flops 647778.5
(0.0010, 0.0090, 0.0070)	Architecture [43-34]	 Time 0.0180	 Loss 0.5611	 flops 474877.09375
(0.0010, 0.0090, 0.0080)	Architecture [43-39]	 Time 0.0200	 Loss 3.7243	 flops 487221.59375
(0.0010, 0.0080, 0.0070)	Architecture [43-44]	 Time 0.0160	 Loss 1.2322	 flops 600865.3125
(0.0010, 0.0090, 0.0110)	Architecture [44-4]	 Time 0.0210	 Loss 2.1910	 flops 1851337.0
(0.0010, 0.0080, 0.0070)	Architecture [44-9]	 Time 0.0160	 Loss 0.8400	 flops 508661.40625
(0.0010, 0.0070, 0.0070)	Architecture [44-14]	 Time 0.0160	 Loss 0.3951	 flops 539701.6875
(0.0010, 0.0070, 0.0070)	Architecture [44-19]	 Time 0.0160	 Loss 0.3892	 flops 627205.8125
(0.0010, 0.0100, 0.0110)	Architecture [44-24]	 Time 0.0230	 Loss 3.5055	 flops 1098775.625
(0.0010, 0.0070, 0.0070)	Architecture [44-29]	 Time 0.0160	 Loss 1.4837	 flops 534651.6875
(0.0010, 0.0080, 0.0070)	Architecture [44-34]	 Time 0.0180	 Loss 1.6762	 flops 563157.8125
(0.0010, 0.0080, 0.0060)	Architecture [44-39]	 Time 0.0160	 Loss 1.7102	 flops 592242.0
(0.0010, 0.0060, 0.0070)	Architecture [44-44]	 Time 0.0140	 Loss 1.1710	 flops 781150.1875
(0.0020, 0.0070, 0.0070)	Architecture [45-4]	 Time 0.0170	 Loss 1.2618	 flops 664267.6875
(0.0010, 0.0110, 0.0070)	Architecture [45-9]	 Time 0.0210	 Loss 1.9107	 flops 504451.75
(0.0020, 0.0130, 0.0120)	Architecture [45-14]	 Time 0.0290	 Loss 0.6110	 flops 1396740.75
(0.0010, 0.0100, 0.0090)	Architecture [45-19]	 Time 0.0210	 Loss 2.1133	 flops 983252.625
(0.0010, 0.0090, 0.0070)	Architecture [45-24]	 Time 0.0190	 Loss 2.1023	 flops 499228.84375
(0.0020, 0.0090, 0.0070)	Architecture [45-29]	 Time 0.0190	 Loss 0.7338	 flops 604581.9375
(0.0010, 0.0100, 0.0080)	Architecture [45-34]	 Time 0.0210	 Loss 0.4902	 flops 498078.96875
(0.0010, 0.0100, 0.0120)	Architecture [45-39]	 Time 0.0250	 Loss 0.2998	 flops 2519503.75
(0.0010, 0.0060, 0.0060)	Architecture [45-44]	 Time 0.0140	 Loss 0.8972	 flops 532063.125
(0.0010, 0.0070, 0.0060)	Architecture [46-4]	 Time 0.0160	 Loss 3.2583	 flops 513158.5625
(0.0010, 0.0060, 0.0070)	Architecture [46-9]	 Time 0.0150	 Loss 2.0428	 flops 558967.5
(0.0010, 0.0060, 0.0070)	Architecture [46-14]	 Time 0.0150	 Loss 0.5850	 flops 521970.84375
(0.0010, 0.0080, 0.0080)	Architecture [46-19]	 Time 0.0180	 Loss 5.8998	 flops 1424716.5
(0.0010, 0.0060, 0.0060)	Architecture [46-24]	 Time 0.0150	 Loss 1.3356	 flops 496842.125
(0.0010, 0.0080, 0.0080)	Architecture [46-29]	 Time 0.0170	 Loss 2.7638	 flops 514893.4375
(0.0010, 0.0070, 0.0070)	Architecture [46-34]	 Time 0.0160	 Loss 1.1392	 flops 499929.65625
(0.0010, 0.0070, 0.0090)	Architecture [46-39]	 Time 0.0180	 Loss 0.6557	 flops 448806.3125
(0.0010, 0.0080, 0.0100)	Architecture [46-44]	 Time 0.0200	 Loss 1.4127	 flops 2331180.75
(0.0010, 0.0110, 0.0080)	Architecture [47-4]	 Time 0.0220	 Loss 2.7508	 flops 567621.375
(0.0020, 0.0080, 0.0090)	Architecture [47-9]	 Time 0.0200	 Loss 2.3830	 flops 928595.5
(0.0010, 0.0080, 0.0100)	Architecture [47-14]	 Time 0.0210	 Loss 0.7294	 flops 925600.0
(0.0010, 0.0090, 0.0090)	Architecture [47-19]	 Time 0.0210	 Loss 0.1081	 flops 471934.6875
(0.0010, 0.0090, 0.0080)	Architecture [47-24]	 Time 0.0200	 Loss 0.3393	 flops 624195.0625
(0.0010, 0.0100, 0.0080)	Architecture [47-29]	 Time 0.0200	 Loss 3.3966	 flops 605535.75
(0.0010, 0.0080, 0.0060)	Architecture [47-34]	 Time 0.0160	 Loss 0.9926	 flops 548854.3125
(0.0010, 0.0070, 0.0060)	Architecture [47-39]	 Time 0.0160	 Loss 0.4618	 flops 483810.125
(0.0010, 0.0080, 0.0090)	Architecture [47-44]	 Time 0.0200	 Loss 4.9372	 flops 1918499.125
(0.0010, 0.0100, 0.0060)	Architecture [48-4]	 Time 0.0190	 Loss 1.7450	 flops 561259.875
(0.0020, 0.0070, 0.0070)	Architecture [48-9]	 Time 0.0170	 Loss 1.5397	 flops 479907.375
(0.0010, 0.0080, 0.0060)	Architecture [48-14]	 Time 0.0170	 Loss 1.0176	 flops 370246.21875
(0.0010, 0.0070, 0.0070)	Architecture [48-19]	 Time 0.0160	 Loss 1.0014	 flops 568390.4375
(0.0010, 0.0080, 0.0090)	Architecture [48-24]	 Time 0.0180	 Loss 1.8900	 flops 1187151.75
(0.0020, 0.0080, 0.0100)	Architecture [48-29]	 Time 0.0210	 Loss 1.4941	 flops 2299358.25
(0.0010, 0.0080, 0.0070)	Architecture [48-34]	 Time 0.0160	 Loss 0.7755	 flops 407247.375
(0.0010, 0.0070, 0.0070)	Architecture [48-39]	 Time 0.0160	 Loss 0.6433	 flops 614291.1875
(0.0010, 0.0090, 0.0100)	Architecture [48-44]	 Time 0.0220	 Loss 0.0604	 flops 507200.71875
(0.0020, 0.0100, 0.0080)	Architecture [49-4]	 Time 0.0210	 Loss 0.6546	 flops 530274.375
(0.0020, 0.0100, 0.0100)	Architecture [49-9]	 Time 0.0230	 Loss 3.9929	 flops 1526607.125
(0.0010, 0.0090, 0.0060)	Architecture [49-14]	 Time 0.0170	 Loss 1.3847	 flops 519220.3125
(0.0010, 0.0080, 0.0070)	Architecture [49-19]	 Time 0.0180	 Loss 0.4567	 flops 482754.4375
(0.0020, 0.0130, 0.0130)	Architecture [49-24]	 Time 0.0290	 Loss 5.1205	 flops 2010003.75
(0.0010, 0.0080, 0.0070)	Architecture [49-29]	 Time 0.0170	 Loss 1.2074	 flops 515291.09375
(0.0020, 0.0090, 0.0110)	Architecture [49-34]	 Time 0.0230	 Loss 3.3152	 flops 1781590.0
(0.0010, 0.0070, 0.0060)	Architecture [49-39]	 Time 0.0160	 Loss 2.0448	 flops 523206.8125
(0.0010, 0.0080, 0.0070)	Architecture [49-44]	 Time 0.0180	 Loss 0.8359	 flops 533936.5
(0.0010, 0.0060, 0.0070)	Architecture [50-4]	 Time 0.0160	 Loss 0.5266	 flops 495052.40625
(0.0010, 0.0070, 0.0060)	Architecture [50-9]	 Time 0.0150	 Loss 2.6023	 flops 464054.65625
(0.0010, 0.0090, 0.0090)	Architecture [50-14]	 Time 0.0200	 Loss 4.8233	 flops 993715.0625
(0.0010, 0.0080, 0.0070)	Architecture [50-19]	 Time 0.0180	 Loss 0.8339	 flops 556446.0
(0.0010, 0.0070, 0.0070)	Architecture [50-24]	 Time 0.0170	 Loss 0.5347	 flops 471483.40625
(0.0010, 0.0080, 0.0060)	Architecture [50-29]	 Time 0.0160	 Loss 0.3412	 flops 661069.375
(0.0010, 0.0080, 0.0060)	Architecture [50-34]	 Time 0.0170	 Loss 2.3105	 flops 498868.53125
(0.0010, 0.0080, 0.0090)	Architecture [50-39]	 Time 0.0190	 Loss 0.9572	 flops 787140.5
(0.0010, 0.0090, 0.0070)	Architecture [50-44]	 Time 0.0180	 Loss 0.3611	 flops 520479.875
(0.0010, 0.0080, 0.0090)	Architecture [51-4]	 Time 0.0190	 Loss 4.6319	 flops 1202314.625
(0.0010, 0.0070, 0.0060)	Architecture [51-9]	 Time 0.0160	 Loss 1.5627	 flops 532565.75
(0.0010, 0.0080, 0.0070)	Architecture [51-14]	 Time 0.0170	 Loss 1.7993	 flops 508028.375
(0.0010, 0.0080, 0.0090)	Architecture [51-19]	 Time 0.0200	 Loss 3.3130	 flops 1708986.5
(0.0010, 0.0080, 0.0070)	Architecture [51-24]	 Time 0.0180	 Loss 0.6281	 flops 479857.09375
(0.0010, 0.0100, 0.0110)	Architecture [51-29]	 Time 0.0230	 Loss 2.8020	 flops 1417874.0
(0.0010, 0.0080, 0.0080)	Architecture [51-34]	 Time 0.0180	 Loss 2.6583	 flops 519737.84375
(0.0010, 0.0070, 0.0060)	Architecture [51-39]	 Time 0.0160	 Loss 0.8917	 flops 584134.125
(0.0010, 0.0070, 0.0070)	Architecture [51-44]	 Time 0.0170	 Loss 0.4809	 flops 580873.375
(0.0010, 0.0070, 0.0060)	Architecture [52-4]	 Time 0.0150	 Loss 0.3799	 flops 583325.875
(0.0010, 0.0080, 0.0060)	Architecture [52-9]	 Time 0.0170	 Loss 0.5185	 flops 482615.71875
(0.0010, 0.0070, 0.0070)	Architecture [52-14]	 Time 0.0150	 Loss 3.0541	 flops 526356.5625
(0.0010, 0.0070, 0.0090)	Architecture [52-19]	 Time 0.0180	 Loss 1.5590	 flops 1949918.625
(0.0010, 0.0070, 0.0060)	Architecture [52-24]	 Time 0.0150	 Loss 0.7346	 flops 410030.78125
(0.0010, 0.0070, 0.0060)	Architecture [52-29]	 Time 0.0160	 Loss 1.6595	 flops 570970.3125
(0.0010, 0.0090, 0.0060)	Architecture [52-34]	 Time 0.0180	 Loss 2.4765	 flops 568611.5625
(0.0010, 0.0080, 0.0090)	Architecture [52-39]	 Time 0.0200	 Loss 2.1665	 flops 884566.625
(0.0020, 0.0070, 0.0060)	Architecture [52-44]	 Time 0.0170	 Loss 2.2647	 flops 574758.8125
(0.0010, 0.0070, 0.0070)	Architecture [53-4]	 Time 0.0170	 Loss 0.5583	 flops 577729.0625
(0.0010, 0.0070, 0.0060)	Architecture [53-9]	 Time 0.0150	 Loss 0.7635	 flops 481706.4375
(0.0010, 0.0070, 0.0060)	Architecture [53-14]	 Time 0.0150	 Loss 2.4464	 flops 599705.0625
(0.0010, 0.0060, 0.0070)	Architecture [53-19]	 Time 0.0160	 Loss 0.9318	 flops 574541.25
(0.0010, 0.0070, 0.0060)	Architecture [53-24]	 Time 0.0150	 Loss 0.4569	 flops 598397.0
(0.0010, 0.0080, 0.0080)	Architecture [53-29]	 Time 0.0180	 Loss 0.1025	 flops 569325.4375
(0.0010, 0.0080, 0.0060)	Architecture [53-34]	 Time 0.0160	 Loss 0.9981	 flops 552606.0
(0.0010, 0.0080, 0.0070)	Architecture [53-39]	 Time 0.0180	 Loss 1.3193	 flops 501086.625
(0.0010, 0.0060, 0.0060)	Architecture [53-44]	 Time 0.0140	 Loss 1.2590	 flops 539550.5625
(0.0010, 0.0080, 0.0080)	Architecture [54-4]	 Time 0.0180	 Loss 1.8631	 flops 1432088.25
(0.0010, 0.0080, 0.0070)	Architecture [54-9]	 Time 0.0170	 Loss 1.9554	 flops 544829.0625
(0.0010, 0.0070, 0.0060)	Architecture [54-14]	 Time 0.0150	 Loss 1.4539	 flops 437639.5
(0.0010, 0.0070, 0.0080)	Architecture [54-19]	 Time 0.0170	 Loss 1.9746	 flops 508146.375
(0.0010, 0.0060, 0.0070)	Architecture [54-24]	 Time 0.0160	 Loss 2.5077	 flops 555298.375
(0.0010, 0.0060, 0.0060)	Architecture [54-29]	 Time 0.0150	 Loss 0.3692	 flops 528121.875
(0.0010, 0.0080, 0.0070)	Architecture [54-34]	 Time 0.0160	 Loss 1.1332	 flops 521637.75
(0.0010, 0.0060, 0.0060)	Architecture [54-39]	 Time 0.0150	 Loss 2.0018	 flops 500107.15625
(0.0010, 0.0060, 0.0060)	Architecture [54-44]	 Time 0.0150	 Loss 0.5849	 flops 551528.25
(0.0010, 0.0080, 0.0080)	Architecture [55-4]	 Time 0.0180	 Loss 0.4492	 flops 445674.875
(0.0010, 0.0080, 0.0070)	Architecture [55-9]	 Time 0.0160	 Loss 0.0277	 flops 432555.46875
(0.0010, 0.0090, 0.0090)	Architecture [55-14]	 Time 0.0200	 Loss 0.5349	 flops 1445665.125
(0.0010, 0.0090, 0.0100)	Architecture [55-19]	 Time 0.0220	 Loss 3.6475	 flops 2056543.25
(0.0010, 0.0070, 0.0060)	Architecture [55-24]	 Time 0.0160	 Loss 1.2806	 flops 575521.75
(0.0010, 0.0070, 0.0060)	Architecture [55-29]	 Time 0.0150	 Loss 0.3930	 flops 708878.25
(0.0010, 0.0070, 0.0060)	Architecture [55-34]	 Time 0.0150	 Loss 1.8845	 flops 571262.25
(0.0000, 0.0090, 0.0090)	Architecture [55-39]	 Time 0.0200	 Loss 3.8216	 flops 1923304.875
(0.0010, 0.0080, 0.0060)	Architecture [55-44]	 Time 0.0170	 Loss 1.9179	 flops 552897.1875
(0.0010, 0.0070, 0.0060)	Architecture [56-4]	 Time 0.0150	 Loss 1.3736	 flops 542129.1875
(0.0010, 0.0090, 0.0070)	Architecture [56-9]	 Time 0.0180	 Loss 0.8903	 flops 458906.125
(0.0010, 0.0140, 0.0130)	Architecture [56-14]	 Time 0.0300	 Loss 4.6662	 flops 450486.40625
(0.0020, 0.0100, 0.0100)	Architecture [56-19]	 Time 0.0220	 Loss 1.8404	 flops 506959.0
(0.0050, 0.0140, 0.0160)	Architecture [56-24]	 Time 0.0380	 Loss 2.7962	 flops 864852.8125
(0.0010, 0.0140, 0.0080)	Architecture [56-29]	 Time 0.0250	 Loss 1.0926	 flops 515280.375
(0.0020, 0.0090, 0.0060)	Architecture [56-34]	 Time 0.0180	 Loss 0.1426	 flops 520347.5625
(0.0010, 0.0090, 0.0100)	Architecture [56-39]	 Time 0.0210	 Loss 1.2861	 flops 1268104.875
(0.0020, 0.0130, 0.0100)	Architecture [56-44]	 Time 0.0260	 Loss 3.3240	 flops 530675.5
(0.0010, 0.0080, 0.0080)	Architecture [57-4]	 Time 0.0180	 Loss 1.4973	 flops 547055.3125
(0.0010, 0.0080, 0.0080)	Architecture [57-9]	 Time 0.0190	 Loss 0.4230	 flops 457804.84375
(0.0010, 0.0090, 0.0130)	Architecture [57-14]	 Time 0.0250	 Loss 5.3715	 flops 1092859.625
(0.0010, 0.0080, 0.0070)	Architecture [57-19]	 Time 0.0170	 Loss 1.2127	 flops 499307.75
(0.0010, 0.0060, 0.0070)	Architecture [57-24]	 Time 0.0150	 Loss 1.9907	 flops 525276.875
(0.0020, 0.0100, 0.0090)	Architecture [57-29]	 Time 0.0210	 Loss 2.5415	 flops 472050.0625
(0.0010, 0.0070, 0.0060)	Architecture [57-34]	 Time 0.0160	 Loss 0.2913	 flops 492744.71875
(0.0010, 0.0080, 0.0110)	Architecture [57-39]	 Time 0.0200	 Loss 3.6168	 flops 2340271.75
(0.0010, 0.0070, 0.0060)	Architecture [57-44]	 Time 0.0150	 Loss 1.6224	 flops 466981.375
(0.0020, 0.0070, 0.0060)	Architecture [58-4]	 Time 0.0160	 Loss 0.7755	 flops 410239.6875
(0.0010, 0.0070, 0.0080)	Architecture [58-9]	 Time 0.0170	 Loss 0.4426	 flops 430089.40625
(0.0010, 0.0060, 0.0060)	Architecture [58-14]	 Time 0.0150	 Loss 0.2514	 flops 531562.375
(0.0010, 0.0070, 0.0060)	Architecture [58-19]	 Time 0.0150	 Loss 0.8656	 flops 517019.78125
(0.0020, 0.0070, 0.0070)	Architecture [58-24]	 Time 0.0170	 Loss 1.8893	 flops 546491.0625
(0.0010, 0.0070, 0.0090)	Architecture [58-29]	 Time 0.0180	 Loss 0.7321	 flops 494129.1875
(0.0010, 0.0070, 0.0060)	Architecture [58-34]	 Time 0.0160	 Loss 0.9513	 flops 445539.96875
(0.0010, 0.0060, 0.0070)	Architecture [58-39]	 Time 0.0160	 Loss 1.7621	 flops 523736.34375
(0.0010, 0.0090, 0.0090)	Architecture [58-44]	 Time 0.0210	 Loss 3.9265	 flops 826615.25
(0.0010, 0.0080, 0.0070)	Architecture [59-4]	 Time 0.0170	 Loss 0.9322	 flops 471043.09375
(0.0010, 0.0070, 0.0060)	Architecture [59-9]	 Time 0.0150	 Loss 1.7186	 flops 544610.3125
(0.0010, 0.0070, 0.0070)	Architecture [59-14]	 Time 0.0170	 Loss 0.2520	 flops 459340.78125
(0.0010, 0.0070, 0.0060)	Architecture [59-19]	 Time 0.0150	 Loss 0.7349	 flops 538674.9375
(0.0010, 0.0080, 0.0100)	Architecture [59-24]	 Time 0.0200	 Loss 1.3683	 flops 1882728.125
(0.0010, 0.0070, 0.0060)	Architecture [59-29]	 Time 0.0150	 Loss 0.9666	 flops 532232.25
(0.0010, 0.0070, 0.0060)	Architecture [59-34]	 Time 0.0160	 Loss 0.3033	 flops 504957.78125
(0.0010, 0.0070, 0.0080)	Architecture [59-39]	 Time 0.0170	 Loss 0.8462	 flops 1828018.75
(0.0010, 0.0060, 0.0070)	Architecture [59-44]	 Time 0.0150	 Loss 0.4331	 flops 619025.125
(0.0010, 0.0070, 0.0070)	Architecture [60-4]	 Time 0.0150	 Loss 2.7337	 flops 563766.625
(0.0010, 0.0070, 0.0060)	Architecture [60-9]	 Time 0.0160	 Loss 1.1637	 flops 592865.5
(0.0010, 0.0060, 0.0060)	Architecture [60-14]	 Time 0.0140	 Loss 0.6861	 flops 548760.5625
(0.0010, 0.0060, 0.0060)	Architecture [60-19]	 Time 0.0150	 Loss 2.0741	 flops 413053.375
(0.0010, 0.0070, 0.0060)	Architecture [60-24]	 Time 0.0160	 Loss 1.5406	 flops 660869.1875
(0.0010, 0.0060, 0.0070)	Architecture [60-29]	 Time 0.0160	 Loss 1.5983	 flops 525782.0
(0.0020, 0.0070, 0.0100)	Architecture [60-34]	 Time 0.0200	 Loss 1.9191	 flops 1076018.25
(0.0010, 0.0070, 0.0060)	Architecture [60-39]	 Time 0.0140	 Loss 0.4248	 flops 414666.5625
(0.0010, 0.0100, 0.0080)	Architecture [60-44]	 Time 0.0210	 Loss 0.5286	 flops 505783.53125
(0.0010, 0.0070, 0.0060)	Architecture [61-4]	 Time 0.0150	 Loss 0.7764	 flops 514944.96875
(0.0010, 0.0070, 0.0060)	Architecture [61-9]	 Time 0.0150	 Loss 0.6200	 flops 540301.9375
(0.0000, 0.0080, 0.0060)	Architecture [61-14]	 Time 0.0160	 Loss 0.7458	 flops 491159.09375
(0.0020, 0.0070, 0.0070)	Architecture [61-19]	 Time 0.0170	 Loss 0.1805	 flops 514599.125
(0.0010, 0.0080, 0.0060)	Architecture [61-24]	 Time 0.0160	 Loss 0.3348	 flops 639969.4375
(0.0010, 0.0090, 0.0070)	Architecture [61-29]	 Time 0.0180	 Loss 2.7295	 flops 506738.1875
(0.0010, 0.0070, 0.0090)	Architecture [61-34]	 Time 0.0180	 Loss 1.0445	 flops 1150867.375
(0.0010, 0.0070, 0.0060)	Architecture [61-39]	 Time 0.0160	 Loss 0.6482	 flops 459465.125
(0.0010, 0.0080, 0.0090)	Architecture [61-44]	 Time 0.0200	 Loss 3.5038	 flops 1038396.25
(0.0020, 0.0060, 0.0080)	Architecture [62-4]	 Time 0.0160	 Loss 1.1812	 flops 470485.0625
(0.0010, 0.0070, 0.0070)	Architecture [62-9]	 Time 0.0170	 Loss 1.3981	 flops 512484.1875
(0.0010, 0.0080, 0.0060)	Architecture [62-14]	 Time 0.0170	 Loss 2.5789	 flops 483715.34375
(0.0010, 0.0070, 0.0060)	Architecture [62-19]	 Time 0.0150	 Loss 0.3156	 flops 494294.375
(0.0010, 0.0080, 0.0060)	Architecture [62-24]	 Time 0.0170	 Loss 0.7281	 flops 499818.84375
(0.0010, 0.0080, 0.0060)	Architecture [62-29]	 Time 0.0160	 Loss 2.0428	 flops 559139.0625
(0.0010, 0.0080, 0.0090)	Architecture [62-34]	 Time 0.0190	 Loss 2.6570	 flops 920815.625
(0.0010, 0.0090, 0.0090)	Architecture [62-39]	 Time 0.0200	 Loss 1.3475	 flops 1215313.25
(0.0010, 0.0080, 0.0060)	Architecture [62-44]	 Time 0.0170	 Loss 0.1181	 flops 532520.125
(0.0010, 0.0080, 0.0080)	Architecture [63-4]	 Time 0.0190	 Loss 1.4570	 flops 946975.125
(0.0010, 0.0080, 0.0080)	Architecture [63-9]	 Time 0.0190	 Loss 3.2810	 flops 528184.6875
(0.0010, 0.0070, 0.0090)	Architecture [63-14]	 Time 0.0180	 Loss 1.3050	 flops 552253.75
(0.0010, 0.0070, 0.0070)	Architecture [63-19]	 Time 0.0150	 Loss 0.8853	 flops 642175.125
(0.0010, 0.0070, 0.0070)	Architecture [63-24]	 Time 0.0160	 Loss 1.8516	 flops 487423.28125
(0.0010, 0.0070, 0.0060)	Architecture [63-29]	 Time 0.0150	 Loss 1.4280	 flops 493597.40625
(0.0010, 0.0090, 0.0090)	Architecture [63-34]	 Time 0.0190	 Loss 1.8819	 flops 1698750.25
(0.0010, 0.0090, 0.0100)	Architecture [63-39]	 Time 0.0210	 Loss 3.1950	 flops 2399719.75
(0.0000, 0.0080, 0.0100)	Architecture [63-44]	 Time 0.0200	 Loss 1.3089	 flops 928989.625
(0.0010, 0.0070, 0.0070)	Architecture [64-4]	 Time 0.0160	 Loss 0.6957	 flops 519546.125
(0.0010, 0.0060, 0.0070)	Architecture [64-9]	 Time 0.0150	 Loss 1.7419	 flops 527566.1875
(0.0010, 0.0100, 0.0070)	Architecture [64-14]	 Time 0.0190	 Loss 0.7560	 flops 505440.125
(0.0010, 0.0070, 0.0060)	Architecture [64-19]	 Time 0.0160	 Loss 0.8024	 flops 686115.625
(0.0010, 0.0060, 0.0070)	Architecture [64-24]	 Time 0.0150	 Loss 0.2406	 flops 548340.875
(0.0010, 0.0080, 0.0080)	Architecture [64-29]	 Time 0.0170	 Loss 0.4947	 flops 2561577.75
(0.0020, 0.0080, 0.0070)	Architecture [64-34]	 Time 0.0180	 Loss 3.4670	 flops 493726.96875
(0.0010, 0.0080, 0.0070)	Architecture [64-39]	 Time 0.0170	 Loss 1.0913	 flops 694441.75
(0.0010, 0.0060, 0.0070)	Architecture [64-44]	 Time 0.0150	 Loss 0.8902	 flops 562692.4375
(0.0010, 0.0080, 0.0090)	Architecture [65-4]	 Time 0.0180	 Loss 5.8358	 flops 2306464.75
(0.0010, 0.0070, 0.0070)	Architecture [65-9]	 Time 0.0160	 Loss 1.0699	 flops 523175.90625
(0.0000, 0.0080, 0.0060)	Architecture [65-14]	 Time 0.0160	 Loss 1.3336	 flops 480329.625
(0.0000, 0.0070, 0.0060)	Architecture [65-19]	 Time 0.0150	 Loss 1.3571	 flops 571016.875
(0.0010, 0.0080, 0.0060)	Architecture [65-24]	 Time 0.0170	 Loss 0.1815	 flops 474718.5625
(0.0010, 0.0070, 0.0060)	Architecture [65-29]	 Time 0.0160	 Loss 0.9460	 flops 504501.96875
(0.0010, 0.0100, 0.0070)	Architecture [65-34]	 Time 0.0200	 Loss 1.8784	 flops 511894.75
(0.0010, 0.0080, 0.0090)	Architecture [65-39]	 Time 0.0200	 Loss 2.2821	 flops 566862.0625
(0.0010, 0.0070, 0.0060)	Architecture [65-44]	 Time 0.0150	 Loss 0.4347	 flops 538183.625
(0.0010, 0.0060, 0.0070)	Architecture [66-4]	 Time 0.0150	 Loss 0.2128	 flops 486978.15625
(0.0010, 0.0090, 0.0100)	Architecture [66-9]	 Time 0.0200	 Loss 1.1712	 flops 1551474.375
(0.0010, 0.0070, 0.0060)	Architecture [66-14]	 Time 0.0150	 Loss 2.5542	 flops 452976.3125
(0.0000, 0.0080, 0.0060)	Architecture [66-19]	 Time 0.0160	 Loss 1.3429	 flops 505343.90625
(0.0010, 0.0060, 0.0060)	Architecture [66-24]	 Time 0.0150	 Loss 0.9973	 flops 547416.3125
(0.0010, 0.0070, 0.0060)	Architecture [66-29]	 Time 0.0160	 Loss 2.2734	 flops 487802.75
(0.0010, 0.0080, 0.0090)	Architecture [66-34]	 Time 0.0190	 Loss 2.3080	 flops 2052788.625
(0.0010, 0.0080, 0.0080)	Architecture [66-39]	 Time 0.0170	 Loss 1.6997	 flops 458268.1875
(0.0010, 0.0070, 0.0060)	Architecture [66-44]	 Time 0.0160	 Loss 1.8906	 flops 577847.75
(0.0020, 0.0070, 0.0090)	Architecture [67-4]	 Time 0.0180	 Loss 1.6357	 flops 1088737.5
(0.0010, 0.0090, 0.0060)	Architecture [67-9]	 Time 0.0180	 Loss 0.6959	 flops 512881.8125
(0.0010, 0.0070, 0.0060)	Architecture [67-14]	 Time 0.0150	 Loss 0.9910	 flops 720386.3125
(0.0010, 0.0080, 0.0060)	Architecture [67-19]	 Time 0.0160	 Loss 0.4151	 flops 454836.59375
(0.0010, 0.0080, 0.0060)	Architecture [67-24]	 Time 0.0150	 Loss 0.7502	 flops 634759.125
(0.0010, 0.0080, 0.0070)	Architecture [67-29]	 Time 0.0170	 Loss 0.0192	 flops 517008.125
(0.0010, 0.0080, 0.0070)	Architecture [67-34]	 Time 0.0180	 Loss 0.2524	 flops 563370.625
(0.0000, 0.0070, 0.0070)	Architecture [67-39]	 Time 0.0150	 Loss 2.4813	 flops 582632.125
(0.0010, 0.0080, 0.0100)	Architecture [67-44]	 Time 0.0200	 Loss 1.8880	 flops 2030047.875
(0.0010, 0.0080, 0.0060)	Architecture [68-4]	 Time 0.0160	 Loss 0.4070	 flops 543314.5
(0.0010, 0.0070, 0.0060)	Architecture [68-9]	 Time 0.0160	 Loss 2.0941	 flops 587624.6875
(0.0010, 0.0060, 0.0070)	Architecture [68-14]	 Time 0.0160	 Loss 1.0902	 flops 545124.9375
(0.0020, 0.0060, 0.0060)	Architecture [68-19]	 Time 0.0150	 Loss 2.7338	 flops 493623.34375
(0.0010, 0.0070, 0.0060)	Architecture [68-24]	 Time 0.0150	 Loss 1.9601	 flops 572610.8125
(0.0010, 0.0090, 0.0100)	Architecture [68-29]	 Time 0.0220	 Loss 0.9873	 flops 866697.375
(0.0010, 0.0080, 0.0070)	Architecture [68-34]	 Time 0.0180	 Loss 0.6898	 flops 602859.125
(0.0010, 0.0080, 0.0070)	Architecture [68-39]	 Time 0.0160	 Loss 2.5844	 flops 525007.0625
(0.0010, 0.0070, 0.0090)	Architecture [68-44]	 Time 0.0190	 Loss 1.9762	 flops 1545343.625
(0.0000, 0.0080, 0.0090)	Architecture [69-4]	 Time 0.0180	 Loss 0.9771	 flops 1792313.0
(0.0010, 0.0090, 0.0070)	Architecture [69-9]	 Time 0.0190	 Loss 0.5003	 flops 949240.0625
(0.0010, 0.0080, 0.0080)	Architecture [69-14]	 Time 0.0180	 Loss 0.2713	 flops 673023.3125
(0.0010, 0.0090, 0.0100)	Architecture [69-19]	 Time 0.0210	 Loss 2.9519	 flops 2125598.25
(0.0020, 0.0080, 0.0060)	Architecture [69-24]	 Time 0.0170	 Loss 1.3127	 flops 540972.6875
(0.0010, 0.0070, 0.0070)	Architecture [69-29]	 Time 0.0160	 Loss 0.6398	 flops 616589.6875
(0.0010, 0.0080, 0.0070)	Architecture [69-34]	 Time 0.0170	 Loss 1.1032	 flops 708183.6875
(0.0000, 0.0070, 0.0060)	Architecture [69-39]	 Time 0.0150	 Loss 0.9830	 flops 616836.75
(0.0010, 0.0070, 0.0060)	Architecture [69-44]	 Time 0.0150	 Loss 2.0534	 flops 502158.8125
(0.0010, 0.0080, 0.0090)	Architecture [70-4]	 Time 0.0180	 Loss 2.3443	 flops 1070304.75
(0.0010, 0.0080, 0.0060)	Architecture [70-9]	 Time 0.0170	 Loss 0.2092	 flops 582629.5
(0.0010, 0.0070, 0.0100)	Architecture [70-14]	 Time 0.0190	 Loss 3.3882	 flops 2378602.25
(0.0010, 0.0080, 0.0060)	Architecture [70-19]	 Time 0.0170	 Loss 2.2534	 flops 587771.125
(0.0010, 0.0080, 0.0070)	Architecture [70-24]	 Time 0.0160	 Loss 0.5003	 flops 668342.6875
(0.0010, 0.0060, 0.0060)	Architecture [70-29]	 Time 0.0150	 Loss 0.6237	 flops 605481.0
(0.0010, 0.0080, 0.0080)	Architecture [70-34]	 Time 0.0180	 Loss 0.3258	 flops 601849.375
(0.0010, 0.0070, 0.0070)	Architecture [70-39]	 Time 0.0170	 Loss 0.5667	 flops 598016.125
(0.0000, 0.0070, 0.0070)	Architecture [70-44]	 Time 0.0160	 Loss 2.7227	 flops 593706.75
(0.0020, 0.0070, 0.0070)	Architecture [71-4]	 Time 0.0170	 Loss 1.4248	 flops 612162.875
(0.0010, 0.0070, 0.0060)	Architecture [71-9]	 Time 0.0150	 Loss 0.3854	 flops 629087.5
(0.0010, 0.0060, 0.0070)	Architecture [71-14]	 Time 0.0140	 Loss 2.3526	 flops 610773.875
(0.0010, 0.0070, 0.0060)	Architecture [71-19]	 Time 0.0150	 Loss 2.3180	 flops 602581.75
(0.0010, 0.0060, 0.0070)	Architecture [71-24]	 Time 0.0160	 Loss 1.7579	 flops 504669.875
(0.0010, 0.0070, 0.0070)	Architecture [71-29]	 Time 0.0160	 Loss 1.3298	 flops 606758.4375
(0.0010, 0.0070, 0.0070)	Architecture [71-34]	 Time 0.0160	 Loss 0.2197	 flops 616210.125
(0.0010, 0.0070, 0.0080)	Architecture [71-39]	 Time 0.0170	 Loss 2.2414	 flops 613409.0
(0.0000, 0.0090, 0.0070)	Architecture [71-44]	 Time 0.0170	 Loss 2.6565	 flops 566461.4375
(0.0010, 0.0070, 0.0060)	Architecture [72-4]	 Time 0.0150	 Loss 0.5116	 flops 633207.75
(0.0010, 0.0080, 0.0070)	Architecture [72-9]	 Time 0.0170	 Loss 0.4408	 flops 620784.75
(0.0010, 0.0080, 0.0060)	Architecture [72-14]	 Time 0.0160	 Loss 0.1982	 flops 479964.25
(0.0010, 0.0070, 0.0080)	Architecture [72-19]	 Time 0.0170	 Loss 1.3453	 flops 660367.875
(0.0010, 0.0070, 0.0060)	Architecture [72-24]	 Time 0.0150	 Loss 2.7869	 flops 646080.375
(0.0010, 0.0070, 0.0060)	Architecture [72-29]	 Time 0.0160	 Loss 1.2719	 flops 625750.375
(0.0000, 0.0080, 0.0070)	Architecture [72-34]	 Time 0.0160	 Loss 0.5308	 flops 569843.4375
(0.0020, 0.0070, 0.0070)	Architecture [72-39]	 Time 0.0170	 Loss 1.9538	 flops 557781.8125
(0.0000, 0.0070, 0.0070)	Architecture [72-44]	 Time 0.0160	 Loss 1.1832	 flops 675507.4375
(0.0010, 0.0070, 0.0070)	Architecture [73-4]	 Time 0.0160	 Loss 1.8296	 flops 492802.03125
(0.0010, 0.0080, 0.0070)	Architecture [73-9]	 Time 0.0170	 Loss 1.6555	 flops 700643.0625
(0.0010, 0.0070, 0.0060)	Architecture [73-14]	 Time 0.0140	 Loss 0.5934	 flops 532827.5
(0.0010, 0.0080, 0.0100)	Architecture [73-19]	 Time 0.0200	 Loss 3.7057	 flops 2285515.25
(0.0010, 0.0060, 0.0070)	Architecture [73-24]	 Time 0.0150	 Loss 1.2981	 flops 635429.75
(0.0010, 0.0080, 0.0060)	Architecture [73-29]	 Time 0.0160	 Loss 0.5662	 flops 625972.375
(0.0010, 0.0080, 0.0070)	Architecture [73-34]	 Time 0.0170	 Loss 0.5588	 flops 591931.4375
(0.0010, 0.0060, 0.0070)	Architecture [73-39]	 Time 0.0160	 Loss 0.3858	 flops 379762.28125
(0.0000, 0.0090, 0.0090)	Architecture [73-44]	 Time 0.0200	 Loss 0.6016	 flops 1262823.375
(0.0010, 0.0060, 0.0070)	Architecture [74-4]	 Time 0.0150	 Loss 3.0077	 flops 618262.0
(0.0010, 0.0080, 0.0060)	Architecture [74-9]	 Time 0.0160	 Loss 1.0478	 flops 595150.25
(0.0010, 0.0070, 0.0070)	Architecture [74-14]	 Time 0.0150	 Loss 1.0712	 flops 542892.375
(0.0010, 0.0070, 0.0060)	Architecture [74-19]	 Time 0.0150	 Loss 1.9070	 flops 557486.75
(0.0010, 0.0070, 0.0060)	Architecture [74-24]	 Time 0.0150	 Loss 1.6160	 flops 637305.5
(0.0010, 0.0070, 0.0080)	Architecture [74-29]	 Time 0.0170	 Loss 1.9716	 flops 628943.625
(0.0010, 0.0080, 0.0060)	Architecture [74-34]	 Time 0.0160	 Loss 1.5821	 flops 588396.25
(0.0010, 0.0070, 0.0060)	Architecture [74-39]	 Time 0.0160	 Loss 0.8086	 flops 666638.625
(0.0010, 0.0080, 0.0110)	Architecture [74-44]	 Time 0.0210	 Loss 3.1150	 flops 2443077.5
(0.0010, 0.0080, 0.0080)	Architecture [75-4]	 Time 0.0180	 Loss 1.0600	 flops 623926.375
(0.0010, 0.0060, 0.0070)	Architecture [75-9]	 Time 0.0150	 Loss 0.2819	 flops 670033.375
(0.0010, 0.0070, 0.0070)	Architecture [75-14]	 Time 0.0150	 Loss 0.3412	 flops 653919.625
(0.0010, 0.0070, 0.0060)	Architecture [75-19]	 Time 0.0150	 Loss 0.0020	 flops 643614.3125
(0.0010, 0.0070, 0.0070)	Architecture [75-24]	 Time 0.0150	 Loss 0.3398	 flops 681714.5
(0.0010, 0.0070, 0.0080)	Architecture [75-29]	 Time 0.0180	 Loss 3.6071	 flops 637438.5625
(0.0010, 0.0090, 0.0060)	Architecture [75-34]	 Time 0.0180	 Loss 1.1620	 flops 653446.3125
(0.0010, 0.0070, 0.0060)	Architecture [75-39]	 Time 0.0140	 Loss 0.3974	 flops 607562.8125
(0.0010, 0.0060, 0.0060)	Architecture [75-44]	 Time 0.0150	 Loss 1.8920	 flops 672226.375
(0.0010, 0.0070, 0.0060)	Architecture [76-4]	 Time 0.0160	 Loss 1.3948	 flops 575370.5
(0.0020, 0.0060, 0.0060)	Architecture [76-9]	 Time 0.0150	 Loss 1.2424	 flops 670998.0
(0.0010, 0.0070, 0.0060)	Architecture [76-14]	 Time 0.0140	 Loss 1.7783	 flops 587639.9375
(0.0000, 0.0070, 0.0070)	Architecture [76-19]	 Time 0.0160	 Loss 0.2658	 flops 644159.625
(0.0000, 0.0080, 0.0060)	Architecture [76-24]	 Time 0.0160	 Loss 0.7149	 flops 603027.0
(0.0010, 0.0090, 0.0070)	Architecture [76-29]	 Time 0.0190	 Loss 1.2815	 flops 584767.375
(0.0010, 0.0070, 0.0070)	Architecture [76-34]	 Time 0.0150	 Loss 0.3798	 flops 594922.0
(0.0010, 0.0080, 0.0050)	Architecture [76-39]	 Time 0.0160	 Loss 0.4236	 flops 527764.0625
(0.0010, 0.0080, 0.0060)	Architecture [76-44]	 Time 0.0150	 Loss 0.1881	 flops 675374.875
(0.0010, 0.0060, 0.0060)	Architecture [77-4]	 Time 0.0150	 Loss 0.2966	 flops 595261.875
(0.0010, 0.0070, 0.0060)	Architecture [77-9]	 Time 0.0160	 Loss 2.3804	 flops 648219.375
(0.0010, 0.0090, 0.0060)	Architecture [77-14]	 Time 0.0170	 Loss 0.9910	 flops 509495.28125
(0.0010, 0.0080, 0.0070)	Architecture [77-19]	 Time 0.0180	 Loss 0.6009	 flops 643211.25
(0.0010, 0.0090, 0.0070)	Architecture [77-24]	 Time 0.0180	 Loss 2.0841	 flops 561739.5
(0.0010, 0.0060, 0.0070)	Architecture [77-29]	 Time 0.0160	 Loss 1.1324	 flops 640684.0
(0.0010, 0.0070, 0.0070)	Architecture [77-34]	 Time 0.0160	 Loss 1.1683	 flops 647942.6875
(0.0010, 0.0090, 0.0080)	Architecture [77-39]	 Time 0.0190	 Loss 2.4933	 flops 612816.375
(0.0010, 0.0070, 0.0060)	Architecture [77-44]	 Time 0.0150	 Loss 0.3386	 flops 608555.0625
(0.0020, 0.0070, 0.0070)	Architecture [78-4]	 Time 0.0170	 Loss 0.4620	 flops 576055.8125
(0.0010, 0.0070, 0.0070)	Architecture [78-9]	 Time 0.0160	 Loss 1.1656	 flops 630548.6875
(0.0010, 0.0080, 0.0060)	Architecture [78-14]	 Time 0.0160	 Loss 0.3248	 flops 671743.0625
(0.0010, 0.0070, 0.0090)	Architecture [78-19]	 Time 0.0170	 Loss 1.4084	 flops 598515.4375
(0.0010, 0.0070, 0.0080)	Architecture [78-24]	 Time 0.0170	 Loss 0.4228	 flops 634762.875
(0.0010, 0.0070, 0.0060)	Architecture [78-29]	 Time 0.0150	 Loss 0.3279	 flops 626329.5
(0.0010, 0.0070, 0.0060)	Architecture [78-34]	 Time 0.0150	 Loss 2.6184	 flops 600713.8125
(0.0010, 0.0060, 0.0060)	Architecture [78-39]	 Time 0.0150	 Loss 1.5208	 flops 612278.5625
(0.0010, 0.0070, 0.0070)	Architecture [78-44]	 Time 0.0150	 Loss 0.4404	 flops 609678.875
(0.0010, 0.0090, 0.0070)	Architecture [79-4]	 Time 0.0180	 Loss 1.8701	 flops 599589.5625
(0.0010, 0.0070, 0.0080)	Architecture [79-9]	 Time 0.0180	 Loss 1.7884	 flops 1462612.625
(0.0010, 0.0060, 0.0060)	Architecture [79-14]	 Time 0.0150	 Loss 1.2337	 flops 621925.1875
(0.0010, 0.0060, 0.0070)	Architecture [79-19]	 Time 0.0160	 Loss 1.2225	 flops 611837.375
(0.0010, 0.0070, 0.0070)	Architecture [79-24]	 Time 0.0160	 Loss 0.4671	 flops 715405.75
(0.0010, 0.0070, 0.0090)	Architecture [79-29]	 Time 0.0170	 Loss 2.0864	 flops 2690154.5
(0.0010, 0.0070, 0.0080)	Architecture [79-34]	 Time 0.0170	 Loss 1.4016	 flops 652438.4375
(0.0010, 0.0070, 0.0090)	Architecture [79-39]	 Time 0.0190	 Loss 2.5240	 flops 972997.125
(0.0010, 0.0080, 0.0060)	Architecture [79-44]	 Time 0.0170	 Loss 0.3586	 flops 648478.9375
(0.0010, 0.0090, 0.0060)	Architecture [80-4]	 Time 0.0170	 Loss 0.0271	 flops 638747.125
(0.0010, 0.0070, 0.0060)	Architecture [80-9]	 Time 0.0150	 Loss 0.2688	 flops 631657.125
(0.0010, 0.0080, 0.0060)	Architecture [80-14]	 Time 0.0160	 Loss 2.3525	 flops 629453.875
(0.0010, 0.0060, 0.0060)	Architecture [80-19]	 Time 0.0150	 Loss 1.0785	 flops 634873.25
(0.0010, 0.0070, 0.0090)	Architecture [80-24]	 Time 0.0180	 Loss 1.2581	 flops 1272859.75
(0.0010, 0.0080, 0.0060)	Architecture [80-29]	 Time 0.0150	 Loss 2.2245	 flops 589249.3125
(0.0010, 0.0100, 0.0060)	Architecture [80-34]	 Time 0.0190	 Loss 1.0632	 flops 587929.5
(0.0010, 0.0110, 0.0080)	Architecture [80-39]	 Time 0.0210	 Loss 2.3897	 flops 624923.9375
(0.0010, 0.0110, 0.0080)	Architecture [80-44]	 Time 0.0220	 Loss 1.6322	 flops 473569.375
(0.0010, 0.0080, 0.0060)	Architecture [81-4]	 Time 0.0170	 Loss 0.3879	 flops 654868.3125
(0.0010, 0.0080, 0.0100)	Architecture [81-9]	 Time 0.0200	 Loss 2.9030	 flops 1114542.25
(0.0010, 0.0070, 0.0110)	Architecture [81-14]	 Time 0.0210	 Loss 1.7610	 flops 1231542.25
(0.0010, 0.0090, 0.0070)	Architecture [81-19]	 Time 0.0180	 Loss 0.5626	 flops 356061.71875
(0.0010, 0.0100, 0.0070)	Architecture [81-24]	 Time 0.0190	 Loss 0.5033	 flops 408720.84375
(0.0010, 0.0100, 0.0080)	Architecture [81-29]	 Time 0.0200	 Loss 0.8561	 flops 390329.25
(0.0010, 0.0070, 0.0070)	Architecture [81-34]	 Time 0.0170	 Loss 0.2431	 flops 615805.0625
(0.0010, 0.0070, 0.0080)	Architecture [81-39]	 Time 0.0180	 Loss 2.1641	 flops 630325.1875
(0.0010, 0.0070, 0.0060)	Architecture [81-44]	 Time 0.0150	 Loss 1.3471	 flops 671365.4375
(0.0010, 0.0090, 0.0070)	Architecture [82-4]	 Time 0.0170	 Loss 0.4804	 flops 626035.4375
(0.0000, 0.0080, 0.0070)	Architecture [82-9]	 Time 0.0170	 Loss 1.7376	 flops 670517.4375
(0.0010, 0.0080, 0.0080)	Architecture [82-14]	 Time 0.0180	 Loss 3.6369	 flops 947069.4375
(0.0010, 0.0080, 0.0070)	Architecture [82-19]	 Time 0.0180	 Loss 1.3713	 flops 636189.0
(0.0010, 0.0060, 0.0060)	Architecture [82-24]	 Time 0.0150	 Loss 1.7653	 flops 572505.9375
(0.0010, 0.0080, 0.0080)	Architecture [82-29]	 Time 0.0170	 Loss 0.3255	 flops 568778.875
(0.0010, 0.0100, 0.0090)	Architecture [82-34]	 Time 0.0220	 Loss 3.2520	 flops 594975.9375
(0.0010, 0.0070, 0.0070)	Architecture [82-39]	 Time 0.0160	 Loss 1.6949	 flops 374381.5625
(0.0010, 0.0080, 0.0060)	Architecture [82-44]	 Time 0.0170	 Loss 0.6016	 flops 375477.8125
(0.0010, 0.0070, 0.0060)	Architecture [83-4]	 Time 0.0150	 Loss 0.4977	 flops 365650.8125
(0.0010, 0.0070, 0.0060)	Architecture [83-9]	 Time 0.0150	 Loss 0.0789	 flops 612012.75
(0.0010, 0.0080, 0.0060)	Architecture [83-14]	 Time 0.0170	 Loss 0.2971	 flops 649096.375
(0.0010, 0.0080, 0.0080)	Architecture [83-19]	 Time 0.0190	 Loss 1.6778	 flops 1111756.0
(0.0010, 0.0080, 0.0070)	Architecture [83-24]	 Time 0.0170	 Loss 1.0046	 flops 571235.8125
(0.0010, 0.0080, 0.0070)	Architecture [83-29]	 Time 0.0180	 Loss 0.4883	 flops 560862.75
(0.0010, 0.0070, 0.0060)	Architecture [83-34]	 Time 0.0150	 Loss 1.6702	 flops 388387.375
(0.0010, 0.0060, 0.0060)	Architecture [83-39]	 Time 0.0150	 Loss 1.1410	 flops 638874.875
(0.0010, 0.0080, 0.0070)	Architecture [83-44]	 Time 0.0160	 Loss 1.9710	 flops 410648.5625
(0.0010, 0.0100, 0.0070)	Architecture [84-4]	 Time 0.0190	 Loss 1.5061	 flops 557321.9375
(0.0010, 0.0070, 0.0080)	Architecture [84-9]	 Time 0.0170	 Loss 2.7953	 flops 1268539.5
(0.0000, 0.0070, 0.0070)	Architecture [84-14]	 Time 0.0150	 Loss 0.6458	 flops 612145.3125
(0.0010, 0.0090, 0.0060)	Architecture [84-19]	 Time 0.0160	 Loss 1.8800	 flops 581492.625
(0.0010, 0.0070, 0.0070)	Architecture [84-24]	 Time 0.0160	 Loss 0.3657	 flops 580037.9375
(0.0010, 0.0070, 0.0060)	Architecture [84-29]	 Time 0.0150	 Loss 0.3033	 flops 638129.75
(0.0010, 0.0090, 0.0070)	Architecture [84-34]	 Time 0.0190	 Loss 0.0491	 flops 588210.5
(0.0010, 0.0060, 0.0060)	Architecture [84-39]	 Time 0.0150	 Loss 0.3306	 flops 628642.5
(0.0010, 0.0080, 0.0090)	Architecture [84-44]	 Time 0.0180	 Loss 2.2125	 flops 1151594.875
(0.0010, 0.0080, 0.0080)	Architecture [85-4]	 Time 0.0180	 Loss 1.0142	 flops 881738.1875
(0.0010, 0.0080, 0.0070)	Architecture [85-9]	 Time 0.0170	 Loss 0.6264	 flops 271520.0625
(0.0010, 0.0090, 0.0090)	Architecture [85-14]	 Time 0.0200	 Loss 3.9906	 flops 603785.3125
(0.0010, 0.0060, 0.0070)	Architecture [85-19]	 Time 0.0150	 Loss 1.2238	 flops 639040.625
(0.0010, 0.0080, 0.0070)	Architecture [85-24]	 Time 0.0180	 Loss 1.2196	 flops 605044.4375
(0.0000, 0.0080, 0.0060)	Architecture [85-29]	 Time 0.0150	 Loss 1.6565	 flops 604977.375
(0.0010, 0.0070, 0.0070)	Architecture [85-34]	 Time 0.0150	 Loss 0.2669	 flops 363530.15625
(0.0010, 0.0080, 0.0070)	Architecture [85-39]	 Time 0.0160	 Loss 0.9299	 flops 578596.1875
(0.0010, 0.0070, 0.0090)	Architecture [85-44]	 Time 0.0180	 Loss 1.1940	 flops 1880785.25
(0.0010, 0.0070, 0.0060)	Architecture [86-4]	 Time 0.0150	 Loss 0.4074	 flops 534819.75
(0.0010, 0.0070, 0.0060)	Architecture [86-9]	 Time 0.0150	 Loss 0.3457	 flops 521104.75
(0.0010, 0.0070, 0.0060)	Architecture [86-14]	 Time 0.0150	 Loss -0.0050	 flops 623456.8125
(0.0010, 0.0070, 0.0060)	Architecture [86-19]	 Time 0.0150	 Loss 0.2701	 flops 522541.53125
(0.0000, 0.0070, 0.0060)	Architecture [86-24]	 Time 0.0150	 Loss 2.4895	 flops 573448.5
(0.0010, 0.0070, 0.0090)	Architecture [86-29]	 Time 0.0190	 Loss 1.3969	 flops 1875148.0
(0.0010, 0.0080, 0.0070)	Architecture [86-34]	 Time 0.0170	 Loss 0.4343	 flops 662825.25
(0.0010, 0.0100, 0.0100)	Architecture [86-39]	 Time 0.0220	 Loss 5.7377	 flops 547078.5
(0.0010, 0.0070, 0.0070)	Architecture [86-44]	 Time 0.0170	 Loss 1.3053	 flops 657786.6875
(0.0020, 0.0080, 0.0070)	Architecture [87-4]	 Time 0.0170	 Loss 1.0206	 flops 571902.875
(0.0010, 0.0080, 0.0060)	Architecture [87-9]	 Time 0.0170	 Loss 1.6968	 flops 623693.625
(0.0010, 0.0070, 0.0060)	Architecture [87-14]	 Time 0.0150	 Loss 0.3503	 flops 523312.53125
(0.0010, 0.0060, 0.0070)	Architecture [87-19]	 Time 0.0150	 Loss 0.5909	 flops 657918.8125
(0.0100, 0.0140, 0.0160)	Architecture [87-24]	 Time 0.0420	 Loss 1.6390	 flops 398225.15625
(0.0010, 0.0080, 0.0070)	Architecture [87-29]	 Time 0.0170	 Loss 0.4402	 flops 663383.125
(0.0020, 0.0090, 0.0100)	Architecture [87-34]	 Time 0.0220	 Loss 1.6483	 flops 659901.25
(0.0020, 0.0080, 0.0090)	Architecture [87-39]	 Time 0.0200	 Loss 0.0215	 flops 532064.3125
(0.0010, 0.0070, 0.0070)	Architecture [87-44]	 Time 0.0170	 Loss 0.4264	 flops 619309.5625
(0.0010, 0.0080, 0.0080)	Architecture [88-4]	 Time 0.0180	 Loss 2.2944	 flops 595734.5625
(0.0010, 0.0070, 0.0060)	Architecture [88-9]	 Time 0.0160	 Loss 1.2004	 flops 655407.4375
(0.0010, 0.0060, 0.0070)	Architecture [88-14]	 Time 0.0160	 Loss 1.1612	 flops 381032.5
(0.0010, 0.0090, 0.0080)	Architecture [88-19]	 Time 0.0200	 Loss 7.0955	 flops 543210.25
(0.0010, 0.0100, 0.0090)	Architecture [88-24]	 Time 0.0220	 Loss 2.3724	 flops 929138.125
(0.0010, 0.0060, 0.0060)	Architecture [88-29]	 Time 0.0150	 Loss 1.1099	 flops 661662.5
(0.0010, 0.0070, 0.0070)	Architecture [88-34]	 Time 0.0160	 Loss 1.5812	 flops 568148.875
(0.0010, 0.0080, 0.0080)	Architecture [88-39]	 Time 0.0180	 Loss 0.8757	 flops 996948.8125
(0.0010, 0.0080, 0.0070)	Architecture [88-44]	 Time 0.0180	 Loss 0.5987	 flops 404186.875
(0.0010, 0.0080, 0.0080)	Architecture [89-4]	 Time 0.0190	 Loss 1.0855	 flops 385714.84375
(0.0010, 0.0070, 0.0060)	Architecture [89-9]	 Time 0.0150	 Loss 0.5782	 flops 385721.96875
(0.0010, 0.0090, 0.0060)	Architecture [89-14]	 Time 0.0170	 Loss 0.5210	 flops 394838.59375
(0.0010, 0.0090, 0.0060)	Architecture [89-19]	 Time 0.0160	 Loss 0.0750	 flops 538315.0625
(0.0010, 0.0090, 0.0080)	Architecture [89-24]	 Time 0.0190	 Loss 1.2133	 flops 519705.90625
(0.0010, 0.0080, 0.0090)	Architecture [89-29]	 Time 0.0190	 Loss 1.6258	 flops 348751.71875
(0.0010, 0.0090, 0.0060)	Architecture [89-34]	 Time 0.0180	 Loss 1.3476	 flops 525403.75
(0.0010, 0.0070, 0.0090)	Architecture [89-39]	 Time 0.0180	 Loss 1.2658	 flops 520181.9375
(0.0010, 0.0070, 0.0080)	Architecture [89-44]	 Time 0.0170	 Loss 5.5755	 flops 2536810.75
(0.0000, 0.0100, 0.0060)	Architecture [90-4]	 Time 0.0170	 Loss 1.1248	 flops 355761.25
(0.0010, 0.0070, 0.0060)	Architecture [90-9]	 Time 0.0160	 Loss 1.1426	 flops 653901.3125
(0.0010, 0.0080, 0.0090)	Architecture [90-14]	 Time 0.0200	 Loss 2.4082	 flops 647749.5
(0.0000, 0.0070, 0.0060)	Architecture [90-19]	 Time 0.0150	 Loss 0.4625	 flops 658460.1875
(0.0010, 0.0090, 0.0060)	Architecture [90-24]	 Time 0.0170	 Loss 0.5728	 flops 447509.6875
(0.0010, 0.0070, 0.0060)	Architecture [90-29]	 Time 0.0160	 Loss 1.3482	 flops 359983.4375
(0.0010, 0.0070, 0.0060)	Architecture [90-34]	 Time 0.0160	 Loss 0.4554	 flops 537046.375
(0.0000, 0.0080, 0.0060)	Architecture [90-39]	 Time 0.0160	 Loss 0.3836	 flops 616347.25
(0.0010, 0.0070, 0.0090)	Architecture [90-44]	 Time 0.0180	 Loss 0.6224	 flops 984572.375
(0.0010, 0.0080, 0.0090)	Architecture [91-4]	 Time 0.0190	 Loss 0.7132	 flops 2053923.75
(0.0010, 0.0080, 0.0060)	Architecture [91-9]	 Time 0.0160	 Loss 2.5245	 flops 618457.375
(0.0010, 0.0060, 0.0070)	Architecture [91-14]	 Time 0.0150	 Loss 1.0723	 flops 323677.46875
(0.0010, 0.0080, 0.0090)	Architecture [91-19]	 Time 0.0190	 Loss 1.2806	 flops 846444.375
(0.0010, 0.0070, 0.0060)	Architecture [91-24]	 Time 0.0150	 Loss 2.0426	 flops 689018.375
(0.0010, 0.0070, 0.0050)	Architecture [91-29]	 Time 0.0150	 Loss 1.0694	 flops 384158.3125
(0.0010, 0.0070, 0.0060)	Architecture [91-34]	 Time 0.0150	 Loss 1.1414	 flops 694265.5625
(0.0010, 0.0070, 0.0070)	Architecture [91-39]	 Time 0.0160	 Loss 1.9088	 flops 409858.28125
(0.0010, 0.0060, 0.0060)	Architecture [91-44]	 Time 0.0150	 Loss 0.3291	 flops 438654.4375
(0.0010, 0.0080, 0.0060)	Architecture [92-4]	 Time 0.0170	 Loss 0.5710	 flops 320996.625
(0.0010, 0.0090, 0.0080)	Architecture [92-9]	 Time 0.0200	 Loss 1.8155	 flops 966586.625
(0.0010, 0.0070, 0.0060)	Architecture [92-14]	 Time 0.0140	 Loss 0.3898	 flops 595467.9375
(0.0010, 0.0080, 0.0060)	Architecture [92-19]	 Time 0.0160	 Loss 0.5554	 flops 418208.03125
(0.0010, 0.0070, 0.0060)	Architecture [92-24]	 Time 0.0150	 Loss 0.0094	 flops 436513.5625
(0.0010, 0.0070, 0.0070)	Architecture [92-29]	 Time 0.0150	 Loss 0.3404	 flops 388543.0
(0.0010, 0.0070, 0.0080)	Architecture [92-34]	 Time 0.0180	 Loss 4.2468	 flops 576924.9375
(0.0010, 0.0090, 0.0070)	Architecture [92-39]	 Time 0.0180	 Loss 1.0578	 flops 370663.96875
(0.0010, 0.0090, 0.0070)	Architecture [92-44]	 Time 0.0180	 Loss 0.6647	 flops 360926.9375
(0.0000, 0.0080, 0.0090)	Architecture [93-4]	 Time 0.0180	 Loss 5.4061	 flops 2684820.0
(0.0020, 0.0070, 0.0060)	Architecture [93-9]	 Time 0.0160	 Loss 1.2177	 flops 669006.5
(0.0010, 0.0090, 0.0060)	Architecture [93-14]	 Time 0.0180	 Loss 1.2346	 flops 354966.90625
(0.0020, 0.0090, 0.0070)	Architecture [93-19]	 Time 0.0190	 Loss 1.2485	 flops 417224.125
(0.0010, 0.0090, 0.0090)	Architecture [93-24]	 Time 0.0210	 Loss 0.2775	 flops 365653.125
(0.0020, 0.0080, 0.0080)	Architecture [93-29]	 Time 0.0180	 Loss 1.2776	 flops 459234.375
(0.0010, 0.0080, 0.0080)	Architecture [93-34]	 Time 0.0170	 Loss 1.6649	 flops 361722.4375
(0.0010, 0.0090, 0.0070)	Architecture [93-39]	 Time 0.0180	 Loss 0.3855	 flops 575977.125
(0.0010, 0.0100, 0.0080)	Architecture [93-44]	 Time 0.0200	 Loss 0.3882	 flops 624867.6875
(0.0010, 0.0070, 0.0090)	Architecture [94-4]	 Time 0.0190	 Loss 0.3035	 flops 432867.78125
(0.0020, 0.0100, 0.0100)	Architecture [94-9]	 Time 0.0240	 Loss 0.3141	 flops 680799.3125
(0.0010, 0.0100, 0.0090)	Architecture [94-14]	 Time 0.0220	 Loss 3.5985	 flops 492419.28125
(0.0010, 0.0090, 0.0070)	Architecture [94-19]	 Time 0.0180	 Loss 1.0860	 flops 444067.5625
(0.0010, 0.0080, 0.0070)	Architecture [94-24]	 Time 0.0180	 Loss 0.6554	 flops 397877.71875
(0.0010, 0.0090, 0.0090)	Architecture [94-29]	 Time 0.0200	 Loss 7.0220	 flops 642146.6875
(0.0010, 0.0090, 0.0060)	Architecture [94-34]	 Time 0.0180	 Loss 1.2698	 flops 536595.5
(0.0010, 0.0100, 0.0070)	Architecture [94-39]	 Time 0.0200	 Loss 1.1904	 flops 634735.125
(0.0010, 0.0090, 0.0080)	Architecture [94-44]	 Time 0.0200	 Loss 1.4807	 flops 441472.4375
(0.0010, 0.0090, 0.0060)	Architecture [95-4]	 Time 0.0180	 Loss 0.3169	 flops 619920.6875
(0.0010, 0.0070, 0.0070)	Architecture [95-9]	 Time 0.0170	 Loss 0.5494	 flops 607873.5625
(0.0020, 0.0080, 0.0070)	Architecture [95-14]	 Time 0.0180	 Loss 1.6568	 flops 341429.78125
(0.0010, 0.0100, 0.0100)	Architecture [95-19]	 Time 0.0220	 Loss 4.4142	 flops 2753766.0
(0.0030, 0.0120, 0.0100)	Architecture [95-24]	 Time 0.0270	 Loss 0.5200	 flops 425990.6875
(0.0020, 0.0100, 0.0080)	Architecture [95-29]	 Time 0.0220	 Loss 0.1329	 flops 358567.625
(0.0020, 0.0100, 0.0090)	Architecture [95-34]	 Time 0.0220	 Loss 0.3490	 flops 444231.96875
(0.0020, 0.0110, 0.0100)	Architecture [95-39]	 Time 0.0240	 Loss 1.9810	 flops 421726.03125
(0.0020, 0.0130, 0.0130)	Architecture [95-44]	 Time 0.0300	 Loss 1.0832	 flops 339299.15625
(0.0030, 0.0140, 0.0120)	Architecture [96-4]	 Time 0.0300	 Loss 1.1261	 flops 568396.8125
(0.0020, 0.0120, 0.0090)	Architecture [96-9]	 Time 0.0240	 Loss 2.6033	 flops 597721.4375
(0.0020, 0.0090, 0.0090)	Architecture [96-14]	 Time 0.0210	 Loss 1.0372	 flops 342185.03125
(0.0010, 0.0080, 0.0070)	Architecture [96-19]	 Time 0.0180	 Loss 1.1822	 flops 564817.375
(0.0020, 0.0090, 0.0110)	Architecture [96-24]	 Time 0.0240	 Loss 1.1620	 flops 489552.03125
(0.0010, 0.0100, 0.0070)	Architecture [96-29]	 Time 0.0200	 Loss 0.2925	 flops 347473.59375
(0.0010, 0.0110, 0.0070)	Architecture [96-34]	 Time 0.0210	 Loss 0.6644	 flops 623731.375
(0.0000, 0.0080, 0.0090)	Architecture [96-39]	 Time 0.0180	 Loss 1.2575	 flops 1604283.0
(0.0010, 0.0080, 0.0070)	Architecture [96-44]	 Time 0.0170	 Loss 0.4124	 flops 562918.9375
(0.0010, 0.0070, 0.0080)	Architecture [97-4]	 Time 0.0180	 Loss 0.3793	 flops 594742.3125
(0.0010, 0.0080, 0.0070)	Architecture [97-9]	 Time 0.0170	 Loss 0.1647	 flops 477019.9375
(0.0010, 0.0080, 0.0070)	Architecture [97-14]	 Time 0.0160	 Loss 0.4081	 flops 377372.90625
(0.0010, 0.0080, 0.0070)	Architecture [97-19]	 Time 0.0170	 Loss 3.2004	 flops 469307.625
(0.0010, 0.0080, 0.0090)	Architecture [97-24]	 Time 0.0200	 Loss 1.1250	 flops 311138.21875
(0.0010, 0.0070, 0.0070)	Architecture [97-29]	 Time 0.0160	 Loss 0.6240	 flops 359675.34375
(0.0010, 0.0080, 0.0070)	Architecture [97-34]	 Time 0.0170	 Loss 2.1153	 flops 491531.8125
(0.0010, 0.0070, 0.0060)	Architecture [97-39]	 Time 0.0150	 Loss 1.0610	 flops 509737.84375
(0.0010, 0.0080, 0.0060)	Architecture [97-44]	 Time 0.0150	 Loss 1.2327	 flops 324290.71875
(0.0000, 0.0070, 0.0060)	Architecture [98-4]	 Time 0.0150	 Loss 1.3801	 flops 611524.625
(0.0010, 0.0060, 0.0060)	Architecture [98-9]	 Time 0.0150	 Loss 0.3664	 flops 624289.1875
(0.0010, 0.0080, 0.0060)	Architecture [98-14]	 Time 0.0160	 Loss 0.6685	 flops 322945.1875
(0.0010, 0.0060, 0.0060)	Architecture [98-19]	 Time 0.0150	 Loss 1.5669	 flops 485959.0
(0.0010, 0.0070, 0.0060)	Architecture [98-24]	 Time 0.0160	 Loss 0.4455	 flops 393007.1875
(0.0010, 0.0070, 0.0060)	Architecture [98-29]	 Time 0.0140	 Loss 0.3689	 flops 516223.84375
(0.0010, 0.0070, 0.0060)	Architecture [98-34]	 Time 0.0150	 Loss 0.2672	 flops 695779.125
(0.0020, 0.0070, 0.0070)	Architecture [98-39]	 Time 0.0170	 Loss 0.2812	 flops 623246.75
(0.0010, 0.0070, 0.0060)	Architecture [98-44]	 Time 0.0150	 Loss 2.0703	 flops 509185.5
(0.0010, 0.0070, 0.0060)	Architecture [99-4]	 Time 0.0160	 Loss 1.2668	 flops 478807.6875
(0.0010, 0.0080, 0.0060)	Architecture [99-9]	 Time 0.0170	 Loss 1.0350	 flops 578388.5
(0.0010, 0.0070, 0.0090)	Architecture [99-14]	 Time 0.0180	 Loss 5.3782	 flops 1986192.625
(0.0010, 0.0070, 0.0070)	Architecture [99-19]	 Time 0.0150	 Loss 1.1023	 flops 483528.9375
(0.0010, 0.0070, 0.0070)	Architecture [99-24]	 Time 0.0170	 Loss 1.1569	 flops 590062.6875
(0.0010, 0.0100, 0.0080)	Architecture [99-29]	 Time 0.0190	 Loss 1.6440	 flops 346868.28125
(0.0000, 0.0090, 0.0070)	Architecture [99-34]	 Time 0.0170	 Loss 0.3560	 flops 617372.0
(0.0010, 0.0080, 0.0070)	Architecture [99-39]	 Time 0.0170	 Loss 0.6440	 flops 498995.3125
(0.0010, 0.0070, 0.0060)	Architecture [99-44]	 Time 0.0140	 Loss 2.5356	 flops 474055.4375
(0.0010, 0.0080, 0.0080)	Architecture [100-4]	 Time 0.0190	 Loss 2.5143	 flops 333824.0625
(0.0010, 0.0090, 0.0070)	Architecture [100-9]	 Time 0.0190	 Loss 0.3970	 flops 588762.5625
(0.0010, 0.0060, 0.0070)	Architecture [100-14]	 Time 0.0160	 Loss 0.1357	 flops 302732.09375
(0.0000, 0.0070, 0.0060)	Architecture [100-19]	 Time 0.0150	 Loss 0.5149	 flops 560685.9375
(0.0010, 0.0060, 0.0070)	Architecture [100-24]	 Time 0.0160	 Loss 2.7263	 flops 321150.21875
(0.0010, 0.0090, 0.0060)	Architecture [100-29]	 Time 0.0170	 Loss 1.2680	 flops 580016.625
(0.0010, 0.0070, 0.0070)	Architecture [100-34]	 Time 0.0160	 Loss 0.6567	 flops 492014.65625
(0.0010, 0.0080, 0.0080)	Architecture [100-39]	 Time 0.0180	 Loss 3.3113	 flops 885700.6875
(0.0010, 0.0070, 0.0060)	Architecture [100-44]	 Time 0.0160	 Loss 1.0888	 flops 311704.625
