------------------------------Current Architecture [1]------------------------------
0. (Mix(7x1_Conv, 0.125), None)
1. (Mix(3x1_Conv, 0.111), None)
2. (Mix(7x1_DilatedConv, 0.111), None)
------------------------------------------------------------
------------------------------Current Architecture [2]------------------------------
0. (Mix(9x1_Conv, 0.157), None)
1. (Mix(9x1_Conv, 0.132), None)
2. (Mix(5x1_DilatedConv, 0.135), None)
------------------------------------------------------------
------------------------------Current Architecture [3]------------------------------
0. (Mix(9x1_Conv, 0.190), None)
1. (Mix(9x1_Conv, 0.139), None)
2. (Mix(5x1_DilatedConv, 0.137), None)
------------------------------------------------------------
------------------------------Current Architecture [4]------------------------------
0. (Mix(7x1_Conv, 0.221), None)
1. (Mix(Zero, 0.168), None)
2. (Mix(5x1_DilatedConv, 0.180), None)
------------------------------------------------------------
------------------------------Current Architecture [5]------------------------------
0. (Mix(7x1_Conv, 0.203), None)
1. (Mix(Zero, 0.166), None)
2. (Mix(5x1_DilatedConv, 0.188), None)
------------------------------------------------------------
------------------------------Current Architecture [6]------------------------------
0. (Mix(3x1_Conv, 0.244), None)
1. (Mix(Zero, 0.166), None)
2. (Mix(5x1_DilatedConv, 0.207), None)
------------------------------------------------------------
------------------------------Current Architecture [7]------------------------------
0. (Mix(3x1_Conv, 0.242), None)
1. (Mix(Zero, 0.171), None)
2. (Mix(Zero, 0.169), None)
------------------------------------------------------------
------------------------------Current Architecture [8]------------------------------
0. (Mix(3x1_Conv, 0.303), None)
1. (Mix(Zero, 0.215), None)
2. (Mix(Zero, 0.179), None)
------------------------------------------------------------
------------------------------Current Architecture [9]------------------------------
0. (Mix(3x1_Conv, 0.289), None)
1. (Mix(Zero, 0.246), None)
2. (Mix(3x1_DilatedConv, 0.187), None)
------------------------------------------------------------
------------------------------Current Architecture [10]------------------------------
0. (Mix(3x1_Conv, 0.324), None)
1. (Mix(Zero, 0.248), None)
2. (Mix(Zero, 0.194), None)
------------------------------------------------------------
------------------------------Current Architecture [11]------------------------------
0. (Mix(3x1_Conv, 0.328), None)
1. (Mix(Zero, 0.286), None)
2. (Mix(Zero, 0.230), None)
------------------------------------------------------------
------------------------------Current Architecture [12]------------------------------
0. (Mix(3x1_Conv, 0.336), None)
1. (Mix(Zero, 0.288), None)
2. (Mix(Zero, 0.253), None)
------------------------------------------------------------
------------------------------Current Architecture [13]------------------------------
0. (Mix(3x1_Conv, 0.326), None)
1. (Mix(Zero, 0.289), None)
2. (Mix(Zero, 0.263), None)
------------------------------------------------------------
------------------------------Current Architecture [14]------------------------------
0. (Mix(3x1_Conv, 0.355), None)
1. (Mix(Zero, 0.288), None)
2. (Mix(Zero, 0.266), None)
------------------------------------------------------------
------------------------------Current Architecture [15]------------------------------
0. (Mix(3x1_Conv, 0.390), None)
1. (Mix(Zero, 0.333), None)
2. (Mix(Zero, 0.274), None)
------------------------------------------------------------
------------------------------Current Architecture [16]------------------------------
0. (Mix(3x1_Conv, 0.352), None)
1. (Mix(Zero, 0.336), None)
2. (Mix(Zero, 0.299), None)
------------------------------------------------------------
------------------------------Current Architecture [17]------------------------------
0. (Mix(3x1_Conv, 0.372), None)
1. (Mix(Zero, 0.336), None)
2. (Mix(Zero, 0.351), None)
------------------------------------------------------------
------------------------------Current Architecture [18]------------------------------
0. (Mix(7x1_Conv, 0.340), None)
1. (Mix(Zero, 0.335), None)
2. (Mix(Zero, 0.376), None)
------------------------------------------------------------
------------------------------Current Architecture [19]------------------------------
0. (Mix(7x1_Conv, 0.377), None)
1. (Mix(Zero, 0.346), None)
2. (Mix(Zero, 0.376), None)
------------------------------------------------------------
------------------------------Current Architecture [20]------------------------------
0. (Mix(7x1_Conv, 0.338), None)
1. (Mix(Zero, 0.375), None)
2. (Mix(Zero, 0.398), None)
------------------------------------------------------------
------------------------------Current Architecture [21]------------------------------
0. (Mix(7x1_Conv, 0.336), None)
1. (Mix(Zero, 0.415), None)
2. (Mix(Zero, 0.411), None)
------------------------------------------------------------
------------------------------Current Architecture [22]------------------------------
0. (Mix(3x1_Conv, 0.324), None)
1. (Mix(Zero, 0.421), None)
2. (Mix(Zero, 0.442), None)
------------------------------------------------------------
------------------------------Current Architecture [23]------------------------------
0. (Mix(3x1_Conv, 0.370), None)
1. (Mix(Zero, 0.421), None)
2. (Mix(Zero, 0.468), None)
------------------------------------------------------------
------------------------------Current Architecture [24]------------------------------
0. (Mix(3x1_Conv, 0.394), None)
1. (Mix(Zero, 0.446), None)
2. (Mix(Zero, 0.477), None)
------------------------------------------------------------
------------------------------Current Architecture [25]------------------------------
0. (Mix(3x1_Conv, 0.352), None)
1. (Mix(Zero, 0.447), None)
2. (Mix(Zero, 0.485), None)
------------------------------------------------------------
------------------------------Current Architecture [26]------------------------------
0. (Mix(7x1_Conv, 0.356), None)
1. (Mix(Zero, 0.474), None)
2. (Mix(Zero, 0.491), None)
------------------------------------------------------------
------------------------------Current Architecture [27]------------------------------
0. (Mix(7x1_Conv, 0.395), None)
1. (Mix(Zero, 0.481), None)
2. (Mix(Zero, 0.515), None)
------------------------------------------------------------
------------------------------Current Architecture [28]------------------------------
0. (Mix(7x1_Conv, 0.377), None)
1. (Mix(Zero, 0.481), None)
2. (Mix(Zero, 0.529), None)
------------------------------------------------------------
------------------------------Current Architecture [29]------------------------------
0. (Mix(7x1_Conv, 0.356), None)
1. (Mix(Zero, 0.482), None)
2. (Mix(Zero, 0.530), None)
------------------------------------------------------------
------------------------------Current Architecture [30]------------------------------
0. (Mix(7x1_Conv, 0.359), None)
1. (Mix(Zero, 0.480), None)
2. (Mix(Zero, 0.534), None)
------------------------------------------------------------
------------------------------Current Architecture [31]------------------------------
0. (Mix(7x1_Conv, 0.389), None)
1. (Mix(Zero, 0.479), None)
2. (Mix(Zero, 0.545), None)
------------------------------------------------------------
------------------------------Current Architecture [32]------------------------------
0. (Mix(3x1_Conv, 0.354), None)
1. (Mix(Zero, 0.479), None)
2. (Mix(Zero, 0.554), None)
------------------------------------------------------------
------------------------------Current Architecture [33]------------------------------
0. (Mix(3x1_Conv, 0.361), None)
1. (Mix(Zero, 0.480), None)
2. (Mix(Zero, 0.569), None)
------------------------------------------------------------
------------------------------Current Architecture [34]------------------------------
0. (Mix(3x1_Conv, 0.361), None)
1. (Mix(Zero, 0.486), None)
2. (Mix(Zero, 0.573), None)
------------------------------------------------------------
------------------------------Current Architecture [35]------------------------------
0. (Mix(3x1_Conv, 0.420), None)
1. (Mix(Zero, 0.492), None)
2. (Mix(Zero, 0.576), None)
------------------------------------------------------------
------------------------------Current Architecture [36]------------------------------
0. (Mix(3x1_Conv, 0.468), None)
1. (Mix(Zero, 0.503), None)
2. (Mix(Zero, 0.576), None)
------------------------------------------------------------
------------------------------Current Architecture [37]------------------------------
0. (Mix(3x1_Conv, 0.474), None)
1. (Mix(Zero, 0.526), None)
2. (Mix(Zero, 0.574), None)
------------------------------------------------------------
------------------------------Current Architecture [38]------------------------------
0. (Mix(3x1_Conv, 0.472), None)
1. (Mix(Zero, 0.558), None)
2. (Mix(Zero, 0.582), None)
------------------------------------------------------------
------------------------------Current Architecture [39]------------------------------
0. (Mix(3x1_Conv, 0.451), None)
1. (Mix(Zero, 0.558), None)
2. (Mix(Zero, 0.592), None)
------------------------------------------------------------
------------------------------Current Architecture [40]------------------------------
0. (Mix(3x1_Conv, 0.465), None)
1. (Mix(Zero, 0.574), None)
2. (Mix(Zero, 0.592), None)
------------------------------------------------------------
------------------------------Current Architecture [41]------------------------------
0. (Mix(3x1_Conv, 0.439), None)
1. (Mix(Zero, 0.579), None)
2. (Mix(Zero, 0.599), None)
------------------------------------------------------------
------------------------------Current Architecture [42]------------------------------
0. (Mix(3x1_Conv, 0.390), None)
1. (Mix(Zero, 0.585), None)
2. (Mix(Zero, 0.599), None)
------------------------------------------------------------
------------------------------Current Architecture [43]------------------------------
0. (Mix(3x1_Conv, 0.452), None)
1. (Mix(Zero, 0.587), None)
2. (Mix(Zero, 0.601), None)
------------------------------------------------------------
------------------------------Current Architecture [44]------------------------------
0. (Mix(3x1_Conv, 0.412), None)
1. (Mix(Zero, 0.588), None)
2. (Mix(Zero, 0.601), None)
------------------------------------------------------------
------------------------------Current Architecture [45]------------------------------
0. (Mix(3x1_Conv, 0.403), None)
1. (Mix(Zero, 0.596), None)
2. (Mix(Zero, 0.600), None)
------------------------------------------------------------
------------------------------Current Architecture [46]------------------------------
0. (Mix(3x1_Conv, 0.448), None)
1. (Mix(Zero, 0.621), None)
2. (Mix(Zero, 0.597), None)
------------------------------------------------------------
------------------------------Current Architecture [47]------------------------------
0. (Mix(3x1_Conv, 0.490), None)
1. (Mix(Zero, 0.625), None)
2. (Mix(Zero, 0.597), None)
------------------------------------------------------------
------------------------------Current Architecture [48]------------------------------
0. (Mix(3x1_Conv, 0.450), None)
1. (Mix(Zero, 0.623), None)
2. (Mix(Zero, 0.596), None)
------------------------------------------------------------
------------------------------Current Architecture [49]------------------------------
0. (Mix(3x1_Conv, 0.365), None)
1. (Mix(Zero, 0.622), None)
2. (Mix(Zero, 0.598), None)
------------------------------------------------------------
------------------------------Current Architecture [50]------------------------------
0. (Mix(3x1_Conv, 0.346), None)
1. (Mix(Zero, 0.624), None)
2. (Mix(Zero, 0.599), None)
------------------------------------------------------------
------------------------------Current Architecture [51]------------------------------
0. (Mix(3x1_Conv, 0.329), None)
1. (Mix(Zero, 0.622), None)
2. (Mix(Zero, 0.611), None)
------------------------------------------------------------
------------------------------Current Architecture [52]------------------------------
0. (Mix(3x1_Conv, 0.312), None)
1. (Mix(Zero, 0.621), None)
2. (Mix(Zero, 0.617), None)
------------------------------------------------------------
------------------------------Current Architecture [53]------------------------------
0. (Mix(3x1_Conv, 0.332), None)
1. (Mix(Zero, 0.621), None)
2. (Mix(Zero, 0.623), None)
------------------------------------------------------------
------------------------------Current Architecture [54]------------------------------
0. (Mix(7x1_Conv, 0.295), None)
1. (Mix(Zero, 0.621), None)
2. (Mix(Zero, 0.626), None)
------------------------------------------------------------
------------------------------Current Architecture [55]------------------------------
0. (Mix(7x1_Conv, 0.296), None)
1. (Mix(Zero, 0.619), None)
2. (Mix(Zero, 0.637), None)
------------------------------------------------------------
------------------------------Current Architecture [56]------------------------------
0. (Mix(7x1_Conv, 0.316), None)
1. (Mix(Zero, 0.619), None)
2. (Mix(Zero, 0.640), None)
------------------------------------------------------------
------------------------------Current Architecture [57]------------------------------
0. (Mix(7x1_Conv, 0.277), None)
1. (Mix(Zero, 0.616), None)
2. (Mix(Zero, 0.642), None)
------------------------------------------------------------
------------------------------Current Architecture [58]------------------------------
0. (Mix(7x1_DilatedConv, 0.307), None)
1. (Mix(Zero, 0.616), None)
2. (Mix(Zero, 0.649), None)
------------------------------------------------------------
------------------------------Current Architecture [59]------------------------------
0. (Mix(7x1_DilatedConv, 0.375), None)
1. (Mix(Zero, 0.620), None)
2. (Mix(Zero, 0.651), None)
------------------------------------------------------------
------------------------------Current Architecture [60]------------------------------
0. (Mix(7x1_DilatedConv, 0.444), None)
1. (Mix(Zero, 0.628), None)
2. (Mix(Zero, 0.653), None)
------------------------------------------------------------
------------------------------Current Architecture [61]------------------------------
0. (Mix(7x1_DilatedConv, 0.397), None)
1. (Mix(Zero, 0.629), None)
2. (Mix(Zero, 0.654), None)
------------------------------------------------------------
------------------------------Current Architecture [62]------------------------------
0. (Mix(7x1_DilatedConv, 0.441), None)
1. (Mix(Zero, 0.629), None)
2. (Mix(Zero, 0.655), None)
------------------------------------------------------------
------------------------------Current Architecture [63]------------------------------
0. (Mix(7x1_DilatedConv, 0.431), None)
1. (Mix(Zero, 0.630), None)
2. (Mix(Zero, 0.655), None)
------------------------------------------------------------
------------------------------Current Architecture [64]------------------------------
0. (Mix(7x1_DilatedConv, 0.393), None)
1. (Mix(Zero, 0.630), None)
2. (Mix(Zero, 0.657), None)
------------------------------------------------------------
------------------------------Current Architecture [65]------------------------------
0. (Mix(7x1_DilatedConv, 0.363), None)
1. (Mix(Zero, 0.630), None)
2. (Mix(Zero, 0.658), None)
------------------------------------------------------------
------------------------------Current Architecture [66]------------------------------
0. (Mix(7x1_DilatedConv, 0.281), None)
1. (Mix(Zero, 0.629), None)
2. (Mix(Zero, 0.660), None)
------------------------------------------------------------
------------------------------Current Architecture [67]------------------------------
0. (Mix(7x1_Conv, 0.387), None)
1. (Mix(Zero, 0.628), None)
2. (Mix(Zero, 0.660), None)
------------------------------------------------------------
------------------------------Current Architecture [68]------------------------------
0. (Mix(7x1_Conv, 0.393), None)
1. (Mix(Zero, 0.633), None)
2. (Mix(Zero, 0.672), None)
------------------------------------------------------------
------------------------------Current Architecture [69]------------------------------
0. (Mix(7x1_Conv, 0.403), None)
1. (Mix(Zero, 0.641), None)
2. (Mix(Zero, 0.675), None)
------------------------------------------------------------
------------------------------Current Architecture [70]------------------------------
0. (Mix(7x1_Conv, 0.429), None)
1. (Mix(Zero, 0.645), None)
2. (Mix(Zero, 0.685), None)
------------------------------------------------------------
------------------------------Current Architecture [71]------------------------------
0. (Mix(7x1_Conv, 0.409), None)
1. (Mix(Zero, 0.650), None)
2. (Mix(Zero, 0.700), None)
------------------------------------------------------------
------------------------------Current Architecture [72]------------------------------
0. (Mix(7x1_Conv, 0.374), None)
1. (Mix(Zero, 0.665), None)
2. (Mix(Zero, 0.705), None)
------------------------------------------------------------
------------------------------Current Architecture [73]------------------------------
0. (Mix(7x1_Conv, 0.374), None)
1. (Mix(Zero, 0.676), None)
2. (Mix(Zero, 0.705), None)
------------------------------------------------------------
------------------------------Current Architecture [74]------------------------------
0. (Mix(7x1_Conv, 0.331), None)
1. (Mix(Zero, 0.676), None)
2. (Mix(Zero, 0.706), None)
------------------------------------------------------------
------------------------------Current Architecture [75]------------------------------
0. (Mix(7x1_Conv, 0.294), None)
1. (Mix(Zero, 0.687), None)
2. (Mix(Zero, 0.707), None)
------------------------------------------------------------
------------------------------Current Architecture [76]------------------------------
0. (Mix(7x1_Conv, 0.343), None)
1. (Mix(Zero, 0.687), None)
2. (Mix(Zero, 0.707), None)
------------------------------------------------------------
------------------------------Current Architecture [77]------------------------------
0. (Mix(7x1_Conv, 0.329), None)
1. (Mix(Zero, 0.696), None)
2. (Mix(Zero, 0.709), None)
------------------------------------------------------------
------------------------------Current Architecture [78]------------------------------
0. (Mix(7x1_Conv, 0.310), None)
1. (Mix(Zero, 0.697), None)
2. (Mix(Zero, 0.706), None)
------------------------------------------------------------
------------------------------Current Architecture [79]------------------------------
0. (Mix(7x1_Conv, 0.294), None)
1. (Mix(Zero, 0.696), None)
2. (Mix(Zero, 0.706), None)
------------------------------------------------------------
------------------------------Current Architecture [80]------------------------------
0. (Mix(7x1_Conv, 0.344), None)
1. (Mix(Zero, 0.700), None)
2. (Mix(Zero, 0.706), None)
------------------------------------------------------------
------------------------------Current Architecture [81]------------------------------
0. (Mix(7x1_Conv, 0.361), None)
1. (Mix(Zero, 0.700), None)
2. (Mix(Zero, 0.707), None)
------------------------------------------------------------
------------------------------Current Architecture [82]------------------------------
0. (Mix(7x1_Conv, 0.379), None)
1. (Mix(Zero, 0.706), None)
2. (Mix(Zero, 0.707), None)
------------------------------------------------------------
------------------------------Current Architecture [83]------------------------------
0. (Mix(7x1_Conv, 0.342), None)
1. (Mix(Zero, 0.707), None)
2. (Mix(Zero, 0.707), None)
------------------------------------------------------------
------------------------------Current Architecture [84]------------------------------
0. (Mix(7x1_Conv, 0.358), None)
1. (Mix(Zero, 0.707), None)
2. (Mix(Zero, 0.707), None)
------------------------------------------------------------
------------------------------Current Architecture [85]------------------------------
0. (Mix(7x1_Conv, 0.348), None)
1. (Mix(Zero, 0.707), None)
2. (Mix(Zero, 0.711), None)
------------------------------------------------------------
------------------------------Current Architecture [86]------------------------------
0. (Mix(7x1_DilatedConv, 0.343), None)
1. (Mix(Zero, 0.709), None)
2. (Mix(Zero, 0.711), None)
------------------------------------------------------------
------------------------------Current Architecture [87]------------------------------
0. (Mix(7x1_DilatedConv, 0.332), None)
1. (Mix(Zero, 0.710), None)
2. (Mix(Zero, 0.710), None)
------------------------------------------------------------
------------------------------Current Architecture [88]------------------------------
0. (Mix(7x1_DilatedConv, 0.359), None)
1. (Mix(Zero, 0.710), None)
2. (Mix(Zero, 0.711), None)
------------------------------------------------------------
------------------------------Current Architecture [89]------------------------------
0. (Mix(7x1_DilatedConv, 0.345), None)
1. (Mix(Zero, 0.710), None)
2. (Mix(Zero, 0.711), None)
------------------------------------------------------------
------------------------------Current Architecture [90]------------------------------
0. (Mix(7x1_Conv, 0.350), None)
1. (Mix(Zero, 0.711), None)
2. (Mix(Zero, 0.711), None)
------------------------------------------------------------
------------------------------Current Architecture [91]------------------------------
0. (Mix(7x1_Conv, 0.300), None)
1. (Mix(Zero, 0.711), None)
2. (Mix(Zero, 0.711), None)
------------------------------------------------------------
------------------------------Current Architecture [92]------------------------------
0. (Mix(7x1_DilatedConv, 0.316), None)
1. (Mix(Zero, 0.715), None)
2. (Mix(Zero, 0.712), None)
------------------------------------------------------------
------------------------------Current Architecture [93]------------------------------
0. (Mix(7x1_DilatedConv, 0.371), None)
1. (Mix(Zero, 0.718), None)
2. (Mix(Zero, 0.714), None)
------------------------------------------------------------
------------------------------Current Architecture [94]------------------------------
0. (Mix(7x1_DilatedConv, 0.377), None)
1. (Mix(Zero, 0.722), None)
2. (Mix(Zero, 0.718), None)
------------------------------------------------------------
------------------------------Current Architecture [95]------------------------------
0. (Mix(7x1_DilatedConv, 0.342), None)
1. (Mix(Zero, 0.722), None)
2. (Mix(Zero, 0.718), None)
------------------------------------------------------------
------------------------------Current Architecture [96]------------------------------
0. (Mix(7x1_Conv, 0.325), None)
1. (Mix(Zero, 0.723), None)
2. (Mix(Zero, 0.720), None)
------------------------------------------------------------
------------------------------Current Architecture [97]------------------------------
0. (Mix(7x1_DilatedConv, 0.384), None)
1. (Mix(Zero, 0.723), None)
2. (Mix(Zero, 0.727), None)
------------------------------------------------------------
------------------------------Current Architecture [98]------------------------------
0. (Mix(7x1_DilatedConv, 0.362), None)
1. (Mix(Zero, 0.724), None)
2. (Mix(Zero, 0.727), None)
------------------------------------------------------------
------------------------------Current Architecture [99]------------------------------
0. (Mix(7x1_DilatedConv, 0.411), None)
1. (Mix(Zero, 0.724), None)
2. (Mix(Zero, 0.727), None)
------------------------------------------------------------
------------------------------Current Architecture [100]------------------------------
0. (Mix(7x1_DilatedConv, 0.504), None)
1. (Mix(Zero, 0.723), None)
2. (Mix(Zero, 0.727), None)
------------------------------------------------------------
