(0.0010, 0.0090, 0.0180)	Architecture [2-4]	 Time 0.0300	 Loss 1.5414	 flops 1286688.625
(0.0010, 0.0090, 0.0590)	Architecture [2-9]	 Time 0.0710	 Loss 1.9820	 flops 3282870.5
(0.0010, 0.0070, 0.0100)	Architecture [2-14]	 Time 0.0190	 Loss 0.8824	 flops 2076195.5
(0.0010, 0.0080, 0.0130)	Architecture [2-19]	 Time 0.0230	 Loss 1.2125	 flops 2741006.25
(0.0020, 0.0090, 0.0470)	Architecture [2-24]	 Time 0.0590	 Loss 3.6735	 flops 3230982.5
(0.0010, 0.0090, 0.0100)	Architecture [2-29]	 Time 0.0210	 Loss 1.0793	 flops 1599088.375
(0.0010, 0.0100, 0.0120)	Architecture [2-34]	 Time 0.0250	 Loss 1.8293	 flops 3073044.5
(0.0010, 0.0080, 0.0350)	Architecture [2-39]	 Time 0.0450	 Loss 4.4693	 flops 3103159.25
(0.0000, 0.0080, 0.0170)	Architecture [2-44]	 Time 0.0270	 Loss 5.0833	 flops 2758669.5
(0.0010, 0.0100, 0.0080)	Architecture [3-4]	 Time 0.0200	 Loss 1.7116	 flops 3176792.25
(0.0010, 0.0070, 0.0080)	Architecture [3-9]	 Time 0.0180	 Loss 2.5180	 flops 2701460.0
(0.0010, 0.0070, 0.0090)	Architecture [3-14]	 Time 0.0170	 Loss 1.0242	 flops 2777908.0
(0.0010, 0.0090, 0.0120)	Architecture [3-19]	 Time 0.0240	 Loss 4.1275	 flops 2882490.25
(0.0010, 0.0100, 0.0110)	Architecture [3-24]	 Time 0.0230	 Loss 2.5385	 flops 2522908.25
(0.0010, 0.0080, 0.0230)	Architecture [3-29]	 Time 0.0320	 Loss 2.1751	 flops 2138408.5
(0.0010, 0.0080, 0.0110)	Architecture [3-34]	 Time 0.0220	 Loss 1.6539	 flops 1561415.125
(0.0010, 0.0090, 0.0110)	Architecture [3-39]	 Time 0.0220	 Loss 0.7596	 flops 2004929.875
(0.0010, 0.0090, 0.0110)	Architecture [3-44]	 Time 0.0220	 Loss 2.1265	 flops 2576923.0
(0.0010, 0.0080, 0.0110)	Architecture [4-4]	 Time 0.0210	 Loss 2.2283	 flops 2695290.25
(0.0010, 0.0070, 0.0110)	Architecture [4-9]	 Time 0.0190	 Loss 1.3489	 flops 976606.0
(0.0010, 0.0080, 0.0110)	Architecture [4-14]	 Time 0.0210	 Loss 1.8361	 flops 3104204.25
(0.0010, 0.0070, 0.0110)	Architecture [4-19]	 Time 0.0190	 Loss 4.8220	 flops 2869623.0
(0.0010, 0.0100, 0.0110)	Architecture [4-24]	 Time 0.0230	 Loss 3.6603	 flops 2459713.25
(0.0010, 0.0080, 0.0120)	Architecture [4-29]	 Time 0.0210	 Loss 2.4714	 flops 2277703.0
(0.0010, 0.0080, 0.0110)	Architecture [4-34]	 Time 0.0220	 Loss 2.0796	 flops 1780750.25
(0.0010, 0.0090, 0.0120)	Architecture [4-39]	 Time 0.0230	 Loss 2.2406	 flops 2631174.5
(0.0010, 0.0070, 0.0090)	Architecture [4-44]	 Time 0.0180	 Loss 1.5124	 flops 2273365.5
(0.0010, 0.0090, 0.0100)	Architecture [5-4]	 Time 0.0210	 Loss 2.4710	 flops 3165186.5
(0.0010, 0.0090, 0.0110)	Architecture [5-9]	 Time 0.0230	 Loss 3.0688	 flops 2829227.5
(0.0010, 0.0080, 0.0110)	Architecture [5-14]	 Time 0.0200	 Loss 1.4952	 flops 2762471.0
(0.0010, 0.0070, 0.0110)	Architecture [5-19]	 Time 0.0210	 Loss 0.4104	 flops 2513248.25
(0.0010, 0.0090, 0.0100)	Architecture [5-24]	 Time 0.0220	 Loss 0.7050	 flops 2207111.75
(0.0010, 0.0080, 0.0110)	Architecture [5-29]	 Time 0.0210	 Loss 1.9090	 flops 2538296.5
(0.0010, 0.0080, 0.0110)	Architecture [5-34]	 Time 0.0220	 Loss 0.8782	 flops 2790541.5
(0.0010, 0.0080, 0.0100)	Architecture [5-39]	 Time 0.0200	 Loss 3.5477	 flops 2183880.0
(0.0010, 0.0080, 0.0080)	Architecture [5-44]	 Time 0.0170	 Loss 4.3892	 flops 1895102.125
(0.0010, 0.0080, 0.0080)	Architecture [6-4]	 Time 0.0190	 Loss 1.3772	 flops 1968100.875
(0.0010, 0.0070, 0.0080)	Architecture [6-9]	 Time 0.0180	 Loss 2.0919	 flops 1636193.25
(0.0010, 0.0080, 0.0100)	Architecture [6-14]	 Time 0.0210	 Loss 1.7471	 flops 2191087.25
(0.0010, 0.0100, 0.0110)	Architecture [6-19]	 Time 0.0230	 Loss 1.8487	 flops 2974600.75
(0.0010, 0.0070, 0.0100)	Architecture [6-24]	 Time 0.0200	 Loss 3.3508	 flops 1249114.5
(0.0010, 0.0080, 0.0100)	Architecture [6-29]	 Time 0.0200	 Loss 1.9247	 flops 2605480.5
(0.0010, 0.0080, 0.0110)	Architecture [6-34]	 Time 0.0220	 Loss 3.4524	 flops 2256064.0
(0.0010, 0.0070, 0.0090)	Architecture [6-39]	 Time 0.0180	 Loss 1.5477	 flops 1698467.25
(0.0010, 0.0110, 0.0110)	Architecture [6-44]	 Time 0.0240	 Loss 0.5382	 flops 2431705.75
(0.0010, 0.0070, 0.0060)	Architecture [7-4]	 Time 0.0160	 Loss 0.6309	 flops 1491469.0
(0.0010, 0.0090, 0.0120)	Architecture [7-9]	 Time 0.0230	 Loss 2.9281	 flops 2567272.25
(0.0010, 0.0070, 0.0050)	Architecture [7-14]	 Time 0.0150	 Loss 0.9951	 flops 1196287.25
(0.0010, 0.0080, 0.0100)	Architecture [7-19]	 Time 0.0210	 Loss 2.2493	 flops 2650279.25
(0.0010, 0.0090, 0.0120)	Architecture [7-24]	 Time 0.0230	 Loss 3.9509	 flops 3239666.0
(0.0010, 0.0080, 0.0100)	Architecture [7-29]	 Time 0.0210	 Loss 4.4911	 flops 1899437.75
(0.0010, 0.0080, 0.0090)	Architecture [7-34]	 Time 0.0190	 Loss 1.5454	 flops 1318916.875
(0.0010, 0.0080, 0.0110)	Architecture [7-39]	 Time 0.0220	 Loss 2.5106	 flops 2773707.75
(0.0010, 0.0080, 0.0070)	Architecture [7-44]	 Time 0.0170	 Loss 0.5384	 flops 1000730.3125
(0.0010, 0.0080, 0.0090)	Architecture [8-4]	 Time 0.0190	 Loss 2.1493	 flops 1634904.375
(0.0010, 0.0100, 0.0110)	Architecture [8-9]	 Time 0.0230	 Loss 2.5718	 flops 2042278.125
(0.0010, 0.0090, 0.0080)	Architecture [8-14]	 Time 0.0190	 Loss 2.1693	 flops 1035109.125
(0.0010, 0.0070, 0.0100)	Architecture [8-19]	 Time 0.0190	 Loss 1.5937	 flops 2304709.0
(0.0010, 0.0080, 0.0110)	Architecture [8-24]	 Time 0.0200	 Loss 1.4677	 flops 1347255.875
(0.0010, 0.0080, 0.0090)	Architecture [8-29]	 Time 0.0200	 Loss 1.3256	 flops 1967853.5
(0.0010, 0.0080, 0.0120)	Architecture [8-34]	 Time 0.0210	 Loss 2.3257	 flops 2966030.75
(0.0000, 0.0090, 0.0110)	Architecture [8-39]	 Time 0.0220	 Loss 0.9834	 flops 3207485.75
(0.0010, 0.0070, 0.0080)	Architecture [8-44]	 Time 0.0180	 Loss 3.0126	 flops 1078377.125
(0.0010, 0.0090, 0.0100)	Architecture [9-4]	 Time 0.0210	 Loss 6.1827	 flops 1943825.75
(0.0010, 0.0080, 0.0090)	Architecture [9-9]	 Time 0.0180	 Loss 3.4630	 flops 2256212.0
(0.0010, 0.0080, 0.0080)	Architecture [9-14]	 Time 0.0170	 Loss 0.7184	 flops 1633326.25
(0.0010, 0.0070, 0.0080)	Architecture [9-19]	 Time 0.0170	 Loss 3.1847	 flops 1577950.625
(0.0010, 0.0060, 0.0060)	Architecture [9-24]	 Time 0.0150	 Loss 2.2896	 flops 868844.75
(0.0010, 0.0080, 0.0120)	Architecture [9-29]	 Time 0.0230	 Loss 5.2760	 flops 2595269.5
(0.0010, 0.0090, 0.0090)	Architecture [9-34]	 Time 0.0210	 Loss 1.0192	 flops 1624422.0
(0.0010, 0.0080, 0.0110)	Architecture [9-39]	 Time 0.0210	 Loss 2.1281	 flops 2915873.5
(0.0010, 0.0090, 0.0110)	Architecture [9-44]	 Time 0.0230	 Loss 1.5037	 flops 2162670.5
(0.0010, 0.0090, 0.0090)	Architecture [10-4]	 Time 0.0200	 Loss 0.6752	 flops 2664498.25
(0.0010, 0.0070, 0.0110)	Architecture [10-9]	 Time 0.0210	 Loss 3.3395	 flops 3375691.25
(0.0010, 0.0060, 0.0070)	Architecture [10-14]	 Time 0.0150	 Loss 1.3625	 flops 832250.625
(0.0010, 0.0100, 0.0120)	Architecture [10-19]	 Time 0.0250	 Loss 1.2097	 flops 2599337.75
(0.0010, 0.0070, 0.0080)	Architecture [10-24]	 Time 0.0170	 Loss 1.7123	 flops 1086786.625
(0.0010, 0.0070, 0.0100)	Architecture [10-29]	 Time 0.0200	 Loss 4.2196	 flops 1630375.25
(0.0010, 0.0080, 0.0120)	Architecture [10-34]	 Time 0.0210	 Loss 5.9519	 flops 2195419.5
(0.0010, 0.0070, 0.0120)	Architecture [10-39]	 Time 0.0200	 Loss 3.4298	 flops 3155373.0
(0.0010, 0.0080, 0.0080)	Architecture [10-44]	 Time 0.0170	 Loss 2.8291	 flops 2264477.5
(0.0010, 0.0100, 0.0120)	Architecture [11-4]	 Time 0.0250	 Loss 3.1937	 flops 2943503.0
(0.0010, 0.0100, 0.0090)	Architecture [11-9]	 Time 0.0210	 Loss 1.6171	 flops 1225593.5
(0.0010, 0.0070, 0.0090)	Architecture [11-14]	 Time 0.0170	 Loss 0.6262	 flops 1705673.5
(0.0010, 0.0080, 0.0100)	Architecture [11-19]	 Time 0.0210	 Loss 3.2060	 flops 2803919.75
(0.0010, 0.0070, 0.0080)	Architecture [11-24]	 Time 0.0160	 Loss 2.5047	 flops 1277898.0
(0.0010, 0.0070, 0.0110)	Architecture [11-29]	 Time 0.0200	 Loss 0.7910	 flops 3042884.0
(0.0020, 0.0080, 0.0090)	Architecture [11-34]	 Time 0.0190	 Loss 1.5963	 flops 790178.75
(0.0010, 0.0080, 0.0110)	Architecture [11-39]	 Time 0.0210	 Loss 2.5038	 flops 2660907.5
(0.0010, 0.0070, 0.0110)	Architecture [11-44]	 Time 0.0210	 Loss 1.0979	 flops 1121634.5
(0.0010, 0.0080, 0.0060)	Architecture [12-4]	 Time 0.0150	 Loss 0.6735	 flops 1229014.0
(0.0010, 0.0070, 0.0110)	Architecture [12-9]	 Time 0.0210	 Loss 5.6595	 flops 3084732.75
(0.0010, 0.0070, 0.0090)	Architecture [12-14]	 Time 0.0170	 Loss 3.7516	 flops 2866516.5
(0.0010, 0.0080, 0.0110)	Architecture [12-19]	 Time 0.0210	 Loss 2.3493	 flops 2978919.25
(0.0010, 0.0080, 0.0100)	Architecture [12-24]	 Time 0.0210	 Loss 2.0568	 flops 2536602.0
(0.0010, 0.0100, 0.0100)	Architecture [12-29]	 Time 0.0220	 Loss 1.5702	 flops 1813896.25
(0.0010, 0.0090, 0.0120)	Architecture [12-34]	 Time 0.0230	 Loss 1.6271	 flops 2773434.25
(0.0010, 0.0070, 0.0080)	Architecture [12-39]	 Time 0.0170	 Loss 1.4005	 flops 1304142.25
(0.0010, 0.0110, 0.0110)	Architecture [12-44]	 Time 0.0230	 Loss 3.7620	 flops 1139227.125
(0.0010, 0.0080, 0.0070)	Architecture [13-4]	 Time 0.0170	 Loss 0.9735	 flops 1140418.375
(0.0010, 0.0100, 0.0090)	Architecture [13-9]	 Time 0.0220	 Loss 0.4977	 flops 2476128.25
(0.0010, 0.0120, 0.0160)	Architecture [13-14]	 Time 0.0310	 Loss 1.1635	 flops 1998401.5
(0.0010, 0.0100, 0.0120)	Architecture [13-19]	 Time 0.0240	 Loss 2.1484	 flops 1730109.0
(0.0010, 0.0130, 0.0110)	Architecture [13-24]	 Time 0.0270	 Loss 0.8706	 flops 1474289.5
(0.0010, 0.0060, 0.0060)	Architecture [13-29]	 Time 0.0150	 Loss 0.6683	 flops 1144415.75
(0.0020, 0.0080, 0.0080)	Architecture [13-34]	 Time 0.0190	 Loss 2.0193	 flops 912613.1875
(0.0010, 0.0090, 0.0100)	Architecture [13-39]	 Time 0.0210	 Loss 2.7092	 flops 1201211.625
(0.0010, 0.0080, 0.0110)	Architecture [13-44]	 Time 0.0220	 Loss 2.2574	 flops 2259385.25
(0.0010, 0.0080, 0.0080)	Architecture [14-4]	 Time 0.0180	 Loss 1.9965	 flops 2936418.25
(0.0010, 0.0070, 0.0080)	Architecture [14-9]	 Time 0.0180	 Loss 1.2373	 flops 1240393.0
(0.0010, 0.0070, 0.0070)	Architecture [14-14]	 Time 0.0170	 Loss 0.8842	 flops 1207245.375
(0.0010, 0.0070, 0.0060)	Architecture [14-19]	 Time 0.0160	 Loss 1.7827	 flops 846555.375
(0.0010, 0.0100, 0.0110)	Architecture [14-24]	 Time 0.0230	 Loss 3.6791	 flops 1298809.5
(0.0010, 0.0080, 0.0090)	Architecture [14-29]	 Time 0.0190	 Loss 1.4982	 flops 1468360.5
(0.0010, 0.0070, 0.0100)	Architecture [14-34]	 Time 0.0190	 Loss 0.5231	 flops 1297548.25
(0.0010, 0.0070, 0.0090)	Architecture [14-39]	 Time 0.0180	 Loss 1.4186	 flops 1139970.375
(0.0010, 0.0070, 0.0080)	Architecture [14-44]	 Time 0.0180	 Loss 2.2441	 flops 753285.3125
(0.0010, 0.0080, 0.0080)	Architecture [15-4]	 Time 0.0180	 Loss 0.8373	 flops 1943895.375
(0.0010, 0.0080, 0.0090)	Architecture [15-9]	 Time 0.0190	 Loss 2.5283	 flops 2499626.75
(0.0010, 0.0070, 0.0080)	Architecture [15-14]	 Time 0.0170	 Loss 3.5121	 flops 713086.0
(0.0010, 0.0080, 0.0080)	Architecture [15-19]	 Time 0.0180	 Loss 1.9111	 flops 1598775.0
(0.0010, 0.0070, 0.0080)	Architecture [15-24]	 Time 0.0170	 Loss 1.1192	 flops 862067.5
(0.0010, 0.0080, 0.0080)	Architecture [15-29]	 Time 0.0180	 Loss 1.7079	 flops 1682263.75
(0.0010, 0.0080, 0.0090)	Architecture [15-34]	 Time 0.0180	 Loss 1.5190	 flops 1059127.875
(0.0010, 0.0070, 0.0080)	Architecture [15-39]	 Time 0.0180	 Loss 0.8525	 flops 1351861.0
(0.0010, 0.0090, 0.0090)	Architecture [15-44]	 Time 0.0190	 Loss 1.3372	 flops 2016496.25
(0.0010, 0.0080, 0.0060)	Architecture [16-4]	 Time 0.0160	 Loss 1.0240	 flops 1250144.25
(0.0010, 0.0070, 0.0110)	Architecture [16-9]	 Time 0.0210	 Loss 1.7988	 flops 1726463.75
(0.0000, 0.0080, 0.0090)	Architecture [16-14]	 Time 0.0190	 Loss 0.9342	 flops 858747.375
(0.0010, 0.0070, 0.0060)	Architecture [16-19]	 Time 0.0150	 Loss 1.1739	 flops 900527.4375
(0.0010, 0.0070, 0.0090)	Architecture [16-24]	 Time 0.0170	 Loss 2.4196	 flops 1222915.0
(0.0010, 0.0070, 0.0060)	Architecture [16-29]	 Time 0.0150	 Loss 1.2840	 flops 1012454.4375
(0.0010, 0.0070, 0.0060)	Architecture [16-34]	 Time 0.0150	 Loss 0.5455	 flops 917090.4375
(0.0010, 0.0090, 0.0100)	Architecture [16-39]	 Time 0.0220	 Loss 4.8224	 flops 688238.125
(0.0010, 0.0080, 0.0090)	Architecture [16-44]	 Time 0.0200	 Loss 5.2863	 flops 3093139.5
(0.0010, 0.0080, 0.0100)	Architecture [17-4]	 Time 0.0210	 Loss 2.8928	 flops 2398555.75
(0.0010, 0.0070, 0.0090)	Architecture [17-9]	 Time 0.0180	 Loss 2.6658	 flops 2164877.5
(0.0010, 0.0080, 0.0090)	Architecture [17-14]	 Time 0.0180	 Loss 2.2320	 flops 2254385.0
(0.0010, 0.0070, 0.0060)	Architecture [17-19]	 Time 0.0160	 Loss 1.1895	 flops 917608.125
(0.0010, 0.0070, 0.0080)	Architecture [17-24]	 Time 0.0180	 Loss 1.6693	 flops 2083557.125
(0.0010, 0.0070, 0.0080)	Architecture [17-29]	 Time 0.0180	 Loss 1.5327	 flops 1372987.0
(0.0010, 0.0090, 0.0060)	Architecture [17-34]	 Time 0.0170	 Loss 0.9861	 flops 1210976.5
(0.0010, 0.0070, 0.0060)	Architecture [17-39]	 Time 0.0140	 Loss 0.6658	 flops 763788.375
(0.0020, 0.0080, 0.0090)	Architecture [17-44]	 Time 0.0200	 Loss 1.2005	 flops 947974.875
(0.0010, 0.0080, 0.0090)	Architecture [18-4]	 Time 0.0190	 Loss 3.0262	 flops 652353.1875
(0.0010, 0.0060, 0.0070)	Architecture [18-9]	 Time 0.0150	 Loss 1.5294	 flops 1026564.875
(0.0010, 0.0100, 0.0100)	Architecture [18-14]	 Time 0.0220	 Loss 2.1309	 flops 2823835.0
(0.0010, 0.0070, 0.0100)	Architecture [18-19]	 Time 0.0200	 Loss 4.4426	 flops 1433029.625
(0.0010, 0.0080, 0.0080)	Architecture [18-24]	 Time 0.0170	 Loss 4.0907	 flops 1870996.0
(0.0010, 0.0080, 0.0100)	Architecture [18-29]	 Time 0.0200	 Loss 3.1730	 flops 2385840.0
(0.0010, 0.0080, 0.0080)	Architecture [18-34]	 Time 0.0180	 Loss 2.8600	 flops 1687657.625
(0.0010, 0.0070, 0.0080)	Architecture [18-39]	 Time 0.0170	 Loss 2.1006	 flops 1182363.75
(0.0010, 0.0060, 0.0060)	Architecture [18-44]	 Time 0.0140	 Loss 2.0275	 flops 624910.0
(0.0000, 0.0090, 0.0080)	Architecture [19-4]	 Time 0.0190	 Loss 1.4172	 flops 921256.75
(0.0000, 0.0090, 0.0100)	Architecture [19-9]	 Time 0.0200	 Loss 4.1755	 flops 2894461.25
(0.0000, 0.0080, 0.0080)	Architecture [19-14]	 Time 0.0180	 Loss 1.3929	 flops 1184111.5
(0.0010, 0.0070, 0.0060)	Architecture [19-19]	 Time 0.0160	 Loss 0.5532	 flops 697455.5
(0.0010, 0.0080, 0.0090)	Architecture [19-24]	 Time 0.0190	 Loss 1.2215	 flops 2394212.25
(0.0010, 0.0090, 0.0090)	Architecture [19-29]	 Time 0.0200	 Loss 2.9265	 flops 2070508.75
(0.0010, 0.0070, 0.0090)	Architecture [19-34]	 Time 0.0180	 Loss 0.9427	 flops 1289169.875
(0.0010, 0.0090, 0.0070)	Architecture [19-39]	 Time 0.0180	 Loss 0.4907	 flops 768962.375
(0.0010, 0.0070, 0.0060)	Architecture [19-44]	 Time 0.0150	 Loss 1.0780	 flops 692196.5
(0.0010, 0.0080, 0.0090)	Architecture [20-4]	 Time 0.0180	 Loss 2.0719	 flops 2321869.5
(0.0010, 0.0080, 0.0080)	Architecture [20-9]	 Time 0.0180	 Loss 1.0705	 flops 780257.25
(0.0000, 0.0090, 0.0080)	Architecture [20-14]	 Time 0.0190	 Loss 1.2433	 flops 842427.5
(0.0010, 0.0080, 0.0090)	Architecture [20-19]	 Time 0.0180	 Loss 1.6664	 flops 1091533.25
(0.0020, 0.0090, 0.0100)	Architecture [20-24]	 Time 0.0220	 Loss 1.6163	 flops 598271.375
(0.0010, 0.0070, 0.0060)	Architecture [20-29]	 Time 0.0160	 Loss 1.9546	 flops 1075648.625
(0.0010, 0.0080, 0.0090)	Architecture [20-34]	 Time 0.0190	 Loss 2.5889	 flops 1102684.25
(0.0010, 0.0070, 0.0080)	Architecture [20-39]	 Time 0.0160	 Loss 2.2898	 flops 851898.875
(0.0010, 0.0070, 0.0080)	Architecture [20-44]	 Time 0.0180	 Loss 0.4300	 flops 2273882.25
(0.0010, 0.0080, 0.0050)	Architecture [21-4]	 Time 0.0160	 Loss 1.1482	 flops 891520.0
(0.0010, 0.0080, 0.0090)	Architecture [21-9]	 Time 0.0190	 Loss 2.4936	 flops 823001.6875
(0.0010, 0.0060, 0.0060)	Architecture [21-14]	 Time 0.0140	 Loss 1.9423	 flops 562274.375
(0.0010, 0.0070, 0.0080)	Architecture [21-19]	 Time 0.0170	 Loss 1.9818	 flops 1787258.25
(0.0010, 0.0060, 0.0070)	Architecture [21-24]	 Time 0.0150	 Loss 2.3753	 flops 549450.5
(0.0010, 0.0070, 0.0080)	Architecture [21-29]	 Time 0.0160	 Loss 2.1599	 flops 755713.1875
(0.0010, 0.0060, 0.0060)	Architecture [21-34]	 Time 0.0150	 Loss 1.5082	 flops 671056.4375
(0.0010, 0.0080, 0.0100)	Architecture [21-39]	 Time 0.0210	 Loss 1.9497	 flops 2791456.5
(0.0010, 0.0070, 0.0080)	Architecture [21-44]	 Time 0.0160	 Loss 1.9785	 flops 799699.6875
(0.0010, 0.0080, 0.0060)	Architecture [22-4]	 Time 0.0170	 Loss 1.3582	 flops 477445.4375
(0.0010, 0.0070, 0.0090)	Architecture [22-9]	 Time 0.0180	 Loss 0.7664	 flops 1058106.625
(0.0010, 0.0080, 0.0100)	Architecture [22-14]	 Time 0.0190	 Loss 1.9815	 flops 2659893.5
(0.0010, 0.0070, 0.0070)	Architecture [22-19]	 Time 0.0160	 Loss 1.2105	 flops 619347.5
(0.0010, 0.0070, 0.0080)	Architecture [22-24]	 Time 0.0170	 Loss 0.5467	 flops 1120945.0
(0.0010, 0.0070, 0.0080)	Architecture [22-29]	 Time 0.0180	 Loss 1.4079	 flops 2583015.5
(0.0010, 0.0090, 0.0090)	Architecture [22-34]	 Time 0.0190	 Loss 2.9494	 flops 1527567.125
(0.0010, 0.0060, 0.0080)	Architecture [22-39]	 Time 0.0160	 Loss 1.4112	 flops 714689.375
(0.0010, 0.0070, 0.0060)	Architecture [22-44]	 Time 0.0150	 Loss 0.7939	 flops 594991.9375
(0.0010, 0.0070, 0.0090)	Architecture [23-4]	 Time 0.0170	 Loss 3.0038	 flops 631066.1875
(0.0010, 0.0070, 0.0080)	Architecture [23-9]	 Time 0.0180	 Loss 2.4684	 flops 2289795.5
(0.0010, 0.0060, 0.0070)	Architecture [23-14]	 Time 0.0140	 Loss 1.3502	 flops 1026216.9375
(0.0010, 0.0070, 0.0060)	Architecture [23-19]	 Time 0.0150	 Loss 1.2351	 flops 685889.4375
(0.0010, 0.0080, 0.0070)	Architecture [23-24]	 Time 0.0170	 Loss 1.1459	 flops 1008164.0625
(0.0010, 0.0070, 0.0050)	Architecture [23-29]	 Time 0.0140	 Loss 1.6090	 flops 980739.5625
(0.0010, 0.0080, 0.0080)	Architecture [23-34]	 Time 0.0180	 Loss 1.1700	 flops 1122736.25
(0.0010, 0.0080, 0.0090)	Architecture [23-39]	 Time 0.0190	 Loss 1.2252	 flops 1339541.25
(0.0010, 0.0070, 0.0060)	Architecture [23-44]	 Time 0.0150	 Loss 0.6614	 flops 702185.9375
(0.0010, 0.0080, 0.0080)	Architecture [24-4]	 Time 0.0170	 Loss 0.8234	 flops 635232.5
(0.0010, 0.0070, 0.0060)	Architecture [24-9]	 Time 0.0160	 Loss 0.7997	 flops 555163.25
(0.0010, 0.0080, 0.0080)	Architecture [24-14]	 Time 0.0180	 Loss 2.1260	 flops 718290.1875
(0.0010, 0.0110, 0.0080)	Architecture [24-19]	 Time 0.0220	 Loss 1.9910	 flops 590815.125
(0.0010, 0.0070, 0.0080)	Architecture [24-24]	 Time 0.0160	 Loss 2.1265	 flops 712960.625
(0.0010, 0.0090, 0.0080)	Architecture [24-29]	 Time 0.0200	 Loss 4.4578	 flops 2139914.25
(0.0010, 0.0070, 0.0060)	Architecture [24-34]	 Time 0.0160	 Loss 2.2944	 flops 743535.9375
(0.0010, 0.0070, 0.0050)	Architecture [24-39]	 Time 0.0140	 Loss 1.4858	 flops 963684.25
(0.0010, 0.0070, 0.0100)	Architecture [24-44]	 Time 0.0190	 Loss 1.7588	 flops 1396456.125
(0.0010, 0.0070, 0.0090)	Architecture [25-4]	 Time 0.0180	 Loss 1.7379	 flops 1257693.375
(0.0010, 0.0070, 0.0070)	Architecture [25-9]	 Time 0.0150	 Loss 1.1511	 flops 569460.4375
(0.0010, 0.0080, 0.0100)	Architecture [25-14]	 Time 0.0190	 Loss 1.4586	 flops 2674393.75
(0.0020, 0.0070, 0.0090)	Architecture [25-19]	 Time 0.0180	 Loss 2.7359	 flops 1225503.25
(0.0010, 0.0080, 0.0090)	Architecture [25-24]	 Time 0.0180	 Loss 1.6089	 flops 2629340.5
(0.0010, 0.0080, 0.0080)	Architecture [25-29]	 Time 0.0190	 Loss 0.3899	 flops 542837.9375
(0.0010, 0.0090, 0.0090)	Architecture [25-34]	 Time 0.0190	 Loss 1.6101	 flops 2606551.0
(0.0010, 0.0070, 0.0080)	Architecture [25-39]	 Time 0.0180	 Loss 2.2405	 flops 957448.25
(0.0010, 0.0070, 0.0060)	Architecture [25-44]	 Time 0.0160	 Loss 1.0661	 flops 664977.6875
(0.0020, 0.0080, 0.0090)	Architecture [26-4]	 Time 0.0200	 Loss 2.3165	 flops 2646502.0
(0.0010, 0.0070, 0.0070)	Architecture [26-9]	 Time 0.0170	 Loss 6.3977	 flops 630491.5
(0.0010, 0.0070, 0.0060)	Architecture [26-14]	 Time 0.0140	 Loss 2.1431	 flops 540383.4375
(0.0010, 0.0070, 0.0060)	Architecture [26-19]	 Time 0.0150	 Loss 1.2013	 flops 741667.8125
(0.0010, 0.0080, 0.0060)	Architecture [26-24]	 Time 0.0170	 Loss 1.4932	 flops 772572.375
(0.0010, 0.0070, 0.0060)	Architecture [26-29]	 Time 0.0150	 Loss 1.3297	 flops 766437.9375
(0.0010, 0.0070, 0.0090)	Architecture [26-34]	 Time 0.0180	 Loss 1.5224	 flops 665765.375
(0.0010, 0.0080, 0.0100)	Architecture [26-39]	 Time 0.0200	 Loss 1.9545	 flops 1448701.0
(0.0010, 0.0060, 0.0080)	Architecture [26-44]	 Time 0.0170	 Loss 2.4478	 flops 1033036.5625
(0.0010, 0.0070, 0.0060)	Architecture [27-4]	 Time 0.0150	 Loss 0.9564	 flops 567604.6875
(0.0000, 0.0100, 0.0060)	Architecture [27-9]	 Time 0.0180	 Loss 0.8609	 flops 435456.90625
(0.0010, 0.0070, 0.0060)	Architecture [27-14]	 Time 0.0150	 Loss 0.6801	 flops 541359.3125
(0.0010, 0.0070, 0.0130)	Architecture [27-19]	 Time 0.0220	 Loss 3.1040	 flops 2082071.0
(0.0010, 0.0080, 0.0070)	Architecture [27-24]	 Time 0.0170	 Loss 1.9511	 flops 747630.375
(0.0010, 0.0070, 0.0090)	Architecture [27-29]	 Time 0.0180	 Loss 1.5129	 flops 1475172.75
(0.0010, 0.0090, 0.0080)	Architecture [27-34]	 Time 0.0200	 Loss 3.9975	 flops 913489.4375
(0.0010, 0.0060, 0.0070)	Architecture [27-39]	 Time 0.0160	 Loss 1.9998	 flops 618862.5625
(0.0010, 0.0070, 0.0080)	Architecture [27-44]	 Time 0.0170	 Loss 1.8698	 flops 2889755.0
(0.0010, 0.0060, 0.0070)	Architecture [28-4]	 Time 0.0160	 Loss 0.8249	 flops 735288.0
(0.0010, 0.0120, 0.0090)	Architecture [28-9]	 Time 0.0240	 Loss 1.5252	 flops 811924.875
(0.0000, 0.0070, 0.0060)	Architecture [28-14]	 Time 0.0150	 Loss 0.5182	 flops 542769.8125
(0.0010, 0.0060, 0.0060)	Architecture [28-19]	 Time 0.0150	 Loss 0.5108	 flops 732998.125
(0.0010, 0.0070, 0.0060)	Architecture [28-24]	 Time 0.0160	 Loss 1.5054	 flops 820627.9375
(0.0010, 0.0070, 0.0060)	Architecture [28-29]	 Time 0.0150	 Loss 0.9700	 flops 579146.1875
(0.0010, 0.0080, 0.0070)	Architecture [28-34]	 Time 0.0170	 Loss 0.5408	 flops 652554.4375
(0.0010, 0.0080, 0.0080)	Architecture [28-39]	 Time 0.0190	 Loss 1.5871	 flops 1085528.75
(0.0010, 0.0060, 0.0060)	Architecture [28-44]	 Time 0.0140	 Loss 2.0294	 flops 477734.9375
(0.0010, 0.0080, 0.0100)	Architecture [29-4]	 Time 0.0200	 Loss 1.4800	 flops 2333266.0
(0.0010, 0.0070, 0.0050)	Architecture [29-9]	 Time 0.0140	 Loss 0.6363	 flops 625830.6875
(0.0010, 0.0060, 0.0060)	Architecture [29-14]	 Time 0.0150	 Loss 1.2578	 flops 726707.75
(0.0010, 0.0070, 0.0090)	Architecture [29-19]	 Time 0.0180	 Loss 1.6916	 flops 1702979.25
(0.0000, 0.0080, 0.0080)	Architecture [29-24]	 Time 0.0170	 Loss 1.9376	 flops 2037854.0
(0.0010, 0.0070, 0.0090)	Architecture [29-29]	 Time 0.0170	 Loss 4.0327	 flops 2680242.5
(0.0010, 0.0080, 0.0100)	Architecture [29-34]	 Time 0.0200	 Loss 3.4221	 flops 2091447.75
(0.0010, 0.0070, 0.0080)	Architecture [29-39]	 Time 0.0180	 Loss 1.3958	 flops 2407344.25
(0.0010, 0.0070, 0.0060)	Architecture [29-44]	 Time 0.0150	 Loss 0.7546	 flops 830400.1875
(0.0010, 0.0070, 0.0070)	Architecture [30-4]	 Time 0.0150	 Loss 0.7650	 flops 642114.875
(0.0010, 0.0070, 0.0070)	Architecture [30-9]	 Time 0.0150	 Loss 1.9982	 flops 778082.625
(0.0010, 0.0070, 0.0090)	Architecture [30-14]	 Time 0.0180	 Loss 0.7826	 flops 1539019.375
(0.0010, 0.0080, 0.0090)	Architecture [30-19]	 Time 0.0200	 Loss 1.7658	 flops 497319.71875
(0.0010, 0.0070, 0.0060)	Architecture [30-24]	 Time 0.0150	 Loss 3.0324	 flops 722983.8125
(0.0010, 0.0080, 0.0090)	Architecture [30-29]	 Time 0.0190	 Loss 1.1064	 flops 1359259.375
(0.0010, 0.0070, 0.0060)	Architecture [30-34]	 Time 0.0160	 Loss 0.6249	 flops 567254.125
(0.0010, 0.0070, 0.0070)	Architecture [30-39]	 Time 0.0160	 Loss 1.9172	 flops 618659.375
(0.0010, 0.0060, 0.0060)	Architecture [30-44]	 Time 0.0150	 Loss 1.8092	 flops 564523.1875
(0.0010, 0.0070, 0.0070)	Architecture [31-4]	 Time 0.0160	 Loss 1.0975	 flops 963958.0
(0.0010, 0.0070, 0.0060)	Architecture [31-9]	 Time 0.0150	 Loss 1.3217	 flops 600546.375
(0.0010, 0.0090, 0.0110)	Architecture [31-14]	 Time 0.0220	 Loss 2.8607	 flops 2851223.75
(0.0000, 0.0070, 0.0070)	Architecture [31-19]	 Time 0.0150	 Loss 0.3867	 flops 424783.5
(0.0010, 0.0070, 0.0090)	Architecture [31-24]	 Time 0.0180	 Loss 1.2911	 flops 1265434.25
(0.0010, 0.0070, 0.0090)	Architecture [31-29]	 Time 0.0180	 Loss 3.1573	 flops 1842047.625
(0.0010, 0.0080, 0.0060)	Architecture [31-34]	 Time 0.0150	 Loss 1.0439	 flops 788356.125
(0.0010, 0.0080, 0.0100)	Architecture [31-39]	 Time 0.0200	 Loss 0.4910	 flops 2539661.25
(0.0020, 0.0080, 0.0090)	Architecture [31-44]	 Time 0.0200	 Loss 2.3313	 flops 934852.75
(0.0010, 0.0070, 0.0060)	Architecture [32-4]	 Time 0.0160	 Loss 1.6932	 flops 611012.0625
(0.0010, 0.0060, 0.0060)	Architecture [32-9]	 Time 0.0150	 Loss 1.5970	 flops 719616.75
(0.0000, 0.0070, 0.0070)	Architecture [32-14]	 Time 0.0160	 Loss 0.9330	 flops 745778.5625
(0.0010, 0.0070, 0.0060)	Architecture [32-19]	 Time 0.0150	 Loss 3.8508	 flops 687434.5
(0.0010, 0.0080, 0.0080)	Architecture [32-24]	 Time 0.0170	 Loss 1.5996	 flops 2096884.25
(0.0010, 0.0080, 0.0050)	Architecture [32-29]	 Time 0.0150	 Loss 1.3534	 flops 397591.21875
(0.0010, 0.0080, 0.0080)	Architecture [32-34]	 Time 0.0190	 Loss 3.2756	 flops 2342216.75
(0.0010, 0.0070, 0.0090)	Architecture [32-39]	 Time 0.0180	 Loss 1.2977	 flops 1984304.625
(0.0010, 0.0070, 0.0080)	Architecture [32-44]	 Time 0.0170	 Loss 3.6652	 flops 948694.6875
(0.0010, 0.0070, 0.0060)	Architecture [33-4]	 Time 0.0150	 Loss 1.8270	 flops 490002.3125
(0.0010, 0.0080, 0.0100)	Architecture [33-9]	 Time 0.0190	 Loss 3.2173	 flops 1968800.625
(0.0010, 0.0080, 0.0080)	Architecture [33-14]	 Time 0.0180	 Loss 1.8210	 flops 930461.5625
(0.0010, 0.0070, 0.0080)	Architecture [33-19]	 Time 0.0170	 Loss 0.5569	 flops 543871.875
(0.0010, 0.0070, 0.0070)	Architecture [33-24]	 Time 0.0170	 Loss 0.5061	 flops 672503.0625
(0.0010, 0.0070, 0.0070)	Architecture [33-29]	 Time 0.0160	 Loss 2.6726	 flops 936797.6875
(0.0010, 0.0070, 0.0060)	Architecture [33-34]	 Time 0.0160	 Loss 2.4593	 flops 953222.8125
(0.0010, 0.0070, 0.0080)	Architecture [33-39]	 Time 0.0170	 Loss 2.6610	 flops 2523562.75
(0.0010, 0.0080, 0.0070)	Architecture [33-44]	 Time 0.0180	 Loss 0.9581	 flops 616512.5
(0.0010, 0.0090, 0.0080)	Architecture [34-4]	 Time 0.0180	 Loss 1.4747	 flops 1586936.625
(0.0010, 0.0060, 0.0060)	Architecture [34-9]	 Time 0.0150	 Loss 0.7718	 flops 543201.125
(0.0010, 0.0060, 0.0070)	Architecture [34-14]	 Time 0.0140	 Loss 1.5467	 flops 666313.875
(0.0010, 0.0060, 0.0060)	Architecture [34-19]	 Time 0.0150	 Loss 0.7454	 flops 697048.5
(0.0010, 0.0100, 0.0060)	Architecture [34-24]	 Time 0.0190	 Loss 0.9743	 flops 836768.0625
(0.0010, 0.0070, 0.0080)	Architecture [34-29]	 Time 0.0170	 Loss 1.1296	 flops 1491002.0
(0.0010, 0.0080, 0.0070)	Architecture [34-34]	 Time 0.0160	 Loss 1.2766	 flops 741471.1875
(0.0010, 0.0070, 0.0080)	Architecture [34-39]	 Time 0.0170	 Loss 2.1981	 flops 558392.8125
(0.0010, 0.0080, 0.0080)	Architecture [34-44]	 Time 0.0180	 Loss 0.3920	 flops 1188704.25
(0.0010, 0.0080, 0.0070)	Architecture [35-4]	 Time 0.0170	 Loss 0.6565	 flops 630122.875
(0.0010, 0.0070, 0.0080)	Architecture [35-9]	 Time 0.0180	 Loss 1.6675	 flops 1273942.125
(0.0010, 0.0070, 0.0060)	Architecture [35-14]	 Time 0.0160	 Loss 1.5272	 flops 759589.625
(0.0010, 0.0060, 0.0060)	Architecture [35-19]	 Time 0.0150	 Loss 0.4473	 flops 492915.4375
(0.0010, 0.0080, 0.0100)	Architecture [35-24]	 Time 0.0200	 Loss 3.7330	 flops 1779243.0
(0.0010, 0.0060, 0.0070)	Architecture [35-29]	 Time 0.0160	 Loss 1.1094	 flops 470128.53125
(0.0010, 0.0080, 0.0060)	Architecture [35-34]	 Time 0.0160	 Loss 1.1294	 flops 762239.75
(0.0010, 0.0080, 0.0110)	Architecture [35-39]	 Time 0.0210	 Loss 1.7425	 flops 811792.375
(0.0010, 0.0070, 0.0060)	Architecture [35-44]	 Time 0.0160	 Loss 0.8586	 flops 773647.9375
(0.0010, 0.0070, 0.0060)	Architecture [36-4]	 Time 0.0150	 Loss 0.8583	 flops 656208.0625
(0.0020, 0.0070, 0.0090)	Architecture [36-9]	 Time 0.0180	 Loss 2.2984	 flops 1526457.125
(0.0010, 0.0080, 0.0100)	Architecture [36-14]	 Time 0.0210	 Loss 1.9196	 flops 2031398.0
(0.0010, 0.0070, 0.0060)	Architecture [36-19]	 Time 0.0150	 Loss 0.7389	 flops 747591.125
(0.0010, 0.0080, 0.0080)	Architecture [36-24]	 Time 0.0190	 Loss 0.2823	 flops 691042.0
(0.0010, 0.0090, 0.0060)	Architecture [36-29]	 Time 0.0160	 Loss 0.5942	 flops 928285.4375
(0.0010, 0.0080, 0.0110)	Architecture [36-34]	 Time 0.0220	 Loss 2.9047	 flops 2130050.25
(0.0010, 0.0080, 0.0060)	Architecture [36-39]	 Time 0.0160	 Loss 1.3377	 flops 546822.125
(0.0010, 0.0080, 0.0080)	Architecture [36-44]	 Time 0.0190	 Loss 2.5512	 flops 768526.6875
(0.0010, 0.0090, 0.0100)	Architecture [37-4]	 Time 0.0200	 Loss 2.2386	 flops 836585.25
(0.0010, 0.0080, 0.0060)	Architecture [37-9]	 Time 0.0160	 Loss 1.4892	 flops 475050.21875
(0.0000, 0.0080, 0.0060)	Architecture [37-14]	 Time 0.0150	 Loss 1.4976	 flops 531377.25
(0.0010, 0.0080, 0.0090)	Architecture [37-19]	 Time 0.0200	 Loss 2.0722	 flops 452140.125
(0.0000, 0.0070, 0.0070)	Architecture [37-24]	 Time 0.0160	 Loss 0.8599	 flops 404809.90625
(0.0000, 0.0080, 0.0080)	Architecture [37-29]	 Time 0.0180	 Loss 1.6250	 flops 1940222.375
(0.0010, 0.0070, 0.0060)	Architecture [37-34]	 Time 0.0150	 Loss 1.4536	 flops 633500.0625
(0.0010, 0.0070, 0.0080)	Architecture [37-39]	 Time 0.0180	 Loss 1.5823	 flops 966215.875
(0.0010, 0.0070, 0.0060)	Architecture [37-44]	 Time 0.0150	 Loss 0.7948	 flops 460992.15625
(0.0010, 0.0080, 0.0100)	Architecture [38-4]	 Time 0.0210	 Loss 0.4879	 flops 3147913.5
(0.0010, 0.0080, 0.0070)	Architecture [38-9]	 Time 0.0180	 Loss 0.6024	 flops 404987.46875
(0.0020, 0.0090, 0.0070)	Architecture [38-14]	 Time 0.0190	 Loss 2.6677	 flops 924359.875
(0.0010, 0.0060, 0.0060)	Architecture [38-19]	 Time 0.0150	 Loss 0.8550	 flops 480919.84375
(0.0010, 0.0080, 0.0080)	Architecture [38-24]	 Time 0.0170	 Loss 3.3396	 flops 479286.4375
(0.0010, 0.0080, 0.0090)	Architecture [38-29]	 Time 0.0190	 Loss 3.5517	 flops 2071151.75
(0.0010, 0.0090, 0.0070)	Architecture [38-34]	 Time 0.0170	 Loss 1.3695	 flops 669883.375
(0.0010, 0.0070, 0.0080)	Architecture [38-39]	 Time 0.0170	 Loss 2.5007	 flops 651726.6875
(0.0010, 0.0090, 0.0100)	Architecture [38-44]	 Time 0.0210	 Loss 3.1808	 flops 2139794.25
(0.0010, 0.0080, 0.0080)	Architecture [39-4]	 Time 0.0180	 Loss 0.9360	 flops 452361.75
(0.0010, 0.0080, 0.0070)	Architecture [39-9]	 Time 0.0180	 Loss 0.5502	 flops 575979.5
(0.0010, 0.0080, 0.0100)	Architecture [39-14]	 Time 0.0210	 Loss 1.5558	 flops 647456.5
(0.0010, 0.0080, 0.0060)	Architecture [39-19]	 Time 0.0160	 Loss 0.7799	 flops 641410.25
(0.0010, 0.0080, 0.0080)	Architecture [39-24]	 Time 0.0180	 Loss 1.3506	 flops 704720.9375
(0.0010, 0.0090, 0.0080)	Architecture [39-29]	 Time 0.0200	 Loss 0.3638	 flops 453196.15625
(0.0010, 0.0070, 0.0060)	Architecture [39-34]	 Time 0.0160	 Loss 0.6989	 flops 712984.375
(0.0010, 0.0070, 0.0060)	Architecture [39-39]	 Time 0.0150	 Loss 1.5958	 flops 776574.5625
(0.0010, 0.0070, 0.0080)	Architecture [39-44]	 Time 0.0170	 Loss 1.0078	 flops 575996.1875
(0.0010, 0.0070, 0.0060)	Architecture [40-4]	 Time 0.0150	 Loss 0.4265	 flops 401847.8125
(0.0010, 0.0070, 0.0070)	Architecture [40-9]	 Time 0.0160	 Loss 2.4052	 flops 463741.3125
(0.0010, 0.0070, 0.0060)	Architecture [40-14]	 Time 0.0150	 Loss 1.9531	 flops 483193.875
(0.0010, 0.0070, 0.0060)	Architecture [40-19]	 Time 0.0150	 Loss 1.8945	 flops 472460.9375
(0.0010, 0.0100, 0.0080)	Architecture [40-24]	 Time 0.0200	 Loss 2.9080	 flops 419468.1875
(0.0010, 0.0070, 0.0070)	Architecture [40-29]	 Time 0.0160	 Loss 0.6998	 flops 653855.6875
(0.0010, 0.0080, 0.0070)	Architecture [40-34]	 Time 0.0170	 Loss 0.6013	 flops 480369.6875
(0.0010, 0.0070, 0.0060)	Architecture [40-39]	 Time 0.0150	 Loss 1.1208	 flops 473521.75
(0.0010, 0.0070, 0.0080)	Architecture [40-44]	 Time 0.0170	 Loss 2.5822	 flops 921573.0625
(0.0010, 0.0080, 0.0100)	Architecture [41-4]	 Time 0.0190	 Loss 1.0514	 flops 974485.125
(0.0010, 0.0060, 0.0070)	Architecture [41-9]	 Time 0.0160	 Loss 0.7647	 flops 559933.3125
(0.0010, 0.0080, 0.0060)	Architecture [41-14]	 Time 0.0160	 Loss 0.6816	 flops 623781.0
(0.0010, 0.0060, 0.0080)	Architecture [41-19]	 Time 0.0170	 Loss 2.7331	 flops 554070.0
(0.0010, 0.0080, 0.0080)	Architecture [41-24]	 Time 0.0180	 Loss 1.1797	 flops 349845.3125
(0.0010, 0.0070, 0.0070)	Architecture [41-29]	 Time 0.0150	 Loss 0.8475	 flops 591633.375
(0.0010, 0.0070, 0.0070)	Architecture [41-34]	 Time 0.0150	 Loss 1.7329	 flops 442059.5
(0.0010, 0.0080, 0.0070)	Architecture [41-39]	 Time 0.0160	 Loss 2.2322	 flops 425902.6875
(0.0010, 0.0080, 0.0080)	Architecture [41-44]	 Time 0.0170	 Loss 1.1873	 flops 694496.0625
(0.0010, 0.0090, 0.0060)	Architecture [42-4]	 Time 0.0170	 Loss 1.3601	 flops 453797.65625
(0.0010, 0.0060, 0.0060)	Architecture [42-9]	 Time 0.0150	 Loss 1.1255	 flops 667166.8125
(0.0010, 0.0070, 0.0060)	Architecture [42-14]	 Time 0.0150	 Loss 0.4847	 flops 446563.28125
(0.0010, 0.0060, 0.0060)	Architecture [42-19]	 Time 0.0150	 Loss 1.0207	 flops 452885.84375
(0.0010, 0.0070, 0.0060)	Architecture [42-24]	 Time 0.0140	 Loss 0.9649	 flops 471866.8125
(0.0010, 0.0080, 0.0070)	Architecture [42-29]	 Time 0.0170	 Loss 0.8021	 flops 795470.0625
(0.0020, 0.0090, 0.0080)	Architecture [42-34]	 Time 0.0200	 Loss 1.7828	 flops 1400965.0
(0.0010, 0.0070, 0.0060)	Architecture [42-39]	 Time 0.0150	 Loss 0.4096	 flops 592141.8125
(0.0010, 0.0070, 0.0060)	Architecture [42-44]	 Time 0.0160	 Loss 2.4689	 flops 507601.5
(0.0010, 0.0090, 0.0080)	Architecture [43-4]	 Time 0.0190	 Loss 0.8439	 flops 780761.875
(0.0010, 0.0090, 0.0080)	Architecture [43-9]	 Time 0.0200	 Loss 1.2096	 flops 696053.0
(0.0010, 0.0070, 0.0080)	Architecture [43-14]	 Time 0.0180	 Loss 4.6588	 flops 2886350.75
(0.0010, 0.0090, 0.0070)	Architecture [43-19]	 Time 0.0170	 Loss 1.0804	 flops 818838.6875
(0.0010, 0.0090, 0.0090)	Architecture [43-24]	 Time 0.0210	 Loss 1.2589	 flops 939671.75
(0.0010, 0.0090, 0.0090)	Architecture [43-29]	 Time 0.0200	 Loss 1.2834	 flops 835080.8125
(0.0010, 0.0080, 0.0070)	Architecture [43-34]	 Time 0.0180	 Loss 0.8469	 flops 525415.875
(0.0010, 0.0080, 0.0080)	Architecture [43-39]	 Time 0.0180	 Loss 2.8583	 flops 1261378.75
(0.0010, 0.0070, 0.0080)	Architecture [43-44]	 Time 0.0180	 Loss 0.9088	 flops 1239402.5
(0.0010, 0.0070, 0.0060)	Architecture [44-4]	 Time 0.0150	 Loss 0.7851	 flops 435410.65625
(0.0010, 0.0070, 0.0060)	Architecture [44-9]	 Time 0.0160	 Loss 0.3518	 flops 660907.3125
(0.0010, 0.0080, 0.0080)	Architecture [44-14]	 Time 0.0180	 Loss 0.5841	 flops 438050.4375
(0.0010, 0.0060, 0.0070)	Architecture [44-19]	 Time 0.0150	 Loss 0.6658	 flops 429368.75
(0.0010, 0.0080, 0.0070)	Architecture [44-24]	 Time 0.0170	 Loss 3.9875	 flops 394680.75
(0.0010, 0.0070, 0.0070)	Architecture [44-29]	 Time 0.0150	 Loss 2.5566	 flops 785733.4375
(0.0010, 0.0090, 0.0060)	Architecture [44-34]	 Time 0.0170	 Loss 0.6220	 flops 704064.6875
(0.0010, 0.0070, 0.0060)	Architecture [44-39]	 Time 0.0150	 Loss 1.4445	 flops 526071.0
(0.0010, 0.0070, 0.0060)	Architecture [44-44]	 Time 0.0150	 Loss 1.6899	 flops 409178.65625
(0.0010, 0.0070, 0.0070)	Architecture [45-4]	 Time 0.0150	 Loss 1.5766	 flops 765513.0
(0.0010, 0.0070, 0.0060)	Architecture [45-9]	 Time 0.0150	 Loss 0.9119	 flops 660249.9375
(0.0010, 0.0080, 0.0060)	Architecture [45-14]	 Time 0.0160	 Loss 0.5495	 flops 376022.3125
(0.0010, 0.0070, 0.0060)	Architecture [45-19]	 Time 0.0150	 Loss 0.5248	 flops 572858.375
(0.0000, 0.0080, 0.0080)	Architecture [45-24]	 Time 0.0180	 Loss 1.3466	 flops 1071292.25
(0.0010, 0.0070, 0.0090)	Architecture [45-29]	 Time 0.0180	 Loss 3.3539	 flops 1224102.375
(0.0010, 0.0080, 0.0080)	Architecture [45-34]	 Time 0.0190	 Loss 1.2049	 flops 601044.375
(0.0010, 0.0070, 0.0090)	Architecture [45-39]	 Time 0.0180	 Loss 0.4447	 flops 2259206.75
(0.0010, 0.0070, 0.0080)	Architecture [45-44]	 Time 0.0170	 Loss 0.4810	 flops 2394946.25
(0.0010, 0.0080, 0.0080)	Architecture [46-4]	 Time 0.0180	 Loss 4.3263	 flops 530325.5
(0.0010, 0.0070, 0.0090)	Architecture [46-9]	 Time 0.0180	 Loss 1.0452	 flops 914708.5
(0.0010, 0.0060, 0.0060)	Architecture [46-14]	 Time 0.0150	 Loss 0.4637	 flops 442424.1875
(0.0010, 0.0070, 0.0090)	Architecture [46-19]	 Time 0.0180	 Loss 4.8314	 flops 443975.71875
(0.0010, 0.0070, 0.0060)	Architecture [46-24]	 Time 0.0150	 Loss 1.1861	 flops 350746.34375
(0.0010, 0.0090, 0.0110)	Architecture [46-29]	 Time 0.0220	 Loss 2.5424	 flops 2004114.25
(0.0010, 0.0080, 0.0060)	Architecture [46-34]	 Time 0.0160	 Loss 1.1973	 flops 416622.90625
(0.0010, 0.0070, 0.0080)	Architecture [46-39]	 Time 0.0170	 Loss 0.5770	 flops 495168.125
(0.0010, 0.0080, 0.0090)	Architecture [46-44]	 Time 0.0190	 Loss 2.5130	 flops 1137916.25
(0.0010, 0.0070, 0.0070)	Architecture [47-4]	 Time 0.0160	 Loss 0.9159	 flops 345518.78125
(0.0010, 0.0070, 0.0060)	Architecture [47-9]	 Time 0.0140	 Loss 0.6613	 flops 417189.28125
(0.0010, 0.0060, 0.0070)	Architecture [47-14]	 Time 0.0150	 Loss 0.7980	 flops 548495.1875
(0.0010, 0.0090, 0.0090)	Architecture [47-19]	 Time 0.0200	 Loss 0.4448	 flops 2012280.0
(0.0010, 0.0090, 0.0110)	Architecture [47-24]	 Time 0.0220	 Loss 2.4040	 flops 3339523.5
(0.0010, 0.0060, 0.0060)	Architecture [47-29]	 Time 0.0150	 Loss 3.1157	 flops 403796.09375
(0.0010, 0.0090, 0.0070)	Architecture [47-34]	 Time 0.0180	 Loss 1.8027	 flops 646867.5
(0.0010, 0.0060, 0.0070)	Architecture [47-39]	 Time 0.0140	 Loss 0.3945	 flops 423330.59375
(0.0010, 0.0070, 0.0060)	Architecture [47-44]	 Time 0.0150	 Loss 1.9330	 flops 552325.6875
(0.0020, 0.0070, 0.0060)	Architecture [48-4]	 Time 0.0160	 Loss 1.2373	 flops 535984.3125
(0.0010, 0.0070, 0.0080)	Architecture [48-9]	 Time 0.0170	 Loss 1.4035	 flops 1110629.5
(0.0000, 0.0080, 0.0080)	Architecture [48-14]	 Time 0.0170	 Loss 1.4505	 flops 1149831.75
(0.0010, 0.0090, 0.0080)	Architecture [48-19]	 Time 0.0200	 Loss 1.2382	 flops 992950.625
(0.0010, 0.0070, 0.0080)	Architecture [48-24]	 Time 0.0170	 Loss 1.1218	 flops 1412625.625
(0.0010, 0.0070, 0.0080)	Architecture [48-29]	 Time 0.0170	 Loss 1.1640	 flops 1651261.125
(0.0010, 0.0070, 0.0090)	Architecture [48-34]	 Time 0.0180	 Loss 3.3905	 flops 1577587.625
(0.0010, 0.0070, 0.0050)	Architecture [48-39]	 Time 0.0140	 Loss 0.7014	 flops 963021.1875
(0.0010, 0.0070, 0.0090)	Architecture [48-44]	 Time 0.0190	 Loss 0.3918	 flops 2003297.0
(0.0010, 0.0080, 0.0060)	Architecture [49-4]	 Time 0.0160	 Loss 0.5187	 flops 442753.90625
(0.0000, 0.0070, 0.0060)	Architecture [49-9]	 Time 0.0150	 Loss 2.5629	 flops 653346.875
(0.0010, 0.0070, 0.0080)	Architecture [49-14]	 Time 0.0170	 Loss 1.4543	 flops 313951.5625
(0.0010, 0.0060, 0.0060)	Architecture [49-19]	 Time 0.0150	 Loss 0.4570	 flops 599029.0
(0.0010, 0.0090, 0.0090)	Architecture [49-24]	 Time 0.0190	 Loss 6.5333	 flops 1566680.5
(0.0010, 0.0060, 0.0070)	Architecture [49-29]	 Time 0.0150	 Loss 1.7416	 flops 365704.40625
(0.0010, 0.0090, 0.0100)	Architecture [49-34]	 Time 0.0200	 Loss 1.6755	 flops 1291853.25
(0.0010, 0.0070, 0.0060)	Architecture [49-39]	 Time 0.0150	 Loss 1.8167	 flops 469774.0625
(0.0010, 0.0070, 0.0060)	Architecture [49-44]	 Time 0.0160	 Loss 0.5792	 flops 497687.1875
(0.0010, 0.0080, 0.0070)	Architecture [50-4]	 Time 0.0180	 Loss 0.4698	 flops 634916.25
(0.0000, 0.0070, 0.0060)	Architecture [50-9]	 Time 0.0150	 Loss 0.6734	 flops 838037.75
(0.0010, 0.0080, 0.0070)	Architecture [50-14]	 Time 0.0160	 Loss 1.0365	 flops 798905.3125
(0.0010, 0.0060, 0.0070)	Architecture [50-19]	 Time 0.0150	 Loss 0.5660	 flops 556345.4375
(0.0010, 0.0080, 0.0100)	Architecture [50-24]	 Time 0.0210	 Loss 0.2632	 flops 1231048.625
(0.0010, 0.0070, 0.0070)	Architecture [50-29]	 Time 0.0170	 Loss 0.5638	 flops 652143.9375
(0.0010, 0.0090, 0.0110)	Architecture [50-34]	 Time 0.0230	 Loss 2.9933	 flops 1668647.875
(0.0010, 0.0080, 0.0060)	Architecture [50-39]	 Time 0.0150	 Loss 2.1889	 flops 668137.375
(0.0010, 0.0070, 0.0060)	Architecture [50-44]	 Time 0.0160	 Loss 0.4628	 flops 519857.75
(0.0010, 0.0080, 0.0060)	Architecture [51-4]	 Time 0.0170	 Loss 2.4725	 flops 360034.0
(0.0010, 0.0070, 0.0070)	Architecture [51-9]	 Time 0.0160	 Loss 1.0623	 flops 337614.5
(0.0010, 0.0070, 0.0060)	Architecture [51-14]	 Time 0.0150	 Loss 0.8017	 flops 707149.4375
(0.0010, 0.0060, 0.0060)	Architecture [51-19]	 Time 0.0140	 Loss 1.1008	 flops 624076.5
(0.0010, 0.0070, 0.0070)	Architecture [51-24]	 Time 0.0150	 Loss 0.5400	 flops 557044.5
(0.0000, 0.0080, 0.0080)	Architecture [51-29]	 Time 0.0180	 Loss 5.0122	 flops 729318.0625
(0.0010, 0.0090, 0.0070)	Architecture [51-34]	 Time 0.0190	 Loss 1.3530	 flops 675860.875
(0.0010, 0.0070, 0.0080)	Architecture [51-39]	 Time 0.0170	 Loss 1.8681	 flops 1727880.75
(0.0010, 0.0070, 0.0060)	Architecture [51-44]	 Time 0.0140	 Loss 0.7498	 flops 484567.75
(0.0010, 0.0060, 0.0060)	Architecture [52-4]	 Time 0.0150	 Loss 0.0848	 flops 421858.90625
(0.0010, 0.0080, 0.0080)	Architecture [52-9]	 Time 0.0180	 Loss 1.0639	 flops 1164940.625
(0.0010, 0.0070, 0.0070)	Architecture [52-14]	 Time 0.0160	 Loss 3.7116	 flops 492041.4375
(0.0000, 0.0080, 0.0060)	Architecture [52-19]	 Time 0.0150	 Loss 1.7714	 flops 444913.375
(0.0010, 0.0070, 0.0060)	Architecture [52-24]	 Time 0.0150	 Loss 0.4290	 flops 591367.75
(0.0010, 0.0070, 0.0060)	Architecture [52-29]	 Time 0.0150	 Loss 1.8380	 flops 659951.6875
(0.0010, 0.0080, 0.0060)	Architecture [52-34]	 Time 0.0170	 Loss 1.3882	 flops 619925.25
(0.0010, 0.0070, 0.0060)	Architecture [52-39]	 Time 0.0150	 Loss 1.9897	 flops 458503.9375
(0.0010, 0.0090, 0.0090)	Architecture [52-44]	 Time 0.0190	 Loss 2.4906	 flops 2251093.0
(0.0010, 0.0080, 0.0100)	Architecture [53-4]	 Time 0.0210	 Loss 2.0924	 flops 2332374.5
(0.0010, 0.0060, 0.0070)	Architecture [53-9]	 Time 0.0150	 Loss 1.3423	 flops 625909.5
(0.0010, 0.0070, 0.0070)	Architecture [53-14]	 Time 0.0160	 Loss 1.0412	 flops 478936.15625
(0.0010, 0.0060, 0.0070)	Architecture [53-19]	 Time 0.0160	 Loss 0.5612	 flops 472856.1875
(0.0010, 0.0070, 0.0070)	Architecture [53-24]	 Time 0.0170	 Loss 0.7986	 flops 765487.5
(0.0010, 0.0060, 0.0070)	Architecture [53-29]	 Time 0.0150	 Loss 0.4168	 flops 687437.5
(0.0020, 0.0100, 0.0070)	Architecture [53-34]	 Time 0.0190	 Loss 0.4323	 flops 628701.625
(0.0010, 0.0080, 0.0060)	Architecture [53-39]	 Time 0.0160	 Loss 3.0544	 flops 489496.625
(0.0010, 0.0090, 0.0070)	Architecture [53-44]	 Time 0.0180	 Loss 1.9585	 flops 422377.0625
(0.0010, 0.0090, 0.0070)	Architecture [54-4]	 Time 0.0170	 Loss 0.5473	 flops 498722.5
(0.0010, 0.0070, 0.0060)	Architecture [54-9]	 Time 0.0150	 Loss 3.4820	 flops 779168.25
(0.0010, 0.0090, 0.0080)	Architecture [54-14]	 Time 0.0190	 Loss 2.7464	 flops 428563.0625
(0.0010, 0.0080, 0.0060)	Architecture [54-19]	 Time 0.0160	 Loss 1.2304	 flops 725460.1875
(0.0020, 0.0100, 0.0090)	Architecture [54-24]	 Time 0.0220	 Loss 2.5970	 flops 530549.125
(0.0010, 0.0070, 0.0060)	Architecture [54-29]	 Time 0.0150	 Loss 1.0949	 flops 679000.875
(0.0010, 0.0070, 0.0070)	Architecture [54-34]	 Time 0.0150	 Loss 0.5385	 flops 669629.375
(0.0010, 0.0080, 0.0060)	Architecture [54-39]	 Time 0.0160	 Loss 0.4069	 flops 638287.6875
(0.0010, 0.0070, 0.0060)	Architecture [54-44]	 Time 0.0150	 Loss 0.5936	 flops 627953.125
(0.0010, 0.0060, 0.0070)	Architecture [55-4]	 Time 0.0160	 Loss 0.6088	 flops 670241.0625
(0.0010, 0.0070, 0.0060)	Architecture [55-9]	 Time 0.0150	 Loss 0.1470	 flops 512670.75
(0.0010, 0.0100, 0.0060)	Architecture [55-14]	 Time 0.0190	 Loss 0.5106	 flops 497961.21875
(0.0010, 0.0070, 0.0060)	Architecture [55-19]	 Time 0.0150	 Loss 2.0390	 flops 801345.0
(0.0010, 0.0080, 0.0080)	Architecture [55-24]	 Time 0.0190	 Loss 0.9010	 flops 801345.0
(0.0010, 0.0070, 0.0080)	Architecture [55-29]	 Time 0.0180	 Loss 1.1972	 flops 869755.75
(0.0020, 0.0080, 0.0090)	Architecture [55-34]	 Time 0.0200	 Loss 5.6208	 flops 2106018.0
(0.0010, 0.0080, 0.0080)	Architecture [55-39]	 Time 0.0180	 Loss 2.1492	 flops 642905.625
(0.0010, 0.0080, 0.0080)	Architecture [55-44]	 Time 0.0180	 Loss 1.7542	 flops 740357.5625
(0.0010, 0.0070, 0.0060)	Architecture [56-4]	 Time 0.0150	 Loss 2.3464	 flops 496400.5
(0.0010, 0.0070, 0.0060)	Architecture [56-9]	 Time 0.0150	 Loss 0.5003	 flops 489939.6875
(0.0010, 0.0070, 0.0090)	Architecture [56-14]	 Time 0.0180	 Loss 2.4533	 flops 879599.5
(0.0010, 0.0090, 0.0080)	Architecture [56-19]	 Time 0.0200	 Loss 1.2206	 flops 1140150.25
(0.0010, 0.0070, 0.0060)	Architecture [56-24]	 Time 0.0150	 Loss 0.5326	 flops 538271.75
(0.0010, 0.0080, 0.0070)	Architecture [56-29]	 Time 0.0170	 Loss 0.5089	 flops 674571.3125
(0.0010, 0.0090, 0.0090)	Architecture [56-34]	 Time 0.0200	 Loss 0.5219	 flops 1443085.0
(0.0010, 0.0060, 0.0070)	Architecture [56-39]	 Time 0.0140	 Loss 0.4819	 flops 513050.09375
(0.0010, 0.0070, 0.0060)	Architecture [56-44]	 Time 0.0150	 Loss 2.3374	 flops 512928.9375
(0.0010, 0.0090, 0.0090)	Architecture [57-4]	 Time 0.0200	 Loss 1.2624	 flops 1347584.75
(0.0010, 0.0070, 0.0070)	Architecture [57-9]	 Time 0.0160	 Loss 0.6051	 flops 646719.9375
(0.0000, 0.0070, 0.0060)	Architecture [57-14]	 Time 0.0150	 Loss 2.4406	 flops 739480.1875
(0.0010, 0.0090, 0.0080)	Architecture [57-19]	 Time 0.0190	 Loss 3.3277	 flops 674170.3125
(0.0010, 0.0070, 0.0060)	Architecture [57-24]	 Time 0.0150	 Loss 0.7983	 flops 634551.375
(0.0010, 0.0070, 0.0060)	Architecture [57-29]	 Time 0.0150	 Loss 1.9749	 flops 667458.25
(0.0010, 0.0090, 0.0080)	Architecture [57-34]	 Time 0.0190	 Loss 0.6277	 flops 1739988.0
(0.0010, 0.0060, 0.0060)	Architecture [57-39]	 Time 0.0150	 Loss 0.5113	 flops 779284.5
(0.0010, 0.0070, 0.0070)	Architecture [57-44]	 Time 0.0150	 Loss 0.9660	 flops 665658.5625
(0.0010, 0.0080, 0.0070)	Architecture [58-4]	 Time 0.0170	 Loss 2.0294	 flops 639873.6875
(0.0000, 0.0070, 0.0070)	Architecture [58-9]	 Time 0.0160	 Loss 0.6290	 flops 665075.875
(0.0010, 0.0070, 0.0070)	Architecture [58-14]	 Time 0.0160	 Loss 0.3614	 flops 658323.1875
(0.0010, 0.0070, 0.0080)	Architecture [58-19]	 Time 0.0170	 Loss 0.5065	 flops 713618.0
(0.0010, 0.0080, 0.0100)	Architecture [58-24]	 Time 0.0190	 Loss 2.7727	 flops 1262823.5
(0.0010, 0.0080, 0.0070)	Architecture [58-29]	 Time 0.0170	 Loss 1.9798	 flops 329891.625
(0.0020, 0.0070, 0.0060)	Architecture [58-34]	 Time 0.0160	 Loss 0.7157	 flops 533373.625
(0.0010, 0.0060, 0.0080)	Architecture [58-39]	 Time 0.0170	 Loss 4.0584	 flops 640657.0625
(0.0010, 0.0070, 0.0060)	Architecture [58-44]	 Time 0.0140	 Loss 1.5011	 flops 683969.5
(0.0010, 0.0080, 0.0070)	Architecture [59-4]	 Time 0.0170	 Loss 1.1393	 flops 678272.25
(0.0010, 0.0080, 0.0070)	Architecture [59-9]	 Time 0.0170	 Loss 1.2617	 flops 511120.375
(0.0000, 0.0070, 0.0070)	Architecture [59-14]	 Time 0.0150	 Loss 0.4018	 flops 664214.5625
(0.0010, 0.0070, 0.0090)	Architecture [59-19]	 Time 0.0180	 Loss 3.0246	 flops 1046383.875
(0.0000, 0.0070, 0.0060)	Architecture [59-24]	 Time 0.0140	 Loss 2.2216	 flops 692138.75
(0.0010, 0.0070, 0.0090)	Architecture [59-29]	 Time 0.0180	 Loss 2.8668	 flops 1317900.5
(0.0010, 0.0070, 0.0080)	Architecture [59-34]	 Time 0.0170	 Loss 1.4102	 flops 646859.25
(0.0010, 0.0070, 0.0060)	Architecture [59-39]	 Time 0.0150	 Loss 0.1827	 flops 667408.375
(0.0010, 0.0060, 0.0070)	Architecture [59-44]	 Time 0.0140	 Loss 0.5902	 flops 677106.0
(0.0010, 0.0070, 0.0100)	Architecture [60-4]	 Time 0.0190	 Loss 3.7987	 flops 2065936.75
(0.0010, 0.0070, 0.0090)	Architecture [60-9]	 Time 0.0190	 Loss 1.1124	 flops 1498421.5
(0.0010, 0.0060, 0.0060)	Architecture [60-14]	 Time 0.0150	 Loss 0.5225	 flops 707818.375
(0.0010, 0.0070, 0.0050)	Architecture [60-19]	 Time 0.0140	 Loss 1.9398	 flops 699073.0625
(0.0010, 0.0080, 0.0080)	Architecture [60-24]	 Time 0.0180	 Loss 3.1892	 flops 1020627.0
(0.0010, 0.0060, 0.0060)	Architecture [60-29]	 Time 0.0150	 Loss 1.7484	 flops 517299.34375
(0.0010, 0.0080, 0.0090)	Architecture [60-34]	 Time 0.0200	 Loss 1.7919	 flops 1069307.75
(0.0010, 0.0080, 0.0060)	Architecture [60-39]	 Time 0.0160	 Loss 0.9625	 flops 614202.125
(0.0010, 0.0070, 0.0090)	Architecture [60-44]	 Time 0.0170	 Loss 3.6376	 flops 1149301.5
(0.0010, 0.0080, 0.0060)	Architecture [61-4]	 Time 0.0150	 Loss 1.9867	 flops 715180.125
(0.0010, 0.0070, 0.0090)	Architecture [61-9]	 Time 0.0170	 Loss 2.4611	 flops 1876707.625
(0.0010, 0.0060, 0.0070)	Architecture [61-14]	 Time 0.0160	 Loss 1.1239	 flops 672107.0625
(0.0010, 0.0060, 0.0060)	Architecture [61-19]	 Time 0.0150	 Loss 0.2012	 flops 679289.6875
(0.0010, 0.0070, 0.0090)	Architecture [61-24]	 Time 0.0170	 Loss 0.7348	 flops 1649490.375
(0.0010, 0.0070, 0.0090)	Architecture [61-29]	 Time 0.0190	 Loss 2.6053	 flops 894916.875
(0.0010, 0.0070, 0.0060)	Architecture [61-34]	 Time 0.0150	 Loss 1.1457	 flops 688948.0625
(0.0010, 0.0060, 0.0060)	Architecture [61-39]	 Time 0.0150	 Loss 0.5352	 flops 651711.75
(0.0010, 0.0070, 0.0050)	Architecture [61-44]	 Time 0.0140	 Loss 1.5150	 flops 682560.6875
(0.0010, 0.0080, 0.0080)	Architecture [62-4]	 Time 0.0180	 Loss 2.6723	 flops 1030768.375
(0.0010, 0.0080, 0.0060)	Architecture [62-9]	 Time 0.0150	 Loss 1.0988	 flops 671014.75
(0.0010, 0.0070, 0.0060)	Architecture [62-14]	 Time 0.0140	 Loss 1.2452	 flops 563663.25
(0.0010, 0.0070, 0.0060)	Architecture [62-19]	 Time 0.0140	 Loss 0.4414	 flops 367516.875
(0.0010, 0.0070, 0.0070)	Architecture [62-24]	 Time 0.0160	 Loss 0.7106	 flops 653660.625
(0.0010, 0.0070, 0.0090)	Architecture [62-29]	 Time 0.0170	 Loss 1.3267	 flops 895737.8125
(0.0010, 0.0070, 0.0070)	Architecture [62-34]	 Time 0.0170	 Loss 0.3432	 flops 563212.875
(0.0010, 0.0080, 0.0070)	Architecture [62-39]	 Time 0.0170	 Loss 0.4125	 flops 794429.375
(0.0010, 0.0070, 0.0070)	Architecture [62-44]	 Time 0.0170	 Loss 0.2576	 flops 549859.5
(0.0010, 0.0080, 0.0060)	Architecture [63-4]	 Time 0.0160	 Loss 0.2581	 flops 712446.4375
(0.0010, 0.0070, 0.0060)	Architecture [63-9]	 Time 0.0150	 Loss 2.6648	 flops 664497.375
(0.0000, 0.0090, 0.0100)	Architecture [63-14]	 Time 0.0210	 Loss 1.6056	 flops 1599159.625
(0.0010, 0.0070, 0.0060)	Architecture [63-19]	 Time 0.0140	 Loss 0.8395	 flops 697158.875
(0.0010, 0.0060, 0.0060)	Architecture [63-24]	 Time 0.0150	 Loss 1.9390	 flops 670964.5625
(0.0010, 0.0080, 0.0090)	Architecture [63-29]	 Time 0.0180	 Loss 2.8093	 flops 745774.5
(0.0010, 0.0090, 0.0080)	Architecture [63-34]	 Time 0.0190	 Loss 2.0759	 flops 1600573.375
(0.0000, 0.0080, 0.0090)	Architecture [63-39]	 Time 0.0190	 Loss 3.4426	 flops 2486509.25
(0.0010, 0.0070, 0.0070)	Architecture [63-44]	 Time 0.0170	 Loss 0.2541	 flops 686681.375
(0.0010, 0.0070, 0.0060)	Architecture [64-4]	 Time 0.0150	 Loss 0.5720	 flops 683977.875
(0.0010, 0.0060, 0.0060)	Architecture [64-9]	 Time 0.0150	 Loss 2.4209	 flops 669223.8125
(0.0010, 0.0070, 0.0060)	Architecture [64-14]	 Time 0.0150	 Loss 0.5015	 flops 536612.5625
(0.0010, 0.0070, 0.0080)	Architecture [64-19]	 Time 0.0160	 Loss 1.2720	 flops 557027.125
(0.0000, 0.0100, 0.0090)	Architecture [64-24]	 Time 0.0200	 Loss 0.6823	 flops 2093662.125
(0.0010, 0.0070, 0.0060)	Architecture [64-29]	 Time 0.0150	 Loss 0.5394	 flops 652161.375
(0.0010, 0.0080, 0.0090)	Architecture [64-34]	 Time 0.0190	 Loss 3.6552	 flops 1565945.75
(0.0010, 0.0070, 0.0070)	Architecture [64-39]	 Time 0.0170	 Loss 1.2693	 flops 410307.0625
(0.0010, 0.0060, 0.0070)	Architecture [64-44]	 Time 0.0140	 Loss 0.7671	 flops 704730.625
(0.0010, 0.0070, 0.0060)	Architecture [65-4]	 Time 0.0160	 Loss 2.2519	 flops 644693.875
(0.0010, 0.0070, 0.0060)	Architecture [65-9]	 Time 0.0160	 Loss 1.2255	 flops 441509.96875
(0.0010, 0.0070, 0.0110)	Architecture [65-14]	 Time 0.0210	 Loss 2.6712	 flops 2493235.5
(0.0010, 0.0070, 0.0060)	Architecture [65-19]	 Time 0.0150	 Loss 0.9212	 flops 388643.875
(0.0010, 0.0060, 0.0070)	Architecture [65-24]	 Time 0.0150	 Loss 0.4258	 flops 472266.25
(0.0010, 0.0070, 0.0060)	Architecture [65-29]	 Time 0.0160	 Loss 0.7729	 flops 720718.375
(0.0010, 0.0080, 0.0090)	Architecture [65-34]	 Time 0.0200	 Loss 2.6780	 flops 1533230.0
(0.0010, 0.0090, 0.0060)	Architecture [65-39]	 Time 0.0180	 Loss 0.2217	 flops 689380.75
(0.0020, 0.0070, 0.0050)	Architecture [65-44]	 Time 0.0150	 Loss 0.5377	 flops 666133.1875
(0.0010, 0.0090, 0.0100)	Architecture [66-4]	 Time 0.0220	 Loss 0.4848	 flops 556083.5
(0.0020, 0.0090, 0.0090)	Architecture [66-9]	 Time 0.0220	 Loss 0.5934	 flops 1249819.75
(0.0010, 0.0070, 0.0070)	Architecture [66-14]	 Time 0.0170	 Loss 2.7016	 flops 650101.4375
(0.0010, 0.0090, 0.0070)	Architecture [66-19]	 Time 0.0180	 Loss 1.8720	 flops 569691.75
(0.0010, 0.0080, 0.0070)	Architecture [66-24]	 Time 0.0170	 Loss 0.2704	 flops 719019.625
(0.0010, 0.0080, 0.0070)	Architecture [66-29]	 Time 0.0180	 Loss 2.4957	 flops 678487.5
(0.0010, 0.0090, 0.0070)	Architecture [66-34]	 Time 0.0180	 Loss 0.8589	 flops 513571.6875
(0.0010, 0.0070, 0.0080)	Architecture [66-39]	 Time 0.0170	 Loss 1.9864	 flops 1512251.875
(0.0010, 0.0070, 0.0080)	Architecture [66-44]	 Time 0.0160	 Loss 1.5457	 flops 736216.0
(0.0010, 0.0070, 0.0070)	Architecture [67-4]	 Time 0.0170	 Loss 0.4164	 flops 524613.5
(0.0020, 0.0080, 0.0070)	Architecture [67-9]	 Time 0.0170	 Loss 0.7816	 flops 710331.25
(0.0010, 0.0060, 0.0060)	Architecture [67-14]	 Time 0.0150	 Loss 1.8717	 flops 342696.0
(0.0010, 0.0070, 0.0080)	Architecture [67-19]	 Time 0.0170	 Loss 3.5944	 flops 2733201.75
(0.0010, 0.0070, 0.0090)	Architecture [67-24]	 Time 0.0170	 Loss 1.0866	 flops 2557630.75
(0.0010, 0.0070, 0.0060)	Architecture [67-29]	 Time 0.0160	 Loss 0.1040	 flops 763586.0625
(0.0010, 0.0090, 0.0080)	Architecture [67-34]	 Time 0.0190	 Loss 0.5802	 flops 1832528.125
(0.0010, 0.0060, 0.0070)	Architecture [67-39]	 Time 0.0160	 Loss 3.2415	 flops 526038.375
(0.0010, 0.0060, 0.0070)	Architecture [67-44]	 Time 0.0150	 Loss 1.5310	 flops 726182.3125
(0.0010, 0.0070, 0.0070)	Architecture [68-4]	 Time 0.0150	 Loss 1.1531	 flops 631689.875
(0.0010, 0.0070, 0.0070)	Architecture [68-9]	 Time 0.0170	 Loss 4.2176	 flops 699039.25
(0.0010, 0.0070, 0.0080)	Architecture [68-14]	 Time 0.0170	 Loss 2.5840	 flops 1028235.125
(0.0010, 0.0070, 0.0080)	Architecture [68-19]	 Time 0.0160	 Loss 1.4005	 flops 628111.4375
(0.0010, 0.0070, 0.0060)	Architecture [68-24]	 Time 0.0150	 Loss 2.1722	 flops 657347.625
(0.0000, 0.0070, 0.0060)	Architecture [68-29]	 Time 0.0150	 Loss 0.4192	 flops 561819.9375
(0.0010, 0.0070, 0.0060)	Architecture [68-34]	 Time 0.0150	 Loss 0.4258	 flops 851094.0
(0.0010, 0.0070, 0.0080)	Architecture [68-39]	 Time 0.0170	 Loss 1.7423	 flops 735242.4375
(0.0010, 0.0070, 0.0090)	Architecture [68-44]	 Time 0.0180	 Loss 1.5906	 flops 575152.6875
(0.0010, 0.0090, 0.0090)	Architecture [69-4]	 Time 0.0200	 Loss 1.0526	 flops 1017847.0
(0.0020, 0.0080, 0.0090)	Architecture [69-9]	 Time 0.0200	 Loss 0.9989	 flops 1552386.25
(0.0010, 0.0070, 0.0060)	Architecture [69-14]	 Time 0.0160	 Loss 0.5031	 flops 631791.875
(0.0010, 0.0070, 0.0060)	Architecture [69-19]	 Time 0.0160	 Loss 3.6744	 flops 702349.9375
(0.0010, 0.0080, 0.0060)	Architecture [69-24]	 Time 0.0160	 Loss 1.7206	 flops 661896.125
(0.0010, 0.0090, 0.0080)	Architecture [69-29]	 Time 0.0200	 Loss 3.0241	 flops 2098319.5
(0.0010, 0.0060, 0.0070)	Architecture [69-34]	 Time 0.0160	 Loss 3.0152	 flops 637999.25
(0.0010, 0.0070, 0.0070)	Architecture [69-39]	 Time 0.0150	 Loss 1.4061	 flops 671013.4375
(0.0010, 0.0070, 0.0060)	Architecture [69-44]	 Time 0.0150	 Loss 1.2578	 flops 575067.375
(0.0010, 0.0070, 0.0080)	Architecture [70-4]	 Time 0.0170	 Loss 2.3582	 flops 654719.5625
(0.0010, 0.0070, 0.0090)	Architecture [70-9]	 Time 0.0170	 Loss 2.3669	 flops 1515470.75
(0.0010, 0.0080, 0.0080)	Architecture [70-14]	 Time 0.0190	 Loss 2.9393	 flops 1137748.75
(0.0010, 0.0070, 0.0070)	Architecture [70-19]	 Time 0.0170	 Loss 1.7178	 flops 362885.6875
(0.0010, 0.0070, 0.0090)	Architecture [70-24]	 Time 0.0170	 Loss 3.5658	 flops 1965884.5
(0.0010, 0.0080, 0.0090)	Architecture [70-29]	 Time 0.0200	 Loss 1.3524	 flops 1477746.0
(0.0010, 0.0070, 0.0060)	Architecture [70-34]	 Time 0.0160	 Loss 0.0480	 flops 676756.3125
(0.0010, 0.0070, 0.0070)	Architecture [70-39]	 Time 0.0160	 Loss 0.2601	 flops 739348.25
(0.0010, 0.0070, 0.0060)	Architecture [70-44]	 Time 0.0150	 Loss 3.3660	 flops 518688.3125
(0.0010, 0.0080, 0.0100)	Architecture [71-4]	 Time 0.0210	 Loss 1.4463	 flops 678450.3125
(0.0010, 0.0080, 0.0080)	Architecture [71-9]	 Time 0.0180	 Loss 1.6999	 flops 720053.75
(0.0010, 0.0070, 0.0060)	Architecture [71-14]	 Time 0.0160	 Loss 1.9678	 flops 617447.0625
(0.0010, 0.0070, 0.0100)	Architecture [71-19]	 Time 0.0180	 Loss 3.3606	 flops 659218.5
(0.0020, 0.0080, 0.0060)	Architecture [71-24]	 Time 0.0170	 Loss 1.1414	 flops 468503.5625
(0.0010, 0.0080, 0.0090)	Architecture [71-29]	 Time 0.0200	 Loss 1.3973	 flops 617773.8125
(0.0010, 0.0090, 0.0090)	Architecture [71-34]	 Time 0.0210	 Loss 0.8755	 flops 1905544.875
(0.0010, 0.0070, 0.0080)	Architecture [71-39]	 Time 0.0170	 Loss 3.0944	 flops 532571.75
(0.0010, 0.0090, 0.0100)	Architecture [71-44]	 Time 0.0220	 Loss 1.8731	 flops 1503274.125
(0.0010, 0.0080, 0.0090)	Architecture [72-4]	 Time 0.0180	 Loss 2.6217	 flops 923411.875
(0.0010, 0.0060, 0.0070)	Architecture [72-9]	 Time 0.0150	 Loss 0.9005	 flops 526396.625
(0.0010, 0.0080, 0.0060)	Architecture [72-14]	 Time 0.0170	 Loss 0.1416	 flops 558152.0625
(0.0010, 0.0070, 0.0060)	Architecture [72-19]	 Time 0.0150	 Loss 0.4939	 flops 647308.625
(0.0000, 0.0070, 0.0060)	Architecture [72-24]	 Time 0.0140	 Loss 3.9425	 flops 679374.6875
(0.0010, 0.0070, 0.0060)	Architecture [72-29]	 Time 0.0140	 Loss 1.1833	 flops 579528.25
(0.0020, 0.0070, 0.0070)	Architecture [72-34]	 Time 0.0160	 Loss 0.3578	 flops 603986.625
(0.0010, 0.0070, 0.0080)	Architecture [72-39]	 Time 0.0180	 Loss 4.6092	 flops 688680.5
(0.0010, 0.0070, 0.0060)	Architecture [72-44]	 Time 0.0150	 Loss 0.8263	 flops 674173.6875
(0.0010, 0.0060, 0.0060)	Architecture [73-4]	 Time 0.0150	 Loss 1.1307	 flops 595778.375
(0.0010, 0.0070, 0.0060)	Architecture [73-9]	 Time 0.0140	 Loss 1.7981	 flops 478542.0
(0.0010, 0.0080, 0.0050)	Architecture [73-14]	 Time 0.0150	 Loss 0.3723	 flops 657096.4375
(0.0010, 0.0070, 0.0060)	Architecture [73-19]	 Time 0.0150	 Loss 0.4854	 flops 515974.75
(0.0010, 0.0080, 0.0070)	Architecture [73-24]	 Time 0.0180	 Loss 1.2985	 flops 351117.21875
(0.0010, 0.0060, 0.0060)	Architecture [73-29]	 Time 0.0140	 Loss 0.4348	 flops 684055.5
(0.0010, 0.0070, 0.0070)	Architecture [73-34]	 Time 0.0160	 Loss 0.5655	 flops 630712.1875
(0.0000, 0.0070, 0.0060)	Architecture [73-39]	 Time 0.0150	 Loss 0.1860	 flops 452238.46875
(0.0010, 0.0070, 0.0060)	Architecture [73-44]	 Time 0.0150	 Loss 0.5057	 flops 408023.59375
(0.0010, 0.0080, 0.0060)	Architecture [74-4]	 Time 0.0160	 Loss 4.6258	 flops 601912.0625
(0.0010, 0.0080, 0.0060)	Architecture [74-9]	 Time 0.0160	 Loss 1.6104	 flops 530404.3125
(0.0010, 0.0080, 0.0090)	Architecture [74-14]	 Time 0.0190	 Loss 1.3836	 flops 1321256.75
(0.0010, 0.0070, 0.0050)	Architecture [74-19]	 Time 0.0150	 Loss 3.3347	 flops 492631.6875
(0.0010, 0.0060, 0.0070)	Architecture [74-24]	 Time 0.0150	 Loss 1.2843	 flops 527734.0
(0.0010, 0.0070, 0.0060)	Architecture [74-29]	 Time 0.0150	 Loss 1.8379	 flops 628695.5625
(0.0010, 0.0080, 0.0070)	Architecture [74-34]	 Time 0.0170	 Loss 1.2948	 flops 522465.0625
(0.0010, 0.0080, 0.0060)	Architecture [74-39]	 Time 0.0160	 Loss 0.2883	 flops 350547.03125
(0.0010, 0.0080, 0.0070)	Architecture [74-44]	 Time 0.0170	 Loss 0.8482	 flops 485150.96875
(0.0010, 0.0070, 0.0060)	Architecture [75-4]	 Time 0.0160	 Loss 0.9177	 flops 520764.8125
(0.0010, 0.0070, 0.0060)	Architecture [75-9]	 Time 0.0150	 Loss 0.5024	 flops 488949.25
(0.0010, 0.0060, 0.0070)	Architecture [75-14]	 Time 0.0150	 Loss 0.9889	 flops 412160.8125
(0.0010, 0.0060, 0.0060)	Architecture [75-19]	 Time 0.0140	 Loss 0.0999	 flops 418635.59375
(0.0010, 0.0080, 0.0080)	Architecture [75-24]	 Time 0.0180	 Loss 1.0310	 flops 1028807.875
(0.0010, 0.0070, 0.0060)	Architecture [75-29]	 Time 0.0140	 Loss 2.2086	 flops 726946.4375
(0.0010, 0.0080, 0.0080)	Architecture [75-34]	 Time 0.0180	 Loss 1.8037	 flops 1694212.5
(0.0010, 0.0060, 0.0060)	Architecture [75-39]	 Time 0.0140	 Loss 1.4587	 flops 419829.65625
(0.0010, 0.0070, 0.0060)	Architecture [75-44]	 Time 0.0150	 Loss 2.1306	 flops 317309.28125
(0.0010, 0.0070, 0.0060)	Architecture [76-4]	 Time 0.0140	 Loss 1.6550	 flops 507494.03125
(0.0000, 0.0080, 0.0070)	Architecture [76-9]	 Time 0.0170	 Loss 1.3567	 flops 464726.84375
(0.0010, 0.0070, 0.0060)	Architecture [76-14]	 Time 0.0150	 Loss 1.2491	 flops 712126.625
(0.0010, 0.0060, 0.0060)	Architecture [76-19]	 Time 0.0150	 Loss 0.7833	 flops 490586.4375
(0.0010, 0.0070, 0.0060)	Architecture [76-24]	 Time 0.0160	 Loss 0.6597	 flops 521697.375
(0.0010, 0.0070, 0.0060)	Architecture [76-29]	 Time 0.0160	 Loss 1.6023	 flops 647562.9375
(0.0010, 0.0080, 0.0060)	Architecture [76-34]	 Time 0.0160	 Loss 0.5494	 flops 586819.6875
(0.0010, 0.0060, 0.0060)	Architecture [76-39]	 Time 0.0140	 Loss 0.5524	 flops 632856.25
(0.0010, 0.0060, 0.0070)	Architecture [76-44]	 Time 0.0150	 Loss 0.1592	 flops 386811.1875
(0.0010, 0.0080, 0.0070)	Architecture [77-4]	 Time 0.0160	 Loss 0.2109	 flops 537386.5
(0.0010, 0.0070, 0.0060)	Architecture [77-9]	 Time 0.0150	 Loss 2.3974	 flops 590593.9375
(0.0010, 0.0080, 0.0100)	Architecture [77-14]	 Time 0.0200	 Loss 1.4128	 flops 1007288.875
(0.0010, 0.0070, 0.0090)	Architecture [77-19]	 Time 0.0170	 Loss 2.5795	 flops 1590931.125
(0.0010, 0.0070, 0.0060)	Architecture [77-24]	 Time 0.0160	 Loss 3.5337	 flops 588865.9375
(0.0010, 0.0080, 0.0080)	Architecture [77-29]	 Time 0.0180	 Loss 1.1017	 flops 344742.8125
(0.0010, 0.0080, 0.0110)	Architecture [77-34]	 Time 0.0210	 Loss 3.8366	 flops 2036997.75
(0.0010, 0.0070, 0.0090)	Architecture [77-39]	 Time 0.0180	 Loss 2.6845	 flops 1533520.0
(0.0010, 0.0070, 0.0060)	Architecture [77-44]	 Time 0.0150	 Loss 0.2886	 flops 528639.0
(0.0010, 0.0080, 0.0070)	Architecture [78-4]	 Time 0.0160	 Loss 0.6547	 flops 518394.875
(0.0010, 0.0060, 0.0070)	Architecture [78-9]	 Time 0.0160	 Loss 1.4304	 flops 564484.9375
(0.0010, 0.0060, 0.0070)	Architecture [78-14]	 Time 0.0140	 Loss 0.5071	 flops 578156.75
(0.0010, 0.0070, 0.0050)	Architecture [78-19]	 Time 0.0140	 Loss 0.5053	 flops 458513.09375
(0.0010, 0.0070, 0.0090)	Architecture [78-24]	 Time 0.0170	 Loss 0.4113	 flops 930776.25
(0.0010, 0.0070, 0.0060)	Architecture [78-29]	 Time 0.0150	 Loss 0.4811	 flops 474615.59375
(0.0010, 0.0080, 0.0090)	Architecture [78-34]	 Time 0.0200	 Loss 3.3261	 flops 1163823.0
(0.0010, 0.0070, 0.0060)	Architecture [78-39]	 Time 0.0150	 Loss 1.8175	 flops 477354.3125
(0.0010, 0.0070, 0.0080)	Architecture [78-44]	 Time 0.0180	 Loss 3.3237	 flops 2773909.5
(0.0010, 0.0070, 0.0070)	Architecture [79-4]	 Time 0.0160	 Loss 2.6528	 flops 534410.5
(0.0000, 0.0070, 0.0060)	Architecture [79-9]	 Time 0.0150	 Loss 1.1467	 flops 517988.9375
(0.0010, 0.0070, 0.0080)	Architecture [79-14]	 Time 0.0170	 Loss 1.4999	 flops 715717.25
(0.0010, 0.0070, 0.0070)	Architecture [79-19]	 Time 0.0160	 Loss 1.7435	 flops 313322.0625
(0.0010, 0.0080, 0.0090)	Architecture [79-24]	 Time 0.0190	 Loss 0.9508	 flops 628276.8125
(0.0010, 0.0070, 0.0060)	Architecture [79-29]	 Time 0.0150	 Loss 0.7763	 flops 463638.96875
(0.0010, 0.0080, 0.0070)	Architecture [79-34]	 Time 0.0160	 Loss 2.5147	 flops 448196.4375
(0.0010, 0.0060, 0.0060)	Architecture [79-39]	 Time 0.0150	 Loss 0.7162	 flops 761974.0
(0.0010, 0.0070, 0.0060)	Architecture [79-44]	 Time 0.0150	 Loss 0.9433	 flops 487809.625
(0.0010, 0.0060, 0.0060)	Architecture [80-4]	 Time 0.0150	 Loss 0.1749	 flops 689208.5625
(0.0010, 0.0060, 0.0070)	Architecture [80-9]	 Time 0.0160	 Loss 0.4979	 flops 578059.75
(0.0010, 0.0070, 0.0070)	Architecture [80-14]	 Time 0.0160	 Loss 3.1846	 flops 479706.25
(0.0010, 0.0070, 0.0060)	Architecture [80-19]	 Time 0.0140	 Loss 1.5594	 flops 574776.0625
(0.0000, 0.0070, 0.0060)	Architecture [80-24]	 Time 0.0150	 Loss 0.5868	 flops 590550.5625
(0.0010, 0.0060, 0.0060)	Architecture [80-29]	 Time 0.0150	 Loss 2.6549	 flops 661017.75
(0.0010, 0.0070, 0.0060)	Architecture [80-34]	 Time 0.0150	 Loss 1.8085	 flops 618565.0625
(0.0010, 0.0060, 0.0060)	Architecture [80-39]	 Time 0.0150	 Loss 1.2572	 flops 503807.5625
(0.0010, 0.0070, 0.0080)	Architecture [80-44]	 Time 0.0170	 Loss 2.8455	 flops 618890.625
(0.0010, 0.0070, 0.0060)	Architecture [81-4]	 Time 0.0160	 Loss 0.3071	 flops 610018.625
(0.0010, 0.0070, 0.0070)	Architecture [81-9]	 Time 0.0160	 Loss 0.6936	 flops 632565.5
(0.0010, 0.0090, 0.0090)	Architecture [81-14]	 Time 0.0210	 Loss 1.7166	 flops 1073581.875
(0.0010, 0.0090, 0.0070)	Architecture [81-19]	 Time 0.0180	 Loss 0.2437	 flops 644860.8125
(0.0000, 0.0080, 0.0070)	Architecture [81-24]	 Time 0.0170	 Loss 0.5446	 flops 603862.125
(0.0010, 0.0070, 0.0070)	Architecture [81-29]	 Time 0.0150	 Loss 0.0416	 flops 615228.5625
(0.0010, 0.0070, 0.0070)	Architecture [81-34]	 Time 0.0160	 Loss 0.5190	 flops 717611.9375
(0.0010, 0.0080, 0.0070)	Architecture [81-39]	 Time 0.0170	 Loss 1.8942	 flops 584348.0625
(0.0010, 0.0070, 0.0090)	Architecture [81-44]	 Time 0.0170	 Loss 1.3036	 flops 1104311.5
(0.0010, 0.0080, 0.0060)	Architecture [82-4]	 Time 0.0160	 Loss 1.1169	 flops 517297.46875
(0.0010, 0.0080, 0.0090)	Architecture [82-9]	 Time 0.0190	 Loss 5.3243	 flops 1425804.25
(0.0010, 0.0060, 0.0060)	Architecture [82-14]	 Time 0.0150	 Loss 1.0662	 flops 610659.75
(0.0010, 0.0080, 0.0080)	Architecture [82-19]	 Time 0.0180	 Loss 1.6662	 flops 2853618.25
(0.0010, 0.0060, 0.0060)	Architecture [82-24]	 Time 0.0150	 Loss 2.3031	 flops 664034.3125
(0.0010, 0.0060, 0.0060)	Architecture [82-29]	 Time 0.0150	 Loss 0.3088	 flops 553124.9375
(0.0010, 0.0070, 0.0060)	Architecture [82-34]	 Time 0.0150	 Loss 0.4252	 flops 539739.6875
(0.0010, 0.0100, 0.0090)	Architecture [82-39]	 Time 0.0210	 Loss 1.7761	 flops 1060616.0
(0.0010, 0.0070, 0.0060)	Architecture [82-44]	 Time 0.0160	 Loss 0.5695	 flops 301864.75
(0.0010, 0.0080, 0.0060)	Architecture [83-4]	 Time 0.0160	 Loss 0.4692	 flops 678140.5625
(0.0000, 0.0070, 0.0060)	Architecture [83-9]	 Time 0.0150	 Loss 0.0274	 flops 609064.8125
(0.0010, 0.0070, 0.0060)	Architecture [83-14]	 Time 0.0150	 Loss 0.4792	 flops 618575.6875
(0.0010, 0.0060, 0.0060)	Architecture [83-19]	 Time 0.0150	 Loss 3.2862	 flops 357625.15625
(0.0010, 0.0060, 0.0060)	Architecture [83-24]	 Time 0.0150	 Loss 1.5335	 flops 646972.625
(0.0010, 0.0070, 0.0060)	Architecture [83-29]	 Time 0.0140	 Loss 0.3841	 flops 709896.375
(0.0010, 0.0080, 0.0060)	Architecture [83-34]	 Time 0.0160	 Loss 3.4084	 flops 552688.8125
(0.0010, 0.0090, 0.0080)	Architecture [83-39]	 Time 0.0190	 Loss 3.6088	 flops 2741059.0
(0.0010, 0.0080, 0.0060)	Architecture [83-44]	 Time 0.0160	 Loss 1.2914	 flops 628563.0
(0.0010, 0.0080, 0.0090)	Architecture [84-4]	 Time 0.0190	 Loss 2.0782	 flops 1394134.25
(0.0010, 0.0080, 0.0060)	Architecture [84-9]	 Time 0.0170	 Loss 0.6172	 flops 601701.5
(0.0010, 0.0080, 0.0060)	Architecture [84-14]	 Time 0.0160	 Loss 0.3545	 flops 578973.8125
(0.0010, 0.0070, 0.0070)	Architecture [84-19]	 Time 0.0170	 Loss 0.7054	 flops 517427.125
(0.0010, 0.0060, 0.0060)	Architecture [84-24]	 Time 0.0140	 Loss 0.6268	 flops 602998.375
(0.0010, 0.0070, 0.0060)	Architecture [84-29]	 Time 0.0150	 Loss 0.4942	 flops 608368.625
(0.0010, 0.0070, 0.0060)	Architecture [84-34]	 Time 0.0160	 Loss 0.2007	 flops 586021.1875
(0.0010, 0.0090, 0.0090)	Architecture [84-39]	 Time 0.0200	 Loss 1.1764	 flops 1316432.0
(0.0010, 0.0060, 0.0080)	Architecture [84-44]	 Time 0.0170	 Loss 2.5725	 flops 536941.125
(0.0010, 0.0070, 0.0060)	Architecture [85-4]	 Time 0.0150	 Loss 1.5239	 flops 656568.8125
(0.0000, 0.0070, 0.0060)	Architecture [85-9]	 Time 0.0150	 Loss 0.6689	 flops 302040.875
(0.0010, 0.0070, 0.0070)	Architecture [85-14]	 Time 0.0160	 Loss 2.2465	 flops 677297.875
(0.0010, 0.0070, 0.0050)	Architecture [85-19]	 Time 0.0140	 Loss 1.4629	 flops 583862.875
(0.0010, 0.0070, 0.0060)	Architecture [85-24]	 Time 0.0150	 Loss 1.9809	 flops 492901.625
(0.0010, 0.0090, 0.0090)	Architecture [85-29]	 Time 0.0200	 Loss 2.2353	 flops 1041350.5
(0.0020, 0.0070, 0.0060)	Architecture [85-34]	 Time 0.0150	 Loss 0.2337	 flops 672715.6875
(0.0010, 0.0070, 0.0090)	Architecture [85-39]	 Time 0.0180	 Loss 3.1816	 flops 925118.5625
(0.0010, 0.0080, 0.0060)	Architecture [85-44]	 Time 0.0150	 Loss 1.8092	 flops 624678.875
(0.0010, 0.0070, 0.0060)	Architecture [86-4]	 Time 0.0160	 Loss 0.7325	 flops 597102.4375
(0.0010, 0.0070, 0.0050)	Architecture [86-9]	 Time 0.0140	 Loss 0.4627	 flops 707441.4375
(0.0010, 0.0080, 0.0060)	Architecture [86-14]	 Time 0.0170	 Loss 0.2364	 flops 719700.6875
(0.0010, 0.0070, 0.0080)	Architecture [86-19]	 Time 0.0170	 Loss 1.0571	 flops 588470.4375
(0.0010, 0.0100, 0.0070)	Architecture [86-24]	 Time 0.0200	 Loss 3.6236	 flops 500512.21875
(0.0010, 0.0080, 0.0060)	Architecture [86-29]	 Time 0.0170	 Loss 1.7394	 flops 517415.78125
(0.0010, 0.0070, 0.0060)	Architecture [86-34]	 Time 0.0150	 Loss 0.9736	 flops 640323.9375
(0.0010, 0.0090, 0.0060)	Architecture [86-39]	 Time 0.0160	 Loss 2.2217	 flops 664381.6875
(0.0010, 0.0060, 0.0070)	Architecture [86-44]	 Time 0.0160	 Loss 0.9773	 flops 536124.4375
(0.0010, 0.0090, 0.0090)	Architecture [87-4]	 Time 0.0190	 Loss 1.7513	 flops 2375452.75
(0.0010, 0.0070, 0.0060)	Architecture [87-9]	 Time 0.0140	 Loss 2.1716	 flops 693090.75
(0.0000, 0.0070, 0.0060)	Architecture [87-14]	 Time 0.0150	 Loss 0.3127	 flops 696105.75
(0.0010, 0.0090, 0.0090)	Architecture [87-19]	 Time 0.0200	 Loss 2.9108	 flops 1054953.625
(0.0010, 0.0070, 0.0060)	Architecture [87-24]	 Time 0.0150	 Loss 0.7597	 flops 517440.90625
(0.0010, 0.0070, 0.0060)	Architecture [87-29]	 Time 0.0150	 Loss 0.4942	 flops 575830.5625
(0.0010, 0.0080, 0.0090)	Architecture [87-34]	 Time 0.0200	 Loss 1.4477	 flops 1334946.25
(0.0000, 0.0080, 0.0090)	Architecture [87-39]	 Time 0.0180	 Loss 0.5460	 flops 2796089.0
(0.0010, 0.0070, 0.0060)	Architecture [87-44]	 Time 0.0150	 Loss 0.2250	 flops 677853.5625
(0.0010, 0.0080, 0.0060)	Architecture [88-4]	 Time 0.0160	 Loss 2.7740	 flops 586311.5
(0.0010, 0.0080, 0.0080)	Architecture [88-9]	 Time 0.0180	 Loss 1.6183	 flops 952244.0
(0.0010, 0.0070, 0.0060)	Architecture [88-14]	 Time 0.0150	 Loss 0.2835	 flops 673960.625
(0.0010, 0.0070, 0.0060)	Architecture [88-19]	 Time 0.0150	 Loss 2.3665	 flops 704164.5
(0.0010, 0.0060, 0.0060)	Architecture [88-24]	 Time 0.0150	 Loss 1.2167	 flops 649800.0
(0.0010, 0.0070, 0.0080)	Architecture [88-29]	 Time 0.0170	 Loss 1.2962	 flops 1125990.5
(0.0010, 0.0070, 0.0090)	Architecture [88-34]	 Time 0.0180	 Loss 2.1685	 flops 1265164.25
(0.0010, 0.0080, 0.0060)	Architecture [88-39]	 Time 0.0170	 Loss 0.3227	 flops 630145.6875
(0.0010, 0.0070, 0.0070)	Architecture [88-44]	 Time 0.0160	 Loss 0.3328	 flops 542645.25
(0.0020, 0.0070, 0.0070)	Architecture [89-4]	 Time 0.0170	 Loss 1.4417	 flops 643966.1875
(0.0010, 0.0070, 0.0060)	Architecture [89-9]	 Time 0.0150	 Loss 0.5053	 flops 518573.9375
(0.0010, 0.0070, 0.0060)	Architecture [89-14]	 Time 0.0150	 Loss 0.7410	 flops 451141.28125
(0.0010, 0.0070, 0.0060)	Architecture [89-19]	 Time 0.0150	 Loss 0.1135	 flops 679929.125
(0.0010, 0.0070, 0.0070)	Architecture [89-24]	 Time 0.0160	 Loss 0.4376	 flops 420780.59375
(0.0010, 0.0070, 0.0060)	Architecture [89-29]	 Time 0.0160	 Loss 3.0401	 flops 629234.0625
(0.0010, 0.0080, 0.0070)	Architecture [89-34]	 Time 0.0180	 Loss 1.6911	 flops 523116.9375
(0.0010, 0.0070, 0.0060)	Architecture [89-39]	 Time 0.0140	 Loss 0.2898	 flops 711491.75
(0.0000, 0.0080, 0.0080)	Architecture [89-44]	 Time 0.0180	 Loss 5.0150	 flops 1619642.0
(0.0010, 0.0070, 0.0060)	Architecture [90-4]	 Time 0.0150	 Loss 1.1026	 flops 627521.25
(0.0010, 0.0070, 0.0060)	Architecture [90-9]	 Time 0.0150	 Loss 1.8791	 flops 601231.25
(0.0020, 0.0070, 0.0060)	Architecture [90-14]	 Time 0.0160	 Loss 1.1772	 flops 300832.1875
(0.0010, 0.0070, 0.0060)	Architecture [90-19]	 Time 0.0150	 Loss 0.3063	 flops 606218.3125
(0.0010, 0.0100, 0.0100)	Architecture [90-24]	 Time 0.0220	 Loss 0.9661	 flops 1711277.75
(0.0010, 0.0070, 0.0060)	Architecture [90-29]	 Time 0.0150	 Loss 0.8488	 flops 632438.125
(0.0010, 0.0090, 0.0070)	Architecture [90-34]	 Time 0.0170	 Loss 0.1875	 flops 568962.25
(0.0010, 0.0070, 0.0070)	Architecture [90-39]	 Time 0.0160	 Loss 0.4827	 flops 692870.625
(0.0010, 0.0070, 0.0060)	Architecture [90-44]	 Time 0.0150	 Loss 0.0814	 flops 635494.0
(0.0010, 0.0070, 0.0060)	Architecture [91-4]	 Time 0.0150	 Loss 0.4401	 flops 629086.8125
(0.0010, 0.0070, 0.0060)	Architecture [91-9]	 Time 0.0150	 Loss 4.1820	 flops 600232.75
(0.0010, 0.0070, 0.0060)	Architecture [91-14]	 Time 0.0150	 Loss 1.6044	 flops 505711.21875
(0.0010, 0.0080, 0.0060)	Architecture [91-19]	 Time 0.0160	 Loss 0.2774	 flops 500945.375
(0.0330, 0.0270, 0.0130)	Architecture [91-24]	 Time 0.0750	 Loss 2.6212	 flops 632438.125
(0.0020, 0.0100, 0.0080)	Architecture [91-29]	 Time 0.0220	 Loss 0.9881	 flops 401932.03125
(0.0010, 0.0100, 0.0100)	Architecture [91-34]	 Time 0.0230	 Loss 2.0350	 flops 1176044.25
(0.0010, 0.0120, 0.0080)	Architecture [91-39]	 Time 0.0230	 Loss 1.5299	 flops 525988.125
(0.0020, 0.0080, 0.0090)	Architecture [91-44]	 Time 0.0200	 Loss 0.2312	 flops 609946.0625
(0.0010, 0.0070, 0.0060)	Architecture [92-4]	 Time 0.0160	 Loss 0.2975	 flops 510336.9375
(0.0000, 0.0080, 0.0060)	Architecture [92-9]	 Time 0.0160	 Loss 0.9530	 flops 628612.0625
(0.0010, 0.0070, 0.0070)	Architecture [92-14]	 Time 0.0150	 Loss 0.2388	 flops 625035.0
(0.0010, 0.0060, 0.0060)	Architecture [92-19]	 Time 0.0150	 Loss 0.9719	 flops 503741.40625
(0.0010, 0.0070, 0.0060)	Architecture [92-24]	 Time 0.0160	 Loss 0.0087	 flops 636212.25
(0.0010, 0.0080, 0.0080)	Architecture [92-29]	 Time 0.0180	 Loss 1.6645	 flops 1145690.375
(0.0010, 0.0080, 0.0070)	Architecture [92-34]	 Time 0.0180	 Loss 2.3826	 flops 624159.0625
(0.0010, 0.0080, 0.0070)	Architecture [92-39]	 Time 0.0160	 Loss 1.6499	 flops 673732.1875
(0.0010, 0.0080, 0.0080)	Architecture [92-44]	 Time 0.0180	 Loss 2.3269	 flops 665765.3125
(0.0010, 0.0090, 0.0070)	Architecture [93-4]	 Time 0.0170	 Loss 2.9041	 flops 515182.78125
(0.0010, 0.0060, 0.0060)	Architecture [93-9]	 Time 0.0150	 Loss 1.0213	 flops 580154.625
(0.0020, 0.0070, 0.0080)	Architecture [93-14]	 Time 0.0180	 Loss 1.6719	 flops 1075626.25
(0.0010, 0.0060, 0.0070)	Architecture [93-19]	 Time 0.0140	 Loss 1.3779	 flops 610245.5625
(0.0010, 0.0070, 0.0100)	Architecture [93-24]	 Time 0.0200	 Loss 3.6903	 flops 1120530.625
(0.0010, 0.0080, 0.0080)	Architecture [93-29]	 Time 0.0180	 Loss 1.3945	 flops 2111031.0
(0.0010, 0.0080, 0.0070)	Architecture [93-34]	 Time 0.0170	 Loss 0.7799	 flops 583586.625
(0.0010, 0.0080, 0.0100)	Architecture [93-39]	 Time 0.0200	 Loss 5.0881	 flops 2374146.5
(0.0010, 0.0070, 0.0060)	Architecture [93-44]	 Time 0.0160	 Loss 0.4344	 flops 601587.6875
(0.0010, 0.0080, 0.0060)	Architecture [94-4]	 Time 0.0170	 Loss 0.0746	 flops 617705.0625
(0.0000, 0.0080, 0.0070)	Architecture [94-9]	 Time 0.0160	 Loss 0.1659	 flops 624305.0
(0.0010, 0.0070, 0.0110)	Architecture [94-14]	 Time 0.0210	 Loss 3.7725	 flops 3481088.0
(0.0010, 0.0060, 0.0060)	Architecture [94-19]	 Time 0.0150	 Loss 1.6352	 flops 338897.8125
(0.0010, 0.0070, 0.0070)	Architecture [94-24]	 Time 0.0170	 Loss 0.2513	 flops 641695.375
(0.0020, 0.0080, 0.0060)	Architecture [94-29]	 Time 0.0170	 Loss 2.5042	 flops 570117.6875
(0.0020, 0.0100, 0.0060)	Architecture [94-34]	 Time 0.0200	 Loss 1.0381	 flops 613245.625
(0.0010, 0.0070, 0.0060)	Architecture [94-39]	 Time 0.0150	 Loss 1.0860	 flops 546900.625
(0.0010, 0.0080, 0.0080)	Architecture [94-44]	 Time 0.0180	 Loss 2.1142	 flops 2229108.25
(0.0010, 0.0080, 0.0060)	Architecture [95-4]	 Time 0.0160	 Loss 0.2414	 flops 599522.0
(0.0010, 0.0070, 0.0060)	Architecture [95-9]	 Time 0.0150	 Loss 0.8394	 flops 658091.5625
(0.0010, 0.0070, 0.0070)	Architecture [95-14]	 Time 0.0150	 Loss 2.0362	 flops 539322.0625
(0.0010, 0.0080, 0.0060)	Architecture [95-19]	 Time 0.0160	 Loss 0.1956	 flops 679451.5
(0.0010, 0.0060, 0.0060)	Architecture [95-24]	 Time 0.0150	 Loss 0.5057	 flops 659735.25
(0.0010, 0.0070, 0.0060)	Architecture [95-29]	 Time 0.0160	 Loss 0.0876	 flops 694455.375
(0.0010, 0.0080, 0.0080)	Architecture [95-34]	 Time 0.0180	 Loss 0.5489	 flops 538881.375
(0.0010, 0.0060, 0.0060)	Architecture [95-39]	 Time 0.0150	 Loss 2.9768	 flops 610399.875
(0.0010, 0.0080, 0.0060)	Architecture [95-44]	 Time 0.0150	 Loss 1.6691	 flops 608962.625
(0.0010, 0.0070, 0.0060)	Architecture [96-4]	 Time 0.0160	 Loss 0.6007	 flops 383936.3125
(0.0010, 0.0060, 0.0060)	Architecture [96-9]	 Time 0.0140	 Loss 2.1843	 flops 676011.5
(0.0010, 0.0070, 0.0080)	Architecture [96-14]	 Time 0.0170	 Loss 4.4292	 flops 1336160.75
(0.0000, 0.0070, 0.0060)	Architecture [96-19]	 Time 0.0150	 Loss 0.8647	 flops 602502.9375
(0.0010, 0.0070, 0.0060)	Architecture [96-24]	 Time 0.0150	 Loss 2.3631	 flops 650779.75
(0.0010, 0.0060, 0.0060)	Architecture [96-29]	 Time 0.0150	 Loss 0.2563	 flops 618028.1875
(0.0010, 0.0080, 0.0060)	Architecture [96-34]	 Time 0.0160	 Loss 0.6925	 flops 722366.1875
(0.0010, 0.0090, 0.0070)	Architecture [96-39]	 Time 0.0170	 Loss 1.9153	 flops 617459.25
(0.0010, 0.0070, 0.0090)	Architecture [96-44]	 Time 0.0190	 Loss 4.1763	 flops 1801883.0
(0.0010, 0.0090, 0.0060)	Architecture [97-4]	 Time 0.0170	 Loss 0.7460	 flops 381494.375
(0.0010, 0.0070, 0.0060)	Architecture [97-9]	 Time 0.0150	 Loss 0.1127	 flops 392979.71875
(0.0010, 0.0070, 0.0080)	Architecture [97-14]	 Time 0.0170	 Loss 0.5816	 flops 573712.125
(0.0010, 0.0070, 0.0060)	Architecture [97-19]	 Time 0.0150	 Loss 4.3176	 flops 587904.1875
(0.0010, 0.0060, 0.0080)	Architecture [97-24]	 Time 0.0160	 Loss 0.9588	 flops 592877.875
(0.0000, 0.0070, 0.0060)	Architecture [97-29]	 Time 0.0150	 Loss 0.3026	 flops 770315.25
(0.0010, 0.0090, 0.0060)	Architecture [97-34]	 Time 0.0170	 Loss 3.1385	 flops 501808.65625
(0.0010, 0.0070, 0.0090)	Architecture [97-39]	 Time 0.0170	 Loss 3.1968	 flops 627352.4375
(0.0010, 0.0090, 0.0100)	Architecture [97-44]	 Time 0.0200	 Loss 1.5902	 flops 1015211.5625
(0.0010, 0.0090, 0.0080)	Architecture [98-4]	 Time 0.0190	 Loss 2.1574	 flops 931968.375
(0.0000, 0.0070, 0.0060)	Architecture [98-9]	 Time 0.0150	 Loss 0.2520	 flops 576319.75
(0.0000, 0.0090, 0.0060)	Architecture [98-14]	 Time 0.0170	 Loss 0.8057	 flops 628804.3125
(0.0010, 0.0070, 0.0060)	Architecture [98-19]	 Time 0.0140	 Loss 0.9088	 flops 590596.9375
(0.0010, 0.0070, 0.0070)	Architecture [98-24]	 Time 0.0160	 Loss 0.4559	 flops 613640.9375
(0.0020, 0.0060, 0.0060)	Architecture [98-29]	 Time 0.0150	 Loss 0.5611	 flops 699663.4375
(0.0010, 0.0070, 0.0070)	Architecture [98-34]	 Time 0.0150	 Loss 0.1670	 flops 679058.1875
(0.0010, 0.0090, 0.0090)	Architecture [98-39]	 Time 0.0200	 Loss 0.3270	 flops 1944151.5
(0.0010, 0.0070, 0.0060)	Architecture [98-44]	 Time 0.0160	 Loss 2.6452	 flops 672084.875
(0.0010, 0.0070, 0.0070)	Architecture [99-4]	 Time 0.0160	 Loss 1.6082	 flops 566652.1875
(0.0010, 0.0060, 0.0060)	Architecture [99-9]	 Time 0.0140	 Loss 0.3630	 flops 664515.0625
(0.0010, 0.0060, 0.0060)	Architecture [99-14]	 Time 0.0140	 Loss 2.5375	 flops 701363.625
(0.0010, 0.0070, 0.0060)	Architecture [99-19]	 Time 0.0150	 Loss 1.3341	 flops 557305.1875
(0.0010, 0.0090, 0.0070)	Architecture [99-24]	 Time 0.0170	 Loss 1.2210	 flops 604170.75
(0.0010, 0.0070, 0.0060)	Architecture [99-29]	 Time 0.0150	 Loss 1.5585	 flops 622328.4375
(0.0010, 0.0080, 0.0060)	Architecture [99-34]	 Time 0.0150	 Loss 0.3055	 flops 566155.625
(0.0010, 0.0080, 0.0060)	Architecture [99-39]	 Time 0.0160	 Loss 0.3671	 flops 553354.375
(0.0010, 0.0080, 0.0060)	Architecture [99-44]	 Time 0.0150	 Loss 1.2003	 flops 623182.5625
(0.0010, 0.0080, 0.0080)	Architecture [100-4]	 Time 0.0190	 Loss 2.9147	 flops 2348042.0
(0.0010, 0.0070, 0.0060)	Architecture [100-9]	 Time 0.0150	 Loss 0.4707	 flops 668028.125
(0.0010, 0.0080, 0.0060)	Architecture [100-14]	 Time 0.0170	 Loss 0.2166	 flops 373245.5
(0.0010, 0.0080, 0.0080)	Architecture [100-19]	 Time 0.0180	 Loss 0.3921	 flops 1765612.125
(0.0010, 0.0060, 0.0060)	Architecture [100-24]	 Time 0.0140	 Loss 2.9449	 flops 708293.1875
(0.0010, 0.0080, 0.0060)	Architecture [100-29]	 Time 0.0160	 Loss 1.6406	 flops 567960.625
(0.0010, 0.0080, 0.0080)	Architecture [100-34]	 Time 0.0190	 Loss 2.5049	 flops 1790097.125
(0.0010, 0.0060, 0.0060)	Architecture [100-39]	 Time 0.0140	 Loss 2.4299	 flops 606458.5
(0.0010, 0.0060, 0.0060)	Architecture [100-44]	 Time 0.0150	 Loss 0.8839	 flops 608431.9375
