------------------------------Current Architecture [1]------------------------------
0. (Mix(7x1_Conv, 0.125), None)
1. (Mix(3x1_Conv, 0.111), None)
2. (Mix(7x1_DilatedConv, 0.111), None)
------------------------------------------------------------
------------------------------Current Architecture [2]------------------------------
0. (Mix(3x1_DilatedConv, 0.142), None)
1. (Mix(7x1_Conv, 0.128), None)
2. (Mix(9x1_DilatedConv, 0.139), None)
------------------------------------------------------------
------------------------------Current Architecture [3]------------------------------
0. (Mix(3x1_DilatedConv, 0.159), None)
1. (Mix(9x1_DilatedConv, 0.144), None)
2. (Mix(Zero, 0.148), None)
------------------------------------------------------------
------------------------------Current Architecture [4]------------------------------
0. (Mix(3x1_DilatedConv, 0.189), None)
1. (Mix(7x1_Conv, 0.174), None)
2. (Mix(Zero, 0.167), None)
------------------------------------------------------------
------------------------------Current Architecture [5]------------------------------
0. (Mix(7x1_DilatedConv, 0.183), None)
1. (Mix(7x1_Conv, 0.192), None)
2. (Mix(Zero, 0.168), None)
------------------------------------------------------------
------------------------------Current Architecture [6]------------------------------
0. (Mix(7x1_DilatedConv, 0.180), None)
1. (Mix(7x1_Conv, 0.168), None)
2. (Mix(Zero, 0.193), None)
------------------------------------------------------------
------------------------------Current Architecture [7]------------------------------
0. (Mix(7x1_DilatedConv, 0.189), None)
1. (Mix(Zero, 0.209), None)
2. (Mix(Zero, 0.196), None)
------------------------------------------------------------
------------------------------Current Architecture [8]------------------------------
0. (Mix(7x1_DilatedConv, 0.184), None)
1. (Mix(Zero, 0.217), None)
2. (Mix(Zero, 0.200), None)
------------------------------------------------------------
------------------------------Current Architecture [9]------------------------------
0. (Mix(7x1_DilatedConv, 0.243), None)
1. (Mix(Zero, 0.216), None)
2. (Mix(Zero, 0.249), None)
------------------------------------------------------------
------------------------------Current Architecture [10]------------------------------
0. (Mix(7x1_DilatedConv, 0.275), None)
1. (Mix(Zero, 0.218), None)
2. (Mix(Zero, 0.253), None)
------------------------------------------------------------
------------------------------Current Architecture [11]------------------------------
0. (Mix(7x1_DilatedConv, 0.275), None)
1. (Mix(Zero, 0.258), None)
2. (Mix(Zero, 0.264), None)
------------------------------------------------------------
------------------------------Current Architecture [12]------------------------------
0. (Mix(9x1_DilatedConv, 0.251), None)
1. (Mix(Zero, 0.271), None)
2. (Mix(Zero, 0.288), None)
------------------------------------------------------------
------------------------------Current Architecture [13]------------------------------
0. (Mix(9x1_DilatedConv, 0.277), None)
1. (Mix(Zero, 0.272), None)
2. (Mix(Zero, 0.303), None)
------------------------------------------------------------
------------------------------Current Architecture [14]------------------------------
0. (Mix(7x1_DilatedConv, 0.250), None)
1. (Mix(Zero, 0.283), None)
2. (Mix(Zero, 0.338), None)
------------------------------------------------------------
------------------------------Current Architecture [15]------------------------------
0. (Mix(9x1_DilatedConv, 0.261), None)
1. (Mix(Zero, 0.298), None)
2. (Mix(Zero, 0.347), None)
------------------------------------------------------------
------------------------------Current Architecture [16]------------------------------
0. (Mix(7x1_DilatedConv, 0.259), None)
1. (Mix(Zero, 0.299), None)
2. (Mix(Zero, 0.348), None)
------------------------------------------------------------
------------------------------Current Architecture [17]------------------------------
0. (Mix(7x1_DilatedConv, 0.276), None)
1. (Mix(Zero, 0.323), None)
2. (Mix(Zero, 0.347), None)
------------------------------------------------------------
------------------------------Current Architecture [18]------------------------------
0. (Mix(7x1_DilatedConv, 0.319), None)
1. (Mix(Zero, 0.331), None)
2. (Mix(Zero, 0.377), None)
------------------------------------------------------------
------------------------------Current Architecture [19]------------------------------
0. (Mix(7x1_DilatedConv, 0.343), None)
1. (Mix(Zero, 0.330), None)
2. (Mix(Zero, 0.387), None)
------------------------------------------------------------
------------------------------Current Architecture [20]------------------------------
0. (Mix(7x1_DilatedConv, 0.279), None)
1. (Mix(Zero, 0.328), None)
2. (Mix(Zero, 0.392), None)
------------------------------------------------------------
------------------------------Current Architecture [21]------------------------------
0. (Mix(7x1_DilatedConv, 0.299), None)
1. (Mix(Zero, 0.328), None)
2. (Mix(Zero, 0.393), None)
------------------------------------------------------------
------------------------------Current Architecture [22]------------------------------
0. (Mix(7x1_DilatedConv, 0.391), None)
1. (Mix(Zero, 0.377), None)
2. (Mix(Zero, 0.397), None)
------------------------------------------------------------
------------------------------Current Architecture [23]------------------------------
0. (Mix(7x1_DilatedConv, 0.428), None)
1. (Mix(Zero, 0.388), None)
2. (Mix(Zero, 0.431), None)
------------------------------------------------------------
------------------------------Current Architecture [24]------------------------------
0. (Mix(7x1_DilatedConv, 0.446), None)
1. (Mix(Zero, 0.388), None)
2. (Mix(Zero, 0.434), None)
------------------------------------------------------------
------------------------------Current Architecture [25]------------------------------
0. (Mix(7x1_DilatedConv, 0.460), None)
1. (Mix(Zero, 0.389), None)
2. (Mix(Zero, 0.441), None)
------------------------------------------------------------
------------------------------Current Architecture [26]------------------------------
0. (Mix(7x1_DilatedConv, 0.438), None)
1. (Mix(Zero, 0.479), None)
2. (Mix(Zero, 0.442), None)
------------------------------------------------------------
------------------------------Current Architecture [27]------------------------------
0. (Mix(7x1_DilatedConv, 0.443), None)
1. (Mix(Zero, 0.492), None)
2. (Mix(Zero, 0.441), None)
------------------------------------------------------------
------------------------------Current Architecture [28]------------------------------
0. (Mix(7x1_DilatedConv, 0.449), None)
1. (Mix(Zero, 0.493), None)
2. (Mix(Zero, 0.449), None)
------------------------------------------------------------
------------------------------Current Architecture [29]------------------------------
0. (Mix(7x1_DilatedConv, 0.368), None)
1. (Mix(Zero, 0.512), None)
2. (Mix(Zero, 0.459), None)
------------------------------------------------------------
------------------------------Current Architecture [30]------------------------------
0. (Mix(7x1_DilatedConv, 0.352), None)
1. (Mix(Zero, 0.530), None)
2. (Mix(Zero, 0.466), None)
------------------------------------------------------------
------------------------------Current Architecture [31]------------------------------
0. (Mix(7x1_DilatedConv, 0.367), None)
1. (Mix(Zero, 0.544), None)
2. (Mix(Zero, 0.467), None)
------------------------------------------------------------
------------------------------Current Architecture [32]------------------------------
0. (Mix(7x1_DilatedConv, 0.359), None)
1. (Mix(Zero, 0.554), None)
2. (Mix(Zero, 0.466), None)
------------------------------------------------------------
------------------------------Current Architecture [33]------------------------------
0. (Mix(7x1_DilatedConv, 0.357), None)
1. (Mix(Zero, 0.569), None)
2. (Mix(Zero, 0.465), None)
------------------------------------------------------------
------------------------------Current Architecture [34]------------------------------
0. (Mix(7x1_DilatedConv, 0.392), None)
1. (Mix(Zero, 0.575), None)
2. (Mix(Zero, 0.462), None)
------------------------------------------------------------
------------------------------Current Architecture [35]------------------------------
0. (Mix(7x1_DilatedConv, 0.357), None)
1. (Mix(Zero, 0.585), None)
2. (Mix(Zero, 0.461), None)
------------------------------------------------------------
------------------------------Current Architecture [36]------------------------------
0. (Mix(7x1_DilatedConv, 0.359), None)
1. (Mix(Zero, 0.600), None)
2. (Mix(Zero, 0.471), None)
------------------------------------------------------------
------------------------------Current Architecture [37]------------------------------
0. (Mix(7x1_DilatedConv, 0.417), None)
1. (Mix(Zero, 0.594), None)
2. (Mix(Zero, 0.490), None)
------------------------------------------------------------
------------------------------Current Architecture [38]------------------------------
0. (Mix(7x1_DilatedConv, 0.391), None)
1. (Mix(Zero, 0.592), None)
2. (Mix(Zero, 0.497), None)
------------------------------------------------------------
------------------------------Current Architecture [39]------------------------------
0. (Mix(7x1_DilatedConv, 0.380), None)
1. (Mix(Zero, 0.591), None)
2. (Mix(Zero, 0.498), None)
------------------------------------------------------------
------------------------------Current Architecture [40]------------------------------
0. (Mix(7x1_DilatedConv, 0.341), None)
1. (Mix(Zero, 0.611), None)
2. (Mix(Zero, 0.500), None)
------------------------------------------------------------
------------------------------Current Architecture [41]------------------------------
0. (Mix(7x1_DilatedConv, 0.371), None)
1. (Mix(Zero, 0.613), None)
2. (Mix(Zero, 0.501), None)
------------------------------------------------------------
------------------------------Current Architecture [42]------------------------------
0. (Mix(7x1_DilatedConv, 0.414), None)
1. (Mix(Zero, 0.612), None)
2. (Mix(Zero, 0.501), None)
------------------------------------------------------------
------------------------------Current Architecture [43]------------------------------
0. (Mix(7x1_DilatedConv, 0.405), None)
1. (Mix(Zero, 0.612), None)
2. (Mix(Zero, 0.501), None)
------------------------------------------------------------
------------------------------Current Architecture [44]------------------------------
0. (Mix(7x1_DilatedConv, 0.426), None)
1. (Mix(Zero, 0.613), None)
2. (Mix(Zero, 0.506), None)
------------------------------------------------------------
------------------------------Current Architecture [45]------------------------------
0. (Mix(9x1_Conv, 0.336), None)
1. (Mix(Zero, 0.614), None)
2. (Mix(Zero, 0.506), None)
------------------------------------------------------------
------------------------------Current Architecture [46]------------------------------
0. (Mix(9x1_Conv, 0.328), None)
1. (Mix(Zero, 0.614), None)
2. (Mix(Zero, 0.528), None)
------------------------------------------------------------
------------------------------Current Architecture [47]------------------------------
0. (Mix(9x1_Conv, 0.305), None)
1. (Mix(Zero, 0.614), None)
2. (Mix(Zero, 0.544), None)
------------------------------------------------------------
------------------------------Current Architecture [48]------------------------------
0. (Mix(9x1_Conv, 0.271), None)
1. (Mix(Zero, 0.615), None)
2. (Mix(Zero, 0.552), None)
------------------------------------------------------------
------------------------------Current Architecture [49]------------------------------
0. (Mix(5x1_DilatedConv, 0.290), None)
1. (Mix(Zero, 0.615), None)
2. (Mix(Zero, 0.569), None)
------------------------------------------------------------
------------------------------Current Architecture [50]------------------------------
0. (Mix(9x1_Conv, 0.293), None)
1. (Mix(Zero, 0.627), None)
2. (Mix(Zero, 0.576), None)
------------------------------------------------------------
------------------------------Current Architecture [51]------------------------------
0. (Mix(9x1_Conv, 0.297), None)
1. (Mix(Zero, 0.633), None)
2. (Mix(Zero, 0.582), None)
------------------------------------------------------------
------------------------------Current Architecture [52]------------------------------
0. (Mix(5x1_DilatedConv, 0.296), None)
1. (Mix(Zero, 0.642), None)
2. (Mix(Zero, 0.582), None)
------------------------------------------------------------
------------------------------Current Architecture [53]------------------------------
0. (Mix(5x1_DilatedConv, 0.362), None)
1. (Mix(Zero, 0.644), None)
2. (Mix(Zero, 0.593), None)
------------------------------------------------------------
------------------------------Current Architecture [54]------------------------------
0. (Mix(5x1_DilatedConv, 0.367), None)
1. (Mix(Zero, 0.656), None)
2. (Mix(Zero, 0.601), None)
------------------------------------------------------------
------------------------------Current Architecture [55]------------------------------
0. (Mix(5x1_DilatedConv, 0.402), None)
1. (Mix(Zero, 0.662), None)
2. (Mix(Zero, 0.603), None)
------------------------------------------------------------
------------------------------Current Architecture [56]------------------------------
0. (Mix(5x1_DilatedConv, 0.424), None)
1. (Mix(Zero, 0.663), None)
2. (Mix(Zero, 0.605), None)
------------------------------------------------------------
------------------------------Current Architecture [57]------------------------------
0. (Mix(5x1_DilatedConv, 0.368), None)
1. (Mix(Zero, 0.663), None)
2. (Mix(Zero, 0.611), None)
------------------------------------------------------------
------------------------------Current Architecture [58]------------------------------
0. (Mix(5x1_DilatedConv, 0.307), None)
1. (Mix(Zero, 0.666), None)
2. (Mix(Zero, 0.611), None)
------------------------------------------------------------
------------------------------Current Architecture [59]------------------------------
0. (Mix(5x1_DilatedConv, 0.347), None)
1. (Mix(Zero, 0.673), None)
2. (Mix(Zero, 0.616), None)
------------------------------------------------------------
------------------------------Current Architecture [60]------------------------------
0. (Mix(5x1_DilatedConv, 0.360), None)
1. (Mix(Zero, 0.674), None)
2. (Mix(Zero, 0.618), None)
------------------------------------------------------------
------------------------------Current Architecture [61]------------------------------
0. (Mix(7x1_DilatedConv, 0.306), None)
1. (Mix(Zero, 0.675), None)
2. (Mix(Zero, 0.634), None)
------------------------------------------------------------
------------------------------Current Architecture [62]------------------------------
0. (Mix(7x1_DilatedConv, 0.275), None)
1. (Mix(Zero, 0.675), None)
2. (Mix(Zero, 0.637), None)
------------------------------------------------------------
------------------------------Current Architecture [63]------------------------------
0. (Mix(5x1_DilatedConv, 0.282), None)
1. (Mix(Zero, 0.676), None)
2. (Mix(Zero, 0.640), None)
------------------------------------------------------------
------------------------------Current Architecture [64]------------------------------
0. (Mix(5x1_DilatedConv, 0.335), None)
1. (Mix(Zero, 0.682), None)
2. (Mix(Zero, 0.645), None)
------------------------------------------------------------
------------------------------Current Architecture [65]------------------------------
0. (Mix(5x1_DilatedConv, 0.323), None)
1. (Mix(Zero, 0.682), None)
2. (Mix(Zero, 0.661), None)
------------------------------------------------------------
------------------------------Current Architecture [66]------------------------------
0. (Mix(5x1_DilatedConv, 0.273), None)
1. (Mix(Zero, 0.682), None)
2. (Mix(Zero, 0.664), None)
------------------------------------------------------------
------------------------------Current Architecture [67]------------------------------
0. (Mix(5x1_DilatedConv, 0.281), None)
1. (Mix(Zero, 0.682), None)
2. (Mix(Zero, 0.664), None)
------------------------------------------------------------
------------------------------Current Architecture [68]------------------------------
0. (Mix(5x1_DilatedConv, 0.297), None)
1. (Mix(Zero, 0.682), None)
2. (Mix(Zero, 0.671), None)
------------------------------------------------------------
------------------------------Current Architecture [69]------------------------------
0. (Mix(7x1_DilatedConv, 0.255), None)
1. (Mix(Zero, 0.689), None)
2. (Mix(Zero, 0.671), None)
------------------------------------------------------------
------------------------------Current Architecture [70]------------------------------
0. (Mix(7x1_DilatedConv, 0.266), None)
1. (Mix(Zero, 0.697), None)
2. (Mix(Zero, 0.676), None)
------------------------------------------------------------
------------------------------Current Architecture [71]------------------------------
0. (Mix(7x1_DilatedConv, 0.306), None)
1. (Mix(Zero, 0.703), None)
2. (Mix(Zero, 0.677), None)
------------------------------------------------------------
------------------------------Current Architecture [72]------------------------------
0. (Mix(7x1_DilatedConv, 0.292), None)
1. (Mix(Zero, 0.713), None)
2. (Mix(Zero, 0.677), None)
------------------------------------------------------------
------------------------------Current Architecture [73]------------------------------
0. (Mix(7x1_DilatedConv, 0.270), None)
1. (Mix(Zero, 0.715), None)
2. (Mix(Zero, 0.677), None)
------------------------------------------------------------
------------------------------Current Architecture [74]------------------------------
0. (Mix(7x1_DilatedConv, 0.301), None)
1. (Mix(Zero, 0.715), None)
2. (Mix(Zero, 0.682), None)
------------------------------------------------------------
------------------------------Current Architecture [75]------------------------------
0. (Mix(7x1_DilatedConv, 0.249), None)
1. (Mix(Zero, 0.719), None)
2. (Mix(Zero, 0.682), None)
------------------------------------------------------------
------------------------------Current Architecture [76]------------------------------
0. (Mix(5x1_DilatedConv, 0.272), None)
1. (Mix(Zero, 0.720), None)
2. (Mix(Zero, 0.690), None)
------------------------------------------------------------
------------------------------Current Architecture [77]------------------------------
0. (Mix(5x1_DilatedConv, 0.295), None)
1. (Mix(Zero, 0.722), None)
2. (Mix(Zero, 0.698), None)
------------------------------------------------------------
------------------------------Current Architecture [78]------------------------------
0. (Mix(5x1_DilatedConv, 0.308), None)
1. (Mix(Zero, 0.722), None)
2. (Mix(Zero, 0.700), None)
------------------------------------------------------------
------------------------------Current Architecture [79]------------------------------
0. (Mix(5x1_DilatedConv, 0.313), None)
1. (Mix(Zero, 0.721), None)
2. (Mix(Zero, 0.701), None)
------------------------------------------------------------
------------------------------Current Architecture [80]------------------------------
0. (Mix(5x1_DilatedConv, 0.305), None)
1. (Mix(Zero, 0.726), None)
2. (Mix(Zero, 0.701), None)
------------------------------------------------------------
------------------------------Current Architecture [81]------------------------------
0. (Mix(5x1_DilatedConv, 0.307), None)
1. (Mix(Zero, 0.726), None)
2. (Mix(Zero, 0.701), None)
------------------------------------------------------------
------------------------------Current Architecture [82]------------------------------
0. (Mix(9x1_Conv, 0.314), None)
1. (Mix(Zero, 0.726), None)
2. (Mix(Zero, 0.701), None)
------------------------------------------------------------
------------------------------Current Architecture [83]------------------------------
0. (Mix(9x1_Conv, 0.373), None)
1. (Mix(Zero, 0.729), None)
2. (Mix(Zero, 0.700), None)
------------------------------------------------------------
------------------------------Current Architecture [84]------------------------------
0. (Mix(9x1_Conv, 0.343), None)
1. (Mix(Zero, 0.729), None)
2. (Mix(Zero, 0.700), None)
------------------------------------------------------------
------------------------------Current Architecture [85]------------------------------
0. (Mix(9x1_Conv, 0.366), None)
1. (Mix(Zero, 0.729), None)
2. (Mix(Zero, 0.700), None)
------------------------------------------------------------
------------------------------Current Architecture [86]------------------------------
0. (Mix(9x1_Conv, 0.375), None)
1. (Mix(Zero, 0.733), None)
2. (Mix(Zero, 0.700), None)
------------------------------------------------------------
------------------------------Current Architecture [87]------------------------------
0. (Mix(9x1_Conv, 0.389), None)
1. (Mix(Zero, 0.733), None)
2. (Mix(Zero, 0.701), None)
------------------------------------------------------------
------------------------------Current Architecture [88]------------------------------
0. (Mix(9x1_Conv, 0.429), None)
1. (Mix(Zero, 0.733), None)
2. (Mix(Zero, 0.704), None)
------------------------------------------------------------
------------------------------Current Architecture [89]------------------------------
0. (Mix(9x1_Conv, 0.392), None)
1. (Mix(Zero, 0.733), None)
2. (Mix(Zero, 0.704), None)
------------------------------------------------------------
------------------------------Current Architecture [90]------------------------------
0. (Mix(9x1_Conv, 0.349), None)
1. (Mix(Zero, 0.734), None)
2. (Mix(Zero, 0.704), None)
------------------------------------------------------------
------------------------------Current Architecture [91]------------------------------
0. (Mix(9x1_Conv, 0.325), None)
1. (Mix(Zero, 0.734), None)
2. (Mix(Zero, 0.707), None)
------------------------------------------------------------
------------------------------Current Architecture [92]------------------------------
0. (Mix(9x1_Conv, 0.342), None)
1. (Mix(Zero, 0.733), None)
2. (Mix(Zero, 0.707), None)
------------------------------------------------------------
------------------------------Current Architecture [93]------------------------------
0. (Mix(9x1_Conv, 0.331), None)
1. (Mix(Zero, 0.734), None)
2. (Mix(Zero, 0.719), None)
------------------------------------------------------------
------------------------------Current Architecture [94]------------------------------
0. (Mix(9x1_Conv, 0.336), None)
1. (Mix(Zero, 0.734), None)
2. (Mix(Zero, 0.720), None)
------------------------------------------------------------
------------------------------Current Architecture [95]------------------------------
0. (Mix(9x1_Conv, 0.342), None)
1. (Mix(Zero, 0.732), None)
2. (Mix(Zero, 0.728), None)
------------------------------------------------------------
------------------------------Current Architecture [96]------------------------------
0. (Mix(9x1_Conv, 0.326), None)
1. (Mix(Zero, 0.733), None)
2. (Mix(Zero, 0.729), None)
------------------------------------------------------------
------------------------------Current Architecture [97]------------------------------
0. (Mix(9x1_Conv, 0.326), None)
1. (Mix(Zero, 0.736), None)
2. (Mix(Zero, 0.729), None)
------------------------------------------------------------
------------------------------Current Architecture [98]------------------------------
0. (Mix(9x1_Conv, 0.326), None)
1. (Mix(Zero, 0.741), None)
2. (Mix(Zero, 0.730), None)
------------------------------------------------------------
------------------------------Current Architecture [99]------------------------------
0. (Mix(9x1_Conv, 0.315), None)
1. (Mix(Zero, 0.741), None)
2. (Mix(Zero, 0.734), None)
------------------------------------------------------------
------------------------------Current Architecture [100]------------------------------
0. (Mix(9x1_Conv, 0.262), None)
1. (Mix(Zero, 0.741), None)
2. (Mix(Zero, 0.734), None)
------------------------------------------------------------
