(0.0010, 0.0100, 0.0420)	Architecture [2-4]	 Time 0.0550	 Loss 2.4935	 flops 2211633.75
(0.0010, 0.0100, 0.0250)	Architecture [2-9]	 Time 0.0370	 Loss 1.1110	 flops 2115859.25
(0.0000, 0.0080, 0.0090)	Architecture [2-14]	 Time 0.0190	 Loss 1.0069	 flops 1809650.25
(0.0010, 0.0080, 0.0560)	Architecture [2-19]	 Time 0.0670	 Loss 2.6953	 flops 3172153.5
(0.0020, 0.0090, 0.0410)	Architecture [2-24]	 Time 0.0530	 Loss 2.4409	 flops 2595920.25
(0.0010, 0.0080, 0.0150)	Architecture [2-29]	 Time 0.0250	 Loss 1.1730	 flops 2894854.25
(0.0010, 0.0100, 0.0170)	Architecture [2-34]	 Time 0.0300	 Loss 1.6847	 flops 3042947.5
(0.0010, 0.0110, 0.0130)	Architecture [2-39]	 Time 0.0260	 Loss 3.5460	 flops 2262147.25
(0.0010, 0.0080, 0.0100)	Architecture [2-44]	 Time 0.0200	 Loss 4.4986	 flops 2426449.25
(0.0010, 0.0130, 0.0120)	Architecture [3-4]	 Time 0.0270	 Loss 1.7413	 flops 2583965.0
(0.0010, 0.0090, 0.0130)	Architecture [3-9]	 Time 0.0230	 Loss 1.3118	 flops 2279068.25
(0.0010, 0.0080, 0.0110)	Architecture [3-14]	 Time 0.0210	 Loss 2.8936	 flops 3124121.25
(0.0010, 0.0080, 0.0080)	Architecture [3-19]	 Time 0.0180	 Loss 0.6733	 flops 2133865.75
(0.0010, 0.0070, 0.0100)	Architecture [3-24]	 Time 0.0180	 Loss 1.1093	 flops 1868922.5
(0.0010, 0.0090, 0.0080)	Architecture [3-29]	 Time 0.0190	 Loss 3.5183	 flops 2283343.5
(0.0010, 0.0100, 0.0120)	Architecture [3-34]	 Time 0.0240	 Loss 1.7408	 flops 2429459.75
(0.0010, 0.0100, 0.0110)	Architecture [3-39]	 Time 0.0240	 Loss 0.9979	 flops 3637642.5
(0.0010, 0.0090, 0.0100)	Architecture [3-44]	 Time 0.0210	 Loss 2.5714	 flops 2563439.25
(0.0010, 0.0110, 0.0110)	Architecture [4-4]	 Time 0.0250	 Loss 3.6044	 flops 3036917.0
(0.0010, 0.0080, 0.0110)	Architecture [4-9]	 Time 0.0210	 Loss 0.8505	 flops 1945803.0
(0.0010, 0.0100, 0.0110)	Architecture [4-14]	 Time 0.0230	 Loss 1.2121	 flops 2765472.0
(0.0010, 0.0110, 0.0130)	Architecture [4-19]	 Time 0.0260	 Loss 5.0336	 flops 2296802.75
(0.0010, 0.0080, 0.0120)	Architecture [4-24]	 Time 0.0230	 Loss 4.4464	 flops 2027136.875
(0.0010, 0.0090, 0.0110)	Architecture [4-29]	 Time 0.0230	 Loss 1.5402	 flops 2661650.0
(0.0010, 0.0090, 0.0110)	Architecture [4-34]	 Time 0.0220	 Loss 2.2016	 flops 2864019.5
(0.0010, 0.0080, 0.0100)	Architecture [4-39]	 Time 0.0210	 Loss 0.7714	 flops 2737899.25
(0.0000, 0.0090, 0.0120)	Architecture [4-44]	 Time 0.0220	 Loss 2.3309	 flops 3301216.0
(0.0010, 0.0090, 0.0120)	Architecture [5-4]	 Time 0.0220	 Loss 2.4943	 flops 3097522.0
(0.0010, 0.0080, 0.0100)	Architecture [5-9]	 Time 0.0210	 Loss 2.0849	 flops 2366949.25
(0.0010, 0.0090, 0.0110)	Architecture [5-14]	 Time 0.0230	 Loss 1.7399	 flops 3203503.0
(0.0010, 0.0080, 0.0120)	Architecture [5-19]	 Time 0.0220	 Loss 1.0079	 flops 3057838.5
(0.0010, 0.0100, 0.0100)	Architecture [5-24]	 Time 0.0220	 Loss 4.9415	 flops 3358326.75
(0.0000, 0.0090, 0.0110)	Architecture [5-29]	 Time 0.0210	 Loss 2.5737	 flops 2574231.0
(0.0010, 0.0100, 0.0110)	Architecture [5-34]	 Time 0.0240	 Loss 0.7728	 flops 2418942.75
(0.0010, 0.0100, 0.0130)	Architecture [5-39]	 Time 0.0250	 Loss 1.8971	 flops 2914866.0
(0.0010, 0.0100, 0.0140)	Architecture [5-44]	 Time 0.0270	 Loss 3.5633	 flops 3010042.5
(0.0010, 0.0120, 0.0110)	Architecture [6-4]	 Time 0.0250	 Loss 5.1939	 flops 2846210.75
(0.0010, 0.0090, 0.0100)	Architecture [6-9]	 Time 0.0210	 Loss 2.2575	 flops 3346671.0
(0.0000, 0.0080, 0.0080)	Architecture [6-14]	 Time 0.0180	 Loss 2.8853	 flops 1770507.125
(0.0010, 0.0080, 0.0130)	Architecture [6-19]	 Time 0.0230	 Loss 1.3666	 flops 2624668.5
(0.0010, 0.0090, 0.0110)	Architecture [6-24]	 Time 0.0210	 Loss 3.1462	 flops 1871932.125
(0.0010, 0.0090, 0.0110)	Architecture [6-29]	 Time 0.0230	 Loss 1.0387	 flops 2243234.0
(0.0010, 0.0080, 0.0100)	Architecture [6-34]	 Time 0.0210	 Loss 3.0933	 flops 2838521.5
(0.0010, 0.0070, 0.0080)	Architecture [6-39]	 Time 0.0180	 Loss 2.3273	 flops 1218733.75
(0.0010, 0.0080, 0.0130)	Architecture [6-44]	 Time 0.0240	 Loss 1.0223	 flops 2587492.0
(0.0010, 0.0080, 0.0120)	Architecture [7-4]	 Time 0.0230	 Loss 0.7868	 flops 1749636.375
(0.0010, 0.0100, 0.0100)	Architecture [7-9]	 Time 0.0210	 Loss 4.1195	 flops 1736908.25
(0.0010, 0.0100, 0.0110)	Architecture [7-14]	 Time 0.0230	 Loss 1.1599	 flops 1894214.5
(0.0010, 0.0080, 0.0120)	Architecture [7-19]	 Time 0.0220	 Loss 1.0957	 flops 2024052.75
(0.0020, 0.0120, 0.0080)	Architecture [7-24]	 Time 0.0220	 Loss 1.6150	 flops 1629057.5
(0.0010, 0.0070, 0.0100)	Architecture [7-29]	 Time 0.0200	 Loss 2.5305	 flops 2620195.25
(0.0010, 0.0090, 0.0090)	Architecture [7-34]	 Time 0.0200	 Loss 2.1715	 flops 1223034.25
(0.0010, 0.0070, 0.0090)	Architecture [7-39]	 Time 0.0190	 Loss 2.5173	 flops 1937960.875
(0.0010, 0.0070, 0.0090)	Architecture [7-44]	 Time 0.0180	 Loss 1.0357	 flops 2544959.0
(0.0009, 0.0090, 0.0090)	Architecture [8-4]	 Time 0.0210	 Loss 1.5923	 flops 1292637.5
(0.0010, 0.0090, 0.0130)	Architecture [8-9]	 Time 0.0240	 Loss 2.0383	 flops 1772987.25
(0.0010, 0.0080, 0.0120)	Architecture [8-14]	 Time 0.0210	 Loss 2.6098	 flops 2646429.25
(0.0010, 0.0080, 0.0100)	Architecture [8-19]	 Time 0.0210	 Loss 1.4854	 flops 3702120.0
(0.0010, 0.0100, 0.0110)	Architecture [8-24]	 Time 0.0220	 Loss 0.7018	 flops 1931841.875
(0.0010, 0.0100, 0.0110)	Architecture [8-29]	 Time 0.0230	 Loss 3.1203	 flops 3009951.0
(0.0010, 0.0090, 0.0100)	Architecture [8-34]	 Time 0.0210	 Loss 3.0042	 flops 2549091.5
(0.0000, 0.0100, 0.0110)	Architecture [8-39]	 Time 0.0230	 Loss 0.9597	 flops 1926528.375
(0.0010, 0.0080, 0.0080)	Architecture [8-44]	 Time 0.0180	 Loss 1.4757	 flops 1710757.375
(0.0010, 0.0130, 0.0140)	Architecture [9-4]	 Time 0.0290	 Loss 2.9178	 flops 2470974.0
(0.0010, 0.0140, 0.0130)	Architecture [9-9]	 Time 0.0290	 Loss 4.1862	 flops 2548390.5
(0.0010, 0.0090, 0.0120)	Architecture [9-14]	 Time 0.0230	 Loss 2.2978	 flops 2415462.25
(0.0010, 0.0090, 0.0070)	Architecture [9-19]	 Time 0.0180	 Loss 2.6842	 flops 1419029.25
(0.0010, 0.0090, 0.0090)	Architecture [9-24]	 Time 0.0200	 Loss 1.7724	 flops 1540313.375
(0.0010, 0.0080, 0.0100)	Architecture [9-29]	 Time 0.0210	 Loss 2.7433	 flops 1025713.625
(0.0010, 0.0080, 0.0100)	Architecture [9-34]	 Time 0.0190	 Loss 1.1185	 flops 1784853.75
(0.0010, 0.0080, 0.0090)	Architecture [9-39]	 Time 0.0180	 Loss 3.4848	 flops 1876935.625
(0.0010, 0.0080, 0.0090)	Architecture [9-44]	 Time 0.0190	 Loss 2.1600	 flops 1632288.625
(0.0010, 0.0080, 0.0120)	Architecture [10-4]	 Time 0.0230	 Loss 1.1224	 flops 2772944.0
(0.0010, 0.0080, 0.0110)	Architecture [10-9]	 Time 0.0210	 Loss 1.6345	 flops 2318723.5
(0.0000, 0.0080, 0.0080)	Architecture [10-14]	 Time 0.0170	 Loss 2.5353	 flops 2502291.5
(0.0010, 0.0070, 0.0110)	Architecture [10-19]	 Time 0.0200	 Loss 0.9583	 flops 1037769.875
(0.0010, 0.0070, 0.0120)	Architecture [10-24]	 Time 0.0210	 Loss 1.4077	 flops 1343608.125
(0.0010, 0.0060, 0.0070)	Architecture [10-29]	 Time 0.0160	 Loss 1.7228	 flops 1116020.25
(0.0010, 0.0080, 0.0070)	Architecture [10-34]	 Time 0.0170	 Loss 1.7575	 flops 1036747.0
(0.0010, 0.0070, 0.0110)	Architecture [10-39]	 Time 0.0210	 Loss 2.8206	 flops 1674701.75
(0.0010, 0.0100, 0.0120)	Architecture [10-44]	 Time 0.0230	 Loss 2.3544	 flops 2983113.75
(0.0010, 0.0090, 0.0120)	Architecture [11-4]	 Time 0.0240	 Loss 1.6424	 flops 2419280.75
(0.0010, 0.0100, 0.0120)	Architecture [11-9]	 Time 0.0240	 Loss 2.7968	 flops 3057072.5
(0.0010, 0.0080, 0.0070)	Architecture [11-14]	 Time 0.0170	 Loss 1.4268	 flops 1274412.0
(0.0010, 0.0070, 0.0080)	Architecture [11-19]	 Time 0.0180	 Loss 2.4766	 flops 1529855.25
(0.0010, 0.0070, 0.0080)	Architecture [11-24]	 Time 0.0170	 Loss 1.9242	 flops 1329850.875
(0.0010, 0.0080, 0.0070)	Architecture [11-29]	 Time 0.0170	 Loss 1.5480	 flops 1108865.375
(0.0020, 0.0105, 0.0100)	Architecture [11-34]	 Time 0.0235	 Loss 1.4470	 flops 1610224.25
(0.0010, 0.0090, 0.0090)	Architecture [11-39]	 Time 0.0190	 Loss 2.5455	 flops 1257661.125
(0.0010, 0.0080, 0.0070)	Architecture [11-44]	 Time 0.0170	 Loss 1.6075	 flops 1320613.0
(0.0020, 0.0090, 0.0080)	Architecture [12-4]	 Time 0.0200	 Loss 0.6725	 flops 1717820.375
(0.0010, 0.0080, 0.0110)	Architecture [12-9]	 Time 0.0210	 Loss 4.0134	 flops 3013924.25
(0.0010, 0.0080, 0.0080)	Architecture [12-14]	 Time 0.0190	 Loss 4.6776	 flops 2188261.0
(0.0010, 0.0070, 0.0060)	Architecture [12-19]	 Time 0.0150	 Loss 0.6805	 flops 1255612.25
(0.0010, 0.0090, 0.0120)	Architecture [12-24]	 Time 0.0230	 Loss 2.6692	 flops 2303574.25
(0.0010, 0.0090, 0.0100)	Architecture [12-29]	 Time 0.0220	 Loss 1.1100	 flops 2201136.5
(0.0010, 0.0100, 0.0100)	Architecture [12-34]	 Time 0.0230	 Loss 1.1345	 flops 1956758.25
(0.0010, 0.0090, 0.0100)	Architecture [12-39]	 Time 0.0200	 Loss 0.9119	 flops 2242442.75
(0.0010, 0.0090, 0.0100)	Architecture [12-44]	 Time 0.0210	 Loss 4.3107	 flops 2637356.5
(0.0010, 0.0100, 0.0100)	Architecture [13-4]	 Time 0.0230	 Loss 0.8652	 flops 1849062.625
(0.0010, 0.0080, 0.0090)	Architecture [13-9]	 Time 0.0190	 Loss 0.6249	 flops 1753734.625
(0.0010, 0.0090, 0.0100)	Architecture [13-14]	 Time 0.0210	 Loss 1.2811	 flops 1500235.875
(0.0010, 0.0060, 0.0060)	Architecture [13-19]	 Time 0.0150	 Loss 0.9928	 flops 1121689.625
(0.0010, 0.0080, 0.0080)	Architecture [13-24]	 Time 0.0190	 Loss 0.7639	 flops 1976001.625
(0.0010, 0.0090, 0.0110)	Architecture [13-29]	 Time 0.0230	 Loss 1.0554	 flops 2298106.75
(0.0010, 0.0070, 0.0060)	Architecture [13-34]	 Time 0.0150	 Loss 1.8247	 flops 1268426.0
(0.0020, 0.0090, 0.0110)	Architecture [13-39]	 Time 0.0230	 Loss 4.6667	 flops 2880999.0
(0.0010, 0.0060, 0.0070)	Architecture [13-44]	 Time 0.0150	 Loss 1.8094	 flops 1264292.5
(0.0020, 0.0090, 0.0100)	Architecture [14-4]	 Time 0.0220	 Loss 2.7389	 flops 2028580.25
(0.0010, 0.0080, 0.0080)	Architecture [14-9]	 Time 0.0180	 Loss 1.1796	 flops 966015.625
(0.0010, 0.0090, 0.0100)	Architecture [14-14]	 Time 0.0220	 Loss 3.7830	 flops 1196243.125
(0.0010, 0.0090, 0.0100)	Architecture [14-19]	 Time 0.0210	 Loss 1.8534	 flops 832287.0
(0.0010, 0.0090, 0.0080)	Architecture [14-24]	 Time 0.0200	 Loss 7.8851	 flops 2824682.5
(0.0020, 0.0090, 0.0090)	Architecture [14-29]	 Time 0.0200	 Loss 1.6792	 flops 1949512.625
(0.0010, 0.0090, 0.0110)	Architecture [14-34]	 Time 0.0230	 Loss 0.7436	 flops 2720254.0
(0.0010, 0.0090, 0.0070)	Architecture [14-39]	 Time 0.0190	 Loss 0.5195	 flops 1117308.5
(0.0000, 0.0090, 0.0120)	Architecture [14-44]	 Time 0.0230	 Loss 2.7186	 flops 1612542.5
(0.0020, 0.0100, 0.0090)	Architecture [15-4]	 Time 0.0220	 Loss 1.2448	 flops 1053398.875
(0.0010, 0.0080, 0.0070)	Architecture [15-9]	 Time 0.0170	 Loss 0.6292	 flops 1355033.375
(0.0010, 0.0080, 0.0110)	Architecture [15-14]	 Time 0.0220	 Loss 5.3418	 flops 3325245.5
(0.0020, 0.0080, 0.0090)	Architecture [15-19]	 Time 0.0200	 Loss 3.7897	 flops 1919309.5
(0.0010, 0.0090, 0.0090)	Architecture [15-24]	 Time 0.0210	 Loss 0.7901	 flops 1769468.0
(0.0010, 0.0070, 0.0060)	Architecture [15-29]	 Time 0.0150	 Loss 1.6237	 flops 935424.125
(0.0010, 0.0080, 0.0090)	Architecture [15-34]	 Time 0.0180	 Loss 0.7289	 flops 2367225.5
(0.0010, 0.0080, 0.0090)	Architecture [15-39]	 Time 0.0190	 Loss 1.5054	 flops 788505.9375
(0.0010, 0.0110, 0.0120)	Architecture [15-44]	 Time 0.0250	 Loss 1.0742	 flops 2432000.0
(0.0010, 0.0100, 0.0100)	Architecture [16-4]	 Time 0.0220	 Loss 3.9403	 flops 1427005.0
(0.0010, 0.0080, 0.0110)	Architecture [16-9]	 Time 0.0210	 Loss 1.5190	 flops 3322889.0
(0.0010, 0.0070, 0.0100)	Architecture [16-14]	 Time 0.0180	 Loss 0.9543	 flops 1555497.625
(0.0010, 0.0080, 0.0100)	Architecture [16-19]	 Time 0.0200	 Loss 1.9520	 flops 2311098.25
(0.0010, 0.0080, 0.0090)	Architecture [16-24]	 Time 0.0180	 Loss 2.5542	 flops 1644067.5
(0.0010, 0.0080, 0.0090)	Architecture [16-29]	 Time 0.0200	 Loss 0.8355	 flops 1278369.0
(0.0010, 0.0110, 0.0120)	Architecture [16-34]	 Time 0.0250	 Loss 1.9414	 flops 1627518.875
(0.0010, 0.0070, 0.0060)	Architecture [16-39]	 Time 0.0160	 Loss 1.7061	 flops 1067299.25
(0.0010, 0.0080, 0.0120)	Architecture [16-44]	 Time 0.0210	 Loss 4.3769	 flops 2232692.0
(0.0010, 0.0100, 0.0120)	Architecture [17-4]	 Time 0.0240	 Loss 2.6884	 flops 2857787.0
(0.0010, 0.0090, 0.0110)	Architecture [17-9]	 Time 0.0230	 Loss 1.9718	 flops 2790196.5
(0.0010, 0.0070, 0.0070)	Architecture [17-14]	 Time 0.0150	 Loss 1.1535	 flops 982041.6875
(0.0010, 0.0080, 0.0080)	Architecture [17-19]	 Time 0.0170	 Loss 2.2953	 flops 716525.0
(0.0000, 0.0090, 0.0090)	Architecture [17-24]	 Time 0.0200	 Loss 1.1582	 flops 1435025.625
(0.0010, 0.0070, 0.0070)	Architecture [17-29]	 Time 0.0150	 Loss 1.0714	 flops 1195892.625
(0.0020, 0.0090, 0.0090)	Architecture [17-34]	 Time 0.0210	 Loss 0.9928	 flops 1287744.25
(0.0010, 0.0080, 0.0080)	Architecture [17-39]	 Time 0.0180	 Loss 1.5583	 flops 932063.25
(0.0010, 0.0100, 0.0110)	Architecture [17-44]	 Time 0.0230	 Loss 3.0396	 flops 3354470.75
(0.0010, 0.0080, 0.0100)	Architecture [18-4]	 Time 0.0210	 Loss 1.7230	 flops 1608981.375
(0.0010, 0.0070, 0.0080)	Architecture [18-9]	 Time 0.0170	 Loss 1.4385	 flops 2426686.75
(0.0010, 0.0080, 0.0070)	Architecture [18-14]	 Time 0.0170	 Loss 1.1610	 flops 994526.625
(0.0010, 0.0080, 0.0070)	Architecture [18-19]	 Time 0.0170	 Loss 2.8920	 flops 1153190.375
(0.0010, 0.0100, 0.0120)	Architecture [18-24]	 Time 0.0250	 Loss 3.5189	 flops 2844909.75
(0.0010, 0.0090, 0.0100)	Architecture [18-29]	 Time 0.0220	 Loss 4.5986	 flops 2231853.25
(0.0010, 0.0080, 0.0060)	Architecture [18-34]	 Time 0.0170	 Loss 1.5154	 flops 1240989.625
(0.0010, 0.0110, 0.0110)	Architecture [18-39]	 Time 0.0240	 Loss 1.9944	 flops 2449262.5
(0.0010, 0.0080, 0.0120)	Architecture [18-44]	 Time 0.0210	 Loss 2.8978	 flops 2647722.5
(0.0010, 0.0100, 0.0100)	Architecture [19-4]	 Time 0.0230	 Loss 1.5432	 flops 2177586.0
(0.0010, 0.0080, 0.0070)	Architecture [19-9]	 Time 0.0160	 Loss 2.4587	 flops 921098.8125
(0.0000, 0.0070, 0.0070)	Architecture [19-14]	 Time 0.0150	 Loss 1.4845	 flops 1007242.875
(0.0010, 0.0080, 0.0090)	Architecture [19-19]	 Time 0.0180	 Loss 1.1853	 flops 1578510.25
(0.0010, 0.0080, 0.0090)	Architecture [19-24]	 Time 0.0190	 Loss 1.3886	 flops 2684289.25
(0.0010, 0.0070, 0.0060)	Architecture [19-29]	 Time 0.0160	 Loss 0.7572	 flops 1000575.75
(0.0010, 0.0100, 0.0060)	Architecture [19-34]	 Time 0.0190	 Loss 1.0428	 flops 1171992.25
(0.0010, 0.0090, 0.0090)	Architecture [19-39]	 Time 0.0210	 Loss 1.5232	 flops 2533146.5
(0.0010, 0.0080, 0.0090)	Architecture [19-44]	 Time 0.0180	 Loss 1.8926	 flops 1617667.25
(0.0010, 0.0070, 0.0070)	Architecture [20-4]	 Time 0.0160	 Loss 1.4976	 flops 922378.0
(0.0010, 0.0080, 0.0080)	Architecture [20-9]	 Time 0.0190	 Loss 2.3626	 flops 2987640.25
(0.0010, 0.0080, 0.0080)	Architecture [20-14]	 Time 0.0180	 Loss 2.7656	 flops 2035531.375
(0.0010, 0.0100, 0.0120)	Architecture [20-19]	 Time 0.0250	 Loss 2.7892	 flops 2205239.75
(0.0010, 0.0070, 0.0070)	Architecture [20-24]	 Time 0.0150	 Loss 2.6621	 flops 1024033.875
(0.0010, 0.0100, 0.0070)	Architecture [20-29]	 Time 0.0190	 Loss 2.6634	 flops 710020.6875
(0.0010, 0.0080, 0.0080)	Architecture [20-34]	 Time 0.0190	 Loss 1.7516	 flops 956066.125
(0.0010, 0.0070, 0.0090)	Architecture [20-39]	 Time 0.0180	 Loss 0.8253	 flops 1353826.375
(0.0010, 0.0080, 0.0100)	Architecture [20-44]	 Time 0.0210	 Loss 0.5855	 flops 1688816.625
(0.0000, 0.0100, 0.0100)	Architecture [21-4]	 Time 0.0220	 Loss 0.6852	 flops 1230618.875
(0.0010, 0.0060, 0.0070)	Architecture [21-9]	 Time 0.0160	 Loss 1.1105	 flops 1194292.25
(0.0010, 0.0080, 0.0080)	Architecture [21-14]	 Time 0.0180	 Loss 0.8591	 flops 1668056.625
(0.0010, 0.0090, 0.0110)	Architecture [21-19]	 Time 0.0230	 Loss 1.3566	 flops 3050320.5
(0.0010, 0.0060, 0.0070)	Architecture [21-24]	 Time 0.0140	 Loss 1.4200	 flops 949543.5
(0.0010, 0.0080, 0.0110)	Architecture [21-29]	 Time 0.0220	 Loss 6.1352	 flops 3069026.75
(0.0010, 0.0070, 0.0090)	Architecture [21-34]	 Time 0.0180	 Loss 1.8413	 flops 1216391.375
(0.0010, 0.0080, 0.0060)	Architecture [21-39]	 Time 0.0160	 Loss 1.5820	 flops 843849.125
(0.0010, 0.0080, 0.0090)	Architecture [21-44]	 Time 0.0180	 Loss 0.8084	 flops 1253597.125
(0.0020, 0.0090, 0.0100)	Architecture [22-4]	 Time 0.0220	 Loss 2.0758	 flops 2676012.0
(0.0010, 0.0090, 0.0070)	Architecture [22-9]	 Time 0.0190	 Loss 0.7781	 flops 908791.0
(0.0010, 0.0100, 0.0120)	Architecture [22-14]	 Time 0.0250	 Loss 1.4173	 flops 2721195.0
(0.0010, 0.0080, 0.0120)	Architecture [22-19]	 Time 0.0230	 Loss 1.3192	 flops 2751103.25
(0.0010, 0.0090, 0.0090)	Architecture [22-24]	 Time 0.0200	 Loss 0.4972	 flops 998982.0
(0.0010, 0.0080, 0.0100)	Architecture [22-29]	 Time 0.0200	 Loss 4.0539	 flops 1134796.75
(0.0010, 0.0090, 0.0090)	Architecture [22-34]	 Time 0.0200	 Loss 2.2318	 flops 2196351.25
(0.0020, 0.0070, 0.0070)	Architecture [22-39]	 Time 0.0170	 Loss 1.1992	 flops 998295.875
(0.0010, 0.0070, 0.0100)	Architecture [22-44]	 Time 0.0180	 Loss 3.4654	 flops 2192774.0
(0.0010, 0.0070, 0.0070)	Architecture [23-4]	 Time 0.0170	 Loss 0.7485	 flops 920197.0
(0.0020, 0.0090, 0.0110)	Architecture [23-9]	 Time 0.0220	 Loss 5.5224	 flops 2062969.875
(0.0010, 0.0080, 0.0080)	Architecture [23-14]	 Time 0.0170	 Loss 2.4258	 flops 839298.375
(0.0010, 0.0090, 0.0110)	Architecture [23-19]	 Time 0.0230	 Loss 1.9081	 flops 2509691.0
(0.0010, 0.0080, 0.0080)	Architecture [23-24]	 Time 0.0180	 Loss 0.8414	 flops 980082.1875
(0.0010, 0.0070, 0.0060)	Architecture [23-29]	 Time 0.0150	 Loss 1.9544	 flops 831322.8125
(0.0010, 0.0080, 0.0100)	Architecture [23-34]	 Time 0.0200	 Loss 1.6283	 flops 1290495.375
(0.0010, 0.0080, 0.0090)	Architecture [23-39]	 Time 0.0200	 Loss 1.8591	 flops 2963722.0
(0.0010, 0.0090, 0.0110)	Architecture [23-44]	 Time 0.0220	 Loss 1.1975	 flops 1823698.625
(0.0010, 0.0090, 0.0090)	Architecture [24-4]	 Time 0.0190	 Loss 0.6093	 flops 2619046.5
(0.0010, 0.0070, 0.0060)	Architecture [24-9]	 Time 0.0150	 Loss 0.6244	 flops 894338.8125
(0.0010, 0.0080, 0.0080)	Architecture [24-14]	 Time 0.0180	 Loss 3.9080	 flops 2425966.75
(0.0010, 0.0080, 0.0080)	Architecture [24-19]	 Time 0.0180	 Loss 1.3783	 flops 2004964.0
(0.0010, 0.0070, 0.0090)	Architecture [24-24]	 Time 0.0190	 Loss 2.2320	 flops 2960490.5
(0.0010, 0.0080, 0.0070)	Architecture [24-29]	 Time 0.0170	 Loss 2.9168	 flops 863676.75
(0.0010, 0.0070, 0.0090)	Architecture [24-34]	 Time 0.0180	 Loss 2.9951	 flops 1181535.875
(0.0010, 0.0080, 0.0100)	Architecture [24-39]	 Time 0.0190	 Loss 2.8290	 flops 1544980.0
(0.0010, 0.0080, 0.0100)	Architecture [24-44]	 Time 0.0200	 Loss 1.2470	 flops 1646934.75
(0.0010, 0.0090, 0.0110)	Architecture [25-4]	 Time 0.0220	 Loss 4.6977	 flops 1427129.5
(0.0010, 0.0070, 0.0070)	Architecture [25-9]	 Time 0.0170	 Loss 0.7769	 flops 999598.0
(0.0010, 0.0110, 0.0110)	Architecture [25-14]	 Time 0.0230	 Loss 2.5848	 flops 1371363.125
(0.0010, 0.0090, 0.0110)	Architecture [25-19]	 Time 0.0230	 Loss 2.0896	 flops 2262275.5
(0.0010, 0.0080, 0.0100)	Architecture [25-24]	 Time 0.0200	 Loss 1.9322	 flops 1437217.125
(0.0010, 0.0090, 0.0110)	Architecture [25-29]	 Time 0.0220	 Loss 0.7886	 flops 2489725.0
(0.0010, 0.0090, 0.0070)	Architecture [25-34]	 Time 0.0180	 Loss 0.4789	 flops 798741.625
(0.0010, 0.0100, 0.0090)	Architecture [25-39]	 Time 0.0220	 Loss 2.6885	 flops 2755271.75
(0.0010, 0.0080, 0.0060)	Architecture [25-44]	 Time 0.0160	 Loss 2.4916	 flops 749639.375
(0.0020, 0.0080, 0.0110)	Architecture [26-4]	 Time 0.0220	 Loss 3.1637	 flops 1365336.5
(0.0010, 0.0080, 0.0090)	Architecture [26-9]	 Time 0.0180	 Loss 5.8284	 flops 1010091.0625
(0.0010, 0.0080, 0.0070)	Architecture [26-14]	 Time 0.0170	 Loss 0.9794	 flops 770722.6875
(0.0010, 0.0080, 0.0080)	Architecture [26-19]	 Time 0.0180	 Loss 3.4713	 flops 1695248.625
(0.0010, 0.0070, 0.0070)	Architecture [26-24]	 Time 0.0160	 Loss 1.3405	 flops 955881.5625
(0.0010, 0.0070, 0.0060)	Architecture [26-29]	 Time 0.0150	 Loss 0.4391	 flops 818078.3125
(0.0010, 0.0080, 0.0060)	Architecture [26-34]	 Time 0.0170	 Loss 0.9562	 flops 990772.375
(0.0010, 0.0090, 0.0070)	Architecture [26-39]	 Time 0.0180	 Loss 1.0784	 flops 740673.9375
(0.0010, 0.0080, 0.0080)	Architecture [26-44]	 Time 0.0180	 Loss 1.6188	 flops 1916565.875
(0.0010, 0.0090, 0.0080)	Architecture [27-4]	 Time 0.0190	 Loss 1.6903	 flops 1421048.0
(0.0010, 0.0090, 0.0090)	Architecture [27-9]	 Time 0.0200	 Loss 0.5267	 flops 1664074.25
(0.0010, 0.0070, 0.0070)	Architecture [27-14]	 Time 0.0170	 Loss 1.6768	 flops 592518.5
(0.0010, 0.0090, 0.0080)	Architecture [27-19]	 Time 0.0190	 Loss 1.5246	 flops 1249965.0
(0.0010, 0.0080, 0.0070)	Architecture [27-24]	 Time 0.0170	 Loss 1.0051	 flops 829897.75
(0.0010, 0.0080, 0.0090)	Architecture [27-29]	 Time 0.0190	 Loss 3.2179	 flops 2559600.25
(0.0010, 0.0080, 0.0070)	Architecture [27-34]	 Time 0.0170	 Loss 0.6512	 flops 854706.5
(0.0010, 0.0100, 0.0090)	Architecture [27-39]	 Time 0.0210	 Loss 4.8226	 flops 1442433.75
(0.0010, 0.0060, 0.0070)	Architecture [27-44]	 Time 0.0150	 Loss 1.6048	 flops 841851.25
(0.0010, 0.0090, 0.0100)	Architecture [28-4]	 Time 0.0210	 Loss 1.8357	 flops 1488913.75
(0.0010, 0.0080, 0.0090)	Architecture [28-9]	 Time 0.0190	 Loss 1.4067	 flops 1878749.25
(0.0010, 0.0070, 0.0060)	Architecture [28-14]	 Time 0.0160	 Loss 0.7176	 flops 911990.5625
(0.0020, 0.0070, 0.0080)	Architecture [28-19]	 Time 0.0170	 Loss 1.6453	 flops 990926.9375
(0.0010, 0.0080, 0.0110)	Architecture [28-24]	 Time 0.0210	 Loss 1.8177	 flops 2208644.5
(0.0020, 0.0060, 0.0070)	Architecture [28-29]	 Time 0.0160	 Loss 0.5245	 flops 786337.9375
(0.0010, 0.0080, 0.0060)	Architecture [28-34]	 Time 0.0160	 Loss 0.6203	 flops 889234.8125
(0.0010, 0.0090, 0.0090)	Architecture [28-39]	 Time 0.0200	 Loss 1.0736	 flops 2376709.5
(0.0010, 0.0080, 0.0070)	Architecture [28-44]	 Time 0.0170	 Loss 1.1176	 flops 604421.1875
(0.0010, 0.0080, 0.0070)	Architecture [29-4]	 Time 0.0170	 Loss 1.1189	 flops 795142.875
(0.0010, 0.0070, 0.0090)	Architecture [29-9]	 Time 0.0180	 Loss 1.6908	 flops 1249613.375
(0.0010, 0.0070, 0.0090)	Architecture [29-14]	 Time 0.0190	 Loss 5.3005	 flops 1287733.5
(0.0010, 0.0070, 0.0070)	Architecture [29-19]	 Time 0.0160	 Loss 1.7390	 flops 927933.125
(0.0010, 0.0080, 0.0080)	Architecture [29-24]	 Time 0.0180	 Loss 2.7804	 flops 827386.125
(0.0010, 0.0070, 0.0060)	Architecture [29-29]	 Time 0.0160	 Loss 2.4128	 flops 778716.375
(0.0010, 0.0100, 0.0080)	Architecture [29-34]	 Time 0.0200	 Loss 1.0249	 flops 796344.5
(0.0010, 0.0090, 0.0090)	Architecture [29-39]	 Time 0.0210	 Loss 2.4883	 flops 894618.625
(0.0000, 0.0080, 0.0110)	Architecture [29-44]	 Time 0.0200	 Loss 1.3299	 flops 1981101.0
(0.0020, 0.0080, 0.0060)	Architecture [30-4]	 Time 0.0160	 Loss 1.3973	 flops 846278.125
(0.0010, 0.0090, 0.0100)	Architecture [30-9]	 Time 0.0210	 Loss 1.6269	 flops 928205.625
(0.0010, 0.0080, 0.0080)	Architecture [30-14]	 Time 0.0180	 Loss 0.3113	 flops 827487.625
(0.0010, 0.0070, 0.0110)	Architecture [30-19]	 Time 0.0210	 Loss 0.6595	 flops 826136.75
(0.0020, 0.0080, 0.0080)	Architecture [30-24]	 Time 0.0190	 Loss 2.2050	 flops 1569781.375
(0.0000, 0.0080, 0.0090)	Architecture [30-29]	 Time 0.0180	 Loss 0.4374	 flops 1320007.25
(0.0010, 0.0090, 0.0080)	Architecture [30-34]	 Time 0.0180	 Loss 3.8470	 flops 777989.4375
(0.0010, 0.0080, 0.0060)	Architecture [30-39]	 Time 0.0160	 Loss 1.9888	 flops 865599.5625
(0.0010, 0.0080, 0.0090)	Architecture [30-44]	 Time 0.0190	 Loss 2.7603	 flops 2683055.25
(0.0010, 0.0100, 0.0110)	Architecture [31-4]	 Time 0.0240	 Loss 1.7306	 flops 1096581.75
(0.0010, 0.0080, 0.0090)	Architecture [31-9]	 Time 0.0190	 Loss 2.7541	 flops 2655583.0
(0.0020, 0.0070, 0.0060)	Architecture [31-14]	 Time 0.0160	 Loss 1.0067	 flops 966952.6875
(0.0010, 0.0080, 0.0100)	Architecture [31-19]	 Time 0.0210	 Loss 2.7252	 flops 3181892.5
(0.0010, 0.0070, 0.0090)	Architecture [31-24]	 Time 0.0180	 Loss 1.4252	 flops 800279.625
(0.0010, 0.0090, 0.0090)	Architecture [31-29]	 Time 0.0210	 Loss 2.3235	 flops 727664.625
(0.0010, 0.0080, 0.0070)	Architecture [31-34]	 Time 0.0180	 Loss 0.5973	 flops 846162.125
(0.0010, 0.0090, 0.0070)	Architecture [31-39]	 Time 0.0170	 Loss 0.9471	 flops 781918.0
(0.0010, 0.0080, 0.0085)	Architecture [31-44]	 Time 0.0185	 Loss 1.0475	 flops 1176512.625
(0.0010, 0.0080, 0.0090)	Architecture [32-4]	 Time 0.0190	 Loss 1.4691	 flops 1156008.375
(0.0010, 0.0080, 0.0080)	Architecture [32-9]	 Time 0.0190	 Loss 0.4024	 flops 811382.125
(0.0010, 0.0080, 0.0080)	Architecture [32-14]	 Time 0.0170	 Loss 2.0586	 flops 801142.8125
(0.0010, 0.0090, 0.0060)	Architecture [32-19]	 Time 0.0180	 Loss 2.6206	 flops 821744.25
(0.0000, 0.0080, 0.0060)	Architecture [32-24]	 Time 0.0160	 Loss 1.1696	 flops 771330.75
(0.0010, 0.0090, 0.0070)	Architecture [32-29]	 Time 0.0180	 Loss 0.3804	 flops 765479.75
(0.0010, 0.0100, 0.0100)	Architecture [32-34]	 Time 0.0210	 Loss 2.1299	 flops 1067714.25
(0.0010, 0.0090, 0.0100)	Architecture [32-39]	 Time 0.0200	 Loss 1.3307	 flops 1280769.5
(0.0020, 0.0100, 0.0060)	Architecture [32-44]	 Time 0.0190	 Loss 0.9370	 flops 758418.6875
(0.0020, 0.0070, 0.0090)	Architecture [33-4]	 Time 0.0190	 Loss 2.6246	 flops 2317321.5
(0.0010, 0.0080, 0.0070)	Architecture [33-9]	 Time 0.0170	 Loss 1.1494	 flops 839372.5625
(0.0010, 0.0080, 0.0110)	Architecture [33-14]	 Time 0.0210	 Loss 2.0169	 flops 2367524.75
(0.0020, 0.0090, 0.0110)	Architecture [33-19]	 Time 0.0230	 Loss 0.2685	 flops 1094955.5
(0.0020, 0.0100, 0.0100)	Architecture [33-24]	 Time 0.0230	 Loss 0.5857	 flops 683900.875
(0.0010, 0.0090, 0.0090)	Architecture [33-29]	 Time 0.0210	 Loss 3.1647	 flops 1875147.75
(0.0010, 0.0120, 0.0120)	Architecture [33-34]	 Time 0.0260	 Loss 1.2044	 flops 1366166.75
(0.0010, 0.0080, 0.0090)	Architecture [33-39]	 Time 0.0190	 Loss 2.2142	 flops 1129414.625
(0.0020, 0.0090, 0.0090)	Architecture [33-44]	 Time 0.0210	 Loss 1.6587	 flops 2265100.25
(0.0010, 0.0080, 0.0070)	Architecture [34-4]	 Time 0.0170	 Loss 1.6812	 flops 695001.9375
(0.0010, 0.0090, 0.0100)	Architecture [34-9]	 Time 0.0220	 Loss 3.6725	 flops 1476451.75
(0.0010, 0.0090, 0.0110)	Architecture [34-14]	 Time 0.0230	 Loss 3.3656	 flops 1096061.0
(0.0010, 0.0090, 0.0070)	Architecture [34-19]	 Time 0.0170	 Loss 0.5719	 flops 685914.0
(0.0010, 0.0100, 0.0140)	Architecture [34-24]	 Time 0.0270	 Loss 1.5975	 flops 1628889.875
(0.0020, 0.0100, 0.0120)	Architecture [34-29]	 Time 0.0250	 Loss 2.1087	 flops 891812.6875
(0.0010, 0.0090, 0.0100)	Architecture [34-34]	 Time 0.0220	 Loss 0.9462	 flops 718535.6875
(0.0010, 0.0090, 0.0100)	Architecture [34-39]	 Time 0.0210	 Loss 0.9929	 flops 1551866.75
(0.0010, 0.0090, 0.0080)	Architecture [34-44]	 Time 0.0200	 Loss 0.4939	 flops 687172.6875
(0.0010, 0.0070, 0.0070)	Architecture [35-4]	 Time 0.0160	 Loss 0.5234	 flops 753016.5625
(0.0010, 0.0070, 0.0060)	Architecture [35-9]	 Time 0.0150	 Loss 1.8300	 flops 718644.4375
(0.0010, 0.0070, 0.0080)	Architecture [35-14]	 Time 0.0180	 Loss 0.9324	 flops 906627.4375
(0.0010, 0.0100, 0.0060)	Architecture [35-19]	 Time 0.0190	 Loss 0.6646	 flops 815547.4375
(0.0010, 0.0070, 0.0070)	Architecture [35-24]	 Time 0.0150	 Loss 2.1857	 flops 784213.9375
(0.0020, 0.0080, 0.0100)	Architecture [35-29]	 Time 0.0210	 Loss 1.8328	 flops 1027155.3125
(0.0000, 0.0080, 0.0060)	Architecture [35-34]	 Time 0.0160	 Loss 1.1207	 flops 772508.375
(0.0010, 0.0070, 0.0070)	Architecture [35-39]	 Time 0.0170	 Loss 2.5362	 flops 825192.75
(0.0010, 0.0060, 0.0070)	Architecture [35-44]	 Time 0.0140	 Loss 0.5329	 flops 770046.5
(0.0010, 0.0090, 0.0080)	Architecture [36-4]	 Time 0.0190	 Loss 2.2261	 flops 1342146.0
(0.0010, 0.0070, 0.0050)	Architecture [36-9]	 Time 0.0140	 Loss 0.6583	 flops 485247.46875
(0.0010, 0.0080, 0.0090)	Architecture [36-14]	 Time 0.0190	 Loss 2.3937	 flops 1358109.625
(0.0010, 0.0080, 0.0060)	Architecture [36-19]	 Time 0.0160	 Loss 0.9117	 flops 864922.75
(0.0010, 0.0100, 0.0080)	Architecture [36-24]	 Time 0.0200	 Loss 1.6028	 flops 2809109.25
(0.0010, 0.0090, 0.0100)	Architecture [36-29]	 Time 0.0210	 Loss 0.5184	 flops 1996311.375
(0.0010, 0.0090, 0.0090)	Architecture [36-34]	 Time 0.0200	 Loss 2.1003	 flops 1428627.5
(0.0010, 0.0070, 0.0070)	Architecture [36-39]	 Time 0.0160	 Loss 1.0912	 flops 789469.0
(0.0010, 0.0070, 0.0090)	Architecture [36-44]	 Time 0.0180	 Loss 2.5237	 flops 855617.25
(0.0010, 0.0080, 0.0060)	Architecture [37-4]	 Time 0.0170	 Loss 0.5997	 flops 732727.5625
(0.0010, 0.0070, 0.0090)	Architecture [37-9]	 Time 0.0180	 Loss 3.2478	 flops 3129366.5
(0.0010, 0.0090, 0.0110)	Architecture [37-14]	 Time 0.0210	 Loss 2.6731	 flops 964047.8125
(0.0010, 0.0080, 0.0080)	Architecture [37-19]	 Time 0.0170	 Loss 5.4702	 flops 2365880.0
(0.0010, 0.0070, 0.0070)	Architecture [37-24]	 Time 0.0160	 Loss 0.3907	 flops 891940.875
(0.0010, 0.0090, 0.0090)	Architecture [37-29]	 Time 0.0190	 Loss 2.0782	 flops 1281585.125
(0.0020, 0.0080, 0.0120)	Architecture [37-34]	 Time 0.0230	 Loss 1.4944	 flops 1895772.0
(0.0010, 0.0070, 0.0060)	Architecture [37-39]	 Time 0.0150	 Loss 1.1794	 flops 719275.875
(0.0010, 0.0070, 0.0090)	Architecture [37-44]	 Time 0.0170	 Loss 1.0183	 flops 786570.8125
(0.0010, 0.0080, 0.0080)	Architecture [38-4]	 Time 0.0170	 Loss 0.7548	 flops 807931.8125
(0.0010, 0.0070, 0.0080)	Architecture [38-9]	 Time 0.0170	 Loss 0.4036	 flops 704704.6875
(0.0010, 0.0070, 0.0070)	Architecture [38-14]	 Time 0.0150	 Loss 1.4857	 flops 742417.0
(0.0010, 0.0070, 0.0060)	Architecture [38-19]	 Time 0.0150	 Loss 1.1013	 flops 777499.125
(0.0010, 0.0080, 0.0110)	Architecture [38-24]	 Time 0.0200	 Loss 1.9984	 flops 2684707.0
(0.0010, 0.0070, 0.0070)	Architecture [38-29]	 Time 0.0160	 Loss 1.2081	 flops 970187.0
(0.0010, 0.0090, 0.0070)	Architecture [38-34]	 Time 0.0190	 Loss 1.7872	 flops 706690.8125
(0.0010, 0.0080, 0.0090)	Architecture [38-39]	 Time 0.0180	 Loss 1.6621	 flops 1261745.5
(0.0020, 0.0080, 0.0070)	Architecture [38-44]	 Time 0.0180	 Loss 0.8053	 flops 575866.625
(0.0010, 0.0080, 0.0090)	Architecture [39-4]	 Time 0.0190	 Loss 2.4997	 flops 1224305.375
(0.0010, 0.0070, 0.0070)	Architecture [39-9]	 Time 0.0160	 Loss 0.8981	 flops 879846.875
(0.0010, 0.0070, 0.0070)	Architecture [39-14]	 Time 0.0170	 Loss 1.1086	 flops 795977.25
(0.0010, 0.0090, 0.0100)	Architecture [39-19]	 Time 0.0210	 Loss 3.4555	 flops 1095390.625
(0.0010, 0.0080, 0.0060)	Architecture [39-24]	 Time 0.0170	 Loss 0.5387	 flops 715287.125
(0.0010, 0.0080, 0.0080)	Architecture [39-29]	 Time 0.0180	 Loss 0.3089	 flops 685716.75
(0.0010, 0.0080, 0.0060)	Architecture [39-34]	 Time 0.0170	 Loss 0.4674	 flops 904309.75
(0.0010, 0.0080, 0.0070)	Architecture [39-39]	 Time 0.0180	 Loss 2.2074	 flops 841521.75
(0.0010, 0.0070, 0.0060)	Architecture [39-44]	 Time 0.0160	 Loss 1.9402	 flops 727338.4375
(0.0010, 0.0070, 0.0090)	Architecture [40-4]	 Time 0.0190	 Loss 1.4530	 flops 994285.75
(0.0010, 0.0070, 0.0070)	Architecture [40-9]	 Time 0.0160	 Loss 1.1819	 flops 727748.75
(0.0010, 0.0080, 0.0090)	Architecture [40-14]	 Time 0.0190	 Loss 4.4877	 flops 897974.75
(0.0010, 0.0070, 0.0070)	Architecture [40-19]	 Time 0.0150	 Loss 1.3697	 flops 902500.25
(0.0010, 0.0080, 0.0070)	Architecture [40-24]	 Time 0.0180	 Loss 1.4488	 flops 643648.25
(0.0010, 0.0100, 0.0080)	Architecture [40-29]	 Time 0.0200	 Loss 0.8368	 flops 949027.5625
(0.0010, 0.0080, 0.0060)	Architecture [40-34]	 Time 0.0170	 Loss 2.2726	 flops 752826.625
(0.0010, 0.0070, 0.0100)	Architecture [40-39]	 Time 0.0200	 Loss 1.5602	 flops 1626415.125
(0.0010, 0.0090, 0.0090)	Architecture [40-44]	 Time 0.0210	 Loss 2.7231	 flops 1671962.5
(0.0010, 0.0090, 0.0115)	Architecture [41-4]	 Time 0.0235	 Loss 1.6717	 flops 964674.3125
(0.0010, 0.0080, 0.0060)	Architecture [41-9]	 Time 0.0150	 Loss 0.5172	 flops 745351.0625
(0.0020, 0.0080, 0.0080)	Architecture [41-14]	 Time 0.0180	 Loss 0.8775	 flops 703223.8125
(0.0010, 0.0090, 0.0060)	Architecture [41-19]	 Time 0.0170	 Loss 1.3541	 flops 788099.375
(0.0010, 0.0080, 0.0060)	Architecture [41-24]	 Time 0.0170	 Loss 1.0406	 flops 938690.625
(0.0010, 0.0080, 0.0090)	Architecture [41-29]	 Time 0.0190	 Loss 1.3350	 flops 2244183.5
(0.0010, 0.0080, 0.0090)	Architecture [41-34]	 Time 0.0190	 Loss 3.7649	 flops 1154898.125
(0.0010, 0.0070, 0.0070)	Architecture [41-39]	 Time 0.0150	 Loss 0.8471	 flops 780572.125
(0.0020, 0.0080, 0.0090)	Architecture [41-44]	 Time 0.0200	 Loss 1.6530	 flops 1715170.0
(0.0010, 0.0070, 0.0070)	Architecture [42-4]	 Time 0.0170	 Loss 1.2303	 flops 751271.625
(0.0010, 0.0070, 0.0080)	Architecture [42-9]	 Time 0.0180	 Loss 2.5354	 flops 1307504.75
(0.0010, 0.0080, 0.0070)	Architecture [42-14]	 Time 0.0180	 Loss 1.5846	 flops 752820.125
(0.0010, 0.0080, 0.0060)	Architecture [42-19]	 Time 0.0160	 Loss 0.6950	 flops 923005.0625
(0.0005, 0.0090, 0.0090)	Architecture [42-24]	 Time 0.0190	 Loss 2.2553	 flops 2168280.5
(0.0010, 0.0090, 0.0090)	Architecture [42-29]	 Time 0.0190	 Loss 1.9753	 flops 2574272.25
(0.0020, 0.0080, 0.0090)	Architecture [42-34]	 Time 0.0190	 Loss 0.2693	 flops 2209970.0
(0.0010, 0.0060, 0.0070)	Architecture [42-39]	 Time 0.0160	 Loss 0.3727	 flops 783757.0625
(0.0010, 0.0070, 0.0080)	Architecture [42-44]	 Time 0.0180	 Loss 1.9525	 flops 1067501.875
(0.0010, 0.0090, 0.0090)	Architecture [43-4]	 Time 0.0210	 Loss 1.2558	 flops 920516.6875
(0.0020, 0.0070, 0.0060)	Architecture [43-9]	 Time 0.0160	 Loss 1.2819	 flops 681659.625
(0.0010, 0.0080, 0.0090)	Architecture [43-14]	 Time 0.0200	 Loss 3.9518	 flops 1475302.875
(0.0010, 0.0070, 0.0080)	Architecture [43-19]	 Time 0.0180	 Loss 1.9885	 flops 789332.875
(0.0010, 0.0070, 0.0060)	Architecture [43-24]	 Time 0.0160	 Loss 0.6777	 flops 717223.1875
(0.0010, 0.0080, 0.0090)	Architecture [43-29]	 Time 0.0180	 Loss 1.7004	 flops 1072122.375
(0.0010, 0.0080, 0.0080)	Architecture [43-34]	 Time 0.0190	 Loss 1.4958	 flops 819091.375
(0.0010, 0.0090, 0.0090)	Architecture [43-39]	 Time 0.0200	 Loss 2.4870	 flops 1176099.125
(0.0010, 0.0090, 0.0070)	Architecture [43-44]	 Time 0.0170	 Loss 0.8070	 flops 660221.1875
(0.0010, 0.0090, 0.0090)	Architecture [44-4]	 Time 0.0210	 Loss 4.6705	 flops 2113386.75
(0.0010, 0.0070, 0.0070)	Architecture [44-9]	 Time 0.0150	 Loss 0.9834	 flops 634620.25
(0.0010, 0.0070, 0.0080)	Architecture [44-14]	 Time 0.0180	 Loss 0.4934	 flops 1265404.625
(0.0010, 0.0080, 0.0080)	Architecture [44-19]	 Time 0.0180	 Loss 0.5699	 flops 701695.5
(0.0010, 0.0080, 0.0080)	Architecture [44-24]	 Time 0.0180	 Loss 1.3844	 flops 1063434.75
(0.0010, 0.0060, 0.0070)	Architecture [44-29]	 Time 0.0150	 Loss 1.6951	 flops 695356.0
(0.0010, 0.0090, 0.0080)	Architecture [44-34]	 Time 0.0200	 Loss 1.5984	 flops 790188.5
(0.0000, 0.0080, 0.0060)	Architecture [44-39]	 Time 0.0160	 Loss 1.0385	 flops 713982.125
(0.0000, 0.0080, 0.0070)	Architecture [44-44]	 Time 0.0160	 Loss 1.1058	 flops 674768.1875
(0.0010, 0.0060, 0.0070)	Architecture [45-4]	 Time 0.0150	 Loss 1.1258	 flops 810767.1875
(0.0010, 0.0070, 0.0080)	Architecture [45-9]	 Time 0.0180	 Loss 3.6699	 flops 2556415.5
(0.0010, 0.0060, 0.0060)	Architecture [45-14]	 Time 0.0150	 Loss 1.1601	 flops 725402.0
(0.0010, 0.0070, 0.0060)	Architecture [45-19]	 Time 0.0150	 Loss 0.6985	 flops 815401.6875
(0.0010, 0.0070, 0.0070)	Architecture [45-24]	 Time 0.0160	 Loss 5.8316	 flops 665332.5625
(0.0010, 0.0080, 0.0090)	Architecture [45-29]	 Time 0.0190	 Loss 3.3947	 flops 2643592.75
(0.0010, 0.0080, 0.0060)	Architecture [45-34]	 Time 0.0170	 Loss 0.5544	 flops 758614.9375
(0.0000, 0.0070, 0.0060)	Architecture [45-39]	 Time 0.0150	 Loss 1.6389	 flops 787161.0
(0.0010, 0.0070, 0.0060)	Architecture [45-44]	 Time 0.0150	 Loss 0.4561	 flops 639841.0625
(0.0010, 0.0070, 0.0070)	Architecture [46-4]	 Time 0.0170	 Loss 2.6956	 flops 748296.4375
(0.0010, 0.0070, 0.0100)	Architecture [46-9]	 Time 0.0190	 Loss 0.5268	 flops 1086294.625
(0.0010, 0.0120, 0.0060)	Architecture [46-14]	 Time 0.0200	 Loss 0.2825	 flops 814506.625
(0.0010, 0.0080, 0.0080)	Architecture [46-19]	 Time 0.0190	 Loss 3.3244	 flops 1334242.25
(0.0000, 0.0100, 0.0100)	Architecture [46-24]	 Time 0.0220	 Loss 3.3826	 flops 1329176.75
(0.0010, 0.0080, 0.0070)	Architecture [46-29]	 Time 0.0160	 Loss 1.3496	 flops 503482.125
(0.0010, 0.0080, 0.0105)	Architecture [46-34]	 Time 0.0205	 Loss 3.4260	 flops 642979.6875
(0.0008, 0.0070, 0.0070)	Architecture [46-39]	 Time 0.0150	 Loss 0.5968	 flops 866833.3125
(0.0010, 0.0070, 0.0070)	Architecture [46-44]	 Time 0.0170	 Loss 1.4837	 flops 628619.25
(0.0010, 0.0080, 0.0110)	Architecture [47-4]	 Time 0.0210	 Loss 2.1676	 flops 2381046.75
(0.0010, 0.0090, 0.0060)	Architecture [47-9]	 Time 0.0170	 Loss 0.3688	 flops 833275.625
(0.0010, 0.0070, 0.0090)	Architecture [47-14]	 Time 0.0190	 Loss 1.0860	 flops 1254588.75
(0.0010, 0.0080, 0.0070)	Architecture [47-19]	 Time 0.0170	 Loss 0.4462	 flops 647127.875
(0.0010, 0.0070, 0.0090)	Architecture [47-24]	 Time 0.0170	 Loss 1.2013	 flops 1216059.75
(0.0010, 0.0070, 0.0060)	Architecture [47-29]	 Time 0.0160	 Loss 1.3508	 flops 739152.9375
(0.0010, 0.0070, 0.0060)	Architecture [47-34]	 Time 0.0160	 Loss 0.9454	 flops 716347.625
(0.0020, 0.0090, 0.0080)	Architecture [47-39]	 Time 0.0200	 Loss 0.5681	 flops 809597.9375
(0.0010, 0.0070, 0.0060)	Architecture [47-44]	 Time 0.0150	 Loss 2.7081	 flops 735428.375
(0.0010, 0.0080, 0.0060)	Architecture [48-4]	 Time 0.0150	 Loss 1.8932	 flops 741344.25
(0.0010, 0.0070, 0.0100)	Architecture [48-9]	 Time 0.0190	 Loss 2.3393	 flops 3111322.25
(0.0010, 0.0070, 0.0070)	Architecture [48-14]	 Time 0.0160	 Loss 0.6287	 flops 761159.1875
(0.0010, 0.0090, 0.0060)	Architecture [48-19]	 Time 0.0180	 Loss 0.3751	 flops 812463.125
(0.0010, 0.0080, 0.0090)	Architecture [48-24]	 Time 0.0190	 Loss 3.1678	 flops 2227555.0
(0.0010, 0.0090, 0.0080)	Architecture [48-29]	 Time 0.0190	 Loss 1.2562	 flops 772256.5625
(0.0010, 0.0090, 0.0100)	Architecture [48-34]	 Time 0.0200	 Loss 2.4093	 flops 2423778.5
(0.0020, 0.0080, 0.0090)	Architecture [48-39]	 Time 0.0200	 Loss 1.5363	 flops 733506.1875
(0.0010, 0.0090, 0.0070)	Architecture [48-44]	 Time 0.0170	 Loss 0.4637	 flops 755581.3125
(0.0010, 0.0070, 0.0070)	Architecture [49-4]	 Time 0.0150	 Loss 0.3820	 flops 666997.75
(0.0010, 0.0060, 0.0090)	Architecture [49-9]	 Time 0.0170	 Loss 2.2323	 flops 742345.4375
(0.0010, 0.0080, 0.0080)	Architecture [49-14]	 Time 0.0170	 Loss 1.2185	 flops 1288484.625
(0.0010, 0.0080, 0.0080)	Architecture [49-19]	 Time 0.0190	 Loss 1.7824	 flops 1097125.875
(0.0010, 0.0090, 0.0070)	Architecture [49-24]	 Time 0.0170	 Loss 1.6810	 flops 675176.25
(0.0010, 0.0070, 0.0080)	Architecture [49-29]	 Time 0.0170	 Loss 2.2663	 flops 781517.375
(0.0010, 0.0080, 0.0070)	Architecture [49-34]	 Time 0.0160	 Loss 1.1038	 flops 780326.1875
(0.0010, 0.0070, 0.0060)	Architecture [49-39]	 Time 0.0160	 Loss 1.3722	 flops 836618.9375
(0.0010, 0.0070, 0.0060)	Architecture [49-44]	 Time 0.0150	 Loss 0.9618	 flops 892799.0625
(0.0010, 0.0090, 0.0080)	Architecture [50-4]	 Time 0.0200	 Loss 2.6408	 flops 678400.9375
(0.0010, 0.0080, 0.0110)	Architecture [50-9]	 Time 0.0220	 Loss 2.9532	 flops 3459731.25
(0.0010, 0.0080, 0.0090)	Architecture [50-14]	 Time 0.0190	 Loss 3.7662	 flops 662476.125
(0.0010, 0.0080, 0.0060)	Architecture [50-19]	 Time 0.0170	 Loss 0.7130	 flops 824570.1875
(0.0010, 0.0080, 0.0060)	Architecture [50-24]	 Time 0.0170	 Loss 0.2930	 flops 540797.125
(0.0010, 0.0080, 0.0060)	Architecture [50-29]	 Time 0.0170	 Loss 0.2537	 flops 773501.625
(0.0010, 0.0070, 0.0070)	Architecture [50-34]	 Time 0.0160	 Loss 2.5694	 flops 589943.125
(0.0010, 0.0080, 0.0060)	Architecture [50-39]	 Time 0.0160	 Loss 1.1496	 flops 872399.6875
(0.0010, 0.0080, 0.0070)	Architecture [50-44]	 Time 0.0170	 Loss 1.2671	 flops 918769.5625
(0.0010, 0.0070, 0.0060)	Architecture [51-4]	 Time 0.0150	 Loss 1.6005	 flops 569473.0625
(0.0010, 0.0070, 0.0060)	Architecture [51-9]	 Time 0.0150	 Loss 1.0069	 flops 712151.1875
(0.0010, 0.0070, 0.0070)	Architecture [51-14]	 Time 0.0150	 Loss 0.7809	 flops 587017.6875
(0.0010, 0.0080, 0.0080)	Architecture [51-19]	 Time 0.0180	 Loss 1.7079	 flops 1179044.75
(0.0010, 0.0070, 0.0090)	Architecture [51-24]	 Time 0.0190	 Loss 2.4083	 flops 1083843.75
(0.0010, 0.0080, 0.0090)	Architecture [51-29]	 Time 0.0180	 Loss 2.5208	 flops 1090470.0
(0.0010, 0.0070, 0.0070)	Architecture [51-34]	 Time 0.0150	 Loss 1.7443	 flops 596211.75
(0.0010, 0.0070, 0.0070)	Architecture [51-39]	 Time 0.0170	 Loss 1.0449	 flops 558195.3125
(0.0010, 0.0090, 0.0090)	Architecture [51-44]	 Time 0.0210	 Loss 1.5430	 flops 2574576.25
(0.0010, 0.0070, 0.0080)	Architecture [52-4]	 Time 0.0180	 Loss 0.4135	 flops 683720.625
(0.0010, 0.0070, 0.0060)	Architecture [52-9]	 Time 0.0150	 Loss 0.4278	 flops 639562.75
(0.0010, 0.0070, 0.0060)	Architecture [52-14]	 Time 0.0150	 Loss 1.3639	 flops 558377.625
(0.0010, 0.0070, 0.0090)	Architecture [52-19]	 Time 0.0170	 Loss 1.6079	 flops 1560985.625
(0.0010, 0.0060, 0.0060)	Architecture [52-24]	 Time 0.0140	 Loss 0.3558	 flops 552836.5
(0.0010, 0.0080, 0.0090)	Architecture [52-29]	 Time 0.0190	 Loss 4.3527	 flops 1835857.125
(0.0010, 0.0070, 0.0060)	Architecture [52-34]	 Time 0.0150	 Loss 1.9199	 flops 843261.1875
(0.0010, 0.0080, 0.0080)	Architecture [52-39]	 Time 0.0190	 Loss 2.7162	 flops 818863.0625
(0.0010, 0.0070, 0.0060)	Architecture [52-44]	 Time 0.0150	 Loss 1.2566	 flops 675408.25
(0.0010, 0.0070, 0.0060)	Architecture [53-4]	 Time 0.0150	 Loss 0.4673	 flops 770317.6875
(0.0010, 0.0070, 0.0080)	Architecture [53-9]	 Time 0.0170	 Loss 4.0925	 flops 611848.3125
(0.0020, 0.0080, 0.0060)	Architecture [53-14]	 Time 0.0170	 Loss 0.6339	 flops 729090.3125
(0.0010, 0.0070, 0.0080)	Architecture [53-19]	 Time 0.0170	 Loss 2.7265	 flops 891549.5
(0.0010, 0.0070, 0.0060)	Architecture [53-24]	 Time 0.0150	 Loss 0.7491	 flops 694698.1875
(0.0010, 0.0070, 0.0070)	Architecture [53-29]	 Time 0.0170	 Loss 0.4060	 flops 753345.5625
(0.0010, 0.0080, 0.0070)	Architecture [53-34]	 Time 0.0170	 Loss 0.3513	 flops 767337.75
(0.0010, 0.0070, 0.0060)	Architecture [53-39]	 Time 0.0160	 Loss 2.3788	 flops 639373.625
(0.0010, 0.0070, 0.0080)	Architecture [53-44]	 Time 0.0170	 Loss 1.1985	 flops 827696.6875
(0.0010, 0.0080, 0.0070)	Architecture [54-4]	 Time 0.0180	 Loss 0.7865	 flops 516999.78125
(0.0010, 0.0060, 0.0060)	Architecture [54-9]	 Time 0.0140	 Loss 1.6238	 flops 714532.875
(0.0010, 0.0070, 0.0060)	Architecture [54-14]	 Time 0.0160	 Loss 0.5424	 flops 624796.25
(0.0010, 0.0060, 0.0070)	Architecture [54-19]	 Time 0.0150	 Loss 0.5763	 flops 665401.0625
(0.0010, 0.0080, 0.0070)	Architecture [54-24]	 Time 0.0170	 Loss 1.8860	 flops 527217.375
(0.0010, 0.0090, 0.0090)	Architecture [54-29]	 Time 0.0200	 Loss 1.3799	 flops 995731.75
(0.0010, 0.0070, 0.0090)	Architecture [54-34]	 Time 0.0190	 Loss 1.9393	 flops 551516.375
(0.0010, 0.0070, 0.0060)	Architecture [54-39]	 Time 0.0150	 Loss 2.9680	 flops 614870.0625
(0.0010, 0.0070, 0.0090)	Architecture [54-44]	 Time 0.0180	 Loss 3.1415	 flops 1848326.375
(0.0010, 0.0070, 0.0060)	Architecture [55-4]	 Time 0.0160	 Loss 0.5202	 flops 536473.3125
(0.0010, 0.0070, 0.0060)	Architecture [55-9]	 Time 0.0140	 Loss 0.1788	 flops 675914.25
(0.0010, 0.0080, 0.0090)	Architecture [55-14]	 Time 0.0180	 Loss 0.6642	 flops 717828.6875
(0.0010, 0.0060, 0.0070)	Architecture [55-19]	 Time 0.0160	 Loss 1.9341	 flops 740194.0
(0.0010, 0.0070, 0.0080)	Architecture [55-24]	 Time 0.0180	 Loss 1.7099	 flops 693388.125
(0.0000, 0.0070, 0.0070)	Architecture [55-29]	 Time 0.0160	 Loss 0.9626	 flops 572306.75
(0.0010, 0.0080, 0.0090)	Architecture [55-34]	 Time 0.0190	 Loss 3.3858	 flops 2303949.25
(0.0010, 0.0070, 0.0060)	Architecture [55-39]	 Time 0.0150	 Loss 2.1070	 flops 703359.9375
(0.0010, 0.0070, 0.0060)	Architecture [55-44]	 Time 0.0150	 Loss 1.1188	 flops 566367.5
(0.0010, 0.0080, 0.0060)	Architecture [56-4]	 Time 0.0170	 Loss 1.5108	 flops 686557.8125
(0.0010, 0.0090, 0.0060)	Architecture [56-9]	 Time 0.0170	 Loss 0.3081	 flops 640050.4375
(0.0010, 0.0070, 0.0070)	Architecture [56-14]	 Time 0.0160	 Loss 0.6226	 flops 702965.0
(0.0010, 0.0060, 0.0060)	Architecture [56-19]	 Time 0.0140	 Loss 1.2578	 flops 660938.625
(0.0010, 0.0080, 0.0070)	Architecture [56-24]	 Time 0.0160	 Loss 0.8189	 flops 587122.8125
(0.0010, 0.0070, 0.0090)	Architecture [56-29]	 Time 0.0190	 Loss 1.4360	 flops 981639.125
(0.0020, 0.0100, 0.0100)	Architecture [56-34]	 Time 0.0240	 Loss 0.4456	 flops 1786582.875
(0.0010, 0.0070, 0.0060)	Architecture [56-39]	 Time 0.0150	 Loss 0.2985	 flops 573284.8125
(0.0010, 0.0070, 0.0060)	Architecture [56-44]	 Time 0.0150	 Loss 1.8650	 flops 536645.0625
(0.0010, 0.0070, 0.0060)	Architecture [57-4]	 Time 0.0160	 Loss 1.3367	 flops 598227.1875
(0.0010, 0.0090, 0.0080)	Architecture [57-9]	 Time 0.0190	 Loss 1.3164	 flops 559613.4375
(0.0010, 0.0060, 0.0060)	Architecture [57-14]	 Time 0.0150	 Loss 1.9043	 flops 545203.375
(0.0010, 0.0090, 0.0080)	Architecture [57-19]	 Time 0.0190	 Loss 2.8800	 flops 891960.1875
(0.0010, 0.0060, 0.0070)	Architecture [57-24]	 Time 0.0150	 Loss 1.0231	 flops 556622.4375
(0.0010, 0.0070, 0.0060)	Architecture [57-29]	 Time 0.0150	 Loss 0.8850	 flops 507165.6875
(0.0010, 0.0070, 0.0060)	Architecture [57-34]	 Time 0.0160	 Loss 0.2975	 flops 666271.6875
(0.0010, 0.0070, 0.0080)	Architecture [57-39]	 Time 0.0160	 Loss 0.7464	 flops 566660.1875
(0.0020, 0.0080, 0.0090)	Architecture [57-44]	 Time 0.0200	 Loss 1.8614	 flops 1038429.5
(0.0020, 0.0100, 0.0090)	Architecture [58-4]	 Time 0.0220	 Loss 4.2424	 flops 938911.875
(0.0010, 0.0110, 0.0060)	Architecture [58-9]	 Time 0.0190	 Loss 0.5508	 flops 524086.84375
(0.0010, 0.0080, 0.0060)	Architecture [58-14]	 Time 0.0160	 Loss 0.1048	 flops 637726.75
(0.0010, 0.0080, 0.0070)	Architecture [58-19]	 Time 0.0170	 Loss 0.3562	 flops 517655.0
(0.0010, 0.0080, 0.0100)	Architecture [58-24]	 Time 0.0190	 Loss 3.0453	 flops 1710439.125
(0.0010, 0.0080, 0.0060)	Architecture [58-29]	 Time 0.0170	 Loss 1.0974	 flops 525873.4375
(0.0020, 0.0090, 0.0100)	Architecture [58-34]	 Time 0.0220	 Loss 1.6811	 flops 1076050.25
(0.0010, 0.0080, 0.0070)	Architecture [58-39]	 Time 0.0170	 Loss 2.2328	 flops 553645.75
(0.0010, 0.0100, 0.0090)	Architecture [58-44]	 Time 0.0220	 Loss 2.7272	 flops 618553.8125
(0.0010, 0.0090, 0.0080)	Architecture [59-4]	 Time 0.0190	 Loss 1.6792	 flops 697215.8125
(0.0020, 0.0070, 0.0070)	Architecture [59-9]	 Time 0.0160	 Loss 0.9354	 flops 605013.625
(0.0210, 0.0100, 0.0100)	Architecture [59-14]	 Time 0.0430	 Loss 2.2047	 flops 827405.625
(0.0020, 0.0080, 0.0080)	Architecture [59-19]	 Time 0.0190	 Loss 0.7641	 flops 613812.9375
(0.0020, 0.0100, 0.0110)	Architecture [59-24]	 Time 0.0240	 Loss 0.8170	 flops 1587701.75
(0.0010, 0.0100, 0.0080)	Architecture [59-29]	 Time 0.0200	 Loss 1.8207	 flops 590327.3125
(0.0010, 0.0090, 0.0070)	Architecture [59-34]	 Time 0.0170	 Loss 0.4550	 flops 712999.6875
(0.0010, 0.0100, 0.0080)	Architecture [59-39]	 Time 0.0200	 Loss 0.2395	 flops 440563.0
(0.0020, 0.0080, 0.0100)	Architecture [59-44]	 Time 0.0210	 Loss 0.3917	 flops 1466203.625
(0.0020, 0.0080, 0.0070)	Architecture [60-4]	 Time 0.0170	 Loss 1.4714	 flops 916850.875
(0.0010, 0.0080, 0.0090)	Architecture [60-9]	 Time 0.0190	 Loss 1.6629	 flops 569813.1875
(0.0010, 0.0080, 0.0060)	Architecture [60-14]	 Time 0.0170	 Loss 0.3132	 flops 582241.625
(0.0010, 0.0070, 0.0060)	Architecture [60-19]	 Time 0.0140	 Loss 0.6899	 flops 804839.375
(0.0010, 0.0080, 0.0080)	Architecture [60-24]	 Time 0.0170	 Loss 2.5154	 flops 1594578.625
(0.0010, 0.0070, 0.0060)	Architecture [60-29]	 Time 0.0150	 Loss 1.0453	 flops 731546.125
(0.0010, 0.0070, 0.0060)	Architecture [60-34]	 Time 0.0160	 Loss 1.2689	 flops 561072.0
(0.0020, 0.0090, 0.0100)	Architecture [60-39]	 Time 0.0220	 Loss 1.5735	 flops 1172143.875
(0.0010, 0.0070, 0.0070)	Architecture [60-44]	 Time 0.0150	 Loss 0.7295	 flops 535856.0
(0.0010, 0.0090, 0.0060)	Architecture [61-4]	 Time 0.0170	 Loss 1.4727	 flops 569109.5625
(0.0010, 0.0070, 0.0090)	Architecture [61-9]	 Time 0.0180	 Loss 5.6159	 flops 1758874.875
(0.0010, 0.0070, 0.0080)	Architecture [61-14]	 Time 0.0180	 Loss 1.7110	 flops 562891.75
(0.0010, 0.0070, 0.0060)	Architecture [61-19]	 Time 0.0160	 Loss 0.5434	 flops 569789.0625
(0.0010, 0.0070, 0.0070)	Architecture [61-24]	 Time 0.0150	 Loss 0.4108	 flops 684510.5625
(0.0010, 0.0090, 0.0080)	Architecture [61-29]	 Time 0.0190	 Loss 2.4620	 flops 628314.875
(0.0010, 0.0070, 0.0060)	Architecture [61-34]	 Time 0.0150	 Loss 1.0536	 flops 696095.1875
(0.0010, 0.0070, 0.0080)	Architecture [61-39]	 Time 0.0180	 Loss 1.4793	 flops 909812.625
(0.0010, 0.0080, 0.0090)	Architecture [61-44]	 Time 0.0190	 Loss 4.8132	 flops 1204196.75
(0.0010, 0.0070, 0.0060)	Architecture [62-4]	 Time 0.0160	 Loss 0.9099	 flops 754662.875
(0.0010, 0.0080, 0.0080)	Architecture [62-9]	 Time 0.0180	 Loss 0.7717	 flops 553236.625
(0.0020, 0.0160, 0.0090)	Architecture [62-14]	 Time 0.0280	 Loss 1.3252	 flops 707235.75
(0.0010, 0.0080, 0.0090)	Architecture [62-19]	 Time 0.0190	 Loss 2.7427	 flops 679046.125
(0.0010, 0.0080, 0.0070)	Architecture [62-24]	 Time 0.0180	 Loss 0.6989	 flops 639939.375
(0.0010, 0.0060, 0.0070)	Architecture [62-29]	 Time 0.0160	 Loss 0.9222	 flops 769237.3125
(0.0010, 0.0070, 0.0070)	Architecture [62-34]	 Time 0.0170	 Loss 1.2283	 flops 657698.75
(0.0010, 0.0080, 0.0060)	Architecture [62-39]	 Time 0.0160	 Loss 0.5204	 flops 637820.875
(0.0010, 0.0070, 0.0070)	Architecture [62-44]	 Time 0.0160	 Loss 0.2520	 flops 590328.375
(0.0010, 0.0070, 0.0070)	Architecture [63-4]	 Time 0.0160	 Loss 0.5004	 flops 808645.1875
(0.0010, 0.0070, 0.0080)	Architecture [63-9]	 Time 0.0180	 Loss 4.0102	 flops 647509.625
(0.0010, 0.0080, 0.0080)	Architecture [63-14]	 Time 0.0170	 Loss 1.1482	 flops 605827.125
(0.0010, 0.0090, 0.0060)	Architecture [63-19]	 Time 0.0160	 Loss 0.6303	 flops 725866.375
(0.0010, 0.0070, 0.0070)	Architecture [63-24]	 Time 0.0170	 Loss 1.9813	 flops 671276.9375
(0.0010, 0.0080, 0.0130)	Architecture [63-29]	 Time 0.0230	 Loss 2.8023	 flops 1108302.375
(0.0010, 0.0080, 0.0060)	Architecture [63-34]	 Time 0.0170	 Loss 1.0531	 flops 683751.5
(0.0010, 0.0060, 0.0060)	Architecture [63-39]	 Time 0.0150	 Loss 1.7958	 flops 606156.9375
(0.0010, 0.0070, 0.0070)	Architecture [63-44]	 Time 0.0170	 Loss 0.1761	 flops 598224.625
(0.0010, 0.0080, 0.0060)	Architecture [64-4]	 Time 0.0170	 Loss 0.9443	 flops 678406.125
(0.0010, 0.0090, 0.0090)	Architecture [64-9]	 Time 0.0190	 Loss 1.6489	 flops 1600540.375
(0.0010, 0.0070, 0.0080)	Architecture [64-14]	 Time 0.0180	 Loss 2.5010	 flops 587920.5625
(0.0010, 0.0080, 0.0070)	Architecture [64-19]	 Time 0.0170	 Loss 0.3250	 flops 608174.625
(0.0010, 0.0070, 0.0090)	Architecture [64-24]	 Time 0.0170	 Loss 0.3670	 flops 553879.25
(0.0010, 0.0070, 0.0070)	Architecture [64-29]	 Time 0.0160	 Loss 0.3810	 flops 715622.8125
(0.0010, 0.0090, 0.0070)	Architecture [64-34]	 Time 0.0180	 Loss 2.7136	 flops 732343.3125
(0.0010, 0.0070, 0.0060)	Architecture [64-39]	 Time 0.0160	 Loss 1.4378	 flops 683501.5
(0.0010, 0.0070, 0.0100)	Architecture [64-44]	 Time 0.0190	 Loss 2.2523	 flops 1236966.0
(0.0010, 0.0080, 0.0090)	Architecture [65-4]	 Time 0.0190	 Loss 5.1511	 flops 508387.875
(0.0010, 0.0080, 0.0060)	Architecture [65-9]	 Time 0.0160	 Loss 0.7264	 flops 498047.03125
(0.0010, 0.0060, 0.0070)	Architecture [65-14]	 Time 0.0150	 Loss 0.9785	 flops 587655.75
(0.0010, 0.0070, 0.0060)	Architecture [65-19]	 Time 0.0150	 Loss 1.0359	 flops 525162.9375
(0.0010, 0.0080, 0.0060)	Architecture [65-24]	 Time 0.0170	 Loss 0.3723	 flops 476766.03125
(0.0010, 0.0080, 0.0090)	Architecture [65-29]	 Time 0.0200	 Loss 2.6819	 flops 941071.375
(0.0010, 0.0080, 0.0110)	Architecture [65-34]	 Time 0.0210	 Loss 2.3439	 flops 1459083.125
(0.0010, 0.0070, 0.0070)	Architecture [65-39]	 Time 0.0160	 Loss 0.2702	 flops 689692.625
(0.0010, 0.0070, 0.0060)	Architecture [65-44]	 Time 0.0150	 Loss 0.2886	 flops 666633.0
(0.0010, 0.0100, 0.0120)	Architecture [66-4]	 Time 0.0240	 Loss 0.4471	 flops 1797088.75
(0.0010, 0.0090, 0.0070)	Architecture [66-9]	 Time 0.0190	 Loss 0.2428	 flops 560694.0625
(0.0010, 0.0070, 0.0050)	Architecture [66-14]	 Time 0.0150	 Loss 1.7887	 flops 635521.4375
(0.0010, 0.0080, 0.0060)	Architecture [66-19]	 Time 0.0150	 Loss 0.8378	 flops 593821.9375
(0.0010, 0.0080, 0.0080)	Architecture [66-24]	 Time 0.0180	 Loss 1.6503	 flops 945155.3125
(0.0010, 0.0070, 0.0080)	Architecture [66-29]	 Time 0.0180	 Loss 3.3424	 flops 827907.75
(0.0010, 0.0080, 0.0060)	Architecture [66-34]	 Time 0.0150	 Loss 0.7308	 flops 532102.5625
(0.0010, 0.0080, 0.0060)	Architecture [66-39]	 Time 0.0150	 Loss 0.8788	 flops 622081.625
(0.0010, 0.0070, 0.0060)	Architecture [66-44]	 Time 0.0150	 Loss 1.3293	 flops 556183.0
(0.0010, 0.0070, 0.0070)	Architecture [67-4]	 Time 0.0150	 Loss 0.2883	 flops 616023.25
(0.0020, 0.0080, 0.0060)	Architecture [67-9]	 Time 0.0170	 Loss 0.6712	 flops 639989.75
(0.0010, 0.0070, 0.0060)	Architecture [67-14]	 Time 0.0160	 Loss 1.5295	 flops 672133.8125
(0.0010, 0.0080, 0.0060)	Architecture [67-19]	 Time 0.0170	 Loss 0.4855	 flops 552691.3125
(0.0010, 0.0070, 0.0070)	Architecture [67-24]	 Time 0.0150	 Loss 0.4106	 flops 593134.375
(0.0010, 0.0080, 0.0060)	Architecture [67-29]	 Time 0.0160	 Loss 0.1404	 flops 572531.1875
(0.0020, 0.0070, 0.0070)	Architecture [67-34]	 Time 0.0160	 Loss 0.2423	 flops 738438.4375
(0.0010, 0.0080, 0.0070)	Architecture [67-39]	 Time 0.0180	 Loss 2.5556	 flops 749977.5
(0.0010, 0.0070, 0.0060)	Architecture [67-44]	 Time 0.0160	 Loss 1.1991	 flops 621660.6875
(0.0010, 0.0090, 0.0080)	Architecture [68-4]	 Time 0.0200	 Loss 0.6208	 flops 535956.375
(0.0010, 0.0080, 0.0080)	Architecture [68-9]	 Time 0.0170	 Loss 1.8454	 flops 498204.28125
(0.0010, 0.0070, 0.0070)	Architecture [68-14]	 Time 0.0150	 Loss 0.9341	 flops 601042.4375
(0.0010, 0.0080, 0.0080)	Architecture [68-19]	 Time 0.0180	 Loss 2.2504	 flops 1058427.0
(0.0010, 0.0080, 0.0080)	Architecture [68-24]	 Time 0.0180	 Loss 2.2608	 flops 651362.0625
(0.0010, 0.0070, 0.0060)	Architecture [68-29]	 Time 0.0140	 Loss 0.3037	 flops 719308.0
(0.0010, 0.0080, 0.0110)	Architecture [68-34]	 Time 0.0200	 Loss 2.4451	 flops 1550925.875
(0.0010, 0.0070, 0.0070)	Architecture [68-39]	 Time 0.0160	 Loss 1.3853	 flops 566146.4375
(0.0010, 0.0070, 0.0060)	Architecture [68-44]	 Time 0.0150	 Loss 0.6557	 flops 635260.1875
(0.0010, 0.0070, 0.0060)	Architecture [69-4]	 Time 0.0150	 Loss 0.5317	 flops 555863.75
(0.0010, 0.0060, 0.0070)	Architecture [69-9]	 Time 0.0150	 Loss 0.2146	 flops 643732.5
(0.0000, 0.0070, 0.0060)	Architecture [69-14]	 Time 0.0150	 Loss 0.3044	 flops 639510.375
(0.0010, 0.0080, 0.0080)	Architecture [69-19]	 Time 0.0190	 Loss 3.1084	 flops 635598.875
(0.0010, 0.0060, 0.0070)	Architecture [69-24]	 Time 0.0160	 Loss 1.2176	 flops 600238.0
(0.0010, 0.0080, 0.0070)	Architecture [69-29]	 Time 0.0180	 Loss 0.6740	 flops 517998.40625
(0.0010, 0.0080, 0.0060)	Architecture [69-34]	 Time 0.0170	 Loss 1.7984	 flops 539467.8125
(0.0010, 0.0090, 0.0060)	Architecture [69-39]	 Time 0.0170	 Loss 0.7293	 flops 500885.15625
(0.0010, 0.0070, 0.0090)	Architecture [69-44]	 Time 0.0180	 Loss 1.6196	 flops 659544.0625
(0.0010, 0.0080, 0.0070)	Architecture [70-4]	 Time 0.0170	 Loss 1.2266	 flops 555379.75
(0.0010, 0.0090, 0.0110)	Architecture [70-9]	 Time 0.0230	 Loss 2.7574	 flops 2991190.25
(0.0010, 0.0080, 0.0090)	Architecture [70-14]	 Time 0.0200	 Loss 1.7298	 flops 2198617.75
(0.0010, 0.0070, 0.0090)	Architecture [70-19]	 Time 0.0180	 Loss 1.7106	 flops 1583287.5
(0.0010, 0.0070, 0.0090)	Architecture [70-24]	 Time 0.0180	 Loss 0.6562	 flops 602989.3125
(0.0010, 0.0100, 0.0090)	Architecture [70-29]	 Time 0.0210	 Loss 0.1991	 flops 657632.3125
(0.0020, 0.0080, 0.0070)	Architecture [70-34]	 Time 0.0190	 Loss 0.1496	 flops 639455.625
(0.0010, 0.0070, 0.0060)	Architecture [70-39]	 Time 0.0160	 Loss 0.4155	 flops 699592.5625
(0.0010, 0.0090, 0.0070)	Architecture [70-44]	 Time 0.0180	 Loss 1.4079	 flops 566109.875
(0.0010, 0.0070, 0.0060)	Architecture [71-4]	 Time 0.0160	 Loss 1.7982	 flops 728926.0625
(0.0010, 0.0090, 0.0070)	Architecture [71-9]	 Time 0.0190	 Loss 0.4370	 flops 511003.34375
(0.0000, 0.0070, 0.0090)	Architecture [71-14]	 Time 0.0180	 Loss 7.1631	 flops 594416.0
(0.0010, 0.0080, 0.0060)	Architecture [71-19]	 Time 0.0160	 Loss 1.3964	 flops 571735.625
(0.0010, 0.0080, 0.0060)	Architecture [71-24]	 Time 0.0160	 Loss 1.2674	 flops 706315.75
(0.0010, 0.0080, 0.0060)	Architecture [71-29]	 Time 0.0160	 Loss 1.3368	 flops 674691.5
(0.0010, 0.0080, 0.0070)	Architecture [71-34]	 Time 0.0180	 Loss 0.2737	 flops 669403.8125
(0.0010, 0.0080, 0.0060)	Architecture [71-39]	 Time 0.0150	 Loss 1.2452	 flops 746816.5
(0.0010, 0.0080, 0.0090)	Architecture [71-44]	 Time 0.0180	 Loss 1.9701	 flops 1137763.5
(0.0010, 0.0090, 0.0060)	Architecture [72-4]	 Time 0.0160	 Loss 0.8613	 flops 629957.1875
(0.0010, 0.0080, 0.0060)	Architecture [72-9]	 Time 0.0160	 Loss 0.3133	 flops 630614.4375
(0.0010, 0.0080, 0.0090)	Architecture [72-14]	 Time 0.0200	 Loss 0.5364	 flops 562164.1875
(0.0010, 0.0070, 0.0060)	Architecture [72-19]	 Time 0.0140	 Loss 0.3516	 flops 670288.375
(0.0010, 0.0080, 0.0060)	Architecture [72-24]	 Time 0.0160	 Loss 1.5082	 flops 651570.5625
(0.0010, 0.0080, 0.0080)	Architecture [72-29]	 Time 0.0170	 Loss 1.7527	 flops 2889815.0
(0.0010, 0.0070, 0.0060)	Architecture [72-34]	 Time 0.0150	 Loss 0.4409	 flops 335190.59375
(0.0010, 0.0070, 0.0070)	Architecture [72-39]	 Time 0.0150	 Loss 0.9676	 flops 732686.375
(0.0010, 0.0070, 0.0060)	Architecture [72-44]	 Time 0.0160	 Loss 1.3041	 flops 713277.8125
(0.0010, 0.0080, 0.0070)	Architecture [73-4]	 Time 0.0170	 Loss 1.0461	 flops 690276.125
(0.0010, 0.0070, 0.0080)	Architecture [73-9]	 Time 0.0170	 Loss 2.1895	 flops 646783.9375
(0.0010, 0.0070, 0.0070)	Architecture [73-14]	 Time 0.0150	 Loss 0.1996	 flops 584781.3125
(0.0020, 0.0070, 0.0080)	Architecture [73-19]	 Time 0.0180	 Loss 2.1536	 flops 615095.9375
(0.0010, 0.0090, 0.0090)	Architecture [73-24]	 Time 0.0190	 Loss 0.8939	 flops 683163.0625
(0.0010, 0.0070, 0.0070)	Architecture [73-29]	 Time 0.0150	 Loss 1.1084	 flops 641454.875
(0.0010, 0.0070, 0.0070)	Architecture [73-34]	 Time 0.0160	 Loss 0.6734	 flops 427092.34375
(0.0010, 0.0070, 0.0070)	Architecture [73-39]	 Time 0.0150	 Loss 0.2097	 flops 702032.3125
(0.0010, 0.0070, 0.0060)	Architecture [73-44]	 Time 0.0150	 Loss 0.4802	 flops 528095.25
(0.0010, 0.0090, 0.0060)	Architecture [74-4]	 Time 0.0170	 Loss 2.9670	 flops 596252.5625
(0.0010, 0.0080, 0.0090)	Architecture [74-9]	 Time 0.0180	 Loss 0.8109	 flops 1175933.625
(0.0010, 0.0070, 0.0070)	Architecture [74-14]	 Time 0.0160	 Loss 0.5119	 flops 654053.6875
(0.0010, 0.0080, 0.0060)	Architecture [74-19]	 Time 0.0160	 Loss 1.4925	 flops 724880.1875
(0.0010, 0.0060, 0.0070)	Architecture [74-24]	 Time 0.0150	 Loss 1.8896	 flops 769452.3125
(0.0010, 0.0080, 0.0060)	Architecture [74-29]	 Time 0.0170	 Loss 1.0778	 flops 652534.125
(0.0010, 0.0090, 0.0060)	Architecture [74-34]	 Time 0.0160	 Loss 1.7802	 flops 748104.4375
(0.0010, 0.0070, 0.0060)	Architecture [74-39]	 Time 0.0150	 Loss 0.3611	 flops 756290.875
(0.0010, 0.0080, 0.0070)	Architecture [74-44]	 Time 0.0170	 Loss 3.6419	 flops 722769.625
(0.0010, 0.0070, 0.0070)	Architecture [75-4]	 Time 0.0160	 Loss 2.0589	 flops 679253.4375
(0.0010, 0.0080, 0.0050)	Architecture [75-9]	 Time 0.0160	 Loss 0.8523	 flops 591582.9375
(0.0010, 0.0070, 0.0090)	Architecture [75-14]	 Time 0.0180	 Loss 1.7913	 flops 2790806.75
(0.0010, 0.0080, 0.0080)	Architecture [75-19]	 Time 0.0180	 Loss 0.2178	 flops 643793.5
(0.0020, 0.0080, 0.0090)	Architecture [75-24]	 Time 0.0200	 Loss 0.5732	 flops 2126072.75
(0.0000, 0.0080, 0.0060)	Architecture [75-29]	 Time 0.0160	 Loss 2.7052	 flops 618464.5625
(0.0010, 0.0090, 0.0070)	Architecture [75-34]	 Time 0.0180	 Loss 1.3735	 flops 703706.625
(0.0010, 0.0070, 0.0060)	Architecture [75-39]	 Time 0.0160	 Loss 0.5765	 flops 526458.375
(0.0010, 0.0070, 0.0070)	Architecture [75-44]	 Time 0.0170	 Loss 1.0263	 flops 503360.5625
(0.0010, 0.0090, 0.0080)	Architecture [76-4]	 Time 0.0200	 Loss 4.1381	 flops 1219985.25
(0.0010, 0.0080, 0.0100)	Architecture [76-9]	 Time 0.0200	 Loss 2.0429	 flops 569185.8125
(0.0010, 0.0080, 0.0080)	Architecture [76-14]	 Time 0.0190	 Loss 1.6639	 flops 651786.4375
(0.0010, 0.0080, 0.0070)	Architecture [76-19]	 Time 0.0170	 Loss 0.5706	 flops 620128.0625
(0.0010, 0.0070, 0.0060)	Architecture [76-24]	 Time 0.0150	 Loss 0.6629	 flops 669010.1875
(0.0010, 0.0090, 0.0070)	Architecture [76-29]	 Time 0.0190	 Loss 0.8639	 flops 773195.8125
(0.0010, 0.0080, 0.0060)	Architecture [76-34]	 Time 0.0160	 Loss 0.3049	 flops 650128.3125
(0.0010, 0.0070, 0.0060)	Architecture [76-39]	 Time 0.0150	 Loss 0.3035	 flops 607139.0625
(0.0010, 0.0070, 0.0060)	Architecture [76-44]	 Time 0.0160	 Loss 0.1132	 flops 729645.5625
(0.0020, 0.0070, 0.0070)	Architecture [77-4]	 Time 0.0160	 Loss 0.5300	 flops 645375.25
(0.0000, 0.0100, 0.0080)	Architecture [77-9]	 Time 0.0200	 Loss 2.5243	 flops 555896.625
(0.0010, 0.0070, 0.0060)	Architecture [77-14]	 Time 0.0150	 Loss 0.9721	 flops 453456.8125
(0.0010, 0.0090, 0.0090)	Architecture [77-19]	 Time 0.0200	 Loss 1.8167	 flops 1952022.75
(0.0010, 0.0070, 0.0060)	Architecture [77-24]	 Time 0.0150	 Loss 1.8092	 flops 547515.25
(0.0010, 0.0090, 0.0090)	Architecture [77-29]	 Time 0.0200	 Loss 5.1218	 flops 1850812.125
(0.0230, 0.0150, 0.0170)	Architecture [77-34]	 Time 0.0570	 Loss 1.8335	 flops 1031191.3125
(0.0010, 0.0100, 0.0090)	Architecture [77-39]	 Time 0.0210	 Loss 2.3006	 flops 510723.9375
(0.0010, 0.0090, 0.0070)	Architecture [77-44]	 Time 0.0170	 Loss 0.3661	 flops 592513.25
(0.0010, 0.0080, 0.0100)	Architecture [78-4]	 Time 0.0190	 Loss 1.3941	 flops 2357970.75
(0.0010, 0.0140, 0.0110)	Architecture [78-9]	 Time 0.0280	 Loss 1.4264	 flops 1016145.5625
(0.0020, 0.0080, 0.0070)	Architecture [78-14]	 Time 0.0170	 Loss 0.4064	 flops 592787.0
(0.0010, 0.0080, 0.0080)	Architecture [78-19]	 Time 0.0180	 Loss 1.6498	 flops 2009344.5
(0.0010, 0.0090, 0.0070)	Architecture [78-24]	 Time 0.0170	 Loss 0.1083	 flops 595444.5
(0.0010, 0.0070, 0.0080)	Architecture [78-29]	 Time 0.0160	 Loss 1.0970	 flops 634488.3125
(0.0010, 0.0070, 0.0060)	Architecture [78-34]	 Time 0.0150	 Loss 2.1899	 flops 480126.8125
(0.0010, 0.0070, 0.0060)	Architecture [78-39]	 Time 0.0150	 Loss 0.9253	 flops 778965.75
(0.0010, 0.0070, 0.0060)	Architecture [78-44]	 Time 0.0150	 Loss 0.3109	 flops 699553.6875
(0.0010, 0.0080, 0.0060)	Architecture [79-4]	 Time 0.0170	 Loss 2.0373	 flops 543404.25
(0.0010, 0.0120, 0.0110)	Architecture [79-9]	 Time 0.0250	 Loss 4.4528	 flops 876943.875
(0.0010, 0.0080, 0.0090)	Architecture [79-14]	 Time 0.0180	 Loss 1.5179	 flops 922205.9375
(0.0010, 0.0060, 0.0060)	Architecture [79-19]	 Time 0.0150	 Loss 0.7225	 flops 531322.0625
(0.0010, 0.0070, 0.0060)	Architecture [79-24]	 Time 0.0140	 Loss 0.6001	 flops 519388.75
(0.0010, 0.0060, 0.0070)	Architecture [79-29]	 Time 0.0150	 Loss 0.8848	 flops 538284.375
(0.0010, 0.0080, 0.0070)	Architecture [79-34]	 Time 0.0170	 Loss 1.5918	 flops 582533.625
(0.0020, 0.0080, 0.0070)	Architecture [79-39]	 Time 0.0180	 Loss 0.7516	 flops 517314.75
(0.0020, 0.0070, 0.0070)	Architecture [79-44]	 Time 0.0170	 Loss 0.2394	 flops 668844.5
(0.0010, 0.0080, 0.0050)	Architecture [80-4]	 Time 0.0150	 Loss 0.2017	 flops 861264.1875
(0.0010, 0.0070, 0.0060)	Architecture [80-9]	 Time 0.0160	 Loss 0.1931	 flops 634041.4375
(0.0010, 0.0070, 0.0070)	Architecture [80-14]	 Time 0.0160	 Loss 2.5122	 flops 791052.1875
(0.0010, 0.0070, 0.0060)	Architecture [80-19]	 Time 0.0150	 Loss 1.3123	 flops 671972.8125
(0.0010, 0.0070, 0.0080)	Architecture [80-24]	 Time 0.0180	 Loss 2.0700	 flops 559204.6875
(0.0010, 0.0070, 0.0060)	Architecture [80-29]	 Time 0.0160	 Loss 1.4216	 flops 787184.25
(0.0010, 0.0080, 0.0060)	Architecture [80-34]	 Time 0.0170	 Loss 1.0027	 flops 819213.25
(0.0010, 0.0080, 0.0080)	Architecture [80-39]	 Time 0.0180	 Loss 2.5141	 flops 1609863.375
(0.0010, 0.0070, 0.0060)	Architecture [80-44]	 Time 0.0150	 Loss 1.8236	 flops 590636.875
(0.0010, 0.0100, 0.0070)	Architecture [81-4]	 Time 0.0180	 Loss 0.3428	 flops 760712.8125
(0.0010, 0.0070, 0.0070)	Architecture [81-9]	 Time 0.0160	 Loss 0.8381	 flops 668705.375
(0.0010, 0.0080, 0.0060)	Architecture [81-14]	 Time 0.0170	 Loss 1.4374	 flops 674405.125
(0.0010, 0.0070, 0.0060)	Architecture [81-19]	 Time 0.0160	 Loss 0.4175	 flops 700672.1875
(0.0010, 0.0070, 0.0070)	Architecture [81-24]	 Time 0.0150	 Loss 0.3196	 flops 784870.0625
(0.0000, 0.0070, 0.0060)	Architecture [81-29]	 Time 0.0150	 Loss 0.1702	 flops 667132.75
(0.0010, 0.0070, 0.0090)	Architecture [81-34]	 Time 0.0190	 Loss 1.8784	 flops 1136411.25
(0.0010, 0.0080, 0.0070)	Architecture [81-39]	 Time 0.0170	 Loss 2.0521	 flops 564077.8125
(0.0010, 0.0090, 0.0070)	Architecture [81-44]	 Time 0.0180	 Loss 1.3495	 flops 858800.3125
(0.0010, 0.0080, 0.0060)	Architecture [82-4]	 Time 0.0160	 Loss 0.5017	 flops 597531.6875
(0.0010, 0.0070, 0.0060)	Architecture [82-9]	 Time 0.0160	 Loss 2.2024	 flops 600057.75
(0.0010, 0.0070, 0.0070)	Architecture [82-14]	 Time 0.0170	 Loss 1.4956	 flops 802564.0625
(0.0020, 0.0080, 0.0070)	Architecture [82-19]	 Time 0.0180	 Loss 0.7792	 flops 720427.4375
(0.0010, 0.0090, 0.0100)	Architecture [82-24]	 Time 0.0220	 Loss 2.0137	 flops 1144792.125
(0.0010, 0.0080, 0.0080)	Architecture [82-29]	 Time 0.0180	 Loss 0.4059	 flops 590379.6875
(0.0010, 0.0090, 0.0070)	Architecture [82-34]	 Time 0.0180	 Loss 0.9209	 flops 719057.125
(0.0010, 0.0080, 0.0060)	Architecture [82-39]	 Time 0.0170	 Loss 1.6684	 flops 581930.875
(0.0010, 0.0070, 0.0070)	Architecture [82-44]	 Time 0.0160	 Loss 0.4811	 flops 689285.625
(0.0010, 0.0080, 0.0090)	Architecture [83-4]	 Time 0.0190	 Loss 0.6335	 flops 1485824.75
(0.0010, 0.0080, 0.0100)	Architecture [83-9]	 Time 0.0200	 Loss 0.3972	 flops 2230995.25
(0.0010, 0.0070, 0.0050)	Architecture [83-14]	 Time 0.0150	 Loss 0.3486	 flops 733327.25
(0.0010, 0.0080, 0.0060)	Architecture [83-19]	 Time 0.0170	 Loss 2.6200	 flops 662609.0
(0.0000, 0.0080, 0.0070)	Architecture [83-24]	 Time 0.0170	 Loss 0.8738	 flops 704291.75
(0.0010, 0.0070, 0.0070)	Architecture [83-29]	 Time 0.0170	 Loss 0.6364	 flops 738925.0625
(0.0010, 0.0090, 0.0090)	Architecture [83-34]	 Time 0.0200	 Loss 4.7216	 flops 1817561.25
(0.0010, 0.0070, 0.0090)	Architecture [83-39]	 Time 0.0180	 Loss 3.0604	 flops 1139202.625
(0.0010, 0.0060, 0.0070)	Architecture [83-44]	 Time 0.0160	 Loss 1.1314	 flops 697521.25
(0.0010, 0.0070, 0.0070)	Architecture [84-4]	 Time 0.0150	 Loss 1.4182	 flops 747904.625
(0.0010, 0.0060, 0.0070)	Architecture [84-9]	 Time 0.0150	 Loss 0.3013	 flops 847864.375
(0.0010, 0.0070, 0.0090)	Architecture [84-14]	 Time 0.0190	 Loss 3.5263	 flops 1049684.75
(0.0010, 0.0070, 0.0060)	Architecture [84-19]	 Time 0.0160	 Loss 0.6515	 flops 739912.375
(0.0010, 0.0070, 0.0070)	Architecture [84-24]	 Time 0.0170	 Loss 0.5271	 flops 618772.375
(0.0010, 0.0070, 0.0060)	Architecture [84-29]	 Time 0.0150	 Loss 0.3044	 flops 711373.5625
(0.0010, 0.0080, 0.0090)	Architecture [84-34]	 Time 0.0190	 Loss 0.2972	 flops 1219595.125
(0.0010, 0.0090, 0.0070)	Architecture [84-39]	 Time 0.0170	 Loss 0.4111	 flops 760962.8125
(0.0010, 0.0090, 0.0090)	Architecture [84-44]	 Time 0.0210	 Loss 3.7374	 flops 2471418.0
(0.0010, 0.0090, 0.0060)	Architecture [85-4]	 Time 0.0160	 Loss 0.8597	 flops 707283.9375
(0.0010, 0.0070, 0.0060)	Architecture [85-9]	 Time 0.0160	 Loss 0.4990	 flops 573651.6875
(0.0010, 0.0070, 0.0090)	Architecture [85-14]	 Time 0.0180	 Loss 5.0742	 flops 2533385.0
(0.0010, 0.0090, 0.0060)	Architecture [85-19]	 Time 0.0170	 Loss 1.5252	 flops 563702.125
(0.0010, 0.0080, 0.0060)	Architecture [85-24]	 Time 0.0170	 Loss 0.9260	 flops 711011.75
(0.0000, 0.0070, 0.0070)	Architecture [85-29]	 Time 0.0150	 Loss 2.1675	 flops 611543.125
(0.0010, 0.0090, 0.0070)	Architecture [85-34]	 Time 0.0180	 Loss 0.2341	 flops 732949.125
(0.0010, 0.0070, 0.0070)	Architecture [85-39]	 Time 0.0170	 Loss 0.8767	 flops 687646.5625
(0.0010, 0.0070, 0.0070)	Architecture [85-44]	 Time 0.0160	 Loss 0.9788	 flops 813548.3125
(0.0010, 0.0090, 0.0070)	Architecture [86-4]	 Time 0.0180	 Loss 0.4330	 flops 699414.8125
(0.0010, 0.0080, 0.0090)	Architecture [86-9]	 Time 0.0190	 Loss 1.5046	 flops 729525.125
(0.0010, 0.0080, 0.0080)	Architecture [86-14]	 Time 0.0180	 Loss 0.4437	 flops 1243919.25
(0.0010, 0.0070, 0.0060)	Architecture [86-19]	 Time 0.0150	 Loss 0.3539	 flops 719718.625
(0.0010, 0.0080, 0.0120)	Architecture [86-24]	 Time 0.0210	 Loss 3.0447	 flops 3004622.75
(0.0010, 0.0070, 0.0070)	Architecture [86-29]	 Time 0.0160	 Loss 1.1525	 flops 702907.1875
(0.0010, 0.0080, 0.0070)	Architecture [86-34]	 Time 0.0180	 Loss 0.5066	 flops 503477.5625
(0.0010, 0.0070, 0.0060)	Architecture [86-39]	 Time 0.0160	 Loss 1.7976	 flops 647727.0625
(0.0010, 0.0080, 0.0070)	Architecture [86-44]	 Time 0.0170	 Loss 1.3059	 flops 736765.6875
(0.0010, 0.0100, 0.0100)	Architecture [87-4]	 Time 0.0230	 Loss 1.0971	 flops 574169.625
(0.0010, 0.0080, 0.0080)	Architecture [87-9]	 Time 0.0170	 Loss 0.8706	 flops 778538.25
(0.0010, 0.0070, 0.0070)	Architecture [87-14]	 Time 0.0170	 Loss 0.3627	 flops 738775.25
(0.0010, 0.0070, 0.0060)	Architecture [87-19]	 Time 0.0150	 Loss 0.7518	 flops 789870.9375
(0.0010, 0.0080, 0.0080)	Architecture [87-24]	 Time 0.0180	 Loss 1.8303	 flops 440927.875
(0.0010, 0.0080, 0.0080)	Architecture [87-29]	 Time 0.0190	 Loss 3.4107	 flops 775428.75
(0.0010, 0.0090, 0.0060)	Architecture [87-34]	 Time 0.0170	 Loss 0.2825	 flops 741119.8125
(0.0010, 0.0070, 0.0060)	Architecture [87-39]	 Time 0.0140	 Loss 0.1882	 flops 776506.1875
(0.0010, 0.0060, 0.0070)	Architecture [87-44]	 Time 0.0150	 Loss 0.3331	 flops 769497.625
(0.0010, 0.0080, 0.0070)	Architecture [88-4]	 Time 0.0180	 Loss 1.5957	 flops 561028.6875
(0.0010, 0.0080, 0.0060)	Architecture [88-9]	 Time 0.0160	 Loss 1.3020	 flops 391930.40625
(0.0010, 0.0070, 0.0080)	Architecture [88-14]	 Time 0.0170	 Loss 1.5672	 flops 724443.875
(0.0010, 0.0070, 0.0070)	Architecture [88-19]	 Time 0.0160	 Loss 2.1023	 flops 721401.5625
(0.0000, 0.0080, 0.0060)	Architecture [88-24]	 Time 0.0160	 Loss 0.9221	 flops 525399.3125
(0.0010, 0.0090, 0.0070)	Architecture [88-29]	 Time 0.0180	 Loss 1.0721	 flops 618803.0
(0.0010, 0.0080, 0.0060)	Architecture [88-34]	 Time 0.0160	 Loss 1.2675	 flops 759152.375
(0.0010, 0.0090, 0.0060)	Architecture [88-39]	 Time 0.0170	 Loss 0.3254	 flops 558339.5625
(0.0010, 0.0080, 0.0060)	Architecture [88-44]	 Time 0.0170	 Loss 1.0385	 flops 738084.1875
(0.0010, 0.0080, 0.0070)	Architecture [89-4]	 Time 0.0170	 Loss 0.8348	 flops 759772.25
(0.0000, 0.0080, 0.0060)	Architecture [89-9]	 Time 0.0160	 Loss 0.5015	 flops 740594.6875
(0.0010, 0.0070, 0.0060)	Architecture [89-14]	 Time 0.0150	 Loss 0.3030	 flops 636090.0
(0.0010, 0.0090, 0.0070)	Architecture [89-19]	 Time 0.0190	 Loss 0.2143	 flops 765004.625
(0.0010, 0.0080, 0.0060)	Architecture [89-24]	 Time 0.0160	 Loss 0.3188	 flops 741531.75
(0.0010, 0.0080, 0.0070)	Architecture [89-29]	 Time 0.0170	 Loss 2.5284	 flops 761230.3125
(0.0010, 0.0080, 0.0060)	Architecture [89-34]	 Time 0.0160	 Loss 1.1848	 flops 585286.0625
(0.0010, 0.0090, 0.0070)	Architecture [89-39]	 Time 0.0180	 Loss 0.3804	 flops 761780.0
(0.0010, 0.0080, 0.0060)	Architecture [89-44]	 Time 0.0170	 Loss 1.3758	 flops 737066.125
(0.0010, 0.0080, 0.0100)	Architecture [90-4]	 Time 0.0200	 Loss 3.3073	 flops 1747351.0
(0.0010, 0.0070, 0.0070)	Architecture [90-9]	 Time 0.0160	 Loss 0.8749	 flops 581207.625
(0.0010, 0.0070, 0.0060)	Architecture [90-14]	 Time 0.0150	 Loss 1.7720	 flops 563229.5
(0.0010, 0.0070, 0.0060)	Architecture [90-19]	 Time 0.0140	 Loss 0.4264	 flops 761149.0
(0.0010, 0.0080, 0.0070)	Architecture [90-24]	 Time 0.0160	 Loss 0.9630	 flops 606189.3125
(0.0010, 0.0070, 0.0060)	Architecture [90-29]	 Time 0.0160	 Loss 0.8883	 flops 728079.9375
(0.0010, 0.0080, 0.0070)	Architecture [90-34]	 Time 0.0180	 Loss 0.4886	 flops 806963.75
(0.0000, 0.0090, 0.0070)	Architecture [90-39]	 Time 0.0180	 Loss 0.3833	 flops 738072.1875
(0.0010, 0.0070, 0.0070)	Architecture [90-44]	 Time 0.0160	 Loss 0.1831	 flops 643796.0
(0.0010, 0.0090, 0.0090)	Architecture [91-4]	 Time 0.0200	 Loss 0.3432	 flops 1788091.0
(0.0010, 0.0080, 0.0060)	Architecture [91-9]	 Time 0.0170	 Loss 2.3295	 flops 706909.6875
(0.0010, 0.0070, 0.0060)	Architecture [91-14]	 Time 0.0140	 Loss 0.9297	 flops 659479.9375
(0.0010, 0.0070, 0.0060)	Architecture [91-19]	 Time 0.0160	 Loss 0.4200	 flops 723098.625
(0.0010, 0.0070, 0.0060)	Architecture [91-24]	 Time 0.0160	 Loss 1.8191	 flops 559688.125
(0.0010, 0.0080, 0.0130)	Architecture [91-29]	 Time 0.0240	 Loss 4.4295	 flops 2074022.625
(0.0010, 0.0100, 0.0070)	Architecture [91-34]	 Time 0.0190	 Loss 0.8873	 flops 638280.875
(0.0010, 0.0080, 0.0060)	Architecture [91-39]	 Time 0.0150	 Loss 1.1316	 flops 740194.0625
(0.0010, 0.0080, 0.0070)	Architecture [91-44]	 Time 0.0170	 Loss 0.3749	 flops 825679.25
(0.0010, 0.0080, 0.0070)	Architecture [92-4]	 Time 0.0170	 Loss 0.7723	 flops 618115.5
(0.0010, 0.0080, 0.0070)	Architecture [92-9]	 Time 0.0180	 Loss 1.5680	 flops 495929.125
(0.0010, 0.0070, 0.0070)	Architecture [92-14]	 Time 0.0150	 Loss 0.6811	 flops 395794.84375
(0.0010, 0.0080, 0.0060)	Architecture [92-19]	 Time 0.0160	 Loss 0.2120	 flops 685533.5625
(0.0010, 0.0070, 0.0060)	Architecture [92-24]	 Time 0.0160	 Loss 0.0903	 flops 668386.0625
(0.0010, 0.0080, 0.0080)	Architecture [92-29]	 Time 0.0180	 Loss 1.0333	 flops 743384.6875
(0.0010, 0.0090, 0.0070)	Architecture [92-34]	 Time 0.0170	 Loss 1.6535	 flops 495067.3125
(0.0010, 0.0070, 0.0060)	Architecture [92-39]	 Time 0.0150	 Loss 1.3163	 flops 504566.15625
(0.0010, 0.0070, 0.0060)	Architecture [92-44]	 Time 0.0160	 Loss 0.4261	 flops 459090.15625
(0.0010, 0.0080, 0.0090)	Architecture [93-4]	 Time 0.0190	 Loss 3.5648	 flops 753316.125
(0.0010, 0.0080, 0.0080)	Architecture [93-9]	 Time 0.0180	 Loss 1.1725	 flops 787592.9375
(0.0010, 0.0090, 0.0070)	Architecture [93-14]	 Time 0.0190	 Loss 0.8747	 flops 663271.9375
(0.0020, 0.0080, 0.0070)	Architecture [93-19]	 Time 0.0180	 Loss 1.2479	 flops 393782.5625
(0.0010, 0.0080, 0.0090)	Architecture [93-24]	 Time 0.0190	 Loss 2.0546	 flops 979878.375
(0.0020, 0.0070, 0.0080)	Architecture [93-29]	 Time 0.0180	 Loss 0.9443	 flops 729522.0625
(0.0020, 0.0080, 0.0070)	Architecture [93-34]	 Time 0.0180	 Loss 0.7906	 flops 781014.9375
(0.0010, 0.0110, 0.0080)	Architecture [93-39]	 Time 0.0220	 Loss 3.1687	 flops 1447555.125
(0.0010, 0.0070, 0.0070)	Architecture [93-44]	 Time 0.0160	 Loss 0.2837	 flops 753814.125
(0.0010, 0.0090, 0.0080)	Architecture [94-4]	 Time 0.0190	 Loss 0.3686	 flops 740159.9375
(0.0010, 0.0070, 0.0070)	Architecture [94-9]	 Time 0.0160	 Loss 0.3249	 flops 678354.6875
(0.0010, 0.0090, 0.0070)	Architecture [94-14]	 Time 0.0170	 Loss 2.4405	 flops 569779.9375
(0.0010, 0.0080, 0.0050)	Architecture [94-19]	 Time 0.0150	 Loss 0.9861	 flops 696752.625
(0.0000, 0.0070, 0.0070)	Architecture [94-24]	 Time 0.0150	 Loss 0.3705	 flops 720530.5
(0.0010, 0.0080, 0.0070)	Architecture [94-29]	 Time 0.0160	 Loss 1.2716	 flops 508825.28125
(0.0010, 0.0080, 0.0070)	Architecture [94-34]	 Time 0.0180	 Loss 0.7070	 flops 512390.78125
(0.0010, 0.0080, 0.0060)	Architecture [94-39]	 Time 0.0170	 Loss 0.9458	 flops 747973.375
(0.0010, 0.0100, 0.0070)	Architecture [94-44]	 Time 0.0200	 Loss 1.0141	 flops 742584.625
(0.0010, 0.0070, 0.0080)	Architecture [95-4]	 Time 0.0180	 Loss 0.2568	 flops 519273.4375
(0.0010, 0.0070, 0.0070)	Architecture [95-9]	 Time 0.0170	 Loss 0.8601	 flops 821523.75
(0.0010, 0.0070, 0.0080)	Architecture [95-14]	 Time 0.0170	 Loss 1.7809	 flops 530064.0
(0.0010, 0.0080, 0.0070)	Architecture [95-19]	 Time 0.0170	 Loss 0.5002	 flops 616364.6875
(0.0010, 0.0070, 0.0070)	Architecture [95-24]	 Time 0.0160	 Loss 0.4230	 flops 813018.5625
(0.0010, 0.0070, 0.0070)	Architecture [95-29]	 Time 0.0150	 Loss 0.1662	 flops 746105.4375
(0.0010, 0.0090, 0.0070)	Architecture [95-34]	 Time 0.0190	 Loss 0.3784	 flops 786409.8125
(0.0010, 0.0080, 0.0080)	Architecture [95-39]	 Time 0.0180	 Loss 2.1398	 flops 1256722.5
(0.0010, 0.0080, 0.0090)	Architecture [95-44]	 Time 0.0180	 Loss 0.3890	 flops 1305133.375
(0.0020, 0.0080, 0.0070)	Architecture [96-4]	 Time 0.0180	 Loss 0.3682	 flops 742853.9375
(0.0010, 0.0080, 0.0070)	Architecture [96-9]	 Time 0.0160	 Loss 1.5430	 flops 761064.25
(0.0010, 0.0070, 0.0100)	Architecture [96-14]	 Time 0.0200	 Loss 2.6731	 flops 1791689.625
(0.0020, 0.0060, 0.0070)	Architecture [96-19]	 Time 0.0160	 Loss 0.9762	 flops 772427.875
(0.0010, 0.0080, 0.0060)	Architecture [96-24]	 Time 0.0160	 Loss 1.2181	 flops 787263.375
(0.0010, 0.0080, 0.0060)	Architecture [96-29]	 Time 0.0160	 Loss 0.2579	 flops 675247.5
(0.0010, 0.0070, 0.0070)	Architecture [96-34]	 Time 0.0150	 Loss 0.9216	 flops 669438.4375
(0.0010, 0.0080, 0.0060)	Architecture [96-39]	 Time 0.0160	 Loss 0.8037	 flops 788135.75
(0.0010, 0.0070, 0.0090)	Architecture [96-44]	 Time 0.0190	 Loss 2.5590	 flops 1048920.25
(0.0010, 0.0080, 0.0060)	Architecture [97-4]	 Time 0.0160	 Loss 0.2649	 flops 731954.8125
(0.0010, 0.0080, 0.0080)	Architecture [97-9]	 Time 0.0190	 Loss 0.1756	 flops 753105.5
(0.0010, 0.0090, 0.0070)	Architecture [97-14]	 Time 0.0190	 Loss 0.2068	 flops 538177.0625
(0.0010, 0.0070, 0.0070)	Architecture [97-19]	 Time 0.0170	 Loss 3.3067	 flops 538510.25
(0.0010, 0.0080, 0.0090)	Architecture [97-24]	 Time 0.0180	 Loss 0.8931	 flops 1231159.25
(0.0020, 0.0070, 0.0070)	Architecture [97-29]	 Time 0.0170	 Loss 0.5454	 flops 532795.875
(0.0010, 0.0080, 0.0060)	Architecture [97-34]	 Time 0.0160	 Loss 1.7864	 flops 574063.8125
(0.0010, 0.0090, 0.0070)	Architecture [97-39]	 Time 0.0170	 Loss 1.0220	 flops 562429.8125
(0.0010, 0.0100, 0.0060)	Architecture [97-44]	 Time 0.0190	 Loss 1.2632	 flops 572942.875
(0.0010, 0.0080, 0.0070)	Architecture [98-4]	 Time 0.0180	 Loss 1.2671	 flops 742671.125
(0.0010, 0.0090, 0.0070)	Architecture [98-9]	 Time 0.0190	 Loss 0.3005	 flops 699519.875
(0.0010, 0.0070, 0.0070)	Architecture [98-14]	 Time 0.0170	 Loss 0.7984	 flops 474103.96875
(0.0000, 0.0090, 0.0080)	Architecture [98-19]	 Time 0.0190	 Loss 1.9855	 flops 2627615.75
(0.0010, 0.0070, 0.0060)	Architecture [98-24]	 Time 0.0150	 Loss 0.8726	 flops 679255.8125
(0.0010, 0.0080, 0.0060)	Architecture [98-29]	 Time 0.0160	 Loss 0.4649	 flops 591966.75
(0.0010, 0.0080, 0.0060)	Architecture [98-34]	 Time 0.0160	 Loss 0.1537	 flops 783899.75
(0.0000, 0.0080, 0.0100)	Architecture [98-39]	 Time 0.0200	 Loss 1.1266	 flops 1452297.125
(0.0010, 0.0070, 0.0070)	Architecture [98-44]	 Time 0.0160	 Loss 1.7098	 flops 664884.875
(0.0020, 0.0080, 0.0080)	Architecture [99-4]	 Time 0.0190	 Loss 1.2001	 flops 509848.8125
(0.0010, 0.0090, 0.0100)	Architecture [99-9]	 Time 0.0220	 Loss 1.8587	 flops 565918.625
(0.0010, 0.0070, 0.0070)	Architecture [99-14]	 Time 0.0150	 Loss 1.5030	 flops 675868.5625
(0.0000, 0.0070, 0.0060)	Architecture [99-19]	 Time 0.0150	 Loss 1.4341	 flops 774729.5625
(0.0010, 0.0080, 0.0070)	Architecture [99-24]	 Time 0.0170	 Loss 0.9194	 flops 647064.0625
(0.0000, 0.0080, 0.0060)	Architecture [99-29]	 Time 0.0160	 Loss 1.3560	 flops 705438.4375
(0.0020, 0.0080, 0.0090)	Architecture [99-34]	 Time 0.0200	 Loss 1.0008	 flops 1043518.3125
(0.0010, 0.0090, 0.0060)	Architecture [99-39]	 Time 0.0170	 Loss 1.0231	 flops 493079.03125
(0.0010, 0.0080, 0.0080)	Architecture [99-44]	 Time 0.0180	 Loss 2.0567	 flops 635475.8125
(0.0010, 0.0090, 0.0070)	Architecture [100-4]	 Time 0.0180	 Loss 0.4172	 flops 768697.6875
(0.0250, 0.0090, 0.0080)	Architecture [100-9]	 Time 0.0440	 Loss 0.2534	 flops 458053.75
(0.0010, 0.0100, 0.0090)	Architecture [100-14]	 Time 0.0220	 Loss 0.1714	 flops 683724.0625
(0.0010, 0.0080, 0.0080)	Architecture [100-19]	 Time 0.0180	 Loss 0.3741	 flops 760824.0625
(0.0010, 0.0080, 0.0070)	Architecture [100-24]	 Time 0.0180	 Loss 2.1964	 flops 773152.25
(0.0000, 0.0080, 0.0070)	Architecture [100-29]	 Time 0.0160	 Loss 0.9388	 flops 776446.75
(0.0010, 0.0080, 0.0050)	Architecture [100-34]	 Time 0.0160	 Loss 0.4151	 flops 712766.25
(0.0010, 0.0070, 0.0070)	Architecture [100-39]	 Time 0.0160	 Loss 1.4942	 flops 732018.1875
(0.0010, 0.0080, 0.0060)	Architecture [100-44]	 Time 0.0160	 Loss 1.0786	 flops 629768.4375
