------------------------------Current Architecture [1]------------------------------
0. (Mix(7x1_Conv, 0.125), None)
1. (Mix(3x1_Conv, 0.111), None)
2. (Mix(7x1_DilatedConv, 0.111), None)
------------------------------------------------------------
------------------------------Current Architecture [2]------------------------------
0. (Mix(9x1_Conv, 0.130), None)
1. (Mix(5x1_Conv, 0.114), None)
2. (Mix(9x1_DilatedConv, 0.115), None)
------------------------------------------------------------
------------------------------Current Architecture [3]------------------------------
0. (Mix(7x1_DilatedConv, 0.131), None)
1. (Mix(5x1_DilatedConv, 0.117), None)
2. (Mix(9x1_DilatedConv, 0.116), None)
------------------------------------------------------------
------------------------------Current Architecture [4]------------------------------
0. (Mix(7x1_DilatedConv, 0.134), None)
1. (Mix(5x1_DilatedConv, 0.118), None)
2. (Mix(Zero, 0.116), None)
------------------------------------------------------------
------------------------------Current Architecture [5]------------------------------
0. (Mix(7x1_DilatedConv, 0.137), None)
1. (Mix(5x1_DilatedConv, 0.119), None)
2. (Mix(Zero, 0.120), None)
------------------------------------------------------------
------------------------------Current Architecture [6]------------------------------
0. (Mix(7x1_DilatedConv, 0.141), None)
1. (Mix(5x1_DilatedConv, 0.120), None)
2. (Mix(Zero, 0.122), None)
------------------------------------------------------------
------------------------------Current Architecture [7]------------------------------
0. (Mix(7x1_DilatedConv, 0.143), None)
1. (Mix(5x1_DilatedConv, 0.119), None)
2. (Mix(Zero, 0.124), None)
------------------------------------------------------------
------------------------------Current Architecture [8]------------------------------
0. (Mix(7x1_DilatedConv, 0.143), None)
1. (Mix(5x1_DilatedConv, 0.120), None)
2. (Mix(Zero, 0.127), None)
------------------------------------------------------------
------------------------------Current Architecture [9]------------------------------
0. (Mix(7x1_DilatedConv, 0.145), None)
1. (Mix(5x1_DilatedConv, 0.120), None)
2. (Mix(Zero, 0.132), None)
------------------------------------------------------------
------------------------------Current Architecture [10]------------------------------
0. (Mix(7x1_DilatedConv, 0.144), None)
1. (Mix(5x1_DilatedConv, 0.120), None)
2. (Mix(Zero, 0.135), None)
------------------------------------------------------------
------------------------------Current Architecture [11]------------------------------
0. (Mix(7x1_DilatedConv, 0.149), None)
1. (Mix(5x1_DilatedConv, 0.119), None)
2. (Mix(Zero, 0.137), None)
------------------------------------------------------------
------------------------------Current Architecture [12]------------------------------
0. (Mix(7x1_DilatedConv, 0.148), None)
1. (Mix(5x1_DilatedConv, 0.121), None)
2. (Mix(Zero, 0.138), None)
------------------------------------------------------------
------------------------------Current Architecture [13]------------------------------
0. (Mix(7x1_DilatedConv, 0.155), None)
1. (Mix(5x1_DilatedConv, 0.127), None)
2. (Mix(Zero, 0.140), None)
------------------------------------------------------------
------------------------------Current Architecture [14]------------------------------
0. (Mix(7x1_DilatedConv, 0.156), None)
1. (Mix(5x1_DilatedConv, 0.127), None)
2. (Mix(Zero, 0.143), None)
------------------------------------------------------------
------------------------------Current Architecture [15]------------------------------
0. (Mix(7x1_DilatedConv, 0.162), None)
1. (Mix(5x1_DilatedConv, 0.131), None)
2. (Mix(Zero, 0.147), None)
------------------------------------------------------------
------------------------------Current Architecture [16]------------------------------
0. (Mix(7x1_DilatedConv, 0.164), None)
1. (Mix(5x1_DilatedConv, 0.132), None)
2. (Mix(Zero, 0.152), None)
------------------------------------------------------------
------------------------------Current Architecture [17]------------------------------
0. (Mix(7x1_DilatedConv, 0.172), None)
1. (Mix(5x1_DilatedConv, 0.131), None)
2. (Mix(Zero, 0.160), None)
------------------------------------------------------------
------------------------------Current Architecture [18]------------------------------
0. (Mix(7x1_DilatedConv, 0.172), None)
1. (Mix(5x1_DilatedConv, 0.133), None)
2. (Mix(Zero, 0.167), None)
------------------------------------------------------------
------------------------------Current Architecture [19]------------------------------
0. (Mix(7x1_DilatedConv, 0.175), None)
1. (Mix(5x1_DilatedConv, 0.136), None)
2. (Mix(Zero, 0.169), None)
------------------------------------------------------------
------------------------------Current Architecture [20]------------------------------
0. (Mix(7x1_DilatedConv, 0.178), None)
1. (Mix(5x1_DilatedConv, 0.137), None)
2. (Mix(Zero, 0.175), None)
------------------------------------------------------------
------------------------------Current Architecture [21]------------------------------
0. (Mix(7x1_DilatedConv, 0.179), None)
1. (Mix(5x1_DilatedConv, 0.132), None)
2. (Mix(Zero, 0.176), None)
------------------------------------------------------------
------------------------------Current Architecture [22]------------------------------
0. (Mix(7x1_DilatedConv, 0.181), None)
1. (Mix(5x1_DilatedConv, 0.131), None)
2. (Mix(Zero, 0.184), None)
------------------------------------------------------------
------------------------------Current Architecture [23]------------------------------
0. (Mix(7x1_DilatedConv, 0.184), None)
1. (Mix(5x1_DilatedConv, 0.132), None)
2. (Mix(Zero, 0.186), None)
------------------------------------------------------------
------------------------------Current Architecture [24]------------------------------
0. (Mix(7x1_DilatedConv, 0.185), None)
1. (Mix(5x1_DilatedConv, 0.132), None)
2. (Mix(Zero, 0.194), None)
------------------------------------------------------------
------------------------------Current Architecture [25]------------------------------
0. (Mix(7x1_DilatedConv, 0.183), None)
1. (Mix(5x1_DilatedConv, 0.133), None)
2. (Mix(Zero, 0.197), None)
------------------------------------------------------------
------------------------------Current Architecture [26]------------------------------
0. (Mix(7x1_DilatedConv, 0.187), None)
1. (Mix(5x1_DilatedConv, 0.136), None)
2. (Mix(Zero, 0.206), None)
------------------------------------------------------------
------------------------------Current Architecture [27]------------------------------
0. (Mix(7x1_DilatedConv, 0.188), None)
1. (Mix(5x1_DilatedConv, 0.137), None)
2. (Mix(Zero, 0.209), None)
------------------------------------------------------------
------------------------------Current Architecture [28]------------------------------
0. (Mix(7x1_DilatedConv, 0.186), None)
1. (Mix(5x1_DilatedConv, 0.137), None)
2. (Mix(Zero, 0.218), None)
------------------------------------------------------------
------------------------------Current Architecture [29]------------------------------
0. (Mix(7x1_DilatedConv, 0.186), None)
1. (Mix(5x1_DilatedConv, 0.141), None)
2. (Mix(Zero, 0.223), None)
------------------------------------------------------------
------------------------------Current Architecture [30]------------------------------
0. (Mix(7x1_DilatedConv, 0.188), None)
1. (Mix(5x1_DilatedConv, 0.142), None)
2. (Mix(Zero, 0.229), None)
------------------------------------------------------------
------------------------------Current Architecture [31]------------------------------
0. (Mix(7x1_DilatedConv, 0.192), None)
1. (Mix(5x1_DilatedConv, 0.141), None)
2. (Mix(Zero, 0.231), None)
------------------------------------------------------------
------------------------------Current Architecture [32]------------------------------
0. (Mix(7x1_DilatedConv, 0.188), None)
1. (Mix(7x1_DilatedConv, 0.139), None)
2. (Mix(Zero, 0.235), None)
------------------------------------------------------------
------------------------------Current Architecture [33]------------------------------
0. (Mix(7x1_DilatedConv, 0.187), None)
1. (Mix(7x1_DilatedConv, 0.142), None)
2. (Mix(Zero, 0.240), None)
------------------------------------------------------------
------------------------------Current Architecture [34]------------------------------
0. (Mix(7x1_DilatedConv, 0.191), None)
1. (Mix(5x1_DilatedConv, 0.145), None)
2. (Mix(Zero, 0.243), None)
------------------------------------------------------------
------------------------------Current Architecture [35]------------------------------
0. (Mix(7x1_DilatedConv, 0.190), None)
1. (Mix(5x1_DilatedConv, 0.146), None)
2. (Mix(Zero, 0.244), None)
------------------------------------------------------------
------------------------------Current Architecture [36]------------------------------
0. (Mix(7x1_DilatedConv, 0.194), None)
1. (Mix(5x1_DilatedConv, 0.148), None)
2. (Mix(Zero, 0.252), None)
------------------------------------------------------------
------------------------------Current Architecture [37]------------------------------
0. (Mix(7x1_DilatedConv, 0.193), None)
1. (Mix(5x1_DilatedConv, 0.149), None)
2. (Mix(Zero, 0.256), None)
------------------------------------------------------------
------------------------------Current Architecture [38]------------------------------
0. (Mix(7x1_DilatedConv, 0.197), None)
1. (Mix(5x1_DilatedConv, 0.152), None)
2. (Mix(Zero, 0.265), None)
------------------------------------------------------------
------------------------------Current Architecture [39]------------------------------
0. (Mix(7x1_DilatedConv, 0.194), None)
1. (Mix(5x1_DilatedConv, 0.152), None)
2. (Mix(Zero, 0.272), None)
------------------------------------------------------------
------------------------------Current Architecture [40]------------------------------
0. (Mix(7x1_DilatedConv, 0.194), None)
1. (Mix(7x1_DilatedConv, 0.155), None)
2. (Mix(Zero, 0.278), None)
------------------------------------------------------------
------------------------------Current Architecture [41]------------------------------
0. (Mix(7x1_DilatedConv, 0.197), None)
1. (Mix(5x1_DilatedConv, 0.157), None)
2. (Mix(Zero, 0.289), None)
------------------------------------------------------------
------------------------------Current Architecture [42]------------------------------
0. (Mix(7x1_DilatedConv, 0.199), None)
1. (Mix(5x1_DilatedConv, 0.159), None)
2. (Mix(Zero, 0.294), None)
------------------------------------------------------------
------------------------------Current Architecture [43]------------------------------
0. (Mix(7x1_DilatedConv, 0.199), None)
1. (Mix(5x1_DilatedConv, 0.159), None)
2. (Mix(Zero, 0.302), None)
------------------------------------------------------------
------------------------------Current Architecture [44]------------------------------
0. (Mix(7x1_DilatedConv, 0.200), None)
1. (Mix(5x1_DilatedConv, 0.158), None)
2. (Mix(Zero, 0.305), None)
------------------------------------------------------------
------------------------------Current Architecture [45]------------------------------
0. (Mix(7x1_DilatedConv, 0.201), None)
1. (Mix(5x1_DilatedConv, 0.161), None)
2. (Mix(Zero, 0.311), None)
------------------------------------------------------------
------------------------------Current Architecture [46]------------------------------
0. (Mix(7x1_DilatedConv, 0.208), None)
1. (Mix(5x1_DilatedConv, 0.159), None)
2. (Mix(Zero, 0.315), None)
------------------------------------------------------------
------------------------------Current Architecture [47]------------------------------
0. (Mix(7x1_DilatedConv, 0.207), None)
1. (Mix(5x1_DilatedConv, 0.160), None)
2. (Mix(Zero, 0.325), None)
------------------------------------------------------------
------------------------------Current Architecture [48]------------------------------
0. (Mix(7x1_DilatedConv, 0.205), None)
1. (Mix(7x1_DilatedConv, 0.162), None)
2. (Mix(Zero, 0.332), None)
------------------------------------------------------------
------------------------------Current Architecture [49]------------------------------
0. (Mix(7x1_DilatedConv, 0.204), None)
1. (Mix(7x1_DilatedConv, 0.165), None)
2. (Mix(Zero, 0.337), None)
------------------------------------------------------------
------------------------------Current Architecture [50]------------------------------
0. (Mix(7x1_DilatedConv, 0.205), None)
1. (Mix(7x1_DilatedConv, 0.167), None)
2. (Mix(Zero, 0.343), None)
------------------------------------------------------------
------------------------------Current Architecture [51]------------------------------
0. (Mix(7x1_DilatedConv, 0.209), None)
1. (Mix(7x1_DilatedConv, 0.166), None)
2. (Mix(Zero, 0.350), None)
------------------------------------------------------------
------------------------------Current Architecture [52]------------------------------
0. (Mix(7x1_DilatedConv, 0.210), None)
1. (Mix(7x1_DilatedConv, 0.167), None)
2. (Mix(Zero, 0.355), None)
------------------------------------------------------------
------------------------------Current Architecture [53]------------------------------
0. (Mix(7x1_DilatedConv, 0.211), None)
1. (Mix(7x1_DilatedConv, 0.170), None)
2. (Mix(Zero, 0.361), None)
------------------------------------------------------------
------------------------------Current Architecture [54]------------------------------
0. (Mix(7x1_DilatedConv, 0.208), None)
1. (Mix(7x1_DilatedConv, 0.172), None)
2. (Mix(Zero, 0.361), None)
------------------------------------------------------------
------------------------------Current Architecture [55]------------------------------
0. (Mix(7x1_DilatedConv, 0.210), None)
1. (Mix(7x1_DilatedConv, 0.171), None)
2. (Mix(Zero, 0.369), None)
------------------------------------------------------------
------------------------------Current Architecture [56]------------------------------
0. (Mix(7x1_DilatedConv, 0.206), None)
1. (Mix(7x1_DilatedConv, 0.173), None)
2. (Mix(Zero, 0.369), None)
------------------------------------------------------------
------------------------------Current Architecture [57]------------------------------
0. (Mix(7x1_DilatedConv, 0.213), None)
1. (Mix(7x1_DilatedConv, 0.172), None)
2. (Mix(Zero, 0.374), None)
------------------------------------------------------------
------------------------------Current Architecture [58]------------------------------
0. (Mix(7x1_DilatedConv, 0.208), None)
1. (Mix(7x1_DilatedConv, 0.174), None)
2. (Mix(Zero, 0.375), None)
------------------------------------------------------------
------------------------------Current Architecture [59]------------------------------
0. (Mix(7x1_DilatedConv, 0.204), None)
1. (Mix(7x1_DilatedConv, 0.181), None)
2. (Mix(Zero, 0.384), None)
------------------------------------------------------------
------------------------------Current Architecture [60]------------------------------
0. (Mix(7x1_DilatedConv, 0.207), None)
1. (Mix(7x1_DilatedConv, 0.181), None)
2. (Mix(Zero, 0.387), None)
------------------------------------------------------------
------------------------------Current Architecture [61]------------------------------
0. (Mix(7x1_DilatedConv, 0.211), None)
1. (Mix(7x1_DilatedConv, 0.178), None)
2. (Mix(Zero, 0.399), None)
------------------------------------------------------------
------------------------------Current Architecture [62]------------------------------
0. (Mix(7x1_DilatedConv, 0.210), None)
1. (Mix(7x1_DilatedConv, 0.180), None)
2. (Mix(Zero, 0.407), None)
------------------------------------------------------------
------------------------------Current Architecture [63]------------------------------
0. (Mix(7x1_DilatedConv, 0.209), None)
1. (Mix(7x1_DilatedConv, 0.167), None)
2. (Mix(Zero, 0.411), None)
------------------------------------------------------------
------------------------------Current Architecture [64]------------------------------
0. (Mix(7x1_DilatedConv, 0.208), None)
1. (Mix(7x1_DilatedConv, 0.167), None)
2. (Mix(Zero, 0.418), None)
------------------------------------------------------------
------------------------------Current Architecture [65]------------------------------
0. (Mix(7x1_DilatedConv, 0.211), None)
1. (Mix(7x1_DilatedConv, 0.168), None)
2. (Mix(Zero, 0.424), None)
------------------------------------------------------------
------------------------------Current Architecture [66]------------------------------
0. (Mix(7x1_DilatedConv, 0.213), None)
1. (Mix(7x1_DilatedConv, 0.169), None)
2. (Mix(Zero, 0.432), None)
------------------------------------------------------------
------------------------------Current Architecture [67]------------------------------
0. (Mix(7x1_DilatedConv, 0.213), None)
1. (Mix(7x1_DilatedConv, 0.169), None)
2. (Mix(Zero, 0.435), None)
------------------------------------------------------------
------------------------------Current Architecture [68]------------------------------
0. (Mix(7x1_DilatedConv, 0.217), None)
1. (Mix(7x1_DilatedConv, 0.166), None)
2. (Mix(Zero, 0.442), None)
------------------------------------------------------------
------------------------------Current Architecture [69]------------------------------
0. (Mix(7x1_DilatedConv, 0.217), None)
1. (Mix(7x1_DilatedConv, 0.161), None)
2. (Mix(Zero, 0.445), None)
------------------------------------------------------------
------------------------------Current Architecture [70]------------------------------
0. (Mix(7x1_DilatedConv, 0.215), None)
1. (Mix(7x1_DilatedConv, 0.161), None)
2. (Mix(Zero, 0.451), None)
------------------------------------------------------------
------------------------------Current Architecture [71]------------------------------
0. (Mix(7x1_DilatedConv, 0.215), None)
1. (Mix(7x1_DilatedConv, 0.162), None)
2. (Mix(Zero, 0.452), None)
------------------------------------------------------------
------------------------------Current Architecture [72]------------------------------
0. (Mix(7x1_DilatedConv, 0.217), None)
1. (Mix(Zero, 0.163), None)
2. (Mix(Zero, 0.455), None)
------------------------------------------------------------
------------------------------Current Architecture [73]------------------------------
0. (Mix(7x1_DilatedConv, 0.220), None)
1. (Mix(Zero, 0.166), None)
2. (Mix(Zero, 0.463), None)
------------------------------------------------------------
------------------------------Current Architecture [74]------------------------------
0. (Mix(7x1_DilatedConv, 0.217), None)
1. (Mix(Zero, 0.166), None)
2. (Mix(Zero, 0.470), None)
------------------------------------------------------------
------------------------------Current Architecture [75]------------------------------
0. (Mix(7x1_DilatedConv, 0.216), None)
1. (Mix(Zero, 0.169), None)
2. (Mix(Zero, 0.471), None)
------------------------------------------------------------
------------------------------Current Architecture [76]------------------------------
0. (Mix(7x1_DilatedConv, 0.224), None)
1. (Mix(Zero, 0.169), None)
2. (Mix(Zero, 0.476), None)
------------------------------------------------------------
------------------------------Current Architecture [77]------------------------------
0. (Mix(7x1_DilatedConv, 0.225), None)
1. (Mix(Zero, 0.168), None)
2. (Mix(Zero, 0.485), None)
------------------------------------------------------------
------------------------------Current Architecture [78]------------------------------
0. (Mix(7x1_DilatedConv, 0.229), None)
1. (Mix(Zero, 0.169), None)
2. (Mix(Zero, 0.495), None)
------------------------------------------------------------
------------------------------Current Architecture [79]------------------------------
0. (Mix(7x1_DilatedConv, 0.225), None)
1. (Mix(Zero, 0.171), None)
2. (Mix(Zero, 0.496), None)
------------------------------------------------------------
------------------------------Current Architecture [80]------------------------------
0. (Mix(7x1_DilatedConv, 0.227), None)
1. (Mix(Zero, 0.175), None)
2. (Mix(Zero, 0.498), None)
------------------------------------------------------------
------------------------------Current Architecture [81]------------------------------
0. (Mix(7x1_DilatedConv, 0.230), None)
1. (Mix(Zero, 0.178), None)
2. (Mix(Zero, 0.504), None)
------------------------------------------------------------
------------------------------Current Architecture [82]------------------------------
0. (Mix(7x1_DilatedConv, 0.232), None)
1. (Mix(Zero, 0.177), None)
2. (Mix(Zero, 0.515), None)
------------------------------------------------------------
------------------------------Current Architecture [83]------------------------------
0. (Mix(7x1_DilatedConv, 0.236), None)
1. (Mix(Zero, 0.177), None)
2. (Mix(Zero, 0.524), None)
------------------------------------------------------------
------------------------------Current Architecture [84]------------------------------
0. (Mix(7x1_DilatedConv, 0.242), None)
1. (Mix(Zero, 0.184), None)
2. (Mix(Zero, 0.525), None)
------------------------------------------------------------
------------------------------Current Architecture [85]------------------------------
0. (Mix(7x1_DilatedConv, 0.246), None)
1. (Mix(Zero, 0.186), None)
2. (Mix(Zero, 0.526), None)
------------------------------------------------------------
------------------------------Current Architecture [86]------------------------------
0. (Mix(7x1_DilatedConv, 0.239), None)
1. (Mix(Zero, 0.189), None)
2. (Mix(Zero, 0.529), None)
------------------------------------------------------------
------------------------------Current Architecture [87]------------------------------
0. (Mix(7x1_DilatedConv, 0.245), None)
1. (Mix(Zero, 0.192), None)
2. (Mix(Zero, 0.534), None)
------------------------------------------------------------
------------------------------Current Architecture [88]------------------------------
0. (Mix(7x1_DilatedConv, 0.242), None)
1. (Mix(Zero, 0.196), None)
2. (Mix(Zero, 0.535), None)
------------------------------------------------------------
------------------------------Current Architecture [89]------------------------------
0. (Mix(7x1_DilatedConv, 0.241), None)
1. (Mix(Zero, 0.199), None)
2. (Mix(Zero, 0.546), None)
------------------------------------------------------------
------------------------------Current Architecture [90]------------------------------
0. (Mix(7x1_DilatedConv, 0.244), None)
1. (Mix(Zero, 0.203), None)
2. (Mix(Zero, 0.548), None)
------------------------------------------------------------
------------------------------Current Architecture [91]------------------------------
0. (Mix(7x1_DilatedConv, 0.245), None)
1. (Mix(Zero, 0.206), None)
2. (Mix(Zero, 0.554), None)
------------------------------------------------------------
------------------------------Current Architecture [92]------------------------------
0. (Mix(7x1_DilatedConv, 0.247), None)
1. (Mix(Zero, 0.210), None)
2. (Mix(Zero, 0.557), None)
------------------------------------------------------------
------------------------------Current Architecture [93]------------------------------
0. (Mix(7x1_DilatedConv, 0.243), None)
1. (Mix(Zero, 0.210), None)
2. (Mix(Zero, 0.570), None)
------------------------------------------------------------
------------------------------Current Architecture [94]------------------------------
0. (Mix(7x1_DilatedConv, 0.244), None)
1. (Mix(Zero, 0.211), None)
2. (Mix(Zero, 0.573), None)
------------------------------------------------------------
------------------------------Current Architecture [95]------------------------------
0. (Mix(7x1_DilatedConv, 0.241), None)
1. (Mix(Zero, 0.211), None)
2. (Mix(Zero, 0.574), None)
------------------------------------------------------------
------------------------------Current Architecture [96]------------------------------
0. (Mix(7x1_DilatedConv, 0.238), None)
1. (Mix(Zero, 0.213), None)
2. (Mix(Zero, 0.575), None)
------------------------------------------------------------
------------------------------Current Architecture [97]------------------------------
0. (Mix(7x1_DilatedConv, 0.243), None)
1. (Mix(Zero, 0.213), None)
2. (Mix(Zero, 0.579), None)
------------------------------------------------------------
------------------------------Current Architecture [98]------------------------------
0. (Mix(7x1_DilatedConv, 0.243), None)
1. (Mix(Zero, 0.214), None)
2. (Mix(Zero, 0.581), None)
------------------------------------------------------------
------------------------------Current Architecture [99]------------------------------
0. (Mix(7x1_DilatedConv, 0.250), None)
1. (Mix(Zero, 0.220), None)
2. (Mix(Zero, 0.582), None)
------------------------------------------------------------
------------------------------Current Architecture [100]------------------------------
0. (Mix(7x1_DilatedConv, 0.246), None)
1. (Mix(Zero, 0.223), None)
2. (Mix(Zero, 0.589), None)
------------------------------------------------------------
