------------------------------Current Architecture [1]------------------------------
0. (Mix(7x1_Conv, 0.125), None)
1. (Mix(3x1_Conv, 0.111), None)
2. (Mix(7x1_DilatedConv, 0.111), None)
------------------------------------------------------------
------------------------------Current Architecture [2]------------------------------
0. (Mix(9x1_Conv, 0.165), None)
1. (Mix(7x1_DilatedConv, 0.129), None)
2. (Mix(5x1_DilatedConv, 0.126), None)
------------------------------------------------------------
------------------------------Current Architecture [3]------------------------------
0. (Mix(5x1_DilatedConv, 0.178), None)
1. (Mix(3x1_DilatedConv, 0.142), None)
2. (Mix(5x1_Conv, 0.143), None)
------------------------------------------------------------
------------------------------Current Architecture [4]------------------------------
0. (Mix(5x1_DilatedConv, 0.186), None)
1. (Mix(3x1_DilatedConv, 0.160), None)
2. (Mix(5x1_Conv, 0.154), None)
------------------------------------------------------------
------------------------------Current Architecture [5]------------------------------
0. (Mix(5x1_DilatedConv, 0.184), None)
1. (Mix(3x1_DilatedConv, 0.159), None)
2. (Mix(7x1_DilatedConv, 0.160), None)
------------------------------------------------------------
------------------------------Current Architecture [6]------------------------------
0. (Mix(5x1_DilatedConv, 0.188), None)
1. (Mix(7x1_DilatedConv, 0.155), None)
2. (Mix(5x1_DilatedConv, 0.165), None)
------------------------------------------------------------
------------------------------Current Architecture [7]------------------------------
0. (Mix(9x1_DilatedConv, 0.177), None)
1. (Mix(7x1_DilatedConv, 0.182), None)
2. (Mix(5x1_DilatedConv, 0.183), None)
------------------------------------------------------------
------------------------------Current Architecture [8]------------------------------
0. (Mix(9x1_DilatedConv, 0.194), None)
1. (Mix(7x1_DilatedConv, 0.191), None)
2. (Mix(5x1_DilatedConv, 0.181), None)
------------------------------------------------------------
------------------------------Current Architecture [9]------------------------------
0. (Mix(9x1_DilatedConv, 0.194), None)
1. (Mix(3x1_DilatedConv, 0.214), None)
2. (Mix(5x1_DilatedConv, 0.181), None)
------------------------------------------------------------
------------------------------Current Architecture [10]------------------------------
0. (Mix(9x1_DilatedConv, 0.202), None)
1. (Mix(3x1_DilatedConv, 0.213), None)
2. (Mix(5x1_DilatedConv, 0.178), None)
------------------------------------------------------------
------------------------------Current Architecture [11]------------------------------
0. (Mix(9x1_DilatedConv, 0.203), None)
1. (Mix(3x1_DilatedConv, 0.222), None)
2. (Mix(5x1_DilatedConv, 0.179), None)
------------------------------------------------------------
------------------------------Current Architecture [12]------------------------------
0. (Mix(7x1_DilatedConv, 0.202), None)
1. (Mix(3x1_DilatedConv, 0.224), None)
2. (Mix(5x1_DilatedConv, 0.184), None)
------------------------------------------------------------
------------------------------Current Architecture [13]------------------------------
0. (Mix(7x1_DilatedConv, 0.205), None)
1. (Mix(3x1_DilatedConv, 0.232), None)
2. (Mix(Zero, 0.269), None)
------------------------------------------------------------
------------------------------Current Architecture [14]------------------------------
0. (Mix(9x1_DilatedConv, 0.214), None)
1. (Mix(3x1_DilatedConv, 0.234), None)
2. (Mix(Zero, 0.278), None)
------------------------------------------------------------
------------------------------Current Architecture [15]------------------------------
0. (Mix(7x1_DilatedConv, 0.210), None)
1. (Mix(7x1_DilatedConv, 0.192), None)
2. (Mix(Zero, 0.345), None)
------------------------------------------------------------
------------------------------Current Architecture [16]------------------------------
0. (Mix(7x1_DilatedConv, 0.230), None)
1. (Mix(7x1_DilatedConv, 0.192), None)
2. (Mix(Zero, 0.357), None)
------------------------------------------------------------
------------------------------Current Architecture [17]------------------------------
0. (Mix(5x1_DilatedConv, 0.223), None)
1. (Mix(7x1_DilatedConv, 0.200), None)
2. (Mix(Zero, 0.358), None)
------------------------------------------------------------
------------------------------Current Architecture [18]------------------------------
0. (Mix(5x1_DilatedConv, 0.248), None)
1. (Mix(7x1_DilatedConv, 0.234), None)
2. (Mix(Zero, 0.364), None)
------------------------------------------------------------
------------------------------Current Architecture [19]------------------------------
0. (Mix(5x1_DilatedConv, 0.242), None)
1. (Mix(7x1_DilatedConv, 0.227), None)
2. (Mix(Zero, 0.365), None)
------------------------------------------------------------
------------------------------Current Architecture [20]------------------------------
0. (Mix(9x1_DilatedConv, 0.288), None)
1. (Mix(7x1_DilatedConv, 0.228), None)
2. (Mix(Zero, 0.366), None)
------------------------------------------------------------
------------------------------Current Architecture [21]------------------------------
0. (Mix(9x1_DilatedConv, 0.281), None)
1. (Mix(7x1_DilatedConv, 0.248), None)
2. (Mix(Zero, 0.366), None)
------------------------------------------------------------
------------------------------Current Architecture [22]------------------------------
0. (Mix(9x1_DilatedConv, 0.293), None)
1. (Mix(7x1_DilatedConv, 0.250), None)
2. (Mix(Zero, 0.368), None)
------------------------------------------------------------
------------------------------Current Architecture [23]------------------------------
0. (Mix(7x1_DilatedConv, 0.271), None)
1. (Mix(7x1_DilatedConv, 0.229), None)
2. (Mix(Zero, 0.360), None)
------------------------------------------------------------
------------------------------Current Architecture [24]------------------------------
0. (Mix(9x1_DilatedConv, 0.427), None)
1. (Mix(7x1_DilatedConv, 0.219), None)
2. (Mix(Zero, 0.351), None)
------------------------------------------------------------
------------------------------Current Architecture [25]------------------------------
0. (Mix(9x1_DilatedConv, 0.429), None)
1. (Mix(7x1_DilatedConv, 0.202), None)
2. (Mix(Zero, 0.352), None)
------------------------------------------------------------
------------------------------Current Architecture [26]------------------------------
0. (Mix(9x1_DilatedConv, 0.446), None)
1. (Mix(7x1_DilatedConv, 0.199), None)
2. (Mix(Zero, 0.347), None)
------------------------------------------------------------
------------------------------Current Architecture [27]------------------------------
0. (Mix(9x1_DilatedConv, 0.433), None)
1. (Mix(7x1_DilatedConv, 0.186), None)
2. (Mix(Zero, 0.347), None)
------------------------------------------------------------
------------------------------Current Architecture [28]------------------------------
0. (Mix(9x1_DilatedConv, 0.407), None)
1. (Mix(7x1_DilatedConv, 0.197), None)
2. (Mix(Zero, 0.425), None)
------------------------------------------------------------
------------------------------Current Architecture [29]------------------------------
0. (Mix(9x1_DilatedConv, 0.397), None)
1. (Mix(7x1_DilatedConv, 0.184), None)
2. (Mix(Zero, 0.422), None)
------------------------------------------------------------
------------------------------Current Architecture [30]------------------------------
0. (Mix(9x1_DilatedConv, 0.391), None)
1. (Mix(7x1_DilatedConv, 0.240), None)
2. (Mix(Zero, 0.416), None)
------------------------------------------------------------
------------------------------Current Architecture [31]------------------------------
0. (Mix(9x1_DilatedConv, 0.306), None)
1. (Mix(7x1_DilatedConv, 0.245), None)
2. (Mix(Zero, 0.416), None)
------------------------------------------------------------
------------------------------Current Architecture [32]------------------------------
0. (Mix(9x1_DilatedConv, 0.288), None)
1. (Mix(7x1_DilatedConv, 0.244), None)
2. (Mix(Zero, 0.415), None)
------------------------------------------------------------
------------------------------Current Architecture [33]------------------------------
0. (Mix(9x1_DilatedConv, 0.268), None)
1. (Mix(7x1_DilatedConv, 0.250), None)
2. (Mix(Zero, 0.414), None)
------------------------------------------------------------
------------------------------Current Architecture [34]------------------------------
0. (Mix(9x1_DilatedConv, 0.241), None)
1. (Mix(7x1_DilatedConv, 0.250), None)
2. (Mix(Zero, 0.429), None)
------------------------------------------------------------
------------------------------Current Architecture [35]------------------------------
0. (Mix(9x1_DilatedConv, 0.238), None)
1. (Mix(7x1_DilatedConv, 0.248), None)
2. (Mix(Zero, 0.452), None)
------------------------------------------------------------
------------------------------Current Architecture [36]------------------------------
0. (Mix(9x1_DilatedConv, 0.232), None)
1. (Mix(7x1_DilatedConv, 0.197), None)
2. (Mix(Zero, 0.470), None)
------------------------------------------------------------
------------------------------Current Architecture [37]------------------------------
0. (Mix(9x1_DilatedConv, 0.240), None)
1. (Mix(7x1_DilatedConv, 0.187), None)
2. (Mix(Zero, 0.470), None)
------------------------------------------------------------
------------------------------Current Architecture [38]------------------------------
0. (Mix(9x1_DilatedConv, 0.258), None)
1. (Mix(7x1_DilatedConv, 0.250), None)
2. (Mix(Zero, 0.471), None)
------------------------------------------------------------
------------------------------Current Architecture [39]------------------------------
0. (Mix(5x1_Conv, 0.251), None)
1. (Mix(7x1_DilatedConv, 0.253), None)
2. (Mix(Zero, 0.500), None)
------------------------------------------------------------
------------------------------Current Architecture [40]------------------------------
0. (Mix(5x1_Conv, 0.254), None)
1. (Mix(7x1_DilatedConv, 0.257), None)
2. (Mix(Zero, 0.502), None)
------------------------------------------------------------
------------------------------Current Architecture [41]------------------------------
0. (Mix(5x1_Conv, 0.281), None)
1. (Mix(7x1_DilatedConv, 0.234), None)
2. (Mix(Zero, 0.508), None)
------------------------------------------------------------
------------------------------Current Architecture [42]------------------------------
0. (Mix(9x1_DilatedConv, 0.264), None)
1. (Mix(Zero, 0.323), None)
2. (Mix(Zero, 0.508), None)
------------------------------------------------------------
------------------------------Current Architecture [43]------------------------------
0. (Mix(5x1_Conv, 0.263), None)
1. (Mix(Zero, 0.332), None)
2. (Mix(Zero, 0.508), None)
------------------------------------------------------------
------------------------------Current Architecture [44]------------------------------
0. (Mix(9x1_DilatedConv, 0.284), None)
1. (Mix(Zero, 0.331), None)
2. (Mix(Zero, 0.510), None)
------------------------------------------------------------
------------------------------Current Architecture [45]------------------------------
0. (Mix(9x1_DilatedConv, 0.282), None)
1. (Mix(Zero, 0.346), None)
2. (Mix(Zero, 0.509), None)
------------------------------------------------------------
------------------------------Current Architecture [46]------------------------------
0. (Mix(9x1_DilatedConv, 0.269), None)
1. (Mix(Zero, 0.346), None)
2. (Mix(Zero, 0.508), None)
------------------------------------------------------------
------------------------------Current Architecture [47]------------------------------
0. (Mix(9x1_DilatedConv, 0.293), None)
1. (Mix(Zero, 0.345), None)
2. (Mix(Zero, 0.506), None)
------------------------------------------------------------
------------------------------Current Architecture [48]------------------------------
0. (Mix(9x1_DilatedConv, 0.310), None)
1. (Mix(Zero, 0.345), None)
2. (Mix(Zero, 0.515), None)
------------------------------------------------------------
------------------------------Current Architecture [49]------------------------------
0. (Mix(9x1_DilatedConv, 0.296), None)
1. (Mix(Zero, 0.342), None)
2. (Mix(Zero, 0.526), None)
------------------------------------------------------------
------------------------------Current Architecture [50]------------------------------
0. (Mix(9x1_DilatedConv, 0.291), None)
1. (Mix(Zero, 0.335), None)
2. (Mix(Zero, 0.524), None)
------------------------------------------------------------
------------------------------Current Architecture [51]------------------------------
0. (Mix(9x1_DilatedConv, 0.306), None)
1. (Mix(Zero, 0.333), None)
2. (Mix(Zero, 0.523), None)
------------------------------------------------------------
------------------------------Current Architecture [52]------------------------------
0. (Mix(9x1_DilatedConv, 0.301), None)
1. (Mix(Zero, 0.332), None)
2. (Mix(Zero, 0.522), None)
------------------------------------------------------------
------------------------------Current Architecture [53]------------------------------
0. (Mix(9x1_DilatedConv, 0.308), None)
1. (Mix(Zero, 0.343), None)
2. (Mix(Zero, 0.520), None)
------------------------------------------------------------
------------------------------Current Architecture [54]------------------------------
0. (Mix(9x1_DilatedConv, 0.261), None)
1. (Mix(Zero, 0.347), None)
2. (Mix(Zero, 0.519), None)
------------------------------------------------------------
------------------------------Current Architecture [55]------------------------------
0. (Mix(5x1_Conv, 0.230), None)
1. (Mix(Zero, 0.359), None)
2. (Mix(Zero, 0.537), None)
------------------------------------------------------------
------------------------------Current Architecture [56]------------------------------
0. (Mix(5x1_Conv, 0.237), None)
1. (Mix(Zero, 0.351), None)
2. (Mix(Zero, 0.542), None)
------------------------------------------------------------
------------------------------Current Architecture [57]------------------------------
0. (Mix(5x1_Conv, 0.242), None)
1. (Mix(Zero, 0.345), None)
2. (Mix(Zero, 0.543), None)
------------------------------------------------------------
------------------------------Current Architecture [58]------------------------------
0. (Mix(5x1_Conv, 0.266), None)
1. (Mix(Zero, 0.344), None)
2. (Mix(Zero, 0.544), None)
------------------------------------------------------------
------------------------------Current Architecture [59]------------------------------
0. (Mix(5x1_Conv, 0.304), None)
1. (Mix(Zero, 0.339), None)
2. (Mix(Zero, 0.544), None)
------------------------------------------------------------
------------------------------Current Architecture [60]------------------------------
0. (Mix(5x1_Conv, 0.274), None)
1. (Mix(Zero, 0.335), None)
2. (Mix(Zero, 0.546), None)
------------------------------------------------------------
------------------------------Current Architecture [61]------------------------------
0. (Mix(5x1_Conv, 0.267), None)
1. (Mix(Zero, 0.361), None)
2. (Mix(Zero, 0.545), None)
------------------------------------------------------------
------------------------------Current Architecture [62]------------------------------
0. (Mix(5x1_Conv, 0.267), None)
1. (Mix(Zero, 0.371), None)
2. (Mix(Zero, 0.547), None)
------------------------------------------------------------
------------------------------Current Architecture [63]------------------------------
0. (Mix(5x1_Conv, 0.255), None)
1. (Mix(Zero, 0.411), None)
2. (Mix(Zero, 0.547), None)
------------------------------------------------------------
------------------------------Current Architecture [64]------------------------------
0. (Mix(5x1_Conv, 0.261), None)
1. (Mix(Zero, 0.424), None)
2. (Mix(Zero, 0.547), None)
------------------------------------------------------------
------------------------------Current Architecture [65]------------------------------
0. (Mix(5x1_Conv, 0.310), None)
1. (Mix(Zero, 0.439), None)
2. (Mix(Zero, 0.549), None)
------------------------------------------------------------
------------------------------Current Architecture [66]------------------------------
0. (Mix(5x1_Conv, 0.315), None)
1. (Mix(Zero, 0.443), None)
2. (Mix(Zero, 0.548), None)
------------------------------------------------------------
------------------------------Current Architecture [67]------------------------------
0. (Mix(5x1_Conv, 0.310), None)
1. (Mix(Zero, 0.449), None)
2. (Mix(Zero, 0.548), None)
------------------------------------------------------------
------------------------------Current Architecture [68]------------------------------
0. (Mix(5x1_Conv, 0.333), None)
1. (Mix(Zero, 0.459), None)
2. (Mix(Zero, 0.548), None)
------------------------------------------------------------
------------------------------Current Architecture [69]------------------------------
0. (Mix(5x1_Conv, 0.354), None)
1. (Mix(Zero, 0.461), None)
2. (Mix(Zero, 0.548), None)
------------------------------------------------------------
------------------------------Current Architecture [70]------------------------------
0. (Mix(5x1_Conv, 0.300), None)
1. (Mix(Zero, 0.462), None)
2. (Mix(Zero, 0.547), None)
------------------------------------------------------------
------------------------------Current Architecture [71]------------------------------
0. (Mix(5x1_Conv, 0.268), None)
1. (Mix(Zero, 0.481), None)
2. (Mix(Zero, 0.546), None)
------------------------------------------------------------
------------------------------Current Architecture [72]------------------------------
0. (Mix(5x1_Conv, 0.247), None)
1. (Mix(Zero, 0.484), None)
2. (Mix(Zero, 0.542), None)
------------------------------------------------------------
------------------------------Current Architecture [73]------------------------------
0. (Mix(5x1_Conv, 0.207), None)
1. (Mix(Zero, 0.480), None)
2. (Mix(Zero, 0.541), None)
------------------------------------------------------------
------------------------------Current Architecture [74]------------------------------
0. (Mix(5x1_Conv, 0.207), None)
1. (Mix(Zero, 0.483), None)
2. (Mix(Zero, 0.549), None)
------------------------------------------------------------
------------------------------Current Architecture [75]------------------------------
0. (Mix(7x1_DilatedConv, 0.207), None)
1. (Mix(Zero, 0.484), None)
2. (Mix(Zero, 0.552), None)
------------------------------------------------------------
------------------------------Current Architecture [76]------------------------------
0. (Mix(7x1_DilatedConv, 0.196), None)
1. (Mix(Zero, 0.484), None)
2. (Mix(Zero, 0.557), None)
------------------------------------------------------------
------------------------------Current Architecture [77]------------------------------
0. (Mix(7x1_DilatedConv, 0.183), None)
1. (Mix(Zero, 0.481), None)
2. (Mix(Zero, 0.558), None)
------------------------------------------------------------
------------------------------Current Architecture [78]------------------------------
0. (Mix(7x1_DilatedConv, 0.186), None)
1. (Mix(Zero, 0.481), None)
2. (Mix(Zero, 0.557), None)
------------------------------------------------------------
------------------------------Current Architecture [79]------------------------------
0. (Mix(7x1_DilatedConv, 0.181), None)
1. (Mix(Zero, 0.481), None)
2. (Mix(Zero, 0.556), None)
------------------------------------------------------------
------------------------------Current Architecture [80]------------------------------
0. (Mix(7x1_DilatedConv, 0.194), None)
1. (Mix(Zero, 0.481), None)
2. (Mix(Zero, 0.556), None)
------------------------------------------------------------
------------------------------Current Architecture [81]------------------------------
0. (Mix(7x1_DilatedConv, 0.208), None)
1. (Mix(Zero, 0.480), None)
2. (Mix(Zero, 0.556), None)
------------------------------------------------------------
------------------------------Current Architecture [82]------------------------------
0. (Mix(7x1_DilatedConv, 0.209), None)
1. (Mix(Zero, 0.482), None)
2. (Mix(Zero, 0.555), None)
------------------------------------------------------------
------------------------------Current Architecture [83]------------------------------
0. (Mix(7x1_Conv, 0.209), None)
1. (Mix(Zero, 0.481), None)
2. (Mix(Zero, 0.555), None)
------------------------------------------------------------
------------------------------Current Architecture [84]------------------------------
0. (Mix(7x1_Conv, 0.215), None)
1. (Mix(Zero, 0.479), None)
2. (Mix(Zero, 0.558), None)
------------------------------------------------------------
------------------------------Current Architecture [85]------------------------------
0. (Mix(7x1_Conv, 0.238), None)
1. (Mix(Zero, 0.478), None)
2. (Mix(Zero, 0.565), None)
------------------------------------------------------------
------------------------------Current Architecture [86]------------------------------
0. (Mix(7x1_Conv, 0.240), None)
1. (Mix(Zero, 0.477), None)
2. (Mix(Zero, 0.566), None)
------------------------------------------------------------
------------------------------Current Architecture [87]------------------------------
0. (Mix(7x1_Conv, 0.247), None)
1. (Mix(Zero, 0.476), None)
2. (Mix(Zero, 0.566), None)
------------------------------------------------------------
------------------------------Current Architecture [88]------------------------------
0. (Mix(7x1_Conv, 0.216), None)
1. (Mix(Zero, 0.476), None)
2. (Mix(Zero, 0.566), None)
------------------------------------------------------------
------------------------------Current Architecture [89]------------------------------
0. (Mix(7x1_DilatedConv, 0.184), None)
1. (Mix(Zero, 0.473), None)
2. (Mix(Zero, 0.564), None)
------------------------------------------------------------
------------------------------Current Architecture [90]------------------------------
0. (Mix(5x1_Conv, 0.185), None)
1. (Mix(Zero, 0.471), None)
2. (Mix(Zero, 0.566), None)
------------------------------------------------------------
------------------------------Current Architecture [91]------------------------------
0. (Mix(5x1_Conv, 0.221), None)
1. (Mix(Zero, 0.469), None)
2. (Mix(Zero, 0.575), None)
------------------------------------------------------------
------------------------------Current Architecture [92]------------------------------
0. (Mix(5x1_Conv, 0.227), None)
1. (Mix(Zero, 0.468), None)
2. (Mix(Zero, 0.589), None)
------------------------------------------------------------
------------------------------Current Architecture [93]------------------------------
0. (Mix(5x1_Conv, 0.206), None)
1. (Mix(Zero, 0.474), None)
2. (Mix(Zero, 0.590), None)
------------------------------------------------------------
------------------------------Current Architecture [94]------------------------------
0. (Mix(7x1_DilatedConv, 0.192), None)
1. (Mix(Zero, 0.482), None)
2. (Mix(Zero, 0.591), None)
------------------------------------------------------------
------------------------------Current Architecture [95]------------------------------
0. (Mix(7x1_DilatedConv, 0.192), None)
1. (Mix(Zero, 0.488), None)
2. (Mix(Zero, 0.592), None)
------------------------------------------------------------
------------------------------Current Architecture [96]------------------------------
0. (Mix(5x1_Conv, 0.200), None)
1. (Mix(Zero, 0.487), None)
2. (Mix(Zero, 0.592), None)
------------------------------------------------------------
------------------------------Current Architecture [97]------------------------------
0. (Mix(7x1_DilatedConv, 0.212), None)
1. (Mix(Zero, 0.501), None)
2. (Mix(Zero, 0.592), None)
------------------------------------------------------------
------------------------------Current Architecture [98]------------------------------
0. (Mix(7x1_DilatedConv, 0.237), None)
1. (Mix(Zero, 0.502), None)
2. (Mix(Zero, 0.592), None)
------------------------------------------------------------
------------------------------Current Architecture [99]------------------------------
0. (Mix(7x1_DilatedConv, 0.235), None)
1. (Mix(Zero, 0.500), None)
2. (Mix(Zero, 0.592), None)
------------------------------------------------------------
------------------------------Current Architecture [100]------------------------------
0. (Mix(7x1_Conv, 0.203), None)
1. (Mix(Zero, 0.499), None)
2. (Mix(Zero, 0.617), None)
------------------------------------------------------------
