------------------------------Current Architecture [1]------------------------------
0. (Mix(7x1_Conv, 0.125), None)
1. (Mix(3x1_Conv, 0.111), None)
2. (Mix(7x1_DilatedConv, 0.111), None)
------------------------------------------------------------
------------------------------Current Architecture [2]------------------------------
0. (Mix(7x1_DilatedConv, 0.128), None)
1. (Mix(3x1_DilatedConv, 0.115), None)
2. (Mix(9x1_DilatedConv, 0.117), None)
------------------------------------------------------------
------------------------------Current Architecture [3]------------------------------
0. (Mix(9x1_DilatedConv, 0.134), None)
1. (Mix(3x1_DilatedConv, 0.117), None)
2. (Mix(9x1_DilatedConv, 0.117), None)
------------------------------------------------------------
------------------------------Current Architecture [4]------------------------------
0. (Mix(9x1_DilatedConv, 0.136), None)
1. (Mix(3x1_DilatedConv, 0.117), None)
2. (Mix(9x1_DilatedConv, 0.116), None)
------------------------------------------------------------
------------------------------Current Architecture [5]------------------------------
0. (Mix(9x1_DilatedConv, 0.139), None)
1. (Mix(9x1_Conv, 0.118), None)
2. (Mix(Zero, 0.118), None)
------------------------------------------------------------
------------------------------Current Architecture [6]------------------------------
0. (Mix(9x1_DilatedConv, 0.146), None)
1. (Mix(3x1_DilatedConv, 0.118), None)
2. (Mix(Zero, 0.118), None)
------------------------------------------------------------
------------------------------Current Architecture [7]------------------------------
0. (Mix(9x1_DilatedConv, 0.147), None)
1. (Mix(3x1_DilatedConv, 0.120), None)
2. (Mix(Zero, 0.122), None)
------------------------------------------------------------
------------------------------Current Architecture [8]------------------------------
0. (Mix(9x1_DilatedConv, 0.153), None)
1. (Mix(3x1_DilatedConv, 0.122), None)
2. (Mix(Zero, 0.124), None)
------------------------------------------------------------
------------------------------Current Architecture [9]------------------------------
0. (Mix(9x1_DilatedConv, 0.154), None)
1. (Mix(3x1_DilatedConv, 0.120), None)
2. (Mix(Zero, 0.126), None)
------------------------------------------------------------
------------------------------Current Architecture [10]------------------------------
0. (Mix(9x1_DilatedConv, 0.155), None)
1. (Mix(3x1_DilatedConv, 0.122), None)
2. (Mix(Zero, 0.128), None)
------------------------------------------------------------
------------------------------Current Architecture [11]------------------------------
0. (Mix(9x1_DilatedConv, 0.159), None)
1. (Mix(3x1_DilatedConv, 0.123), None)
2. (Mix(Zero, 0.130), None)
------------------------------------------------------------
------------------------------Current Architecture [12]------------------------------
0. (Mix(9x1_DilatedConv, 0.159), None)
1. (Mix(3x1_DilatedConv, 0.123), None)
2. (Mix(Zero, 0.131), None)
------------------------------------------------------------
------------------------------Current Architecture [13]------------------------------
0. (Mix(9x1_DilatedConv, 0.165), None)
1. (Mix(Zero, 0.121), None)
2. (Mix(Zero, 0.136), None)
------------------------------------------------------------
------------------------------Current Architecture [14]------------------------------
0. (Mix(9x1_DilatedConv, 0.167), None)
1. (Mix(Zero, 0.123), None)
2. (Mix(Zero, 0.137), None)
------------------------------------------------------------
------------------------------Current Architecture [15]------------------------------
0. (Mix(9x1_DilatedConv, 0.173), None)
1. (Mix(Zero, 0.122), None)
2. (Mix(Zero, 0.140), None)
------------------------------------------------------------
------------------------------Current Architecture [16]------------------------------
0. (Mix(9x1_DilatedConv, 0.174), None)
1. (Mix(3x1_DilatedConv, 0.125), None)
2. (Mix(Zero, 0.142), None)
------------------------------------------------------------
------------------------------Current Architecture [17]------------------------------
0. (Mix(9x1_DilatedConv, 0.170), None)
1. (Mix(3x1_DilatedConv, 0.123), None)
2. (Mix(Zero, 0.147), None)
------------------------------------------------------------
------------------------------Current Architecture [18]------------------------------
0. (Mix(9x1_DilatedConv, 0.174), None)
1. (Mix(3x1_DilatedConv, 0.125), None)
2. (Mix(Zero, 0.151), None)
------------------------------------------------------------
------------------------------Current Architecture [19]------------------------------
0. (Mix(9x1_DilatedConv, 0.173), None)
1. (Mix(3x1_DilatedConv, 0.126), None)
2. (Mix(Zero, 0.155), None)
------------------------------------------------------------
------------------------------Current Architecture [20]------------------------------
0. (Mix(9x1_DilatedConv, 0.169), None)
1. (Mix(3x1_DilatedConv, 0.126), None)
2. (Mix(Zero, 0.162), None)
------------------------------------------------------------
------------------------------Current Architecture [21]------------------------------
0. (Mix(9x1_DilatedConv, 0.166), None)
1. (Mix(3x1_DilatedConv, 0.125), None)
2. (Mix(Zero, 0.164), None)
------------------------------------------------------------
------------------------------Current Architecture [22]------------------------------
0. (Mix(9x1_DilatedConv, 0.167), None)
1. (Mix(3x1_DilatedConv, 0.125), None)
2. (Mix(Zero, 0.170), None)
------------------------------------------------------------
------------------------------Current Architecture [23]------------------------------
0. (Mix(9x1_DilatedConv, 0.171), None)
1. (Mix(3x1_DilatedConv, 0.128), None)
2. (Mix(Zero, 0.172), None)
------------------------------------------------------------
------------------------------Current Architecture [24]------------------------------
0. (Mix(9x1_DilatedConv, 0.168), None)
1. (Mix(3x1_DilatedConv, 0.127), None)
2. (Mix(Zero, 0.176), None)
------------------------------------------------------------
------------------------------Current Architecture [25]------------------------------
0. (Mix(9x1_DilatedConv, 0.165), None)
1. (Mix(3x1_DilatedConv, 0.127), None)
2. (Mix(Zero, 0.179), None)
------------------------------------------------------------
------------------------------Current Architecture [26]------------------------------
0. (Mix(9x1_DilatedConv, 0.168), None)
1. (Mix(Zero, 0.128), None)
2. (Mix(Zero, 0.185), None)
------------------------------------------------------------
------------------------------Current Architecture [27]------------------------------
0. (Mix(9x1_DilatedConv, 0.166), None)
1. (Mix(3x1_DilatedConv, 0.131), None)
2. (Mix(Zero, 0.187), None)
------------------------------------------------------------
------------------------------Current Architecture [28]------------------------------
0. (Mix(9x1_DilatedConv, 0.168), None)
1. (Mix(3x1_DilatedConv, 0.132), None)
2. (Mix(Zero, 0.190), None)
------------------------------------------------------------
------------------------------Current Architecture [29]------------------------------
0. (Mix(9x1_DilatedConv, 0.168), None)
1. (Mix(Zero, 0.134), None)
2. (Mix(Zero, 0.191), None)
------------------------------------------------------------
------------------------------Current Architecture [30]------------------------------
0. (Mix(9x1_DilatedConv, 0.170), None)
1. (Mix(Zero, 0.135), None)
2. (Mix(Zero, 0.196), None)
------------------------------------------------------------
------------------------------Current Architecture [31]------------------------------
0. (Mix(9x1_DilatedConv, 0.172), None)
1. (Mix(Zero, 0.141), None)
2. (Mix(Zero, 0.200), None)
------------------------------------------------------------
------------------------------Current Architecture [32]------------------------------
0. (Mix(9x1_DilatedConv, 0.174), None)
1. (Mix(Zero, 0.144), None)
2. (Mix(Zero, 0.202), None)
------------------------------------------------------------
------------------------------Current Architecture [33]------------------------------
0. (Mix(9x1_DilatedConv, 0.175), None)
1. (Mix(Zero, 0.142), None)
2. (Mix(Zero, 0.210), None)
------------------------------------------------------------
------------------------------Current Architecture [34]------------------------------
0. (Mix(9x1_DilatedConv, 0.170), None)
1. (Mix(Zero, 0.142), None)
2. (Mix(Zero, 0.214), None)
------------------------------------------------------------
------------------------------Current Architecture [35]------------------------------
0. (Mix(9x1_DilatedConv, 0.173), None)
1. (Mix(Zero, 0.145), None)
2. (Mix(Zero, 0.216), None)
------------------------------------------------------------
------------------------------Current Architecture [36]------------------------------
0. (Mix(9x1_DilatedConv, 0.169), None)
1. (Mix(Zero, 0.148), None)
2. (Mix(Zero, 0.220), None)
------------------------------------------------------------
------------------------------Current Architecture [37]------------------------------
0. (Mix(9x1_DilatedConv, 0.168), None)
1. (Mix(Zero, 0.150), None)
2. (Mix(Zero, 0.221), None)
------------------------------------------------------------
------------------------------Current Architecture [38]------------------------------
0. (Mix(7x1_DilatedConv, 0.172), None)
1. (Mix(Zero, 0.153), None)
2. (Mix(Zero, 0.230), None)
------------------------------------------------------------
------------------------------Current Architecture [39]------------------------------
0. (Mix(7x1_DilatedConv, 0.174), None)
1. (Mix(Zero, 0.153), None)
2. (Mix(Zero, 0.237), None)
------------------------------------------------------------
------------------------------Current Architecture [40]------------------------------
0. (Mix(7x1_DilatedConv, 0.169), None)
1. (Mix(Zero, 0.156), None)
2. (Mix(Zero, 0.244), None)
------------------------------------------------------------
------------------------------Current Architecture [41]------------------------------
0. (Mix(7x1_DilatedConv, 0.170), None)
1. (Mix(Zero, 0.156), None)
2. (Mix(Zero, 0.249), None)
------------------------------------------------------------
------------------------------Current Architecture [42]------------------------------
0. (Mix(7x1_DilatedConv, 0.171), None)
1. (Mix(Zero, 0.156), None)
2. (Mix(Zero, 0.253), None)
------------------------------------------------------------
------------------------------Current Architecture [43]------------------------------
0. (Mix(7x1_DilatedConv, 0.169), None)
1. (Mix(Zero, 0.156), None)
2. (Mix(Zero, 0.258), None)
------------------------------------------------------------
------------------------------Current Architecture [44]------------------------------
0. (Mix(9x1_DilatedConv, 0.172), None)
1. (Mix(Zero, 0.156), None)
2. (Mix(Zero, 0.263), None)
------------------------------------------------------------
------------------------------Current Architecture [45]------------------------------
0. (Mix(9x1_DilatedConv, 0.175), None)
1. (Mix(Zero, 0.159), None)
2. (Mix(Zero, 0.269), None)
------------------------------------------------------------
------------------------------Current Architecture [46]------------------------------
0. (Mix(7x1_DilatedConv, 0.176), None)
1. (Mix(Zero, 0.162), None)
2. (Mix(Zero, 0.270), None)
------------------------------------------------------------
------------------------------Current Architecture [47]------------------------------
0. (Mix(7x1_DilatedConv, 0.178), None)
1. (Mix(Zero, 0.161), None)
2. (Mix(Zero, 0.279), None)
------------------------------------------------------------
------------------------------Current Architecture [48]------------------------------
0. (Mix(7x1_DilatedConv, 0.176), None)
1. (Mix(Zero, 0.158), None)
2. (Mix(Zero, 0.284), None)
------------------------------------------------------------
------------------------------Current Architecture [49]------------------------------
0. (Mix(7x1_DilatedConv, 0.177), None)
1. (Mix(Zero, 0.159), None)
2. (Mix(Zero, 0.294), None)
------------------------------------------------------------
------------------------------Current Architecture [50]------------------------------
0. (Mix(7x1_DilatedConv, 0.178), None)
1. (Mix(Zero, 0.159), None)
2. (Mix(Zero, 0.297), None)
------------------------------------------------------------
------------------------------Current Architecture [51]------------------------------
0. (Mix(7x1_DilatedConv, 0.177), None)
1. (Mix(Zero, 0.159), None)
2. (Mix(Zero, 0.307), None)
------------------------------------------------------------
------------------------------Current Architecture [52]------------------------------
0. (Mix(7x1_DilatedConv, 0.178), None)
1. (Mix(Zero, 0.160), None)
2. (Mix(Zero, 0.311), None)
------------------------------------------------------------
------------------------------Current Architecture [53]------------------------------
0. (Mix(7x1_DilatedConv, 0.179), None)
1. (Mix(Zero, 0.162), None)
2. (Mix(Zero, 0.315), None)
------------------------------------------------------------
------------------------------Current Architecture [54]------------------------------
0. (Mix(7x1_DilatedConv, 0.179), None)
1. (Mix(Zero, 0.159), None)
2. (Mix(Zero, 0.322), None)
------------------------------------------------------------
------------------------------Current Architecture [55]------------------------------
0. (Mix(7x1_DilatedConv, 0.180), None)
1. (Mix(Zero, 0.158), None)
2. (Mix(Zero, 0.327), None)
------------------------------------------------------------
------------------------------Current Architecture [56]------------------------------
0. (Mix(7x1_DilatedConv, 0.181), None)
1. (Mix(Zero, 0.158), None)
2. (Mix(Zero, 0.333), None)
------------------------------------------------------------
------------------------------Current Architecture [57]------------------------------
0. (Mix(7x1_DilatedConv, 0.180), None)
1. (Mix(Zero, 0.160), None)
2. (Mix(Zero, 0.337), None)
------------------------------------------------------------
------------------------------Current Architecture [58]------------------------------
0. (Mix(7x1_DilatedConv, 0.180), None)
1. (Mix(Zero, 0.155), None)
2. (Mix(Zero, 0.345), None)
------------------------------------------------------------
------------------------------Current Architecture [59]------------------------------
0. (Mix(7x1_DilatedConv, 0.177), None)
1. (Mix(Zero, 0.156), None)
2. (Mix(Zero, 0.349), None)
------------------------------------------------------------
------------------------------Current Architecture [60]------------------------------
0. (Mix(7x1_DilatedConv, 0.173), None)
1. (Mix(Zero, 0.160), None)
2. (Mix(Zero, 0.350), None)
------------------------------------------------------------
------------------------------Current Architecture [61]------------------------------
0. (Mix(9x1_DilatedConv, 0.170), None)
1. (Mix(Zero, 0.160), None)
2. (Mix(Zero, 0.355), None)
------------------------------------------------------------
------------------------------Current Architecture [62]------------------------------
0. (Mix(9x1_DilatedConv, 0.169), None)
1. (Mix(Zero, 0.163), None)
2. (Mix(Zero, 0.361), None)
------------------------------------------------------------
------------------------------Current Architecture [63]------------------------------
0. (Mix(9x1_DilatedConv, 0.170), None)
1. (Mix(Zero, 0.168), None)
2. (Mix(Zero, 0.364), None)
------------------------------------------------------------
------------------------------Current Architecture [64]------------------------------
0. (Mix(9x1_DilatedConv, 0.168), None)
1. (Mix(Zero, 0.169), None)
2. (Mix(Zero, 0.371), None)
------------------------------------------------------------
------------------------------Current Architecture [65]------------------------------
0. (Mix(9x1_DilatedConv, 0.169), None)
1. (Mix(Zero, 0.171), None)
2. (Mix(Zero, 0.373), None)
------------------------------------------------------------
------------------------------Current Architecture [66]------------------------------
0. (Mix(9x1_DilatedConv, 0.168), None)
1. (Mix(Zero, 0.174), None)
2. (Mix(Zero, 0.377), None)
------------------------------------------------------------
------------------------------Current Architecture [67]------------------------------
0. (Mix(9x1_DilatedConv, 0.169), None)
1. (Mix(Zero, 0.176), None)
2. (Mix(Zero, 0.380), None)
------------------------------------------------------------
------------------------------Current Architecture [68]------------------------------
0. (Mix(9x1_DilatedConv, 0.170), None)
1. (Mix(Zero, 0.179), None)
2. (Mix(Zero, 0.387), None)
------------------------------------------------------------
------------------------------Current Architecture [69]------------------------------
0. (Mix(9x1_DilatedConv, 0.167), None)
1. (Mix(Zero, 0.180), None)
2. (Mix(Zero, 0.395), None)
------------------------------------------------------------
------------------------------Current Architecture [70]------------------------------
0. (Mix(9x1_DilatedConv, 0.171), None)
1. (Mix(Zero, 0.183), None)
2. (Mix(Zero, 0.405), None)
------------------------------------------------------------
------------------------------Current Architecture [71]------------------------------
0. (Mix(9x1_DilatedConv, 0.172), None)
1. (Mix(Zero, 0.185), None)
2. (Mix(Zero, 0.411), None)
------------------------------------------------------------
------------------------------Current Architecture [72]------------------------------
0. (Mix(9x1_DilatedConv, 0.174), None)
1. (Mix(Zero, 0.188), None)
2. (Mix(Zero, 0.414), None)
------------------------------------------------------------
------------------------------Current Architecture [73]------------------------------
0. (Mix(9x1_DilatedConv, 0.174), None)
1. (Mix(Zero, 0.192), None)
2. (Mix(Zero, 0.416), None)
------------------------------------------------------------
------------------------------Current Architecture [74]------------------------------
0. (Mix(9x1_DilatedConv, 0.176), None)
1. (Mix(Zero, 0.193), None)
2. (Mix(Zero, 0.425), None)
------------------------------------------------------------
------------------------------Current Architecture [75]------------------------------
0. (Mix(9x1_DilatedConv, 0.177), None)
1. (Mix(Zero, 0.198), None)
2. (Mix(Zero, 0.426), None)
------------------------------------------------------------
------------------------------Current Architecture [76]------------------------------
0. (Mix(9x1_DilatedConv, 0.181), None)
1. (Mix(Zero, 0.199), None)
2. (Mix(Zero, 0.438), None)
------------------------------------------------------------
------------------------------Current Architecture [77]------------------------------
0. (Mix(9x1_DilatedConv, 0.181), None)
1. (Mix(Zero, 0.199), None)
2. (Mix(Zero, 0.445), None)
------------------------------------------------------------
------------------------------Current Architecture [78]------------------------------
0. (Mix(9x1_DilatedConv, 0.182), None)
1. (Mix(Zero, 0.198), None)
2. (Mix(Zero, 0.450), None)
------------------------------------------------------------
------------------------------Current Architecture [79]------------------------------
0. (Mix(9x1_DilatedConv, 0.180), None)
1. (Mix(Zero, 0.191), None)
2. (Mix(Zero, 0.459), None)
------------------------------------------------------------
------------------------------Current Architecture [80]------------------------------
0. (Mix(9x1_DilatedConv, 0.180), None)
1. (Mix(Zero, 0.190), None)
2. (Mix(Zero, 0.463), None)
------------------------------------------------------------
------------------------------Current Architecture [81]------------------------------
0. (Mix(9x1_DilatedConv, 0.179), None)
1. (Mix(Zero, 0.198), None)
2. (Mix(Zero, 0.464), None)
------------------------------------------------------------
------------------------------Current Architecture [82]------------------------------
0. (Mix(9x1_DilatedConv, 0.180), None)
1. (Mix(Zero, 0.196), None)
2. (Mix(Zero, 0.474), None)
------------------------------------------------------------
------------------------------Current Architecture [83]------------------------------
0. (Mix(9x1_DilatedConv, 0.179), None)
1. (Mix(Zero, 0.204), None)
2. (Mix(Zero, 0.474), None)
------------------------------------------------------------
------------------------------Current Architecture [84]------------------------------
0. (Mix(9x1_DilatedConv, 0.177), None)
1. (Mix(Zero, 0.205), None)
2. (Mix(Zero, 0.479), None)
------------------------------------------------------------
------------------------------Current Architecture [85]------------------------------
0. (Mix(9x1_DilatedConv, 0.180), None)
1. (Mix(Zero, 0.209), None)
2. (Mix(Zero, 0.487), None)
------------------------------------------------------------
------------------------------Current Architecture [86]------------------------------
0. (Mix(9x1_DilatedConv, 0.175), None)
1. (Mix(Zero, 0.211), None)
2. (Mix(Zero, 0.489), None)
------------------------------------------------------------
------------------------------Current Architecture [87]------------------------------
0. (Mix(9x1_DilatedConv, 0.170), None)
1. (Mix(Zero, 0.210), None)
2. (Mix(Zero, 0.497), None)
------------------------------------------------------------
------------------------------Current Architecture [88]------------------------------
0. (Mix(9x1_DilatedConv, 0.170), None)
1. (Mix(Zero, 0.214), None)
2. (Mix(Zero, 0.503), None)
------------------------------------------------------------
------------------------------Current Architecture [89]------------------------------
0. (Mix(9x1_DilatedConv, 0.164), None)
1. (Mix(Zero, 0.218), None)
2. (Mix(Zero, 0.504), None)
------------------------------------------------------------
------------------------------Current Architecture [90]------------------------------
0. (Mix(9x1_DilatedConv, 0.165), None)
1. (Mix(Zero, 0.224), None)
2. (Mix(Zero, 0.506), None)
------------------------------------------------------------
------------------------------Current Architecture [91]------------------------------
0. (Mix(9x1_DilatedConv, 0.164), None)
1. (Mix(Zero, 0.225), None)
2. (Mix(Zero, 0.521), None)
------------------------------------------------------------
------------------------------Current Architecture [92]------------------------------
0. (Mix(9x1_DilatedConv, 0.161), None)
1. (Mix(Zero, 0.224), None)
2. (Mix(Zero, 0.527), None)
------------------------------------------------------------
------------------------------Current Architecture [93]------------------------------
0. (Mix(9x1_DilatedConv, 0.160), None)
1. (Mix(Zero, 0.226), None)
2. (Mix(Zero, 0.535), None)
------------------------------------------------------------
------------------------------Current Architecture [94]------------------------------
0. (Mix(3x1_DilatedConv, 0.164), None)
1. (Mix(Zero, 0.233), None)
2. (Mix(Zero, 0.539), None)
------------------------------------------------------------
------------------------------Current Architecture [95]------------------------------
0. (Mix(3x1_DilatedConv, 0.169), None)
1. (Mix(Zero, 0.232), None)
2. (Mix(Zero, 0.545), None)
------------------------------------------------------------
------------------------------Current Architecture [96]------------------------------
0. (Mix(3x1_DilatedConv, 0.171), None)
1. (Mix(Zero, 0.231), None)
2. (Mix(Zero, 0.550), None)
------------------------------------------------------------
------------------------------Current Architecture [97]------------------------------
0. (Mix(3x1_DilatedConv, 0.172), None)
1. (Mix(Zero, 0.234), None)
2. (Mix(Zero, 0.556), None)
------------------------------------------------------------
------------------------------Current Architecture [98]------------------------------
0. (Mix(3x1_DilatedConv, 0.171), None)
1. (Mix(Zero, 0.237), None)
2. (Mix(Zero, 0.561), None)
------------------------------------------------------------
------------------------------Current Architecture [99]------------------------------
0. (Mix(3x1_DilatedConv, 0.168), None)
1. (Mix(Zero, 0.245), None)
2. (Mix(Zero, 0.568), None)
------------------------------------------------------------
------------------------------Current Architecture [100]------------------------------
0. (Mix(3x1_DilatedConv, 0.168), None)
1. (Mix(Zero, 0.246), None)
2. (Mix(Zero, 0.570), None)
------------------------------------------------------------
