------------------------------Current Architecture [1]------------------------------
0. (Mix(7x1_Conv, 0.125), None)
1. (Mix(3x1_Conv, 0.111), None)
2. (Mix(7x1_DilatedConv, 0.111), None)
------------------------------------------------------------
------------------------------Current Architecture [2]------------------------------
0. (Mix(9x1_DilatedConv, 0.155), None)
1. (Mix(3x1_DilatedConv, 0.120), None)
2. (Mix(Zero, 0.138), None)
------------------------------------------------------------
------------------------------Current Architecture [3]------------------------------
0. (Mix(5x1_DilatedConv, 0.184), None)
1. (Mix(5x1_DilatedConv, 0.142), None)
2. (Mix(Zero, 0.145), None)
------------------------------------------------------------
------------------------------Current Architecture [4]------------------------------
0. (Mix(5x1_DilatedConv, 0.243), None)
1. (Mix(7x1_DilatedConv, 0.163), None)
2. (Mix(Zero, 0.154), None)
------------------------------------------------------------
------------------------------Current Architecture [5]------------------------------
0. (Mix(5x1_DilatedConv, 0.227), None)
1. (Mix(7x1_DilatedConv, 0.179), None)
2. (Mix(Zero, 0.166), None)
------------------------------------------------------------
------------------------------Current Architecture [6]------------------------------
0. (Mix(5x1_DilatedConv, 0.220), None)
1. (Mix(9x1_DilatedConv, 0.153), None)
2. (Mix(Zero, 0.180), None)
------------------------------------------------------------
------------------------------Current Architecture [7]------------------------------
0. (Mix(5x1_DilatedConv, 0.242), None)
1. (Mix(Zero, 0.169), None)
2. (Mix(Zero, 0.179), None)
------------------------------------------------------------
------------------------------Current Architecture [8]------------------------------
0. (Mix(5x1_DilatedConv, 0.213), None)
1. (Mix(Zero, 0.171), None)
2. (Mix(Zero, 0.188), None)
------------------------------------------------------------
------------------------------Current Architecture [9]------------------------------
0. (Mix(5x1_DilatedConv, 0.193), None)
1. (Mix(Zero, 0.161), None)
2. (Mix(Zero, 0.185), None)
------------------------------------------------------------
------------------------------Current Architecture [10]------------------------------
0. (Mix(9x1_DilatedConv, 0.185), None)
1. (Mix(Zero, 0.158), None)
2. (Mix(Zero, 0.185), None)
------------------------------------------------------------
------------------------------Current Architecture [11]------------------------------
0. (Mix(9x1_DilatedConv, 0.200), None)
1. (Mix(Zero, 0.221), None)
2. (Mix(Zero, 0.193), None)
------------------------------------------------------------
------------------------------Current Architecture [12]------------------------------
0. (Mix(9x1_DilatedConv, 0.207), None)
1. (Mix(Zero, 0.219), None)
2. (Mix(Zero, 0.194), None)
------------------------------------------------------------
------------------------------Current Architecture [13]------------------------------
0. (Mix(9x1_DilatedConv, 0.247), None)
1. (Mix(Zero, 0.219), None)
2. (Mix(Zero, 0.299), None)
------------------------------------------------------------
------------------------------Current Architecture [14]------------------------------
0. (Mix(9x1_DilatedConv, 0.262), None)
1. (Mix(Zero, 0.220), None)
2. (Mix(Zero, 0.301), None)
------------------------------------------------------------
------------------------------Current Architecture [15]------------------------------
0. (Mix(9x1_DilatedConv, 0.277), None)
1. (Mix(Zero, 0.219), None)
2. (Mix(Zero, 0.373), None)
------------------------------------------------------------
------------------------------Current Architecture [16]------------------------------
0. (Mix(9x1_DilatedConv, 0.253), None)
1. (Mix(Zero, 0.288), None)
2. (Mix(Zero, 0.382), None)
------------------------------------------------------------
------------------------------Current Architecture [17]------------------------------
0. (Mix(5x1_DilatedConv, 0.233), None)
1. (Mix(Zero, 0.295), None)
2. (Mix(Zero, 0.383), None)
------------------------------------------------------------
------------------------------Current Architecture [18]------------------------------
0. (Mix(5x1_DilatedConv, 0.237), None)
1. (Mix(Zero, 0.296), None)
2. (Mix(Zero, 0.383), None)
------------------------------------------------------------
------------------------------Current Architecture [19]------------------------------
0. (Mix(5x1_DilatedConv, 0.245), None)
1. (Mix(Zero, 0.296), None)
2. (Mix(Zero, 0.382), None)
------------------------------------------------------------
------------------------------Current Architecture [20]------------------------------
0. (Mix(7x1_DilatedConv, 0.230), None)
1. (Mix(Zero, 0.296), None)
2. (Mix(Zero, 0.392), None)
------------------------------------------------------------
------------------------------Current Architecture [21]------------------------------
0. (Mix(7x1_DilatedConv, 0.239), None)
1. (Mix(Zero, 0.295), None)
2. (Mix(Zero, 0.393), None)
------------------------------------------------------------
------------------------------Current Architecture [22]------------------------------
0. (Mix(3x1_DilatedConv, 0.259), None)
1. (Mix(Zero, 0.289), None)
2. (Mix(Zero, 0.393), None)
------------------------------------------------------------
------------------------------Current Architecture [23]------------------------------
0. (Mix(3x1_DilatedConv, 0.201), None)
1. (Mix(Zero, 0.290), None)
2. (Mix(Zero, 0.391), None)
------------------------------------------------------------
------------------------------Current Architecture [24]------------------------------
0. (Mix(7x1_DilatedConv, 0.175), None)
1. (Mix(Zero, 0.290), None)
2. (Mix(Zero, 0.389), None)
------------------------------------------------------------
------------------------------Current Architecture [25]------------------------------
0. (Mix(5x1_DilatedConv, 0.231), None)
1. (Mix(Zero, 0.307), None)
2. (Mix(Zero, 0.388), None)
------------------------------------------------------------
------------------------------Current Architecture [26]------------------------------
0. (Mix(5x1_DilatedConv, 0.333), None)
1. (Mix(Zero, 0.312), None)
2. (Mix(Zero, 0.388), None)
------------------------------------------------------------
------------------------------Current Architecture [27]------------------------------
0. (Mix(5x1_DilatedConv, 0.241), None)
1. (Mix(Zero, 0.318), None)
2. (Mix(Zero, 0.385), None)
------------------------------------------------------------
------------------------------Current Architecture [28]------------------------------
0. (Mix(5x1_DilatedConv, 0.247), None)
1. (Mix(Zero, 0.314), None)
2. (Mix(Zero, 0.391), None)
------------------------------------------------------------
------------------------------Current Architecture [29]------------------------------
0. (Mix(5x1_DilatedConv, 0.293), None)
1. (Mix(Zero, 0.322), None)
2. (Mix(Zero, 0.392), None)
------------------------------------------------------------
------------------------------Current Architecture [30]------------------------------
0. (Mix(5x1_DilatedConv, 0.302), None)
1. (Mix(Zero, 0.321), None)
2. (Mix(Zero, 0.391), None)
------------------------------------------------------------
------------------------------Current Architecture [31]------------------------------
0. (Mix(5x1_DilatedConv, 0.379), None)
1. (Mix(Zero, 0.320), None)
2. (Mix(Zero, 0.390), None)
------------------------------------------------------------
------------------------------Current Architecture [32]------------------------------
0. (Mix(5x1_DilatedConv, 0.372), None)
1. (Mix(Zero, 0.320), None)
2. (Mix(Zero, 0.390), None)
------------------------------------------------------------
------------------------------Current Architecture [33]------------------------------
0. (Mix(5x1_DilatedConv, 0.417), None)
1. (Mix(Zero, 0.320), None)
2. (Mix(Zero, 0.390), None)
------------------------------------------------------------
------------------------------Current Architecture [34]------------------------------
0. (Mix(5x1_DilatedConv, 0.349), None)
1. (Mix(Zero, 0.334), None)
2. (Mix(Zero, 0.389), None)
------------------------------------------------------------
------------------------------Current Architecture [35]------------------------------
0. (Mix(5x1_DilatedConv, 0.348), None)
1. (Mix(Zero, 0.332), None)
2. (Mix(Zero, 0.419), None)
------------------------------------------------------------
------------------------------Current Architecture [36]------------------------------
0. (Mix(5x1_DilatedConv, 0.309), None)
1. (Mix(Zero, 0.332), None)
2. (Mix(Zero, 0.444), None)
------------------------------------------------------------
------------------------------Current Architecture [37]------------------------------
0. (Mix(5x1_DilatedConv, 0.309), None)
1. (Mix(Zero, 0.333), None)
2. (Mix(Zero, 0.444), None)
------------------------------------------------------------
------------------------------Current Architecture [38]------------------------------
0. (Mix(5x1_DilatedConv, 0.297), None)
1. (Mix(Zero, 0.332), None)
2. (Mix(Zero, 0.445), None)
------------------------------------------------------------
------------------------------Current Architecture [39]------------------------------
0. (Mix(5x1_DilatedConv, 0.296), None)
1. (Mix(Zero, 0.328), None)
2. (Mix(Zero, 0.513), None)
------------------------------------------------------------
------------------------------Current Architecture [40]------------------------------
0. (Mix(5x1_DilatedConv, 0.325), None)
1. (Mix(Zero, 0.325), None)
2. (Mix(Zero, 0.517), None)
------------------------------------------------------------
------------------------------Current Architecture [41]------------------------------
0. (Mix(5x1_DilatedConv, 0.344), None)
1. (Mix(Zero, 0.325), None)
2. (Mix(Zero, 0.518), None)
------------------------------------------------------------
------------------------------Current Architecture [42]------------------------------
0. (Mix(5x1_DilatedConv, 0.366), None)
1. (Mix(Zero, 0.323), None)
2. (Mix(Zero, 0.518), None)
------------------------------------------------------------
------------------------------Current Architecture [43]------------------------------
0. (Mix(5x1_DilatedConv, 0.368), None)
1. (Mix(Zero, 0.325), None)
2. (Mix(Zero, 0.518), None)
------------------------------------------------------------
------------------------------Current Architecture [44]------------------------------
0. (Mix(5x1_DilatedConv, 0.365), None)
1. (Mix(Zero, 0.322), None)
2. (Mix(Zero, 0.516), None)
------------------------------------------------------------
------------------------------Current Architecture [45]------------------------------
0. (Mix(5x1_DilatedConv, 0.365), None)
1. (Mix(Zero, 0.390), None)
2. (Mix(Zero, 0.512), None)
------------------------------------------------------------
------------------------------Current Architecture [46]------------------------------
0. (Mix(5x1_DilatedConv, 0.350), None)
1. (Mix(Zero, 0.417), None)
2. (Mix(Zero, 0.513), None)
------------------------------------------------------------
------------------------------Current Architecture [47]------------------------------
0. (Mix(5x1_DilatedConv, 0.366), None)
1. (Mix(Zero, 0.416), None)
2. (Mix(Zero, 0.514), None)
------------------------------------------------------------
------------------------------Current Architecture [48]------------------------------
0. (Mix(5x1_DilatedConv, 0.357), None)
1. (Mix(Zero, 0.417), None)
2. (Mix(Zero, 0.514), None)
------------------------------------------------------------
------------------------------Current Architecture [49]------------------------------
0. (Mix(5x1_DilatedConv, 0.327), None)
1. (Mix(Zero, 0.416), None)
2. (Mix(Zero, 0.509), None)
------------------------------------------------------------
------------------------------Current Architecture [50]------------------------------
0. (Mix(5x1_DilatedConv, 0.339), None)
1. (Mix(Zero, 0.419), None)
2. (Mix(Zero, 0.508), None)
------------------------------------------------------------
------------------------------Current Architecture [51]------------------------------
0. (Mix(5x1_DilatedConv, 0.345), None)
1. (Mix(Zero, 0.420), None)
2. (Mix(Zero, 0.508), None)
------------------------------------------------------------
------------------------------Current Architecture [52]------------------------------
0. (Mix(5x1_DilatedConv, 0.337), None)
1. (Mix(Zero, 0.419), None)
2. (Mix(Zero, 0.507), None)
------------------------------------------------------------
------------------------------Current Architecture [53]------------------------------
0. (Mix(5x1_DilatedConv, 0.398), None)
1. (Mix(Zero, 0.417), None)
2. (Mix(Zero, 0.507), None)
------------------------------------------------------------
------------------------------Current Architecture [54]------------------------------
0. (Mix(5x1_DilatedConv, 0.392), None)
1. (Mix(Zero, 0.419), None)
2. (Mix(Zero, 0.517), None)
------------------------------------------------------------
------------------------------Current Architecture [55]------------------------------
0. (Mix(5x1_DilatedConv, 0.395), None)
1. (Mix(Zero, 0.420), None)
2. (Mix(Zero, 0.529), None)
------------------------------------------------------------
------------------------------Current Architecture [56]------------------------------
0. (Mix(5x1_DilatedConv, 0.444), None)
1. (Mix(Zero, 0.409), None)
2. (Mix(Zero, 0.537), None)
------------------------------------------------------------
------------------------------Current Architecture [57]------------------------------
0. (Mix(5x1_DilatedConv, 0.356), None)
1. (Mix(Zero, 0.408), None)
2. (Mix(Zero, 0.535), None)
------------------------------------------------------------
------------------------------Current Architecture [58]------------------------------
0. (Mix(5x1_DilatedConv, 0.325), None)
1. (Mix(Zero, 0.407), None)
2. (Mix(Zero, 0.534), None)
------------------------------------------------------------
------------------------------Current Architecture [59]------------------------------
0. (Mix(5x1_DilatedConv, 0.322), None)
1. (Mix(Zero, 0.408), None)
2. (Mix(Zero, 0.533), None)
------------------------------------------------------------
------------------------------Current Architecture [60]------------------------------
0. (Mix(5x1_DilatedConv, 0.331), None)
1. (Mix(Zero, 0.408), None)
2. (Mix(Zero, 0.533), None)
------------------------------------------------------------
------------------------------Current Architecture [61]------------------------------
0. (Mix(5x1_DilatedConv, 0.376), None)
1. (Mix(Zero, 0.410), None)
2. (Mix(Zero, 0.533), None)
------------------------------------------------------------
------------------------------Current Architecture [62]------------------------------
0. (Mix(5x1_DilatedConv, 0.369), None)
1. (Mix(Zero, 0.416), None)
2. (Mix(Zero, 0.540), None)
------------------------------------------------------------
------------------------------Current Architecture [63]------------------------------
0. (Mix(5x1_DilatedConv, 0.343), None)
1. (Mix(Zero, 0.418), None)
2. (Mix(Zero, 0.540), None)
------------------------------------------------------------
------------------------------Current Architecture [64]------------------------------
0. (Mix(5x1_DilatedConv, 0.333), None)
1. (Mix(Zero, 0.414), None)
2. (Mix(Zero, 0.539), None)
------------------------------------------------------------
------------------------------Current Architecture [65]------------------------------
0. (Mix(5x1_DilatedConv, 0.266), None)
1. (Mix(Zero, 0.418), None)
2. (Mix(Zero, 0.538), None)
------------------------------------------------------------
------------------------------Current Architecture [66]------------------------------
0. (Mix(5x1_DilatedConv, 0.258), None)
1. (Mix(Zero, 0.423), None)
2. (Mix(Zero, 0.536), None)
------------------------------------------------------------
------------------------------Current Architecture [67]------------------------------
0. (Mix(5x1_DilatedConv, 0.300), None)
1. (Mix(Zero, 0.446), None)
2. (Mix(Zero, 0.535), None)
------------------------------------------------------------
------------------------------Current Architecture [68]------------------------------
0. (Mix(7x1_DilatedConv, 0.273), None)
1. (Mix(Zero, 0.449), None)
2. (Mix(Zero, 0.537), None)
------------------------------------------------------------
------------------------------Current Architecture [69]------------------------------
0. (Mix(7x1_DilatedConv, 0.354), None)
1. (Mix(Zero, 0.446), None)
2. (Mix(Zero, 0.537), None)
------------------------------------------------------------
------------------------------Current Architecture [70]------------------------------
0. (Mix(7x1_DilatedConv, 0.360), None)
1. (Mix(Zero, 0.445), None)
2. (Mix(Zero, 0.539), None)
------------------------------------------------------------
------------------------------Current Architecture [71]------------------------------
0. (Mix(7x1_DilatedConv, 0.397), None)
1. (Mix(Zero, 0.454), None)
2. (Mix(Zero, 0.539), None)
------------------------------------------------------------
------------------------------Current Architecture [72]------------------------------
0. (Mix(7x1_DilatedConv, 0.376), None)
1. (Mix(Zero, 0.460), None)
2. (Mix(Zero, 0.536), None)
------------------------------------------------------------
------------------------------Current Architecture [73]------------------------------
0. (Mix(7x1_DilatedConv, 0.403), None)
1. (Mix(Zero, 0.461), None)
2. (Mix(Zero, 0.536), None)
------------------------------------------------------------
------------------------------Current Architecture [74]------------------------------
0. (Mix(7x1_DilatedConv, 0.448), None)
1. (Mix(Zero, 0.459), None)
2. (Mix(Zero, 0.540), None)
------------------------------------------------------------
------------------------------Current Architecture [75]------------------------------
0. (Mix(7x1_DilatedConv, 0.440), None)
1. (Mix(Zero, 0.459), None)
2. (Mix(Zero, 0.547), None)
------------------------------------------------------------
------------------------------Current Architecture [76]------------------------------
0. (Mix(7x1_DilatedConv, 0.453), None)
1. (Mix(Zero, 0.459), None)
2. (Mix(Zero, 0.548), None)
------------------------------------------------------------
------------------------------Current Architecture [77]------------------------------
0. (Mix(7x1_DilatedConv, 0.432), None)
1. (Mix(Zero, 0.496), None)
2. (Mix(Zero, 0.548), None)
------------------------------------------------------------
------------------------------Current Architecture [78]------------------------------
0. (Mix(7x1_DilatedConv, 0.461), None)
1. (Mix(Zero, 0.497), None)
2. (Mix(Zero, 0.547), None)
------------------------------------------------------------
------------------------------Current Architecture [79]------------------------------
0. (Mix(7x1_DilatedConv, 0.516), None)
1. (Mix(Zero, 0.497), None)
2. (Mix(Zero, 0.547), None)
------------------------------------------------------------
------------------------------Current Architecture [80]------------------------------
0. (Mix(7x1_DilatedConv, 0.524), None)
1. (Mix(Zero, 0.496), None)
2. (Mix(Zero, 0.543), None)
------------------------------------------------------------
------------------------------Current Architecture [81]------------------------------
0. (Mix(7x1_DilatedConv, 0.485), None)
1. (Mix(Zero, 0.496), None)
2. (Mix(Zero, 0.543), None)
------------------------------------------------------------
------------------------------Current Architecture [82]------------------------------
0. (Mix(7x1_DilatedConv, 0.479), None)
1. (Mix(Zero, 0.496), None)
2. (Mix(Zero, 0.542), None)
------------------------------------------------------------
------------------------------Current Architecture [83]------------------------------
0. (Mix(7x1_DilatedConv, 0.425), None)
1. (Mix(Zero, 0.495), None)
2. (Mix(Zero, 0.542), None)
------------------------------------------------------------
------------------------------Current Architecture [84]------------------------------
0. (Mix(7x1_DilatedConv, 0.464), None)
1. (Mix(Zero, 0.494), None)
2. (Mix(Zero, 0.542), None)
------------------------------------------------------------
------------------------------Current Architecture [85]------------------------------
0. (Mix(7x1_DilatedConv, 0.457), None)
1. (Mix(Zero, 0.492), None)
2. (Mix(Zero, 0.543), None)
------------------------------------------------------------
------------------------------Current Architecture [86]------------------------------
0. (Mix(7x1_DilatedConv, 0.471), None)
1. (Mix(Zero, 0.492), None)
2. (Mix(Zero, 0.542), None)
------------------------------------------------------------
------------------------------Current Architecture [87]------------------------------
0. (Mix(7x1_DilatedConv, 0.429), None)
1. (Mix(Zero, 0.491), None)
2. (Mix(Zero, 0.541), None)
------------------------------------------------------------
------------------------------Current Architecture [88]------------------------------
0. (Mix(7x1_DilatedConv, 0.444), None)
1. (Mix(Zero, 0.491), None)
2. (Mix(Zero, 0.540), None)
------------------------------------------------------------
------------------------------Current Architecture [89]------------------------------
0. (Mix(7x1_DilatedConv, 0.386), None)
1. (Mix(Zero, 0.492), None)
2. (Mix(Zero, 0.535), None)
------------------------------------------------------------
------------------------------Current Architecture [90]------------------------------
0. (Mix(7x1_DilatedConv, 0.425), None)
1. (Mix(Zero, 0.492), None)
2. (Mix(Zero, 0.537), None)
------------------------------------------------------------
------------------------------Current Architecture [91]------------------------------
0. (Mix(7x1_DilatedConv, 0.458), None)
1. (Mix(Zero, 0.492), None)
2. (Mix(Zero, 0.539), None)
------------------------------------------------------------
------------------------------Current Architecture [92]------------------------------
0. (Mix(7x1_DilatedConv, 0.458), None)
1. (Mix(Zero, 0.491), None)
2. (Mix(Zero, 0.543), None)
------------------------------------------------------------
------------------------------Current Architecture [93]------------------------------
0. (Mix(7x1_DilatedConv, 0.349), None)
1. (Mix(Zero, 0.491), None)
2. (Mix(Zero, 0.544), None)
------------------------------------------------------------
------------------------------Current Architecture [94]------------------------------
0. (Mix(7x1_DilatedConv, 0.298), None)
1. (Mix(Zero, 0.494), None)
2. (Mix(Zero, 0.543), None)
------------------------------------------------------------
------------------------------Current Architecture [95]------------------------------
0. (Mix(7x1_DilatedConv, 0.283), None)
1. (Mix(Zero, 0.496), None)
2. (Mix(Zero, 0.548), None)
------------------------------------------------------------
------------------------------Current Architecture [96]------------------------------
0. (Mix(7x1_DilatedConv, 0.290), None)
1. (Mix(Zero, 0.496), None)
2. (Mix(Zero, 0.554), None)
------------------------------------------------------------
------------------------------Current Architecture [97]------------------------------
0. (Mix(7x1_DilatedConv, 0.280), None)
1. (Mix(Zero, 0.497), None)
2. (Mix(Zero, 0.554), None)
------------------------------------------------------------
------------------------------Current Architecture [98]------------------------------
0. (Mix(7x1_DilatedConv, 0.271), None)
1. (Mix(Zero, 0.496), None)
2. (Mix(Zero, 0.554), None)
------------------------------------------------------------
------------------------------Current Architecture [99]------------------------------
0. (Mix(7x1_DilatedConv, 0.264), None)
1. (Mix(Zero, 0.495), None)
2. (Mix(Zero, 0.554), None)
------------------------------------------------------------
------------------------------Current Architecture [100]------------------------------
0. (Mix(7x1_Conv, 0.342), None)
1. (Mix(Zero, 0.496), None)
2. (Mix(Zero, 0.561), None)
------------------------------------------------------------
