------------------------------Current Architecture [1]------------------------------
0. (Mix(7x1_Conv, 0.125), None)
1. (Mix(3x1_Conv, 0.111), None)
2. (Mix(7x1_DilatedConv, 0.111), None)
------------------------------------------------------------
------------------------------Current Architecture [2]------------------------------
0. (Mix(5x1_DilatedConv, 0.144), None)
1. (Mix(7x1_DilatedConv, 0.132), None)
2. (Mix(Zero, 0.128), None)
------------------------------------------------------------
------------------------------Current Architecture [3]------------------------------
0. (Mix(5x1_DilatedConv, 0.166), None)
1. (Mix(Zero, 0.141), None)
2. (Mix(7x1_DilatedConv, 0.130), None)
------------------------------------------------------------
------------------------------Current Architecture [4]------------------------------
0. (Mix(5x1_DilatedConv, 0.157), None)
1. (Mix(9x1_Conv, 0.153), None)
2. (Mix(5x1_DilatedConv, 0.147), None)
------------------------------------------------------------
------------------------------Current Architecture [5]------------------------------
0. (Mix(5x1_DilatedConv, 0.204), None)
1. (Mix(9x1_Conv, 0.157), None)
2. (Mix(Zero, 0.143), None)
------------------------------------------------------------
------------------------------Current Architecture [6]------------------------------
0. (Mix(5x1_DilatedConv, 0.201), None)
1. (Mix(9x1_Conv, 0.145), None)
2. (Mix(Zero, 0.160), None)
------------------------------------------------------------
------------------------------Current Architecture [7]------------------------------
0. (Mix(5x1_DilatedConv, 0.199), None)
1. (Mix(9x1_Conv, 0.173), None)
2. (Mix(Zero, 0.160), None)
------------------------------------------------------------
------------------------------Current Architecture [8]------------------------------
0. (Mix(3x1_DilatedConv, 0.206), None)
1. (Mix(9x1_Conv, 0.169), None)
2. (Mix(5x1_DilatedConv, 0.185), None)
------------------------------------------------------------
------------------------------Current Architecture [9]------------------------------
0. (Mix(3x1_DilatedConv, 0.195), None)
1. (Mix(9x1_Conv, 0.194), None)
2. (Mix(5x1_DilatedConv, 0.184), None)
------------------------------------------------------------
------------------------------Current Architecture [10]------------------------------
0. (Mix(3x1_DilatedConv, 0.209), None)
1. (Mix(9x1_Conv, 0.181), None)
2. (Mix(5x1_DilatedConv, 0.201), None)
------------------------------------------------------------
------------------------------Current Architecture [11]------------------------------
0. (Mix(3x1_DilatedConv, 0.201), None)
1. (Mix(9x1_DilatedConv, 0.178), None)
2. (Mix(5x1_DilatedConv, 0.192), None)
------------------------------------------------------------
------------------------------Current Architecture [12]------------------------------
0. (Mix(7x1_Conv, 0.193), None)
1. (Mix(9x1_DilatedConv, 0.174), None)
2. (Mix(5x1_DilatedConv, 0.192), None)
------------------------------------------------------------
------------------------------Current Architecture [13]------------------------------
0. (Mix(7x1_Conv, 0.216), None)
1. (Mix(9x1_DilatedConv, 0.176), None)
2. (Mix(5x1_DilatedConv, 0.191), None)
------------------------------------------------------------
------------------------------Current Architecture [14]------------------------------
0. (Mix(7x1_Conv, 0.226), None)
1. (Mix(9x1_DilatedConv, 0.193), None)
2. (Mix(5x1_DilatedConv, 0.211), None)
------------------------------------------------------------
------------------------------Current Architecture [15]------------------------------
0. (Mix(3x1_DilatedConv, 0.210), None)
1. (Mix(9x1_DilatedConv, 0.188), None)
2. (Mix(5x1_DilatedConv, 0.209), None)
------------------------------------------------------------
------------------------------Current Architecture [16]------------------------------
0. (Mix(3x1_DilatedConv, 0.203), None)
1. (Mix(9x1_DilatedConv, 0.187), None)
2. (Mix(5x1_DilatedConv, 0.238), None)
------------------------------------------------------------
------------------------------Current Architecture [17]------------------------------
0. (Mix(9x1_DilatedConv, 0.211), None)
1. (Mix(Zero, 0.203), None)
2. (Mix(5x1_DilatedConv, 0.252), None)
------------------------------------------------------------
------------------------------Current Architecture [18]------------------------------
0. (Mix(9x1_DilatedConv, 0.231), None)
1. (Mix(Zero, 0.201), None)
2. (Mix(5x1_DilatedConv, 0.239), None)
------------------------------------------------------------
------------------------------Current Architecture [19]------------------------------
0. (Mix(7x1_Conv, 0.215), None)
1. (Mix(9x1_Conv, 0.198), None)
2. (Mix(5x1_DilatedConv, 0.244), None)
------------------------------------------------------------
------------------------------Current Architecture [20]------------------------------
0. (Mix(3x1_DilatedConv, 0.217), None)
1. (Mix(9x1_Conv, 0.200), None)
2. (Mix(Zero, 0.216), None)
------------------------------------------------------------
------------------------------Current Architecture [21]------------------------------
0. (Mix(3x1_DilatedConv, 0.217), None)
1. (Mix(Zero, 0.229), None)
2. (Mix(Zero, 0.217), None)
------------------------------------------------------------
------------------------------Current Architecture [22]------------------------------
0. (Mix(3x1_DilatedConv, 0.190), None)
1. (Mix(5x1_DilatedConv, 0.198), None)
2. (Mix(Zero, 0.269), None)
------------------------------------------------------------
------------------------------Current Architecture [23]------------------------------
0. (Mix(7x1_Conv, 0.254), None)
1. (Mix(5x1_DilatedConv, 0.203), None)
2. (Mix(Zero, 0.314), None)
------------------------------------------------------------
------------------------------Current Architecture [24]------------------------------
0. (Mix(7x1_Conv, 0.284), None)
1. (Mix(5x1_DilatedConv, 0.201), None)
2. (Mix(Zero, 0.313), None)
------------------------------------------------------------
------------------------------Current Architecture [25]------------------------------
0. (Mix(7x1_Conv, 0.321), None)
1. (Mix(Zero, 0.211), None)
2. (Mix(Zero, 0.313), None)
------------------------------------------------------------
------------------------------Current Architecture [26]------------------------------
0. (Mix(7x1_Conv, 0.360), None)
1. (Mix(9x1_DilatedConv, 0.219), None)
2. (Mix(Zero, 0.316), None)
------------------------------------------------------------
------------------------------Current Architecture [27]------------------------------
0. (Mix(7x1_Conv, 0.308), None)
1. (Mix(Zero, 0.214), None)
2. (Mix(Zero, 0.359), None)
------------------------------------------------------------
------------------------------Current Architecture [28]------------------------------
0. (Mix(7x1_Conv, 0.285), None)
1. (Mix(Zero, 0.207), None)
2. (Mix(Zero, 0.414), None)
------------------------------------------------------------
------------------------------Current Architecture [29]------------------------------
0. (Mix(7x1_Conv, 0.287), None)
1. (Mix(Zero, 0.200), None)
2. (Mix(Zero, 0.411), None)
------------------------------------------------------------
------------------------------Current Architecture [30]------------------------------
0. (Mix(7x1_DilatedConv, 0.276), None)
1. (Mix(9x1_DilatedConv, 0.201), None)
2. (Mix(Zero, 0.444), None)
------------------------------------------------------------
------------------------------Current Architecture [31]------------------------------
0. (Mix(7x1_DilatedConv, 0.291), None)
1. (Mix(Zero, 0.209), None)
2. (Mix(Zero, 0.447), None)
------------------------------------------------------------
------------------------------Current Architecture [32]------------------------------
0. (Mix(7x1_Conv, 0.309), None)
1. (Mix(9x1_DilatedConv, 0.238), None)
2. (Mix(Zero, 0.497), None)
------------------------------------------------------------
------------------------------Current Architecture [33]------------------------------
0. (Mix(7x1_Conv, 0.301), None)
1. (Mix(Zero, 0.235), None)
2. (Mix(Zero, 0.498), None)
------------------------------------------------------------
------------------------------Current Architecture [34]------------------------------
0. (Mix(7x1_Conv, 0.271), None)
1. (Mix(Zero, 0.230), None)
2. (Mix(Zero, 0.525), None)
------------------------------------------------------------
------------------------------Current Architecture [35]------------------------------
0. (Mix(5x1_DilatedConv, 0.281), None)
1. (Mix(Zero, 0.224), None)
2. (Mix(Zero, 0.565), None)
------------------------------------------------------------
------------------------------Current Architecture [36]------------------------------
0. (Mix(5x1_DilatedConv, 0.276), None)
1. (Mix(Zero, 0.212), None)
2. (Mix(Zero, 0.567), None)
------------------------------------------------------------
------------------------------Current Architecture [37]------------------------------
0. (Mix(5x1_DilatedConv, 0.280), None)
1. (Mix(Zero, 0.209), None)
2. (Mix(Zero, 0.568), None)
------------------------------------------------------------
------------------------------Current Architecture [38]------------------------------
0. (Mix(5x1_DilatedConv, 0.282), None)
1. (Mix(Zero, 0.203), None)
2. (Mix(Zero, 0.579), None)
------------------------------------------------------------
------------------------------Current Architecture [39]------------------------------
0. (Mix(5x1_DilatedConv, 0.308), None)
1. (Mix(5x1_DilatedConv, 0.198), None)
2. (Mix(Zero, 0.615), None)
------------------------------------------------------------
------------------------------Current Architecture [40]------------------------------
0. (Mix(5x1_DilatedConv, 0.298), None)
1. (Mix(Zero, 0.326), None)
2. (Mix(Zero, 0.619), None)
------------------------------------------------------------
------------------------------Current Architecture [41]------------------------------
0. (Mix(5x1_DilatedConv, 0.285), None)
1. (Mix(Zero, 0.330), None)
2. (Mix(Zero, 0.618), None)
------------------------------------------------------------
------------------------------Current Architecture [42]------------------------------
0. (Mix(5x1_DilatedConv, 0.283), None)
1. (Mix(Zero, 0.329), None)
2. (Mix(Zero, 0.623), None)
------------------------------------------------------------
------------------------------Current Architecture [43]------------------------------
0. (Mix(5x1_DilatedConv, 0.280), None)
1. (Mix(Zero, 0.327), None)
2. (Mix(Zero, 0.625), None)
------------------------------------------------------------
------------------------------Current Architecture [44]------------------------------
0. (Mix(7x1_Conv, 0.278), None)
1. (Mix(Zero, 0.322), None)
2. (Mix(Zero, 0.627), None)
------------------------------------------------------------
------------------------------Current Architecture [45]------------------------------
0. (Mix(7x1_Conv, 0.296), None)
1. (Mix(Zero, 0.324), None)
2. (Mix(Zero, 0.628), None)
------------------------------------------------------------
------------------------------Current Architecture [46]------------------------------
0. (Mix(7x1_Conv, 0.289), None)
1. (Mix(Zero, 0.323), None)
2. (Mix(Zero, 0.627), None)
------------------------------------------------------------
------------------------------Current Architecture [47]------------------------------
0. (Mix(7x1_Conv, 0.327), None)
1. (Mix(Zero, 0.422), None)
2. (Mix(Zero, 0.627), None)
------------------------------------------------------------
------------------------------Current Architecture [48]------------------------------
0. (Mix(7x1_Conv, 0.330), None)
1. (Mix(Zero, 0.468), None)
2. (Mix(Zero, 0.626), None)
------------------------------------------------------------
------------------------------Current Architecture [49]------------------------------
0. (Mix(7x1_Conv, 0.328), None)
1. (Mix(Zero, 0.479), None)
2. (Mix(Zero, 0.626), None)
------------------------------------------------------------
------------------------------Current Architecture [50]------------------------------
0. (Mix(7x1_Conv, 0.335), None)
1. (Mix(Zero, 0.486), None)
2. (Mix(Zero, 0.626), None)
------------------------------------------------------------
------------------------------Current Architecture [51]------------------------------
0. (Mix(7x1_Conv, 0.328), None)
1. (Mix(Zero, 0.494), None)
2. (Mix(Zero, 0.625), None)
------------------------------------------------------------
------------------------------Current Architecture [52]------------------------------
0. (Mix(7x1_Conv, 0.310), None)
1. (Mix(Zero, 0.493), None)
2. (Mix(Zero, 0.630), None)
------------------------------------------------------------
------------------------------Current Architecture [53]------------------------------
0. (Mix(7x1_Conv, 0.300), None)
1. (Mix(Zero, 0.498), None)
2. (Mix(Zero, 0.631), None)
------------------------------------------------------------
------------------------------Current Architecture [54]------------------------------
0. (Mix(7x1_Conv, 0.271), None)
1. (Mix(Zero, 0.499), None)
2. (Mix(Zero, 0.632), None)
------------------------------------------------------------
------------------------------Current Architecture [55]------------------------------
0. (Mix(5x1_DilatedConv, 0.266), None)
1. (Mix(Zero, 0.501), None)
2. (Mix(Zero, 0.632), None)
------------------------------------------------------------
------------------------------Current Architecture [56]------------------------------
0. (Mix(5x1_DilatedConv, 0.271), None)
1. (Mix(Zero, 0.499), None)
2. (Mix(Zero, 0.632), None)
------------------------------------------------------------
------------------------------Current Architecture [57]------------------------------
0. (Mix(5x1_DilatedConv, 0.273), None)
1. (Mix(Zero, 0.497), None)
2. (Mix(Zero, 0.631), None)
------------------------------------------------------------
------------------------------Current Architecture [58]------------------------------
0. (Mix(5x1_DilatedConv, 0.284), None)
1. (Mix(Zero, 0.493), None)
2. (Mix(Zero, 0.633), None)
------------------------------------------------------------
------------------------------Current Architecture [59]------------------------------
0. (Mix(5x1_DilatedConv, 0.302), None)
1. (Mix(Zero, 0.487), None)
2. (Mix(Zero, 0.630), None)
------------------------------------------------------------
------------------------------Current Architecture [60]------------------------------
0. (Mix(5x1_DilatedConv, 0.299), None)
1. (Mix(Zero, 0.486), None)
2. (Mix(Zero, 0.629), None)
------------------------------------------------------------
------------------------------Current Architecture [61]------------------------------
0. (Mix(5x1_DilatedConv, 0.271), None)
1. (Mix(Zero, 0.485), None)
2. (Mix(Zero, 0.629), None)
------------------------------------------------------------
------------------------------Current Architecture [62]------------------------------
0. (Mix(5x1_DilatedConv, 0.291), None)
1. (Mix(Zero, 0.485), None)
2. (Mix(Zero, 0.629), None)
------------------------------------------------------------
------------------------------Current Architecture [63]------------------------------
0. (Mix(5x1_DilatedConv, 0.281), None)
1. (Mix(Zero, 0.496), None)
2. (Mix(Zero, 0.630), None)
------------------------------------------------------------
------------------------------Current Architecture [64]------------------------------
0. (Mix(5x1_DilatedConv, 0.290), None)
1. (Mix(Zero, 0.496), None)
2. (Mix(Zero, 0.630), None)
------------------------------------------------------------
------------------------------Current Architecture [65]------------------------------
0. (Mix(5x1_DilatedConv, 0.255), None)
1. (Mix(Zero, 0.494), None)
2. (Mix(Zero, 0.630), None)
------------------------------------------------------------
------------------------------Current Architecture [66]------------------------------
0. (Mix(5x1_DilatedConv, 0.256), None)
1. (Mix(Zero, 0.484), None)
2. (Mix(Zero, 0.630), None)
------------------------------------------------------------
------------------------------Current Architecture [67]------------------------------
0. (Mix(5x1_DilatedConv, 0.258), None)
1. (Mix(Zero, 0.502), None)
2. (Mix(Zero, 0.629), None)
------------------------------------------------------------
------------------------------Current Architecture [68]------------------------------
0. (Mix(5x1_DilatedConv, 0.263), None)
1. (Mix(Zero, 0.502), None)
2. (Mix(Zero, 0.630), None)
------------------------------------------------------------
------------------------------Current Architecture [69]------------------------------
0. (Mix(5x1_DilatedConv, 0.252), None)
1. (Mix(Zero, 0.534), None)
2. (Mix(Zero, 0.630), None)
------------------------------------------------------------
------------------------------Current Architecture [70]------------------------------
0. (Mix(5x1_DilatedConv, 0.260), None)
1. (Mix(Zero, 0.536), None)
2. (Mix(Zero, 0.630), None)
------------------------------------------------------------
------------------------------Current Architecture [71]------------------------------
0. (Mix(7x1_Conv, 0.233), None)
1. (Mix(Zero, 0.556), None)
2. (Mix(Zero, 0.632), None)
------------------------------------------------------------
------------------------------Current Architecture [72]------------------------------
0. (Mix(7x1_Conv, 0.231), None)
1. (Mix(Zero, 0.575), None)
2. (Mix(Zero, 0.632), None)
------------------------------------------------------------
------------------------------Current Architecture [73]------------------------------
0. (Mix(7x1_DilatedConv, 0.257), None)
1. (Mix(Zero, 0.577), None)
2. (Mix(Zero, 0.631), None)
------------------------------------------------------------
------------------------------Current Architecture [74]------------------------------
0. (Mix(7x1_DilatedConv, 0.264), None)
1. (Mix(Zero, 0.576), None)
2. (Mix(Zero, 0.632), None)
------------------------------------------------------------
------------------------------Current Architecture [75]------------------------------
0. (Mix(7x1_DilatedConv, 0.296), None)
1. (Mix(Zero, 0.576), None)
2. (Mix(Zero, 0.635), None)
------------------------------------------------------------
------------------------------Current Architecture [76]------------------------------
0. (Mix(7x1_DilatedConv, 0.301), None)
1. (Mix(Zero, 0.573), None)
2. (Mix(Zero, 0.637), None)
------------------------------------------------------------
------------------------------Current Architecture [77]------------------------------
0. (Mix(7x1_DilatedConv, 0.296), None)
1. (Mix(Zero, 0.571), None)
2. (Mix(Zero, 0.636), None)
------------------------------------------------------------
------------------------------Current Architecture [78]------------------------------
0. (Mix(7x1_DilatedConv, 0.252), None)
1. (Mix(Zero, 0.566), None)
2. (Mix(Zero, 0.636), None)
------------------------------------------------------------
------------------------------Current Architecture [79]------------------------------
0. (Mix(7x1_DilatedConv, 0.251), None)
1. (Mix(Zero, 0.576), None)
2. (Mix(Zero, 0.635), None)
------------------------------------------------------------
------------------------------Current Architecture [80]------------------------------
0. (Mix(7x1_DilatedConv, 0.285), None)
1. (Mix(Zero, 0.581), None)
2. (Mix(Zero, 0.639), None)
------------------------------------------------------------
------------------------------Current Architecture [81]------------------------------
0. (Mix(7x1_DilatedConv, 0.274), None)
1. (Mix(Zero, 0.588), None)
2. (Mix(Zero, 0.639), None)
------------------------------------------------------------
------------------------------Current Architecture [82]------------------------------
0. (Mix(7x1_DilatedConv, 0.252), None)
1. (Mix(Zero, 0.588), None)
2. (Mix(Zero, 0.638), None)
------------------------------------------------------------
------------------------------Current Architecture [83]------------------------------
0. (Mix(7x1_DilatedConv, 0.257), None)
1. (Mix(Zero, 0.586), None)
2. (Mix(Zero, 0.638), None)
------------------------------------------------------------
------------------------------Current Architecture [84]------------------------------
0. (Mix(7x1_DilatedConv, 0.273), None)
1. (Mix(Zero, 0.584), None)
2. (Mix(Zero, 0.639), None)
------------------------------------------------------------
------------------------------Current Architecture [85]------------------------------
0. (Mix(7x1_DilatedConv, 0.341), None)
1. (Mix(Zero, 0.584), None)
2. (Mix(Zero, 0.638), None)
------------------------------------------------------------
------------------------------Current Architecture [86]------------------------------
0. (Mix(7x1_DilatedConv, 0.399), None)
1. (Mix(Zero, 0.585), None)
2. (Mix(Zero, 0.637), None)
------------------------------------------------------------
------------------------------Current Architecture [87]------------------------------
0. (Mix(7x1_DilatedConv, 0.374), None)
1. (Mix(Zero, 0.583), None)
2. (Mix(Zero, 0.636), None)
------------------------------------------------------------
------------------------------Current Architecture [88]------------------------------
0. (Mix(7x1_DilatedConv, 0.352), None)
1. (Mix(Zero, 0.594), None)
2. (Mix(Zero, 0.633), None)
------------------------------------------------------------
------------------------------Current Architecture [89]------------------------------
0. (Mix(7x1_DilatedConv, 0.374), None)
1. (Mix(Zero, 0.619), None)
2. (Mix(Zero, 0.633), None)
------------------------------------------------------------
------------------------------Current Architecture [90]------------------------------
0. (Mix(7x1_DilatedConv, 0.398), None)
1. (Mix(Zero, 0.650), None)
2. (Mix(Zero, 0.632), None)
------------------------------------------------------------
------------------------------Current Architecture [91]------------------------------
0. (Mix(7x1_DilatedConv, 0.467), None)
1. (Mix(Zero, 0.679), None)
2. (Mix(Zero, 0.632), None)
------------------------------------------------------------
------------------------------Current Architecture [92]------------------------------
0. (Mix(7x1_DilatedConv, 0.477), None)
1. (Mix(Zero, 0.683), None)
2. (Mix(Zero, 0.632), None)
------------------------------------------------------------
------------------------------Current Architecture [93]------------------------------
0. (Mix(7x1_DilatedConv, 0.464), None)
1. (Mix(Zero, 0.682), None)
2. (Mix(Zero, 0.653), None)
------------------------------------------------------------
------------------------------Current Architecture [94]------------------------------
0. (Mix(7x1_DilatedConv, 0.503), None)
1. (Mix(Zero, 0.689), None)
2. (Mix(Zero, 0.669), None)
------------------------------------------------------------
------------------------------Current Architecture [95]------------------------------
0. (Mix(7x1_DilatedConv, 0.501), None)
1. (Mix(Zero, 0.693), None)
2. (Mix(Zero, 0.667), None)
------------------------------------------------------------
------------------------------Current Architecture [96]------------------------------
0. (Mix(7x1_DilatedConv, 0.464), None)
1. (Mix(Zero, 0.693), None)
2. (Mix(Zero, 0.667), None)
------------------------------------------------------------
------------------------------Current Architecture [97]------------------------------
0. (Mix(7x1_DilatedConv, 0.467), None)
1. (Mix(Zero, 0.693), None)
2. (Mix(Zero, 0.667), None)
------------------------------------------------------------
------------------------------Current Architecture [98]------------------------------
0. (Mix(7x1_DilatedConv, 0.529), None)
1. (Mix(Zero, 0.690), None)
2. (Mix(Zero, 0.667), None)
------------------------------------------------------------
------------------------------Current Architecture [99]------------------------------
0. (Mix(7x1_DilatedConv, 0.523), None)
1. (Mix(Zero, 0.713), None)
2. (Mix(Zero, 0.667), None)
------------------------------------------------------------
------------------------------Current Architecture [100]------------------------------
0. (Mix(7x1_DilatedConv, 0.499), None)
1. (Mix(Zero, 0.713), None)
2. (Mix(Zero, 0.666), None)
------------------------------------------------------------
