------------------------------Current Architecture [1]------------------------------
0. (Mix(7x1_Conv, 0.125), None)
1. (Mix(3x1_Conv, 0.111), None)
2. (Mix(7x1_DilatedConv, 0.111), None)
------------------------------------------------------------
------------------------------Current Architecture [2]------------------------------
0. (Mix(3x1_Conv, 0.139), None)
1. (Mix(9x1_Conv, 0.125), None)
2. (Mix(5x1_Conv, 0.138), None)
------------------------------------------------------------
------------------------------Current Architecture [3]------------------------------
0. (Mix(7x1_DilatedConv, 0.156), None)
1. (Mix(7x1_Conv, 0.156), None)
2. (Mix(9x1_DilatedConv, 0.131), None)
------------------------------------------------------------
------------------------------Current Architecture [4]------------------------------
0. (Mix(9x1_DilatedConv, 0.169), None)
1. (Mix(7x1_Conv, 0.183), None)
2. (Mix(7x1_DilatedConv, 0.183), None)
------------------------------------------------------------
------------------------------Current Architecture [5]------------------------------
0. (Mix(9x1_DilatedConv, 0.199), None)
1. (Mix(7x1_Conv, 0.168), None)
2. (Mix(7x1_DilatedConv, 0.196), None)
------------------------------------------------------------
------------------------------Current Architecture [6]------------------------------
0. (Mix(9x1_DilatedConv, 0.210), None)
1. (Mix(7x1_Conv, 0.192), None)
2. (Mix(7x1_DilatedConv, 0.177), None)
------------------------------------------------------------
------------------------------Current Architecture [7]------------------------------
0. (Mix(9x1_DilatedConv, 0.179), None)
1. (Mix(7x1_Conv, 0.207), None)
2. (Mix(9x1_Conv, 0.174), None)
------------------------------------------------------------
------------------------------Current Architecture [8]------------------------------
0. (Mix(9x1_DilatedConv, 0.192), None)
1. (Mix(7x1_Conv, 0.176), None)
2. (Mix(9x1_Conv, 0.153), None)
------------------------------------------------------------
------------------------------Current Architecture [9]------------------------------
0. (Mix(9x1_DilatedConv, 0.193), None)
1. (Mix(7x1_Conv, 0.204), None)
2. (Mix(9x1_Conv, 0.195), None)
------------------------------------------------------------
------------------------------Current Architecture [10]------------------------------
0. (Mix(9x1_DilatedConv, 0.186), None)
1. (Mix(7x1_Conv, 0.191), None)
2. (Mix(9x1_Conv, 0.259), None)
------------------------------------------------------------
------------------------------Current Architecture [11]------------------------------
0. (Mix(9x1_DilatedConv, 0.203), None)
1. (Mix(7x1_Conv, 0.184), None)
2. (Mix(9x1_Conv, 0.215), None)
------------------------------------------------------------
------------------------------Current Architecture [12]------------------------------
0. (Mix(9x1_DilatedConv, 0.210), None)
1. (Mix(7x1_Conv, 0.185), None)
2. (Mix(9x1_Conv, 0.203), None)
------------------------------------------------------------
------------------------------Current Architecture [13]------------------------------
0. (Mix(9x1_DilatedConv, 0.232), None)
1. (Mix(7x1_Conv, 0.179), None)
2. (Mix(9x1_Conv, 0.187), None)
------------------------------------------------------------
------------------------------Current Architecture [14]------------------------------
0. (Mix(9x1_DilatedConv, 0.254), None)
1. (Mix(7x1_Conv, 0.158), None)
2. (Mix(9x1_Conv, 0.187), None)
------------------------------------------------------------
------------------------------Current Architecture [15]------------------------------
0. (Mix(9x1_DilatedConv, 0.256), None)
1. (Mix(9x1_Conv, 0.163), None)
2. (Mix(9x1_Conv, 0.199), None)
------------------------------------------------------------
------------------------------Current Architecture [16]------------------------------
0. (Mix(9x1_DilatedConv, 0.250), None)
1. (Mix(9x1_Conv, 0.174), None)
2. (Mix(9x1_Conv, 0.201), None)
------------------------------------------------------------
------------------------------Current Architecture [17]------------------------------
0. (Mix(9x1_DilatedConv, 0.233), None)
1. (Mix(9x1_Conv, 0.176), None)
2. (Mix(9x1_Conv, 0.200), None)
------------------------------------------------------------
------------------------------Current Architecture [18]------------------------------
0. (Mix(9x1_DilatedConv, 0.229), None)
1. (Mix(9x1_Conv, 0.173), None)
2. (Mix(9x1_Conv, 0.202), None)
------------------------------------------------------------
------------------------------Current Architecture [19]------------------------------
0. (Mix(9x1_DilatedConv, 0.259), None)
1. (Mix(9x1_Conv, 0.167), None)
2. (Mix(9x1_Conv, 0.189), None)
------------------------------------------------------------
------------------------------Current Architecture [20]------------------------------
0. (Mix(9x1_DilatedConv, 0.262), None)
1. (Mix(9x1_Conv, 0.165), None)
2. (Mix(Zero, 0.182), None)
------------------------------------------------------------
------------------------------Current Architecture [21]------------------------------
0. (Mix(9x1_DilatedConv, 0.257), None)
1. (Mix(9x1_Conv, 0.161), None)
2. (Mix(9x1_Conv, 0.191), None)
------------------------------------------------------------
------------------------------Current Architecture [22]------------------------------
0. (Mix(7x1_DilatedConv, 0.258), None)
1. (Mix(9x1_DilatedConv, 0.168), None)
2. (Mix(9x1_Conv, 0.184), None)
------------------------------------------------------------
------------------------------Current Architecture [23]------------------------------
0. (Mix(7x1_DilatedConv, 0.263), None)
1. (Mix(9x1_DilatedConv, 0.165), None)
2. (Mix(9x1_Conv, 0.182), None)
------------------------------------------------------------
------------------------------Current Architecture [24]------------------------------
0. (Mix(9x1_DilatedConv, 0.265), None)
1. (Mix(9x1_Conv, 0.237), None)
2. (Mix(Zero, 0.185), None)
------------------------------------------------------------
------------------------------Current Architecture [25]------------------------------
0. (Mix(7x1_DilatedConv, 0.243), None)
1. (Mix(9x1_Conv, 0.249), None)
2. (Mix(Zero, 0.186), None)
------------------------------------------------------------
------------------------------Current Architecture [26]------------------------------
0. (Mix(9x1_DilatedConv, 0.249), None)
1. (Mix(9x1_Conv, 0.245), None)
2. (Mix(Zero, 0.186), None)
------------------------------------------------------------
------------------------------Current Architecture [27]------------------------------
0. (Mix(9x1_DilatedConv, 0.270), None)
1. (Mix(9x1_Conv, 0.235), None)
2. (Mix(Zero, 0.186), None)
------------------------------------------------------------
------------------------------Current Architecture [28]------------------------------
0. (Mix(9x1_DilatedConv, 0.308), None)
1. (Mix(3x1_DilatedConv, 0.188), None)
2. (Mix(Zero, 0.228), None)
------------------------------------------------------------
------------------------------Current Architecture [29]------------------------------
0. (Mix(9x1_DilatedConv, 0.291), None)
1. (Mix(3x1_DilatedConv, 0.187), None)
2. (Mix(Zero, 0.275), None)
------------------------------------------------------------
------------------------------Current Architecture [30]------------------------------
0. (Mix(9x1_DilatedConv, 0.297), None)
1. (Mix(3x1_DilatedConv, 0.188), None)
2. (Mix(Zero, 0.273), None)
------------------------------------------------------------
------------------------------Current Architecture [31]------------------------------
0. (Mix(9x1_DilatedConv, 0.290), None)
1. (Mix(3x1_DilatedConv, 0.188), None)
2. (Mix(Zero, 0.273), None)
------------------------------------------------------------
------------------------------Current Architecture [32]------------------------------
0. (Mix(9x1_DilatedConv, 0.336), None)
1. (Mix(3x1_DilatedConv, 0.186), None)
2. (Mix(Zero, 0.278), None)
------------------------------------------------------------
------------------------------Current Architecture [33]------------------------------
0. (Mix(9x1_DilatedConv, 0.370), None)
1. (Mix(3x1_DilatedConv, 0.185), None)
2. (Mix(Zero, 0.286), None)
------------------------------------------------------------
------------------------------Current Architecture [34]------------------------------
0. (Mix(9x1_DilatedConv, 0.380), None)
1. (Mix(Zero, 0.242), None)
2. (Mix(Zero, 0.298), None)
------------------------------------------------------------
------------------------------Current Architecture [35]------------------------------
0. (Mix(9x1_DilatedConv, 0.386), None)
1. (Mix(Zero, 0.244), None)
2. (Mix(Zero, 0.295), None)
------------------------------------------------------------
------------------------------Current Architecture [36]------------------------------
0. (Mix(9x1_DilatedConv, 0.387), None)
1. (Mix(Zero, 0.240), None)
2. (Mix(Zero, 0.297), None)
------------------------------------------------------------
------------------------------Current Architecture [37]------------------------------
0. (Mix(9x1_DilatedConv, 0.391), None)
1. (Mix(Zero, 0.241), None)
2. (Mix(Zero, 0.298), None)
------------------------------------------------------------
------------------------------Current Architecture [38]------------------------------
0. (Mix(9x1_DilatedConv, 0.393), None)
1. (Mix(Zero, 0.360), None)
2. (Mix(Zero, 0.329), None)
------------------------------------------------------------
------------------------------Current Architecture [39]------------------------------
0. (Mix(9x1_DilatedConv, 0.386), None)
1. (Mix(Zero, 0.368), None)
2. (Mix(Zero, 0.326), None)
------------------------------------------------------------
------------------------------Current Architecture [40]------------------------------
0. (Mix(9x1_DilatedConv, 0.380), None)
1. (Mix(Zero, 0.366), None)
2. (Mix(Zero, 0.336), None)
------------------------------------------------------------
------------------------------Current Architecture [41]------------------------------
0. (Mix(9x1_DilatedConv, 0.399), None)
1. (Mix(Zero, 0.365), None)
2. (Mix(Zero, 0.335), None)
------------------------------------------------------------
------------------------------Current Architecture [42]------------------------------
0. (Mix(9x1_DilatedConv, 0.274), None)
1. (Mix(Zero, 0.391), None)
2. (Mix(Zero, 0.335), None)
------------------------------------------------------------
------------------------------Current Architecture [43]------------------------------
0. (Mix(7x1_DilatedConv, 0.226), None)
1. (Mix(Zero, 0.426), None)
2. (Mix(Zero, 0.334), None)
------------------------------------------------------------
------------------------------Current Architecture [44]------------------------------
0. (Mix(7x1_DilatedConv, 0.225), None)
1. (Mix(Zero, 0.426), None)
2. (Mix(Zero, 0.334), None)
------------------------------------------------------------
------------------------------Current Architecture [45]------------------------------
0. (Mix(9x1_DilatedConv, 0.232), None)
1. (Mix(Zero, 0.425), None)
2. (Mix(Zero, 0.333), None)
------------------------------------------------------------
------------------------------Current Architecture [46]------------------------------
0. (Mix(9x1_DilatedConv, 0.244), None)
1. (Mix(Zero, 0.423), None)
2. (Mix(Zero, 0.342), None)
------------------------------------------------------------
------------------------------Current Architecture [47]------------------------------
0. (Mix(7x1_DilatedConv, 0.252), None)
1. (Mix(Zero, 0.424), None)
2. (Mix(Zero, 0.342), None)
------------------------------------------------------------
------------------------------Current Architecture [48]------------------------------
0. (Mix(7x1_DilatedConv, 0.255), None)
1. (Mix(Zero, 0.423), None)
2. (Mix(Zero, 0.344), None)
------------------------------------------------------------
------------------------------Current Architecture [49]------------------------------
0. (Mix(7x1_DilatedConv, 0.257), None)
1. (Mix(Zero, 0.421), None)
2. (Mix(Zero, 0.343), None)
------------------------------------------------------------
------------------------------Current Architecture [50]------------------------------
0. (Mix(9x1_DilatedConv, 0.257), None)
1. (Mix(Zero, 0.419), None)
2. (Mix(Zero, 0.341), None)
------------------------------------------------------------
------------------------------Current Architecture [51]------------------------------
0. (Mix(7x1_DilatedConv, 0.229), None)
1. (Mix(Zero, 0.416), None)
2. (Mix(Zero, 0.373), None)
------------------------------------------------------------
------------------------------Current Architecture [52]------------------------------
0. (Mix(5x1_Conv, 0.226), None)
1. (Mix(Zero, 0.417), None)
2. (Mix(Zero, 0.406), None)
------------------------------------------------------------
------------------------------Current Architecture [53]------------------------------
0. (Mix(9x1_DilatedConv, 0.230), None)
1. (Mix(Zero, 0.416), None)
2. (Mix(Zero, 0.406), None)
------------------------------------------------------------
------------------------------Current Architecture [54]------------------------------
0. (Mix(7x1_DilatedConv, 0.216), None)
1. (Mix(Zero, 0.415), None)
2. (Mix(Zero, 0.406), None)
------------------------------------------------------------
------------------------------Current Architecture [55]------------------------------
0. (Mix(7x1_DilatedConv, 0.238), None)
1. (Mix(Zero, 0.415), None)
2. (Mix(Zero, 0.408), None)
------------------------------------------------------------
------------------------------Current Architecture [56]------------------------------
0. (Mix(7x1_DilatedConv, 0.245), None)
1. (Mix(Zero, 0.414), None)
2. (Mix(Zero, 0.408), None)
------------------------------------------------------------
------------------------------Current Architecture [57]------------------------------
0. (Mix(7x1_DilatedConv, 0.245), None)
1. (Mix(Zero, 0.411), None)
2. (Mix(Zero, 0.408), None)
------------------------------------------------------------
------------------------------Current Architecture [58]------------------------------
0. (Mix(5x1_Conv, 0.206), None)
1. (Mix(Zero, 0.411), None)
2. (Mix(Zero, 0.407), None)
------------------------------------------------------------
------------------------------Current Architecture [59]------------------------------
0. (Mix(9x1_DilatedConv, 0.245), None)
1. (Mix(Zero, 0.404), None)
2. (Mix(Zero, 0.422), None)
------------------------------------------------------------
------------------------------Current Architecture [60]------------------------------
0. (Mix(9x1_DilatedConv, 0.273), None)
1. (Mix(Zero, 0.402), None)
2. (Mix(Zero, 0.428), None)
------------------------------------------------------------
------------------------------Current Architecture [61]------------------------------
0. (Mix(9x1_DilatedConv, 0.254), None)
1. (Mix(Zero, 0.400), None)
2. (Mix(Zero, 0.427), None)
------------------------------------------------------------
------------------------------Current Architecture [62]------------------------------
0. (Mix(9x1_DilatedConv, 0.267), None)
1. (Mix(Zero, 0.398), None)
2. (Mix(Zero, 0.430), None)
------------------------------------------------------------
------------------------------Current Architecture [63]------------------------------
0. (Mix(9x1_DilatedConv, 0.342), None)
1. (Mix(Zero, 0.436), None)
2. (Mix(Zero, 0.430), None)
------------------------------------------------------------
------------------------------Current Architecture [64]------------------------------
0. (Mix(9x1_DilatedConv, 0.325), None)
1. (Mix(Zero, 0.435), None)
2. (Mix(Zero, 0.431), None)
------------------------------------------------------------
------------------------------Current Architecture [65]------------------------------
0. (Mix(9x1_DilatedConv, 0.352), None)
1. (Mix(Zero, 0.434), None)
2. (Mix(Zero, 0.426), None)
------------------------------------------------------------
------------------------------Current Architecture [66]------------------------------
0. (Mix(9x1_DilatedConv, 0.350), None)
1. (Mix(Zero, 0.433), None)
2. (Mix(Zero, 0.425), None)
------------------------------------------------------------
------------------------------Current Architecture [67]------------------------------
0. (Mix(9x1_DilatedConv, 0.324), None)
1. (Mix(Zero, 0.433), None)
2. (Mix(Zero, 0.424), None)
------------------------------------------------------------
------------------------------Current Architecture [68]------------------------------
0. (Mix(9x1_DilatedConv, 0.272), None)
1. (Mix(Zero, 0.430), None)
2. (Mix(Zero, 0.424), None)
------------------------------------------------------------
------------------------------Current Architecture [69]------------------------------
0. (Mix(9x1_DilatedConv, 0.267), None)
1. (Mix(Zero, 0.428), None)
2. (Mix(Zero, 0.423), None)
------------------------------------------------------------
------------------------------Current Architecture [70]------------------------------
0. (Mix(9x1_DilatedConv, 0.267), None)
1. (Mix(Zero, 0.427), None)
2. (Mix(Zero, 0.419), None)
------------------------------------------------------------
------------------------------Current Architecture [71]------------------------------
0. (Mix(9x1_DilatedConv, 0.264), None)
1. (Mix(Zero, 0.448), None)
2. (Mix(Zero, 0.419), None)
------------------------------------------------------------
------------------------------Current Architecture [72]------------------------------
0. (Mix(9x1_DilatedConv, 0.255), None)
1. (Mix(Zero, 0.448), None)
2. (Mix(Zero, 0.417), None)
------------------------------------------------------------
------------------------------Current Architecture [73]------------------------------
0. (Mix(9x1_DilatedConv, 0.231), None)
1. (Mix(Zero, 0.446), None)
2. (Mix(Zero, 0.417), None)
------------------------------------------------------------
------------------------------Current Architecture [74]------------------------------
0. (Mix(5x1_Conv, 0.210), None)
1. (Mix(Zero, 0.448), None)
2. (Mix(Zero, 0.417), None)
------------------------------------------------------------
------------------------------Current Architecture [75]------------------------------
0. (Mix(5x1_Conv, 0.255), None)
1. (Mix(Zero, 0.448), None)
2. (Mix(Zero, 0.415), None)
------------------------------------------------------------
------------------------------Current Architecture [76]------------------------------
0. (Mix(5x1_Conv, 0.222), None)
1. (Mix(Zero, 0.447), None)
2. (Mix(Zero, 0.416), None)
------------------------------------------------------------
------------------------------Current Architecture [77]------------------------------
0. (Mix(5x1_Conv, 0.234), None)
1. (Mix(Zero, 0.446), None)
2. (Mix(Zero, 0.417), None)
------------------------------------------------------------
------------------------------Current Architecture [78]------------------------------
0. (Mix(5x1_Conv, 0.239), None)
1. (Mix(Zero, 0.446), None)
2. (Mix(Zero, 0.416), None)
------------------------------------------------------------
------------------------------Current Architecture [79]------------------------------
0. (Mix(5x1_Conv, 0.235), None)
1. (Mix(Zero, 0.442), None)
2. (Mix(Zero, 0.413), None)
------------------------------------------------------------
------------------------------Current Architecture [80]------------------------------
0. (Mix(5x1_Conv, 0.225), None)
1. (Mix(Zero, 0.439), None)
2. (Mix(Zero, 0.410), None)
------------------------------------------------------------
------------------------------Current Architecture [81]------------------------------
0. (Mix(5x1_Conv, 0.209), None)
1. (Mix(Zero, 0.506), None)
2. (Mix(Zero, 0.408), None)
------------------------------------------------------------
------------------------------Current Architecture [82]------------------------------
0. (Mix(3x1_Conv, 0.211), None)
1. (Mix(Zero, 0.533), None)
2. (Mix(Zero, 0.407), None)
------------------------------------------------------------
------------------------------Current Architecture [83]------------------------------
0. (Mix(3x1_Conv, 0.214), None)
1. (Mix(Zero, 0.576), None)
2. (Mix(Zero, 0.409), None)
------------------------------------------------------------
------------------------------Current Architecture [84]------------------------------
0. (Mix(3x1_Conv, 0.210), None)
1. (Mix(Zero, 0.577), None)
2. (Mix(Zero, 0.408), None)
------------------------------------------------------------
------------------------------Current Architecture [85]------------------------------
0. (Mix(5x1_Conv, 0.264), None)
1. (Mix(Zero, 0.576), None)
2. (Mix(Zero, 0.418), None)
------------------------------------------------------------
------------------------------Current Architecture [86]------------------------------
0. (Mix(5x1_Conv, 0.292), None)
1. (Mix(Zero, 0.575), None)
2. (Mix(Zero, 0.417), None)
------------------------------------------------------------
------------------------------Current Architecture [87]------------------------------
0. (Mix(5x1_Conv, 0.269), None)
1. (Mix(Zero, 0.582), None)
2. (Mix(Zero, 0.415), None)
------------------------------------------------------------
------------------------------Current Architecture [88]------------------------------
0. (Mix(5x1_Conv, 0.271), None)
1. (Mix(Zero, 0.588), None)
2. (Mix(Zero, 0.418), None)
------------------------------------------------------------
------------------------------Current Architecture [89]------------------------------
0. (Mix(5x1_Conv, 0.271), None)
1. (Mix(Zero, 0.589), None)
2. (Mix(Zero, 0.422), None)
------------------------------------------------------------
------------------------------Current Architecture [90]------------------------------
0. (Mix(5x1_Conv, 0.327), None)
1. (Mix(Zero, 0.589), None)
2. (Mix(Zero, 0.436), None)
------------------------------------------------------------
------------------------------Current Architecture [91]------------------------------
0. (Mix(5x1_Conv, 0.306), None)
1. (Mix(Zero, 0.589), None)
2. (Mix(Zero, 0.438), None)
------------------------------------------------------------
------------------------------Current Architecture [92]------------------------------
0. (Mix(5x1_Conv, 0.293), None)
1. (Mix(Zero, 0.588), None)
2. (Mix(Zero, 0.436), None)
------------------------------------------------------------
------------------------------Current Architecture [93]------------------------------
0. (Mix(5x1_Conv, 0.286), None)
1. (Mix(Zero, 0.588), None)
2. (Mix(Zero, 0.435), None)
------------------------------------------------------------
------------------------------Current Architecture [94]------------------------------
0. (Mix(5x1_Conv, 0.260), None)
1. (Mix(Zero, 0.588), None)
2. (Mix(Zero, 0.464), None)
------------------------------------------------------------
------------------------------Current Architecture [95]------------------------------
0. (Mix(5x1_Conv, 0.237), None)
1. (Mix(Zero, 0.587), None)
2. (Mix(Zero, 0.473), None)
------------------------------------------------------------
------------------------------Current Architecture [96]------------------------------
0. (Mix(5x1_Conv, 0.213), None)
1. (Mix(Zero, 0.586), None)
2. (Mix(Zero, 0.473), None)
------------------------------------------------------------
------------------------------Current Architecture [97]------------------------------
0. (Mix(5x1_Conv, 0.205), None)
1. (Mix(Zero, 0.586), None)
2. (Mix(Zero, 0.521), None)
------------------------------------------------------------
------------------------------Current Architecture [98]------------------------------
0. (Mix(5x1_Conv, 0.204), None)
1. (Mix(Zero, 0.585), None)
2. (Mix(Zero, 0.527), None)
------------------------------------------------------------
------------------------------Current Architecture [99]------------------------------
0. (Mix(5x1_Conv, 0.208), None)
1. (Mix(Zero, 0.585), None)
2. (Mix(Zero, 0.528), None)
------------------------------------------------------------
------------------------------Current Architecture [100]------------------------------
0. (Mix(5x1_Conv, 0.227), None)
1. (Mix(Zero, 0.586), None)
2. (Mix(Zero, 0.528), None)
------------------------------------------------------------
