------------------------------Current Architecture [1]------------------------------
0. (Mix(7x1_Conv, 0.125), None)
1. (Mix(3x1_Conv, 0.111), None)
2. (Mix(7x1_DilatedConv, 0.111), None)
------------------------------------------------------------
------------------------------Current Architecture [2]------------------------------
0. (Mix(9x1_DilatedConv, 0.145), None)
1. (Mix(5x1_DilatedConv, 0.134), None)
2. (Mix(7x1_DilatedConv, 0.119), None)
------------------------------------------------------------
------------------------------Current Architecture [3]------------------------------
0. (Mix(9x1_DilatedConv, 0.156), None)
1. (Mix(Zero, 0.143), None)
2. (Mix(9x1_DilatedConv, 0.153), None)
------------------------------------------------------------
------------------------------Current Architecture [4]------------------------------
0. (Mix(5x1_DilatedConv, 0.212), None)
1. (Mix(5x1_DilatedConv, 0.179), None)
2. (Mix(9x1_Conv, 0.158), None)
------------------------------------------------------------
------------------------------Current Architecture [5]------------------------------
0. (Mix(5x1_DilatedConv, 0.230), None)
1. (Mix(5x1_DilatedConv, 0.199), None)
2. (Mix(9x1_Conv, 0.156), None)
------------------------------------------------------------
------------------------------Current Architecture [6]------------------------------
0. (Mix(5x1_DilatedConv, 0.218), None)
1. (Mix(5x1_DilatedConv, 0.186), None)
2. (Mix(5x1_DilatedConv, 0.185), None)
------------------------------------------------------------
------------------------------Current Architecture [7]------------------------------
0. (Mix(5x1_DilatedConv, 0.237), None)
1. (Mix(5x1_DilatedConv, 0.189), None)
2. (Mix(5x1_DilatedConv, 0.197), None)
------------------------------------------------------------
------------------------------Current Architecture [8]------------------------------
0. (Mix(5x1_DilatedConv, 0.205), None)
1. (Mix(5x1_DilatedConv, 0.183), None)
2. (Mix(3x1_DilatedConv, 0.155), None)
------------------------------------------------------------
------------------------------Current Architecture [9]------------------------------
0. (Mix(5x1_DilatedConv, 0.211), None)
1. (Mix(5x1_DilatedConv, 0.238), None)
2. (Mix(5x1_DilatedConv, 0.245), None)
------------------------------------------------------------
------------------------------Current Architecture [10]------------------------------
0. (Mix(9x1_DilatedConv, 0.242), None)
1. (Mix(5x1_DilatedConv, 0.245), None)
2. (Mix(5x1_DilatedConv, 0.220), None)
------------------------------------------------------------
------------------------------Current Architecture [11]------------------------------
0. (Mix(9x1_DilatedConv, 0.226), None)
1. (Mix(5x1_DilatedConv, 0.242), None)
2. (Mix(5x1_DilatedConv, 0.232), None)
------------------------------------------------------------
------------------------------Current Architecture [12]------------------------------
0. (Mix(5x1_DilatedConv, 0.242), None)
1. (Mix(7x1_DilatedConv, 0.216), None)
2. (Mix(5x1_DilatedConv, 0.245), None)
------------------------------------------------------------
------------------------------Current Architecture [13]------------------------------
0. (Mix(5x1_DilatedConv, 0.290), None)
1. (Mix(7x1_DilatedConv, 0.212), None)
2. (Mix(5x1_DilatedConv, 0.237), None)
------------------------------------------------------------
------------------------------Current Architecture [14]------------------------------
0. (Mix(5x1_DilatedConv, 0.298), None)
1. (Mix(7x1_DilatedConv, 0.199), None)
2. (Mix(5x1_DilatedConv, 0.242), None)
------------------------------------------------------------
------------------------------Current Architecture [15]------------------------------
0. (Mix(5x1_DilatedConv, 0.325), None)
1. (Mix(7x1_DilatedConv, 0.186), None)
2. (Mix(5x1_DilatedConv, 0.244), None)
------------------------------------------------------------
------------------------------Current Architecture [16]------------------------------
0. (Mix(5x1_DilatedConv, 0.356), None)
1. (Mix(7x1_DilatedConv, 0.189), None)
2. (Mix(5x1_DilatedConv, 0.235), None)
------------------------------------------------------------
------------------------------Current Architecture [17]------------------------------
0. (Mix(7x1_DilatedConv, 0.251), None)
1. (Mix(9x1_DilatedConv, 0.212), None)
2. (Mix(Zero, 0.254), None)
------------------------------------------------------------
------------------------------Current Architecture [18]------------------------------
0. (Mix(7x1_DilatedConv, 0.238), None)
1. (Mix(7x1_DilatedConv, 0.224), None)
2. (Mix(Zero, 0.263), None)
------------------------------------------------------------
------------------------------Current Architecture [19]------------------------------
0. (Mix(7x1_DilatedConv, 0.237), None)
1. (Mix(9x1_DilatedConv, 0.223), None)
2. (Mix(5x1_DilatedConv, 0.279), None)
------------------------------------------------------------
------------------------------Current Architecture [20]------------------------------
0. (Mix(7x1_DilatedConv, 0.239), None)
1. (Mix(3x1_DilatedConv, 0.222), None)
2. (Mix(Zero, 0.336), None)
------------------------------------------------------------
------------------------------Current Architecture [21]------------------------------
0. (Mix(7x1_DilatedConv, 0.258), None)
1. (Mix(3x1_DilatedConv, 0.218), None)
2. (Mix(Zero, 0.336), None)
------------------------------------------------------------
------------------------------Current Architecture [22]------------------------------
0. (Mix(7x1_DilatedConv, 0.259), None)
1. (Mix(3x1_DilatedConv, 0.256), None)
2. (Mix(Zero, 0.373), None)
------------------------------------------------------------
------------------------------Current Architecture [23]------------------------------
0. (Mix(7x1_DilatedConv, 0.217), None)
1. (Mix(3x1_DilatedConv, 0.274), None)
2. (Mix(Zero, 0.373), None)
------------------------------------------------------------
------------------------------Current Architecture [24]------------------------------
0. (Mix(9x1_DilatedConv, 0.216), None)
1. (Mix(3x1_DilatedConv, 0.240), None)
2. (Mix(Zero, 0.371), None)
------------------------------------------------------------
------------------------------Current Architecture [25]------------------------------
0. (Mix(9x1_DilatedConv, 0.237), None)
1. (Mix(3x1_DilatedConv, 0.271), None)
2. (Mix(Zero, 0.371), None)
------------------------------------------------------------
------------------------------Current Architecture [26]------------------------------
0. (Mix(9x1_DilatedConv, 0.214), None)
1. (Mix(3x1_DilatedConv, 0.248), None)
2. (Mix(Zero, 0.375), None)
------------------------------------------------------------
------------------------------Current Architecture [27]------------------------------
0. (Mix(9x1_DilatedConv, 0.220), None)
1. (Mix(3x1_DilatedConv, 0.262), None)
2. (Mix(Zero, 0.372), None)
------------------------------------------------------------
------------------------------Current Architecture [28]------------------------------
0. (Mix(9x1_DilatedConv, 0.234), None)
1. (Mix(3x1_DilatedConv, 0.235), None)
2. (Mix(Zero, 0.367), None)
------------------------------------------------------------
------------------------------Current Architecture [29]------------------------------
0. (Mix(5x1_DilatedConv, 0.256), None)
1. (Mix(3x1_DilatedConv, 0.269), None)
2. (Mix(Zero, 0.366), None)
------------------------------------------------------------
------------------------------Current Architecture [30]------------------------------
0. (Mix(9x1_DilatedConv, 0.357), None)
1. (Mix(3x1_DilatedConv, 0.301), None)
2. (Mix(Zero, 0.367), None)
------------------------------------------------------------
------------------------------Current Architecture [31]------------------------------
0. (Mix(9x1_DilatedConv, 0.369), None)
1. (Mix(7x1_DilatedConv, 0.222), None)
2. (Mix(Zero, 0.365), None)
------------------------------------------------------------
------------------------------Current Architecture [32]------------------------------
0. (Mix(9x1_DilatedConv, 0.431), None)
1. (Mix(7x1_DilatedConv, 0.201), None)
2. (Mix(Zero, 0.353), None)
------------------------------------------------------------
------------------------------Current Architecture [33]------------------------------
0. (Mix(9x1_DilatedConv, 0.428), None)
1. (Mix(7x1_DilatedConv, 0.239), None)
2. (Mix(Zero, 0.335), None)
------------------------------------------------------------
------------------------------Current Architecture [34]------------------------------
0. (Mix(9x1_DilatedConv, 0.382), None)
1. (Mix(7x1_DilatedConv, 0.263), None)
2. (Mix(Zero, 0.381), None)
------------------------------------------------------------
------------------------------Current Architecture [35]------------------------------
0. (Mix(9x1_DilatedConv, 0.338), None)
1. (Mix(7x1_DilatedConv, 0.346), None)
2. (Mix(Zero, 0.379), None)
------------------------------------------------------------
------------------------------Current Architecture [36]------------------------------
0. (Mix(9x1_DilatedConv, 0.341), None)
1. (Mix(7x1_DilatedConv, 0.306), None)
2. (Mix(Zero, 0.380), None)
------------------------------------------------------------
------------------------------Current Architecture [37]------------------------------
0. (Mix(9x1_DilatedConv, 0.312), None)
1. (Mix(7x1_DilatedConv, 0.284), None)
2. (Mix(Zero, 0.378), None)
------------------------------------------------------------
------------------------------Current Architecture [38]------------------------------
0. (Mix(9x1_Conv, 0.337), None)
1. (Mix(7x1_DilatedConv, 0.283), None)
2. (Mix(Zero, 0.366), None)
------------------------------------------------------------
------------------------------Current Architecture [39]------------------------------
0. (Mix(9x1_Conv, 0.283), None)
1. (Mix(7x1_DilatedConv, 0.274), None)
2. (Mix(Zero, 0.363), None)
------------------------------------------------------------
------------------------------Current Architecture [40]------------------------------
0. (Mix(9x1_DilatedConv, 0.273), None)
1. (Mix(7x1_DilatedConv, 0.248), None)
2. (Mix(Zero, 0.349), None)
------------------------------------------------------------
------------------------------Current Architecture [41]------------------------------
0. (Mix(9x1_DilatedConv, 0.276), None)
1. (Mix(7x1_DilatedConv, 0.237), None)
2. (Mix(Zero, 0.350), None)
------------------------------------------------------------
------------------------------Current Architecture [42]------------------------------
0. (Mix(9x1_DilatedConv, 0.268), None)
1. (Mix(7x1_DilatedConv, 0.283), None)
2. (Mix(Zero, 0.349), None)
------------------------------------------------------------
------------------------------Current Architecture [43]------------------------------
0. (Mix(9x1_DilatedConv, 0.358), None)
1. (Mix(7x1_DilatedConv, 0.262), None)
2. (Mix(Zero, 0.348), None)
------------------------------------------------------------
------------------------------Current Architecture [44]------------------------------
0. (Mix(9x1_DilatedConv, 0.314), None)
1. (Mix(Zero, 0.337), None)
2. (Mix(Zero, 0.345), None)
------------------------------------------------------------
------------------------------Current Architecture [45]------------------------------
0. (Mix(9x1_DilatedConv, 0.273), None)
1. (Mix(Zero, 0.444), None)
2. (Mix(Zero, 0.346), None)
------------------------------------------------------------
------------------------------Current Architecture [46]------------------------------
0. (Mix(9x1_DilatedConv, 0.287), None)
1. (Mix(Zero, 0.439), None)
2. (Mix(Zero, 0.369), None)
------------------------------------------------------------
------------------------------Current Architecture [47]------------------------------
0. (Mix(9x1_DilatedConv, 0.303), None)
1. (Mix(Zero, 0.436), None)
2. (Mix(Zero, 0.462), None)
------------------------------------------------------------
------------------------------Current Architecture [48]------------------------------
0. (Mix(9x1_DilatedConv, 0.304), None)
1. (Mix(Zero, 0.457), None)
2. (Mix(Zero, 0.474), None)
------------------------------------------------------------
------------------------------Current Architecture [49]------------------------------
0. (Mix(9x1_DilatedConv, 0.295), None)
1. (Mix(Zero, 0.454), None)
2. (Mix(Zero, 0.479), None)
------------------------------------------------------------
------------------------------Current Architecture [50]------------------------------
0. (Mix(9x1_Conv, 0.248), None)
1. (Mix(Zero, 0.445), None)
2. (Mix(Zero, 0.483), None)
------------------------------------------------------------
------------------------------Current Architecture [51]------------------------------
0. (Mix(9x1_DilatedConv, 0.229), None)
1. (Mix(Zero, 0.443), None)
2. (Mix(Zero, 0.480), None)
------------------------------------------------------------
------------------------------Current Architecture [52]------------------------------
0. (Mix(9x1_Conv, 0.220), None)
1. (Mix(Zero, 0.443), None)
2. (Mix(Zero, 0.480), None)
------------------------------------------------------------
------------------------------Current Architecture [53]------------------------------
0. (Mix(9x1_DilatedConv, 0.215), None)
1. (Mix(Zero, 0.488), None)
2. (Mix(Zero, 0.479), None)
------------------------------------------------------------
------------------------------Current Architecture [54]------------------------------
0. (Mix(9x1_DilatedConv, 0.220), None)
1. (Mix(Zero, 0.551), None)
2. (Mix(Zero, 0.475), None)
------------------------------------------------------------
------------------------------Current Architecture [55]------------------------------
0. (Mix(9x1_DilatedConv, 0.218), None)
1. (Mix(Zero, 0.549), None)
2. (Mix(Zero, 0.494), None)
------------------------------------------------------------
------------------------------Current Architecture [56]------------------------------
0. (Mix(9x1_DilatedConv, 0.195), None)
1. (Mix(Zero, 0.551), None)
2. (Mix(Zero, 0.550), None)
------------------------------------------------------------
------------------------------Current Architecture [57]------------------------------
0. (Mix(5x1_Conv, 0.231), None)
1. (Mix(Zero, 0.568), None)
2. (Mix(Zero, 0.552), None)
------------------------------------------------------------
------------------------------Current Architecture [58]------------------------------
0. (Mix(5x1_Conv, 0.223), None)
1. (Mix(Zero, 0.574), None)
2. (Mix(Zero, 0.551), None)
------------------------------------------------------------
------------------------------Current Architecture [59]------------------------------
0. (Mix(5x1_Conv, 0.218), None)
1. (Mix(Zero, 0.580), None)
2. (Mix(Zero, 0.583), None)
------------------------------------------------------------
------------------------------Current Architecture [60]------------------------------
0. (Mix(5x1_Conv, 0.256), None)
1. (Mix(Zero, 0.582), None)
2. (Mix(Zero, 0.587), None)
------------------------------------------------------------
------------------------------Current Architecture [61]------------------------------
0. (Mix(5x1_Conv, 0.249), None)
1. (Mix(Zero, 0.579), None)
2. (Mix(Zero, 0.594), None)
------------------------------------------------------------
------------------------------Current Architecture [62]------------------------------
0. (Mix(9x1_DilatedConv, 0.250), None)
1. (Mix(Zero, 0.578), None)
2. (Mix(Zero, 0.594), None)
------------------------------------------------------------
------------------------------Current Architecture [63]------------------------------
0. (Mix(9x1_DilatedConv, 0.261), None)
1. (Mix(Zero, 0.577), None)
2. (Mix(Zero, 0.595), None)
------------------------------------------------------------
------------------------------Current Architecture [64]------------------------------
0. (Mix(9x1_DilatedConv, 0.260), None)
1. (Mix(Zero, 0.583), None)
2. (Mix(Zero, 0.595), None)
------------------------------------------------------------
------------------------------Current Architecture [65]------------------------------
0. (Mix(9x1_DilatedConv, 0.254), None)
1. (Mix(Zero, 0.588), None)
2. (Mix(Zero, 0.593), None)
------------------------------------------------------------
------------------------------Current Architecture [66]------------------------------
0. (Mix(9x1_DilatedConv, 0.261), None)
1. (Mix(Zero, 0.593), None)
2. (Mix(Zero, 0.593), None)
------------------------------------------------------------
------------------------------Current Architecture [67]------------------------------
0. (Mix(9x1_DilatedConv, 0.267), None)
1. (Mix(Zero, 0.592), None)
2. (Mix(Zero, 0.591), None)
------------------------------------------------------------
------------------------------Current Architecture [68]------------------------------
0. (Mix(7x1_DilatedConv, 0.226), None)
1. (Mix(Zero, 0.591), None)
2. (Mix(Zero, 0.587), None)
------------------------------------------------------------
------------------------------Current Architecture [69]------------------------------
0. (Mix(7x1_DilatedConv, 0.255), None)
1. (Mix(Zero, 0.590), None)
2. (Mix(Zero, 0.587), None)
------------------------------------------------------------
------------------------------Current Architecture [70]------------------------------
0. (Mix(5x1_Conv, 0.218), None)
1. (Mix(Zero, 0.613), None)
2. (Mix(Zero, 0.587), None)
------------------------------------------------------------
------------------------------Current Architecture [71]------------------------------
0. (Mix(5x1_Conv, 0.273), None)
1. (Mix(Zero, 0.639), None)
2. (Mix(Zero, 0.587), None)
------------------------------------------------------------
------------------------------Current Architecture [72]------------------------------
0. (Mix(5x1_Conv, 0.282), None)
1. (Mix(Zero, 0.642), None)
2. (Mix(Zero, 0.594), None)
------------------------------------------------------------
------------------------------Current Architecture [73]------------------------------
0. (Mix(5x1_Conv, 0.250), None)
1. (Mix(Zero, 0.643), None)
2. (Mix(Zero, 0.598), None)
------------------------------------------------------------
------------------------------Current Architecture [74]------------------------------
0. (Mix(5x1_Conv, 0.233), None)
1. (Mix(Zero, 0.641), None)
2. (Mix(Zero, 0.600), None)
------------------------------------------------------------
------------------------------Current Architecture [75]------------------------------
0. (Mix(5x1_Conv, 0.224), None)
1. (Mix(Zero, 0.639), None)
2. (Mix(Zero, 0.600), None)
------------------------------------------------------------
------------------------------Current Architecture [76]------------------------------
0. (Mix(5x1_Conv, 0.219), None)
1. (Mix(Zero, 0.638), None)
2. (Mix(Zero, 0.602), None)
------------------------------------------------------------
------------------------------Current Architecture [77]------------------------------
0. (Mix(5x1_Conv, 0.214), None)
1. (Mix(Zero, 0.636), None)
2. (Mix(Zero, 0.603), None)
------------------------------------------------------------
------------------------------Current Architecture [78]------------------------------
0. (Mix(5x1_Conv, 0.203), None)
1. (Mix(Zero, 0.635), None)
2. (Mix(Zero, 0.602), None)
------------------------------------------------------------
------------------------------Current Architecture [79]------------------------------
0. (Mix(5x1_Conv, 0.201), None)
1. (Mix(Zero, 0.634), None)
2. (Mix(Zero, 0.598), None)
------------------------------------------------------------
------------------------------Current Architecture [80]------------------------------
0. (Mix(5x1_Conv, 0.203), None)
1. (Mix(Zero, 0.634), None)
2. (Mix(Zero, 0.595), None)
------------------------------------------------------------
------------------------------Current Architecture [81]------------------------------
0. (Mix(5x1_Conv, 0.194), None)
1. (Mix(Zero, 0.634), None)
2. (Mix(Zero, 0.609), None)
------------------------------------------------------------
------------------------------Current Architecture [82]------------------------------
0. (Mix(9x1_DilatedConv, 0.170), None)
1. (Mix(Zero, 0.651), None)
2. (Mix(Zero, 0.610), None)
------------------------------------------------------------
------------------------------Current Architecture [83]------------------------------
0. (Mix(7x1_Conv, 0.175), None)
1. (Mix(Zero, 0.654), None)
2. (Mix(Zero, 0.610), None)
------------------------------------------------------------
------------------------------Current Architecture [84]------------------------------
0. (Mix(7x1_Conv, 0.206), None)
1. (Mix(Zero, 0.657), None)
2. (Mix(Zero, 0.610), None)
------------------------------------------------------------
------------------------------Current Architecture [85]------------------------------
0. (Mix(7x1_DilatedConv, 0.181), None)
1. (Mix(Zero, 0.656), None)
2. (Mix(Zero, 0.606), None)
------------------------------------------------------------
------------------------------Current Architecture [86]------------------------------
0. (Mix(7x1_DilatedConv, 0.207), None)
1. (Mix(Zero, 0.655), None)
2. (Mix(Zero, 0.605), None)
------------------------------------------------------------
------------------------------Current Architecture [87]------------------------------
0. (Mix(7x1_DilatedConv, 0.199), None)
1. (Mix(Zero, 0.653), None)
2. (Mix(Zero, 0.605), None)
------------------------------------------------------------
------------------------------Current Architecture [88]------------------------------
0. (Mix(7x1_DilatedConv, 0.192), None)
1. (Mix(Zero, 0.644), None)
2. (Mix(Zero, 0.604), None)
------------------------------------------------------------
------------------------------Current Architecture [89]------------------------------
0. (Mix(7x1_DilatedConv, 0.207), None)
1. (Mix(Zero, 0.640), None)
2. (Mix(Zero, 0.604), None)
------------------------------------------------------------
------------------------------Current Architecture [90]------------------------------
0. (Mix(7x1_DilatedConv, 0.215), None)
1. (Mix(Zero, 0.651), None)
2. (Mix(Zero, 0.603), None)
------------------------------------------------------------
------------------------------Current Architecture [91]------------------------------
0. (Mix(7x1_DilatedConv, 0.282), None)
1. (Mix(Zero, 0.651), None)
2. (Mix(Zero, 0.615), None)
------------------------------------------------------------
------------------------------Current Architecture [92]------------------------------
0. (Mix(7x1_DilatedConv, 0.304), None)
1. (Mix(Zero, 0.662), None)
2. (Mix(Zero, 0.617), None)
------------------------------------------------------------
------------------------------Current Architecture [93]------------------------------
0. (Mix(7x1_DilatedConv, 0.266), None)
1. (Mix(Zero, 0.665), None)
2. (Mix(Zero, 0.618), None)
------------------------------------------------------------
------------------------------Current Architecture [94]------------------------------
0. (Mix(7x1_DilatedConv, 0.261), None)
1. (Mix(Zero, 0.667), None)
2. (Mix(Zero, 0.625), None)
------------------------------------------------------------
------------------------------Current Architecture [95]------------------------------
0. (Mix(7x1_DilatedConv, 0.294), None)
1. (Mix(Zero, 0.664), None)
2. (Mix(Zero, 0.627), None)
------------------------------------------------------------
------------------------------Current Architecture [96]------------------------------
0. (Mix(7x1_DilatedConv, 0.292), None)
1. (Mix(Zero, 0.668), None)
2. (Mix(Zero, 0.627), None)
------------------------------------------------------------
------------------------------Current Architecture [97]------------------------------
0. (Mix(7x1_DilatedConv, 0.266), None)
1. (Mix(Zero, 0.695), None)
2. (Mix(Zero, 0.627), None)
------------------------------------------------------------
------------------------------Current Architecture [98]------------------------------
0. (Mix(7x1_DilatedConv, 0.250), None)
1. (Mix(Zero, 0.702), None)
2. (Mix(Zero, 0.625), None)
------------------------------------------------------------
------------------------------Current Architecture [99]------------------------------
0. (Mix(7x1_DilatedConv, 0.269), None)
1. (Mix(Zero, 0.706), None)
2. (Mix(Zero, 0.630), None)
------------------------------------------------------------
------------------------------Current Architecture [100]------------------------------
0. (Mix(7x1_DilatedConv, 0.264), None)
1. (Mix(Zero, 0.706), None)
2. (Mix(Zero, 0.624), None)
------------------------------------------------------------
