------------------------------Current Architecture [1]------------------------------
0. (Mix(7x1_Conv, 0.125), None)
1. (Mix(3x1_Conv, 0.111), None)
2. (Mix(7x1_DilatedConv, 0.111), None)
------------------------------------------------------------
------------------------------Current Architecture [2]------------------------------
0. (Mix(7x1_Conv, 0.152), None)
1. (Mix(7x1_DilatedConv, 0.132), None)
2. (Mix(9x1_Conv, 0.128), None)
------------------------------------------------------------
------------------------------Current Architecture [3]------------------------------
0. (Mix(7x1_Conv, 0.175), None)
1. (Mix(9x1_DilatedConv, 0.145), None)
2. (Mix(3x1_Conv, 0.128), None)
------------------------------------------------------------
------------------------------Current Architecture [4]------------------------------
0. (Mix(7x1_Conv, 0.175), None)
1. (Mix(9x1_DilatedConv, 0.159), None)
2. (Mix(3x1_DilatedConv, 0.131), None)
------------------------------------------------------------
------------------------------Current Architecture [5]------------------------------
0. (Mix(5x1_Conv, 0.179), None)
1. (Mix(9x1_DilatedConv, 0.159), None)
2. (Mix(3x1_DilatedConv, 0.152), None)
------------------------------------------------------------
------------------------------Current Architecture [6]------------------------------
0. (Mix(5x1_Conv, 0.170), None)
1. (Mix(9x1_DilatedConv, 0.172), None)
2. (Mix(3x1_DilatedConv, 0.173), None)
------------------------------------------------------------
------------------------------Current Architecture [7]------------------------------
0. (Mix(9x1_Conv, 0.172), None)
1. (Mix(9x1_DilatedConv, 0.183), None)
2. (Mix(3x1_DilatedConv, 0.199), None)
------------------------------------------------------------
------------------------------Current Architecture [8]------------------------------
0. (Mix(9x1_DilatedConv, 0.194), None)
1. (Mix(9x1_DilatedConv, 0.216), None)
2. (Mix(Zero, 0.163), None)
------------------------------------------------------------
------------------------------Current Architecture [9]------------------------------
0. (Mix(9x1_DilatedConv, 0.204), None)
1. (Mix(9x1_DilatedConv, 0.209), None)
2. (Mix(Zero, 0.162), None)
------------------------------------------------------------
------------------------------Current Architecture [10]------------------------------
0. (Mix(9x1_Conv, 0.194), None)
1. (Mix(5x1_DilatedConv, 0.222), None)
2. (Mix(5x1_DilatedConv, 0.170), None)
------------------------------------------------------------
------------------------------Current Architecture [11]------------------------------
0. (Mix(5x1_DilatedConv, 0.191), None)
1. (Mix(5x1_DilatedConv, 0.225), None)
2. (Mix(5x1_DilatedConv, 0.176), None)
------------------------------------------------------------
------------------------------Current Architecture [12]------------------------------
0. (Mix(7x1_DilatedConv, 0.193), None)
1. (Mix(5x1_DilatedConv, 0.231), None)
2. (Mix(5x1_DilatedConv, 0.216), None)
------------------------------------------------------------
------------------------------Current Architecture [13]------------------------------
0. (Mix(9x1_DilatedConv, 0.262), None)
1. (Mix(5x1_DilatedConv, 0.254), None)
2. (Mix(5x1_DilatedConv, 0.211), None)
------------------------------------------------------------
------------------------------Current Architecture [14]------------------------------
0. (Mix(9x1_DilatedConv, 0.269), None)
1. (Mix(5x1_DilatedConv, 0.250), None)
2. (Mix(5x1_DilatedConv, 0.229), None)
------------------------------------------------------------
------------------------------Current Architecture [15]------------------------------
0. (Mix(9x1_DilatedConv, 0.245), None)
1. (Mix(5x1_DilatedConv, 0.307), None)
2. (Mix(5x1_DilatedConv, 0.221), None)
------------------------------------------------------------
------------------------------Current Architecture [16]------------------------------
0. (Mix(9x1_DilatedConv, 0.245), None)
1. (Mix(5x1_DilatedConv, 0.275), None)
2. (Mix(5x1_DilatedConv, 0.217), None)
------------------------------------------------------------
------------------------------Current Architecture [17]------------------------------
0. (Mix(9x1_DilatedConv, 0.246), None)
1. (Mix(5x1_DilatedConv, 0.268), None)
2. (Mix(7x1_Conv, 0.195), None)
------------------------------------------------------------
------------------------------Current Architecture [18]------------------------------
0. (Mix(9x1_DilatedConv, 0.249), None)
1. (Mix(5x1_DilatedConv, 0.267), None)
2. (Mix(5x1_DilatedConv, 0.201), None)
------------------------------------------------------------
------------------------------Current Architecture [19]------------------------------
0. (Mix(9x1_DilatedConv, 0.234), None)
1. (Mix(5x1_DilatedConv, 0.255), None)
2. (Mix(5x1_DilatedConv, 0.218), None)
------------------------------------------------------------
------------------------------Current Architecture [20]------------------------------
0. (Mix(9x1_DilatedConv, 0.241), None)
1. (Mix(5x1_DilatedConv, 0.254), None)
2. (Mix(Zero, 0.236), None)
------------------------------------------------------------
------------------------------Current Architecture [21]------------------------------
0. (Mix(9x1_DilatedConv, 0.259), None)
1. (Mix(5x1_DilatedConv, 0.260), None)
2. (Mix(Zero, 0.239), None)
------------------------------------------------------------
------------------------------Current Architecture [22]------------------------------
0. (Mix(9x1_DilatedConv, 0.285), None)
1. (Mix(5x1_DilatedConv, 0.272), None)
2. (Mix(Zero, 0.216), None)
------------------------------------------------------------
------------------------------Current Architecture [23]------------------------------
0. (Mix(9x1_DilatedConv, 0.337), None)
1. (Mix(5x1_DilatedConv, 0.264), None)
2. (Mix(Zero, 0.218), None)
------------------------------------------------------------
------------------------------Current Architecture [24]------------------------------
0. (Mix(9x1_DilatedConv, 0.360), None)
1. (Mix(Zero, 0.237), None)
2. (Mix(Zero, 0.277), None)
------------------------------------------------------------
------------------------------Current Architecture [25]------------------------------
0. (Mix(9x1_DilatedConv, 0.342), None)
1. (Mix(Zero, 0.237), None)
2. (Mix(Zero, 0.298), None)
------------------------------------------------------------
------------------------------Current Architecture [26]------------------------------
0. (Mix(9x1_DilatedConv, 0.362), None)
1. (Mix(Zero, 0.248), None)
2. (Mix(Zero, 0.303), None)
------------------------------------------------------------
------------------------------Current Architecture [27]------------------------------
0. (Mix(9x1_DilatedConv, 0.367), None)
1. (Mix(Zero, 0.247), None)
2. (Mix(Zero, 0.305), None)
------------------------------------------------------------
------------------------------Current Architecture [28]------------------------------
0. (Mix(9x1_DilatedConv, 0.365), None)
1. (Mix(Zero, 0.255), None)
2. (Mix(Zero, 0.300), None)
------------------------------------------------------------
------------------------------Current Architecture [29]------------------------------
0. (Mix(9x1_DilatedConv, 0.335), None)
1. (Mix(3x1_DilatedConv, 0.286), None)
2. (Mix(Zero, 0.309), None)
------------------------------------------------------------
------------------------------Current Architecture [30]------------------------------
0. (Mix(9x1_DilatedConv, 0.310), None)
1. (Mix(Zero, 0.294), None)
2. (Mix(Zero, 0.315), None)
------------------------------------------------------------
------------------------------Current Architecture [31]------------------------------
0. (Mix(9x1_DilatedConv, 0.308), None)
1. (Mix(Zero, 0.295), None)
2. (Mix(Zero, 0.315), None)
------------------------------------------------------------
------------------------------Current Architecture [32]------------------------------
0. (Mix(9x1_Conv, 0.257), None)
1. (Mix(Zero, 0.293), None)
2. (Mix(Zero, 0.402), None)
------------------------------------------------------------
------------------------------Current Architecture [33]------------------------------
0. (Mix(9x1_DilatedConv, 0.270), None)
1. (Mix(Zero, 0.293), None)
2. (Mix(Zero, 0.414), None)
------------------------------------------------------------
------------------------------Current Architecture [34]------------------------------
0. (Mix(9x1_DilatedConv, 0.246), None)
1. (Mix(Zero, 0.314), None)
2. (Mix(Zero, 0.424), None)
------------------------------------------------------------
------------------------------Current Architecture [35]------------------------------
0. (Mix(9x1_DilatedConv, 0.237), None)
1. (Mix(Zero, 0.310), None)
2. (Mix(Zero, 0.423), None)
------------------------------------------------------------
------------------------------Current Architecture [36]------------------------------
0. (Mix(5x1_DilatedConv, 0.286), None)
1. (Mix(Zero, 0.309), None)
2. (Mix(Zero, 0.423), None)
------------------------------------------------------------
------------------------------Current Architecture [37]------------------------------
0. (Mix(5x1_DilatedConv, 0.316), None)
1. (Mix(Zero, 0.307), None)
2. (Mix(Zero, 0.448), None)
------------------------------------------------------------
------------------------------Current Architecture [38]------------------------------
0. (Mix(5x1_DilatedConv, 0.327), None)
1. (Mix(Zero, 0.455), None)
2. (Mix(Zero, 0.446), None)
------------------------------------------------------------
------------------------------Current Architecture [39]------------------------------
0. (Mix(5x1_DilatedConv, 0.327), None)
1. (Mix(Zero, 0.469), None)
2. (Mix(Zero, 0.444), None)
------------------------------------------------------------
------------------------------Current Architecture [40]------------------------------
0. (Mix(5x1_DilatedConv, 0.308), None)
1. (Mix(Zero, 0.474), None)
2. (Mix(Zero, 0.441), None)
------------------------------------------------------------
------------------------------Current Architecture [41]------------------------------
0. (Mix(5x1_DilatedConv, 0.311), None)
1. (Mix(Zero, 0.474), None)
2. (Mix(Zero, 0.440), None)
------------------------------------------------------------
------------------------------Current Architecture [42]------------------------------
0. (Mix(7x1_DilatedConv, 0.304), None)
1. (Mix(Zero, 0.480), None)
2. (Mix(Zero, 0.439), None)
------------------------------------------------------------
------------------------------Current Architecture [43]------------------------------
0. (Mix(7x1_DilatedConv, 0.321), None)
1. (Mix(Zero, 0.480), None)
2. (Mix(Zero, 0.474), None)
------------------------------------------------------------
------------------------------Current Architecture [44]------------------------------
0. (Mix(5x1_DilatedConv, 0.348), None)
1. (Mix(Zero, 0.479), None)
2. (Mix(Zero, 0.478), None)
------------------------------------------------------------
------------------------------Current Architecture [45]------------------------------
0. (Mix(5x1_DilatedConv, 0.356), None)
1. (Mix(Zero, 0.461), None)
2. (Mix(Zero, 0.478), None)
------------------------------------------------------------
------------------------------Current Architecture [46]------------------------------
0. (Mix(5x1_DilatedConv, 0.376), None)
1. (Mix(Zero, 0.461), None)
2. (Mix(Zero, 0.478), None)
------------------------------------------------------------
------------------------------Current Architecture [47]------------------------------
0. (Mix(5x1_DilatedConv, 0.338), None)
1. (Mix(Zero, 0.455), None)
2. (Mix(Zero, 0.478), None)
------------------------------------------------------------
------------------------------Current Architecture [48]------------------------------
0. (Mix(5x1_DilatedConv, 0.337), None)
1. (Mix(Zero, 0.459), None)
2. (Mix(Zero, 0.477), None)
------------------------------------------------------------
------------------------------Current Architecture [49]------------------------------
0. (Mix(5x1_DilatedConv, 0.303), None)
1. (Mix(Zero, 0.466), None)
2. (Mix(Zero, 0.480), None)
------------------------------------------------------------
------------------------------Current Architecture [50]------------------------------
0. (Mix(5x1_DilatedConv, 0.337), None)
1. (Mix(Zero, 0.463), None)
2. (Mix(Zero, 0.480), None)
------------------------------------------------------------
------------------------------Current Architecture [51]------------------------------
0. (Mix(5x1_DilatedConv, 0.373), None)
1. (Mix(Zero, 0.461), None)
2. (Mix(Zero, 0.479), None)
------------------------------------------------------------
------------------------------Current Architecture [52]------------------------------
0. (Mix(5x1_DilatedConv, 0.362), None)
1. (Mix(Zero, 0.459), None)
2. (Mix(Zero, 0.478), None)
------------------------------------------------------------
------------------------------Current Architecture [53]------------------------------
0. (Mix(5x1_DilatedConv, 0.379), None)
1. (Mix(Zero, 0.461), None)
2. (Mix(Zero, 0.478), None)
------------------------------------------------------------
------------------------------Current Architecture [54]------------------------------
0. (Mix(5x1_DilatedConv, 0.372), None)
1. (Mix(Zero, 0.460), None)
2. (Mix(Zero, 0.478), None)
------------------------------------------------------------
------------------------------Current Architecture [55]------------------------------
0. (Mix(5x1_DilatedConv, 0.353), None)
1. (Mix(Zero, 0.460), None)
2. (Mix(Zero, 0.478), None)
------------------------------------------------------------
------------------------------Current Architecture [56]------------------------------
0. (Mix(5x1_DilatedConv, 0.360), None)
1. (Mix(Zero, 0.464), None)
2. (Mix(Zero, 0.478), None)
------------------------------------------------------------
------------------------------Current Architecture [57]------------------------------
0. (Mix(5x1_DilatedConv, 0.385), None)
1. (Mix(Zero, 0.465), None)
2. (Mix(Zero, 0.480), None)
------------------------------------------------------------
------------------------------Current Architecture [58]------------------------------
0. (Mix(5x1_DilatedConv, 0.367), None)
1. (Mix(Zero, 0.468), None)
2. (Mix(Zero, 0.480), None)
------------------------------------------------------------
------------------------------Current Architecture [59]------------------------------
0. (Mix(5x1_DilatedConv, 0.319), None)
1. (Mix(Zero, 0.542), None)
2. (Mix(Zero, 0.481), None)
------------------------------------------------------------
------------------------------Current Architecture [60]------------------------------
0. (Mix(7x1_DilatedConv, 0.406), None)
1. (Mix(Zero, 0.564), None)
2. (Mix(Zero, 0.482), None)
------------------------------------------------------------
------------------------------Current Architecture [61]------------------------------
0. (Mix(7x1_DilatedConv, 0.376), None)
1. (Mix(Zero, 0.569), None)
2. (Mix(Zero, 0.482), None)
------------------------------------------------------------
------------------------------Current Architecture [62]------------------------------
0. (Mix(7x1_DilatedConv, 0.423), None)
1. (Mix(Zero, 0.569), None)
2. (Mix(Zero, 0.482), None)
------------------------------------------------------------
------------------------------Current Architecture [63]------------------------------
0. (Mix(7x1_DilatedConv, 0.362), None)
1. (Mix(Zero, 0.569), None)
2. (Mix(Zero, 0.482), None)
------------------------------------------------------------
------------------------------Current Architecture [64]------------------------------
0. (Mix(7x1_DilatedConv, 0.349), None)
1. (Mix(Zero, 0.570), None)
2. (Mix(Zero, 0.481), None)
------------------------------------------------------------
------------------------------Current Architecture [65]------------------------------
0. (Mix(7x1_DilatedConv, 0.329), None)
1. (Mix(Zero, 0.570), None)
2. (Mix(Zero, 0.487), None)
------------------------------------------------------------
------------------------------Current Architecture [66]------------------------------
0. (Mix(7x1_DilatedConv, 0.380), None)
1. (Mix(Zero, 0.568), None)
2. (Mix(Zero, 0.481), None)
------------------------------------------------------------
------------------------------Current Architecture [67]------------------------------
0. (Mix(7x1_DilatedConv, 0.409), None)
1. (Mix(Zero, 0.568), None)
2. (Mix(Zero, 0.481), None)
------------------------------------------------------------
------------------------------Current Architecture [68]------------------------------
0. (Mix(7x1_DilatedConv, 0.444), None)
1. (Mix(Zero, 0.568), None)
2. (Mix(Zero, 0.475), None)
------------------------------------------------------------
------------------------------Current Architecture [69]------------------------------
0. (Mix(7x1_DilatedConv, 0.459), None)
1. (Mix(Zero, 0.567), None)
2. (Mix(Zero, 0.476), None)
------------------------------------------------------------
------------------------------Current Architecture [70]------------------------------
0. (Mix(7x1_DilatedConv, 0.394), None)
1. (Mix(Zero, 0.570), None)
2. (Mix(Zero, 0.499), None)
------------------------------------------------------------
------------------------------Current Architecture [71]------------------------------
0. (Mix(7x1_DilatedConv, 0.403), None)
1. (Mix(Zero, 0.567), None)
2. (Mix(Zero, 0.518), None)
------------------------------------------------------------
------------------------------Current Architecture [72]------------------------------
0. (Mix(7x1_DilatedConv, 0.381), None)
1. (Mix(Zero, 0.567), None)
2. (Mix(Zero, 0.524), None)
------------------------------------------------------------
------------------------------Current Architecture [73]------------------------------
0. (Mix(7x1_DilatedConv, 0.341), None)
1. (Mix(Zero, 0.566), None)
2. (Mix(Zero, 0.528), None)
------------------------------------------------------------
------------------------------Current Architecture [74]------------------------------
0. (Mix(7x1_DilatedConv, 0.337), None)
1. (Mix(Zero, 0.565), None)
2. (Mix(Zero, 0.535), None)
------------------------------------------------------------
------------------------------Current Architecture [75]------------------------------
0. (Mix(7x1_DilatedConv, 0.316), None)
1. (Mix(Zero, 0.572), None)
2. (Mix(Zero, 0.535), None)
------------------------------------------------------------
------------------------------Current Architecture [76]------------------------------
0. (Mix(7x1_DilatedConv, 0.313), None)
1. (Mix(Zero, 0.573), None)
2. (Mix(Zero, 0.533), None)
------------------------------------------------------------
------------------------------Current Architecture [77]------------------------------
0. (Mix(7x1_DilatedConv, 0.311), None)
1. (Mix(Zero, 0.575), None)
2. (Mix(Zero, 0.535), None)
------------------------------------------------------------
------------------------------Current Architecture [78]------------------------------
0. (Mix(7x1_DilatedConv, 0.314), None)
1. (Mix(Zero, 0.569), None)
2. (Mix(Zero, 0.574), None)
------------------------------------------------------------
------------------------------Current Architecture [79]------------------------------
0. (Mix(7x1_DilatedConv, 0.284), None)
1. (Mix(Zero, 0.568), None)
2. (Mix(Zero, 0.575), None)
------------------------------------------------------------
------------------------------Current Architecture [80]------------------------------
0. (Mix(9x1_DilatedConv, 0.269), None)
1. (Mix(Zero, 0.565), None)
2. (Mix(Zero, 0.572), None)
------------------------------------------------------------
------------------------------Current Architecture [81]------------------------------
0. (Mix(9x1_DilatedConv, 0.280), None)
1. (Mix(Zero, 0.567), None)
2. (Mix(Zero, 0.571), None)
------------------------------------------------------------
------------------------------Current Architecture [82]------------------------------
0. (Mix(9x1_DilatedConv, 0.333), None)
1. (Mix(Zero, 0.567), None)
2. (Mix(Zero, 0.570), None)
------------------------------------------------------------
------------------------------Current Architecture [83]------------------------------
0. (Mix(9x1_DilatedConv, 0.406), None)
1. (Mix(Zero, 0.570), None)
2. (Mix(Zero, 0.570), None)
------------------------------------------------------------
------------------------------Current Architecture [84]------------------------------
0. (Mix(9x1_DilatedConv, 0.304), None)
1. (Mix(Zero, 0.573), None)
2. (Mix(Zero, 0.570), None)
------------------------------------------------------------
------------------------------Current Architecture [85]------------------------------
0. (Mix(9x1_DilatedConv, 0.281), None)
1. (Mix(Zero, 0.576), None)
2. (Mix(Zero, 0.570), None)
------------------------------------------------------------
------------------------------Current Architecture [86]------------------------------
0. (Mix(9x1_DilatedConv, 0.299), None)
1. (Mix(Zero, 0.583), None)
2. (Mix(Zero, 0.572), None)
------------------------------------------------------------
------------------------------Current Architecture [87]------------------------------
0. (Mix(9x1_DilatedConv, 0.268), None)
1. (Mix(Zero, 0.586), None)
2. (Mix(Zero, 0.572), None)
------------------------------------------------------------
------------------------------Current Architecture [88]------------------------------
0. (Mix(9x1_DilatedConv, 0.290), None)
1. (Mix(Zero, 0.604), None)
2. (Mix(Zero, 0.571), None)
------------------------------------------------------------
------------------------------Current Architecture [89]------------------------------
0. (Mix(9x1_DilatedConv, 0.258), None)
1. (Mix(Zero, 0.608), None)
2. (Mix(Zero, 0.589), None)
------------------------------------------------------------
------------------------------Current Architecture [90]------------------------------
0. (Mix(9x1_DilatedConv, 0.264), None)
1. (Mix(Zero, 0.608), None)
2. (Mix(Zero, 0.596), None)
------------------------------------------------------------
------------------------------Current Architecture [91]------------------------------
0. (Mix(9x1_DilatedConv, 0.254), None)
1. (Mix(Zero, 0.608), None)
2. (Mix(Zero, 0.600), None)
------------------------------------------------------------
------------------------------Current Architecture [92]------------------------------
0. (Mix(9x1_DilatedConv, 0.236), None)
1. (Mix(Zero, 0.608), None)
2. (Mix(Zero, 0.601), None)
------------------------------------------------------------
------------------------------Current Architecture [93]------------------------------
0. (Mix(9x1_DilatedConv, 0.207), None)
1. (Mix(Zero, 0.608), None)
2. (Mix(Zero, 0.598), None)
------------------------------------------------------------
------------------------------Current Architecture [94]------------------------------
0. (Mix(9x1_DilatedConv, 0.215), None)
1. (Mix(Zero, 0.608), None)
2. (Mix(Zero, 0.598), None)
------------------------------------------------------------
------------------------------Current Architecture [95]------------------------------
0. (Mix(9x1_DilatedConv, 0.227), None)
1. (Mix(Zero, 0.611), None)
2. (Mix(Zero, 0.595), None)
------------------------------------------------------------
------------------------------Current Architecture [96]------------------------------
0. (Mix(9x1_DilatedConv, 0.204), None)
1. (Mix(Zero, 0.611), None)
2. (Mix(Zero, 0.596), None)
------------------------------------------------------------
------------------------------Current Architecture [97]------------------------------
0. (Mix(9x1_DilatedConv, 0.189), None)
1. (Mix(Zero, 0.627), None)
2. (Mix(Zero, 0.596), None)
------------------------------------------------------------
------------------------------Current Architecture [98]------------------------------
0. (Mix(9x1_DilatedConv, 0.192), None)
1. (Mix(Zero, 0.644), None)
2. (Mix(Zero, 0.597), None)
------------------------------------------------------------
------------------------------Current Architecture [99]------------------------------
0. (Mix(9x1_DilatedConv, 0.181), None)
1. (Mix(Zero, 0.657), None)
2. (Mix(Zero, 0.597), None)
------------------------------------------------------------
------------------------------Current Architecture [100]------------------------------
0. (Mix(9x1_DilatedConv, 0.179), None)
1. (Mix(Zero, 0.660), None)
2. (Mix(Zero, 0.597), None)
------------------------------------------------------------
