------------------------------Current Architecture [1]------------------------------
0. (Mix(7x1_Conv, 0.125), None)
1. (Mix(3x1_Conv, 0.111), None)
2. (Mix(7x1_DilatedConv, 0.111), None)
------------------------------------------------------------
------------------------------Current Architecture [2]------------------------------
0. (Mix(9x1_Conv, 0.143), None)
1. (Mix(7x1_DilatedConv, 0.141), None)
2. (Mix(Zero, 0.137), None)
------------------------------------------------------------
------------------------------Current Architecture [3]------------------------------
0. (Mix(9x1_Conv, 0.164), None)
1. (Mix(9x1_Conv, 0.138), None)
2. (Mix(9x1_DilatedConv, 0.146), None)
------------------------------------------------------------
------------------------------Current Architecture [4]------------------------------
0. (Mix(9x1_Conv, 0.170), None)
1. (Mix(9x1_Conv, 0.155), None)
2. (Mix(5x1_DilatedConv, 0.177), None)
------------------------------------------------------------
------------------------------Current Architecture [5]------------------------------
0. (Mix(9x1_Conv, 0.163), None)
1. (Mix(Zero, 0.144), None)
2. (Mix(5x1_DilatedConv, 0.182), None)
------------------------------------------------------------
------------------------------Current Architecture [6]------------------------------
0. (Mix(9x1_Conv, 0.185), None)
1. (Mix(Zero, 0.145), None)
2. (Mix(5x1_DilatedConv, 0.175), None)
------------------------------------------------------------
------------------------------Current Architecture [7]------------------------------
0. (Mix(9x1_Conv, 0.208), None)
1. (Mix(5x1_Conv, 0.146), None)
2. (Mix(Zero, 0.170), None)
------------------------------------------------------------
------------------------------Current Architecture [8]------------------------------
0. (Mix(9x1_Conv, 0.206), None)
1. (Mix(Zero, 0.145), None)
2. (Mix(7x1_Conv, 0.191), None)
------------------------------------------------------------
------------------------------Current Architecture [9]------------------------------
0. (Mix(9x1_Conv, 0.196), None)
1. (Mix(Zero, 0.149), None)
2. (Mix(Zero, 0.193), None)
------------------------------------------------------------
------------------------------Current Architecture [10]------------------------------
0. (Mix(5x1_Conv, 0.188), None)
1. (Mix(Zero, 0.208), None)
2. (Mix(Zero, 0.203), None)
------------------------------------------------------------
------------------------------Current Architecture [11]------------------------------
0. (Mix(5x1_DilatedConv, 0.201), None)
1. (Mix(Zero, 0.213), None)
2. (Mix(Zero, 0.205), None)
------------------------------------------------------------
------------------------------Current Architecture [12]------------------------------
0. (Mix(5x1_Conv, 0.200), None)
1. (Mix(Zero, 0.213), None)
2. (Mix(Zero, 0.216), None)
------------------------------------------------------------
------------------------------Current Architecture [13]------------------------------
0. (Mix(5x1_Conv, 0.201), None)
1. (Mix(Zero, 0.210), None)
2. (Mix(Zero, 0.218), None)
------------------------------------------------------------
------------------------------Current Architecture [14]------------------------------
0. (Mix(5x1_DilatedConv, 0.209), None)
1. (Mix(Zero, 0.211), None)
2. (Mix(Zero, 0.218), None)
------------------------------------------------------------
------------------------------Current Architecture [15]------------------------------
0. (Mix(5x1_DilatedConv, 0.182), None)
1. (Mix(Zero, 0.209), None)
2. (Mix(Zero, 0.240), None)
------------------------------------------------------------
------------------------------Current Architecture [16]------------------------------
0. (Mix(5x1_DilatedConv, 0.234), None)
1. (Mix(Zero, 0.213), None)
2. (Mix(Zero, 0.238), None)
------------------------------------------------------------
------------------------------Current Architecture [17]------------------------------
0. (Mix(5x1_DilatedConv, 0.301), None)
1. (Mix(3x1_DilatedConv, 0.221), None)
2. (Mix(Zero, 0.234), None)
------------------------------------------------------------
------------------------------Current Architecture [18]------------------------------
0. (Mix(5x1_DilatedConv, 0.299), None)
1. (Mix(Zero, 0.210), None)
2. (Mix(7x1_Conv, 0.223), None)
------------------------------------------------------------
------------------------------Current Architecture [19]------------------------------
0. (Mix(5x1_DilatedConv, 0.276), None)
1. (Mix(Zero, 0.210), None)
2. (Mix(Zero, 0.246), None)
------------------------------------------------------------
------------------------------Current Architecture [20]------------------------------
0. (Mix(5x1_DilatedConv, 0.266), None)
1. (Mix(Zero, 0.209), None)
2. (Mix(Zero, 0.285), None)
------------------------------------------------------------
------------------------------Current Architecture [21]------------------------------
0. (Mix(5x1_DilatedConv, 0.276), None)
1. (Mix(Zero, 0.210), None)
2. (Mix(Zero, 0.291), None)
------------------------------------------------------------
------------------------------Current Architecture [22]------------------------------
0. (Mix(5x1_DilatedConv, 0.282), None)
1. (Mix(Zero, 0.206), None)
2. (Mix(Zero, 0.289), None)
------------------------------------------------------------
------------------------------Current Architecture [23]------------------------------
0. (Mix(5x1_DilatedConv, 0.245), None)
1. (Mix(Zero, 0.207), None)
2. (Mix(Zero, 0.290), None)
------------------------------------------------------------
------------------------------Current Architecture [24]------------------------------
0. (Mix(3x1_DilatedConv, 0.276), None)
1. (Mix(Zero, 0.202), None)
2. (Mix(Zero, 0.332), None)
------------------------------------------------------------
------------------------------Current Architecture [25]------------------------------
0. (Mix(3x1_DilatedConv, 0.274), None)
1. (Mix(Zero, 0.215), None)
2. (Mix(Zero, 0.332), None)
------------------------------------------------------------
------------------------------Current Architecture [26]------------------------------
0. (Mix(3x1_DilatedConv, 0.294), None)
1. (Mix(Zero, 0.215), None)
2. (Mix(Zero, 0.327), None)
------------------------------------------------------------
------------------------------Current Architecture [27]------------------------------
0. (Mix(3x1_DilatedConv, 0.305), None)
1. (Mix(Zero, 0.214), None)
2. (Mix(Zero, 0.329), None)
------------------------------------------------------------
------------------------------Current Architecture [28]------------------------------
0. (Mix(3x1_DilatedConv, 0.289), None)
1. (Mix(Zero, 0.287), None)
2. (Mix(Zero, 0.333), None)
------------------------------------------------------------
------------------------------Current Architecture [29]------------------------------
0. (Mix(3x1_DilatedConv, 0.277), None)
1. (Mix(Zero, 0.291), None)
2. (Mix(Zero, 0.335), None)
------------------------------------------------------------
------------------------------Current Architecture [30]------------------------------
0. (Mix(3x1_DilatedConv, 0.243), None)
1. (Mix(Zero, 0.291), None)
2. (Mix(Zero, 0.336), None)
------------------------------------------------------------
------------------------------Current Architecture [31]------------------------------
0. (Mix(3x1_DilatedConv, 0.197), None)
1. (Mix(Zero, 0.290), None)
2. (Mix(Zero, 0.336), None)
------------------------------------------------------------
------------------------------Current Architecture [32]------------------------------
0. (Mix(7x1_DilatedConv, 0.256), None)
1. (Mix(Zero, 0.287), None)
2. (Mix(Zero, 0.328), None)
------------------------------------------------------------
------------------------------Current Architecture [33]------------------------------
0. (Mix(7x1_DilatedConv, 0.246), None)
1. (Mix(Zero, 0.285), None)
2. (Mix(Zero, 0.329), None)
------------------------------------------------------------
------------------------------Current Architecture [34]------------------------------
0. (Mix(3x1_DilatedConv, 0.239), None)
1. (Mix(Zero, 0.346), None)
2. (Mix(Zero, 0.328), None)
------------------------------------------------------------
------------------------------Current Architecture [35]------------------------------
0. (Mix(3x1_DilatedConv, 0.224), None)
1. (Mix(Zero, 0.370), None)
2. (Mix(Zero, 0.328), None)
------------------------------------------------------------
------------------------------Current Architecture [36]------------------------------
0. (Mix(7x1_DilatedConv, 0.254), None)
1. (Mix(Zero, 0.372), None)
2. (Mix(Zero, 0.327), None)
------------------------------------------------------------
------------------------------Current Architecture [37]------------------------------
0. (Mix(7x1_DilatedConv, 0.299), None)
1. (Mix(Zero, 0.373), None)
2. (Mix(Zero, 0.322), None)
------------------------------------------------------------
------------------------------Current Architecture [38]------------------------------
0. (Mix(7x1_DilatedConv, 0.266), None)
1. (Mix(Zero, 0.393), None)
2. (Mix(Zero, 0.387), None)
------------------------------------------------------------
------------------------------Current Architecture [39]------------------------------
0. (Mix(7x1_DilatedConv, 0.269), None)
1. (Mix(Zero, 0.400), None)
2. (Mix(Zero, 0.395), None)
------------------------------------------------------------
------------------------------Current Architecture [40]------------------------------
0. (Mix(7x1_DilatedConv, 0.251), None)
1. (Mix(Zero, 0.399), None)
2. (Mix(Zero, 0.396), None)
------------------------------------------------------------
------------------------------Current Architecture [41]------------------------------
0. (Mix(7x1_DilatedConv, 0.248), None)
1. (Mix(Zero, 0.398), None)
2. (Mix(Zero, 0.395), None)
------------------------------------------------------------
------------------------------Current Architecture [42]------------------------------
0. (Mix(7x1_DilatedConv, 0.303), None)
1. (Mix(Zero, 0.411), None)
2. (Mix(Zero, 0.395), None)
------------------------------------------------------------
------------------------------Current Architecture [43]------------------------------
0. (Mix(7x1_DilatedConv, 0.294), None)
1. (Mix(Zero, 0.435), None)
2. (Mix(Zero, 0.394), None)
------------------------------------------------------------
------------------------------Current Architecture [44]------------------------------
0. (Mix(7x1_DilatedConv, 0.293), None)
1. (Mix(Zero, 0.435), None)
2. (Mix(Zero, 0.394), None)
------------------------------------------------------------
------------------------------Current Architecture [45]------------------------------
0. (Mix(7x1_DilatedConv, 0.283), None)
1. (Mix(Zero, 0.434), None)
2. (Mix(Zero, 0.395), None)
------------------------------------------------------------
------------------------------Current Architecture [46]------------------------------
0. (Mix(7x1_DilatedConv, 0.312), None)
1. (Mix(Zero, 0.434), None)
2. (Mix(Zero, 0.400), None)
------------------------------------------------------------
------------------------------Current Architecture [47]------------------------------
0. (Mix(7x1_DilatedConv, 0.311), None)
1. (Mix(Zero, 0.440), None)
2. (Mix(Zero, 0.400), None)
------------------------------------------------------------
------------------------------Current Architecture [48]------------------------------
0. (Mix(7x1_DilatedConv, 0.264), None)
1. (Mix(Zero, 0.442), None)
2. (Mix(Zero, 0.413), None)
------------------------------------------------------------
------------------------------Current Architecture [49]------------------------------
0. (Mix(7x1_DilatedConv, 0.256), None)
1. (Mix(Zero, 0.441), None)
2. (Mix(Zero, 0.414), None)
------------------------------------------------------------
------------------------------Current Architecture [50]------------------------------
0. (Mix(7x1_DilatedConv, 0.262), None)
1. (Mix(Zero, 0.439), None)
2. (Mix(Zero, 0.421), None)
------------------------------------------------------------
------------------------------Current Architecture [51]------------------------------
0. (Mix(7x1_DilatedConv, 0.257), None)
1. (Mix(Zero, 0.441), None)
2. (Mix(Zero, 0.448), None)
------------------------------------------------------------
------------------------------Current Architecture [52]------------------------------
0. (Mix(3x1_DilatedConv, 0.280), None)
1. (Mix(Zero, 0.441), None)
2. (Mix(Zero, 0.481), None)
------------------------------------------------------------
------------------------------Current Architecture [53]------------------------------
0. (Mix(3x1_DilatedConv, 0.243), None)
1. (Mix(Zero, 0.439), None)
2. (Mix(Zero, 0.479), None)
------------------------------------------------------------
------------------------------Current Architecture [54]------------------------------
0. (Mix(3x1_DilatedConv, 0.245), None)
1. (Mix(Zero, 0.438), None)
2. (Mix(Zero, 0.479), None)
------------------------------------------------------------
------------------------------Current Architecture [55]------------------------------
0. (Mix(3x1_DilatedConv, 0.255), None)
1. (Mix(Zero, 0.437), None)
2. (Mix(Zero, 0.479), None)
------------------------------------------------------------
------------------------------Current Architecture [56]------------------------------
0. (Mix(3x1_DilatedConv, 0.247), None)
1. (Mix(Zero, 0.435), None)
2. (Mix(Zero, 0.476), None)
------------------------------------------------------------
------------------------------Current Architecture [57]------------------------------
0. (Mix(7x1_DilatedConv, 0.293), None)
1. (Mix(Zero, 0.434), None)
2. (Mix(Zero, 0.479), None)
------------------------------------------------------------
------------------------------Current Architecture [58]------------------------------
0. (Mix(7x1_DilatedConv, 0.304), None)
1. (Mix(Zero, 0.471), None)
2. (Mix(Zero, 0.476), None)
------------------------------------------------------------
------------------------------Current Architecture [59]------------------------------
0. (Mix(7x1_DilatedConv, 0.340), None)
1. (Mix(Zero, 0.469), None)
2. (Mix(Zero, 0.494), None)
------------------------------------------------------------
------------------------------Current Architecture [60]------------------------------
0. (Mix(7x1_DilatedConv, 0.383), None)
1. (Mix(Zero, 0.467), None)
2. (Mix(Zero, 0.575), None)
------------------------------------------------------------
------------------------------Current Architecture [61]------------------------------
0. (Mix(7x1_DilatedConv, 0.351), None)
1. (Mix(Zero, 0.466), None)
2. (Mix(Zero, 0.575), None)
------------------------------------------------------------
------------------------------Current Architecture [62]------------------------------
0. (Mix(7x1_DilatedConv, 0.374), None)
1. (Mix(Zero, 0.471), None)
2. (Mix(Zero, 0.586), None)
------------------------------------------------------------
------------------------------Current Architecture [63]------------------------------
0. (Mix(7x1_DilatedConv, 0.352), None)
1. (Mix(Zero, 0.470), None)
2. (Mix(Zero, 0.589), None)
------------------------------------------------------------
------------------------------Current Architecture [64]------------------------------
0. (Mix(3x1_DilatedConv, 0.319), None)
1. (Mix(Zero, 0.470), None)
2. (Mix(Zero, 0.589), None)
------------------------------------------------------------
------------------------------Current Architecture [65]------------------------------
0. (Mix(7x1_DilatedConv, 0.429), None)
1. (Mix(Zero, 0.468), None)
2. (Mix(Zero, 0.589), None)
------------------------------------------------------------
------------------------------Current Architecture [66]------------------------------
0. (Mix(7x1_DilatedConv, 0.424), None)
1. (Mix(Zero, 0.468), None)
2. (Mix(Zero, 0.588), None)
------------------------------------------------------------
------------------------------Current Architecture [67]------------------------------
0. (Mix(7x1_DilatedConv, 0.425), None)
1. (Mix(Zero, 0.469), None)
2. (Mix(Zero, 0.588), None)
------------------------------------------------------------
------------------------------Current Architecture [68]------------------------------
0. (Mix(7x1_DilatedConv, 0.412), None)
1. (Mix(Zero, 0.463), None)
2. (Mix(Zero, 0.587), None)
------------------------------------------------------------
------------------------------Current Architecture [69]------------------------------
0. (Mix(7x1_DilatedConv, 0.415), None)
1. (Mix(Zero, 0.465), None)
2. (Mix(Zero, 0.588), None)
------------------------------------------------------------
------------------------------Current Architecture [70]------------------------------
0. (Mix(7x1_DilatedConv, 0.410), None)
1. (Mix(Zero, 0.465), None)
2. (Mix(Zero, 0.588), None)
------------------------------------------------------------
------------------------------Current Architecture [71]------------------------------
0. (Mix(7x1_DilatedConv, 0.406), None)
1. (Mix(Zero, 0.471), None)
2. (Mix(Zero, 0.587), None)
------------------------------------------------------------
------------------------------Current Architecture [72]------------------------------
0. (Mix(7x1_DilatedConv, 0.380), None)
1. (Mix(Zero, 0.464), None)
2. (Mix(Zero, 0.587), None)
------------------------------------------------------------
------------------------------Current Architecture [73]------------------------------
0. (Mix(7x1_DilatedConv, 0.384), None)
1. (Mix(Zero, 0.463), None)
2. (Mix(Zero, 0.587), None)
------------------------------------------------------------
------------------------------Current Architecture [74]------------------------------
0. (Mix(7x1_DilatedConv, 0.402), None)
1. (Mix(Zero, 0.462), None)
2. (Mix(Zero, 0.587), None)
------------------------------------------------------------
------------------------------Current Architecture [75]------------------------------
0. (Mix(7x1_DilatedConv, 0.407), None)
1. (Mix(Zero, 0.462), None)
2. (Mix(Zero, 0.587), None)
------------------------------------------------------------
------------------------------Current Architecture [76]------------------------------
0. (Mix(7x1_DilatedConv, 0.406), None)
1. (Mix(Zero, 0.460), None)
2. (Mix(Zero, 0.586), None)
------------------------------------------------------------
------------------------------Current Architecture [77]------------------------------
0. (Mix(7x1_DilatedConv, 0.403), None)
1. (Mix(Zero, 0.460), None)
2. (Mix(Zero, 0.587), None)
------------------------------------------------------------
------------------------------Current Architecture [78]------------------------------
0. (Mix(7x1_DilatedConv, 0.406), None)
1. (Mix(Zero, 0.461), None)
2. (Mix(Zero, 0.597), None)
------------------------------------------------------------
------------------------------Current Architecture [79]------------------------------
0. (Mix(7x1_DilatedConv, 0.411), None)
1. (Mix(Zero, 0.461), None)
2. (Mix(Zero, 0.597), None)
------------------------------------------------------------
------------------------------Current Architecture [80]------------------------------
0. (Mix(7x1_DilatedConv, 0.396), None)
1. (Mix(Zero, 0.461), None)
2. (Mix(Zero, 0.602), None)
------------------------------------------------------------
------------------------------Current Architecture [81]------------------------------
0. (Mix(7x1_DilatedConv, 0.391), None)
1. (Mix(Zero, 0.474), None)
2. (Mix(Zero, 0.602), None)
------------------------------------------------------------
------------------------------Current Architecture [82]------------------------------
0. (Mix(7x1_DilatedConv, 0.389), None)
1. (Mix(Zero, 0.499), None)
2. (Mix(Zero, 0.604), None)
------------------------------------------------------------
------------------------------Current Architecture [83]------------------------------
0. (Mix(7x1_DilatedConv, 0.367), None)
1. (Mix(Zero, 0.510), None)
2. (Mix(Zero, 0.604), None)
------------------------------------------------------------
------------------------------Current Architecture [84]------------------------------
0. (Mix(7x1_DilatedConv, 0.318), None)
1. (Mix(Zero, 0.509), None)
2. (Mix(Zero, 0.604), None)
------------------------------------------------------------
------------------------------Current Architecture [85]------------------------------
0. (Mix(7x1_DilatedConv, 0.333), None)
1. (Mix(Zero, 0.508), None)
2. (Mix(Zero, 0.603), None)
------------------------------------------------------------
------------------------------Current Architecture [86]------------------------------
0. (Mix(7x1_DilatedConv, 0.332), None)
1. (Mix(Zero, 0.507), None)
2. (Mix(Zero, 0.606), None)
------------------------------------------------------------
------------------------------Current Architecture [87]------------------------------
0. (Mix(7x1_DilatedConv, 0.334), None)
1. (Mix(Zero, 0.518), None)
2. (Mix(Zero, 0.606), None)
------------------------------------------------------------
------------------------------Current Architecture [88]------------------------------
0. (Mix(7x1_DilatedConv, 0.300), None)
1. (Mix(Zero, 0.520), None)
2. (Mix(Zero, 0.608), None)
------------------------------------------------------------
------------------------------Current Architecture [89]------------------------------
0. (Mix(3x1_DilatedConv, 0.266), None)
1. (Mix(Zero, 0.521), None)
2. (Mix(Zero, 0.612), None)
------------------------------------------------------------
------------------------------Current Architecture [90]------------------------------
0. (Mix(7x1_DilatedConv, 0.374), None)
1. (Mix(Zero, 0.521), None)
2. (Mix(Zero, 0.612), None)
------------------------------------------------------------
------------------------------Current Architecture [91]------------------------------
0. (Mix(7x1_DilatedConv, 0.358), None)
1. (Mix(Zero, 0.520), None)
2. (Mix(Zero, 0.611), None)
------------------------------------------------------------
------------------------------Current Architecture [92]------------------------------
0. (Mix(7x1_DilatedConv, 0.375), None)
1. (Mix(Zero, 0.519), None)
2. (Mix(Zero, 0.614), None)
------------------------------------------------------------
------------------------------Current Architecture [93]------------------------------
0. (Mix(7x1_DilatedConv, 0.357), None)
1. (Mix(Zero, 0.518), None)
2. (Mix(Zero, 0.618), None)
------------------------------------------------------------
------------------------------Current Architecture [94]------------------------------
0. (Mix(7x1_DilatedConv, 0.343), None)
1. (Mix(Zero, 0.534), None)
2. (Mix(Zero, 0.619), None)
------------------------------------------------------------
------------------------------Current Architecture [95]------------------------------
0. (Mix(7x1_DilatedConv, 0.347), None)
1. (Mix(Zero, 0.541), None)
2. (Mix(Zero, 0.619), None)
------------------------------------------------------------
------------------------------Current Architecture [96]------------------------------
0. (Mix(7x1_DilatedConv, 0.329), None)
1. (Mix(Zero, 0.541), None)
2. (Mix(Zero, 0.622), None)
------------------------------------------------------------
------------------------------Current Architecture [97]------------------------------
0. (Mix(7x1_DilatedConv, 0.306), None)
1. (Mix(Zero, 0.541), None)
2. (Mix(Zero, 0.625), None)
------------------------------------------------------------
------------------------------Current Architecture [98]------------------------------
0. (Mix(7x1_DilatedConv, 0.287), None)
1. (Mix(Zero, 0.553), None)
2. (Mix(Zero, 0.626), None)
------------------------------------------------------------
------------------------------Current Architecture [99]------------------------------
0. (Mix(7x1_DilatedConv, 0.248), None)
1. (Mix(Zero, 0.556), None)
2. (Mix(Zero, 0.626), None)
------------------------------------------------------------
------------------------------Current Architecture [100]------------------------------
0. (Mix(7x1_DilatedConv, 0.229), None)
1. (Mix(Zero, 0.561), None)
2. (Mix(Zero, 0.626), None)
------------------------------------------------------------
