------------------------------Current Architecture [1]------------------------------
0. (Mix(7x1_Conv, 0.125), None)
1. (Mix(3x1_Conv, 0.111), None)
2. (Mix(7x1_DilatedConv, 0.111), None)
------------------------------------------------------------
------------------------------Current Architecture [2]------------------------------
0. (Mix(3x1_DilatedConv, 0.129), None)
1. (Mix(3x1_DilatedConv, 0.113), None)
2. (Mix(9x1_DilatedConv, 0.114), None)
------------------------------------------------------------
------------------------------Current Architecture [3]------------------------------
0. (Mix(3x1_Conv, 0.131), None)
1. (Mix(7x1_Conv, 0.114), None)
2. (Mix(9x1_DilatedConv, 0.114), None)
------------------------------------------------------------
------------------------------Current Architecture [4]------------------------------
0. (Mix(9x1_Conv, 0.130), None)
1. (Mix(7x1_Conv, 0.116), None)
2. (Mix(3x1_DilatedConv, 0.114), None)
------------------------------------------------------------
------------------------------Current Architecture [5]------------------------------
0. (Mix(9x1_Conv, 0.132), None)
1. (Mix(7x1_Conv, 0.119), None)
2. (Mix(3x1_DilatedConv, 0.116), None)
------------------------------------------------------------
------------------------------Current Architecture [6]------------------------------
0. (Mix(9x1_Conv, 0.134), None)
1. (Mix(7x1_Conv, 0.119), None)
2. (Mix(3x1_DilatedConv, 0.116), None)
------------------------------------------------------------
------------------------------Current Architecture [7]------------------------------
0. (Mix(9x1_Conv, 0.134), None)
1. (Mix(7x1_Conv, 0.118), None)
2. (Mix(3x1_DilatedConv, 0.118), None)
------------------------------------------------------------
------------------------------Current Architecture [8]------------------------------
0. (Mix(9x1_DilatedConv, 0.133), None)
1. (Mix(7x1_Conv, 0.117), None)
2. (Mix(3x1_DilatedConv, 0.117), None)
------------------------------------------------------------
------------------------------Current Architecture [9]------------------------------
0. (Mix(9x1_Conv, 0.134), None)
1. (Mix(7x1_Conv, 0.116), None)
2. (Mix(3x1_DilatedConv, 0.121), None)
------------------------------------------------------------
------------------------------Current Architecture [10]------------------------------
0. (Mix(9x1_DilatedConv, 0.137), None)
1. (Mix(7x1_Conv, 0.117), None)
2. (Mix(Zero, 0.120), None)
------------------------------------------------------------
------------------------------Current Architecture [11]------------------------------
0. (Mix(9x1_DilatedConv, 0.137), None)
1. (Mix(7x1_Conv, 0.119), None)
2. (Mix(Zero, 0.120), None)
------------------------------------------------------------
------------------------------Current Architecture [12]------------------------------
0. (Mix(9x1_DilatedConv, 0.138), None)
1. (Mix(7x1_Conv, 0.122), None)
2. (Mix(Zero, 0.120), None)
------------------------------------------------------------
------------------------------Current Architecture [13]------------------------------
0. (Mix(9x1_DilatedConv, 0.146), None)
1. (Mix(7x1_Conv, 0.118), None)
2. (Mix(Zero, 0.123), None)
------------------------------------------------------------
------------------------------Current Architecture [14]------------------------------
0. (Mix(9x1_DilatedConv, 0.147), None)
1. (Mix(7x1_Conv, 0.119), None)
2. (Mix(Zero, 0.125), None)
------------------------------------------------------------
------------------------------Current Architecture [15]------------------------------
0. (Mix(9x1_DilatedConv, 0.152), None)
1. (Mix(3x1_DilatedConv, 0.119), None)
2. (Mix(Zero, 0.132), None)
------------------------------------------------------------
------------------------------Current Architecture [16]------------------------------
0. (Mix(9x1_DilatedConv, 0.155), None)
1. (Mix(3x1_DilatedConv, 0.119), None)
2. (Mix(Zero, 0.135), None)
------------------------------------------------------------
------------------------------Current Architecture [17]------------------------------
0. (Mix(9x1_DilatedConv, 0.159), None)
1. (Mix(3x1_DilatedConv, 0.121), None)
2. (Mix(Zero, 0.139), None)
------------------------------------------------------------
------------------------------Current Architecture [18]------------------------------
0. (Mix(9x1_DilatedConv, 0.162), None)
1. (Mix(3x1_DilatedConv, 0.121), None)
2. (Mix(Zero, 0.145), None)
------------------------------------------------------------
------------------------------Current Architecture [19]------------------------------
0. (Mix(9x1_DilatedConv, 0.165), None)
1. (Mix(3x1_DilatedConv, 0.121), None)
2. (Mix(Zero, 0.147), None)
------------------------------------------------------------
------------------------------Current Architecture [20]------------------------------
0. (Mix(9x1_DilatedConv, 0.171), None)
1. (Mix(3x1_DilatedConv, 0.121), None)
2. (Mix(Zero, 0.147), None)
------------------------------------------------------------
------------------------------Current Architecture [21]------------------------------
0. (Mix(9x1_DilatedConv, 0.181), None)
1. (Mix(3x1_DilatedConv, 0.120), None)
2. (Mix(Zero, 0.149), None)
------------------------------------------------------------
------------------------------Current Architecture [22]------------------------------
0. (Mix(9x1_DilatedConv, 0.185), None)
1. (Mix(3x1_DilatedConv, 0.121), None)
2. (Mix(Zero, 0.152), None)
------------------------------------------------------------
------------------------------Current Architecture [23]------------------------------
0. (Mix(9x1_DilatedConv, 0.189), None)
1. (Mix(3x1_DilatedConv, 0.119), None)
2. (Mix(Zero, 0.154), None)
------------------------------------------------------------
------------------------------Current Architecture [24]------------------------------
0. (Mix(9x1_DilatedConv, 0.193), None)
1. (Mix(3x1_DilatedConv, 0.122), None)
2. (Mix(Zero, 0.158), None)
------------------------------------------------------------
------------------------------Current Architecture [25]------------------------------
0. (Mix(9x1_DilatedConv, 0.195), None)
1. (Mix(3x1_DilatedConv, 0.122), None)
2. (Mix(Zero, 0.158), None)
------------------------------------------------------------
------------------------------Current Architecture [26]------------------------------
0. (Mix(9x1_DilatedConv, 0.196), None)
1. (Mix(3x1_DilatedConv, 0.122), None)
2. (Mix(Zero, 0.162), None)
------------------------------------------------------------
------------------------------Current Architecture [27]------------------------------
0. (Mix(9x1_DilatedConv, 0.199), None)
1. (Mix(3x1_DilatedConv, 0.122), None)
2. (Mix(Zero, 0.166), None)
------------------------------------------------------------
------------------------------Current Architecture [28]------------------------------
0. (Mix(9x1_DilatedConv, 0.203), None)
1. (Mix(9x1_DilatedConv, 0.120), None)
2. (Mix(Zero, 0.172), None)
------------------------------------------------------------
------------------------------Current Architecture [29]------------------------------
0. (Mix(9x1_DilatedConv, 0.203), None)
1. (Mix(9x1_DilatedConv, 0.121), None)
2. (Mix(Zero, 0.175), None)
------------------------------------------------------------
------------------------------Current Architecture [30]------------------------------
0. (Mix(9x1_DilatedConv, 0.199), None)
1. (Mix(9x1_DilatedConv, 0.121), None)
2. (Mix(Zero, 0.178), None)
------------------------------------------------------------
------------------------------Current Architecture [31]------------------------------
0. (Mix(9x1_DilatedConv, 0.197), None)
1. (Mix(9x1_DilatedConv, 0.123), None)
2. (Mix(Zero, 0.178), None)
------------------------------------------------------------
------------------------------Current Architecture [32]------------------------------
0. (Mix(9x1_DilatedConv, 0.207), None)
1. (Mix(9x1_DilatedConv, 0.127), None)
2. (Mix(Zero, 0.183), None)
------------------------------------------------------------
------------------------------Current Architecture [33]------------------------------
0. (Mix(9x1_DilatedConv, 0.208), None)
1. (Mix(9x1_DilatedConv, 0.130), None)
2. (Mix(Zero, 0.187), None)
------------------------------------------------------------
------------------------------Current Architecture [34]------------------------------
0. (Mix(9x1_DilatedConv, 0.210), None)
1. (Mix(9x1_DilatedConv, 0.127), None)
2. (Mix(Zero, 0.192), None)
------------------------------------------------------------
------------------------------Current Architecture [35]------------------------------
0. (Mix(9x1_DilatedConv, 0.208), None)
1. (Mix(9x1_DilatedConv, 0.128), None)
2. (Mix(Zero, 0.193), None)
------------------------------------------------------------
------------------------------Current Architecture [36]------------------------------
0. (Mix(9x1_DilatedConv, 0.207), None)
1. (Mix(9x1_DilatedConv, 0.127), None)
2. (Mix(Zero, 0.196), None)
------------------------------------------------------------
------------------------------Current Architecture [37]------------------------------
0. (Mix(9x1_DilatedConv, 0.208), None)
1. (Mix(9x1_DilatedConv, 0.127), None)
2. (Mix(Zero, 0.200), None)
------------------------------------------------------------
------------------------------Current Architecture [38]------------------------------
0. (Mix(9x1_DilatedConv, 0.212), None)
1. (Mix(9x1_DilatedConv, 0.129), None)
2. (Mix(Zero, 0.206), None)
------------------------------------------------------------
------------------------------Current Architecture [39]------------------------------
0. (Mix(9x1_DilatedConv, 0.217), None)
1. (Mix(9x1_DilatedConv, 0.123), None)
2. (Mix(Zero, 0.212), None)
------------------------------------------------------------
------------------------------Current Architecture [40]------------------------------
0. (Mix(9x1_DilatedConv, 0.214), None)
1. (Mix(9x1_DilatedConv, 0.123), None)
2. (Mix(Zero, 0.213), None)
------------------------------------------------------------
------------------------------Current Architecture [41]------------------------------
0. (Mix(9x1_DilatedConv, 0.214), None)
1. (Mix(9x1_DilatedConv, 0.122), None)
2. (Mix(Zero, 0.219), None)
------------------------------------------------------------
------------------------------Current Architecture [42]------------------------------
0. (Mix(9x1_DilatedConv, 0.217), None)
1. (Mix(9x1_DilatedConv, 0.124), None)
2. (Mix(Zero, 0.223), None)
------------------------------------------------------------
------------------------------Current Architecture [43]------------------------------
0. (Mix(9x1_DilatedConv, 0.218), None)
1. (Mix(9x1_DilatedConv, 0.123), None)
2. (Mix(Zero, 0.231), None)
------------------------------------------------------------
------------------------------Current Architecture [44]------------------------------
0. (Mix(9x1_DilatedConv, 0.212), None)
1. (Mix(Zero, 0.123), None)
2. (Mix(Zero, 0.233), None)
------------------------------------------------------------
------------------------------Current Architecture [45]------------------------------
0. (Mix(9x1_DilatedConv, 0.211), None)
1. (Mix(Zero, 0.124), None)
2. (Mix(Zero, 0.242), None)
------------------------------------------------------------
------------------------------Current Architecture [46]------------------------------
0. (Mix(9x1_DilatedConv, 0.214), None)
1. (Mix(Zero, 0.128), None)
2. (Mix(Zero, 0.243), None)
------------------------------------------------------------
------------------------------Current Architecture [47]------------------------------
0. (Mix(9x1_DilatedConv, 0.216), None)
1. (Mix(Zero, 0.130), None)
2. (Mix(Zero, 0.251), None)
------------------------------------------------------------
------------------------------Current Architecture [48]------------------------------
0. (Mix(9x1_DilatedConv, 0.221), None)
1. (Mix(Zero, 0.128), None)
2. (Mix(Zero, 0.258), None)
------------------------------------------------------------
------------------------------Current Architecture [49]------------------------------
0. (Mix(9x1_DilatedConv, 0.228), None)
1. (Mix(Zero, 0.128), None)
2. (Mix(Zero, 0.264), None)
------------------------------------------------------------
------------------------------Current Architecture [50]------------------------------
0. (Mix(9x1_DilatedConv, 0.231), None)
1. (Mix(Zero, 0.129), None)
2. (Mix(Zero, 0.268), None)
------------------------------------------------------------
------------------------------Current Architecture [51]------------------------------
0. (Mix(9x1_DilatedConv, 0.230), None)
1. (Mix(Zero, 0.132), None)
2. (Mix(Zero, 0.283), None)
------------------------------------------------------------
------------------------------Current Architecture [52]------------------------------
0. (Mix(9x1_DilatedConv, 0.237), None)
1. (Mix(Zero, 0.131), None)
2. (Mix(Zero, 0.287), None)
------------------------------------------------------------
------------------------------Current Architecture [53]------------------------------
0. (Mix(9x1_DilatedConv, 0.244), None)
1. (Mix(Zero, 0.137), None)
2. (Mix(Zero, 0.287), None)
------------------------------------------------------------
------------------------------Current Architecture [54]------------------------------
0. (Mix(9x1_DilatedConv, 0.248), None)
1. (Mix(Zero, 0.137), None)
2. (Mix(Zero, 0.293), None)
------------------------------------------------------------
------------------------------Current Architecture [55]------------------------------
0. (Mix(9x1_DilatedConv, 0.254), None)
1. (Mix(Zero, 0.136), None)
2. (Mix(Zero, 0.301), None)
------------------------------------------------------------
------------------------------Current Architecture [56]------------------------------
0. (Mix(9x1_DilatedConv, 0.259), None)
1. (Mix(Zero, 0.138), None)
2. (Mix(Zero, 0.301), None)
------------------------------------------------------------
------------------------------Current Architecture [57]------------------------------
0. (Mix(9x1_DilatedConv, 0.265), None)
1. (Mix(Zero, 0.137), None)
2. (Mix(Zero, 0.309), None)
------------------------------------------------------------
------------------------------Current Architecture [58]------------------------------
0. (Mix(9x1_DilatedConv, 0.259), None)
1. (Mix(Zero, 0.141), None)
2. (Mix(Zero, 0.310), None)
------------------------------------------------------------
------------------------------Current Architecture [59]------------------------------
0. (Mix(9x1_DilatedConv, 0.261), None)
1. (Mix(Zero, 0.142), None)
2. (Mix(Zero, 0.312), None)
------------------------------------------------------------
------------------------------Current Architecture [60]------------------------------
0. (Mix(9x1_DilatedConv, 0.266), None)
1. (Mix(Zero, 0.146), None)
2. (Mix(Zero, 0.312), None)
------------------------------------------------------------
------------------------------Current Architecture [61]------------------------------
0. (Mix(9x1_DilatedConv, 0.271), None)
1. (Mix(Zero, 0.146), None)
2. (Mix(Zero, 0.317), None)
------------------------------------------------------------
------------------------------Current Architecture [62]------------------------------
0. (Mix(9x1_DilatedConv, 0.277), None)
1. (Mix(Zero, 0.148), None)
2. (Mix(Zero, 0.324), None)
------------------------------------------------------------
------------------------------Current Architecture [63]------------------------------
0. (Mix(9x1_DilatedConv, 0.276), None)
1. (Mix(Zero, 0.145), None)
2. (Mix(Zero, 0.329), None)
------------------------------------------------------------
------------------------------Current Architecture [64]------------------------------
0. (Mix(9x1_DilatedConv, 0.264), None)
1. (Mix(Zero, 0.146), None)
2. (Mix(Zero, 0.332), None)
------------------------------------------------------------
------------------------------Current Architecture [65]------------------------------
0. (Mix(9x1_DilatedConv, 0.262), None)
1. (Mix(Zero, 0.148), None)
2. (Mix(Zero, 0.336), None)
------------------------------------------------------------
------------------------------Current Architecture [66]------------------------------
0. (Mix(9x1_DilatedConv, 0.255), None)
1. (Mix(Zero, 0.148), None)
2. (Mix(Zero, 0.348), None)
------------------------------------------------------------
------------------------------Current Architecture [67]------------------------------
0. (Mix(9x1_DilatedConv, 0.254), None)
1. (Mix(Zero, 0.151), None)
2. (Mix(Zero, 0.354), None)
------------------------------------------------------------
------------------------------Current Architecture [68]------------------------------
0. (Mix(9x1_DilatedConv, 0.248), None)
1. (Mix(Zero, 0.150), None)
2. (Mix(Zero, 0.359), None)
------------------------------------------------------------
------------------------------Current Architecture [69]------------------------------
0. (Mix(9x1_DilatedConv, 0.247), None)
1. (Mix(Zero, 0.151), None)
2. (Mix(Zero, 0.366), None)
------------------------------------------------------------
------------------------------Current Architecture [70]------------------------------
0. (Mix(9x1_DilatedConv, 0.251), None)
1. (Mix(Zero, 0.153), None)
2. (Mix(Zero, 0.374), None)
------------------------------------------------------------
------------------------------Current Architecture [71]------------------------------
0. (Mix(9x1_DilatedConv, 0.250), None)
1. (Mix(Zero, 0.158), None)
2. (Mix(Zero, 0.377), None)
------------------------------------------------------------
------------------------------Current Architecture [72]------------------------------
0. (Mix(9x1_DilatedConv, 0.253), None)
1. (Mix(Zero, 0.157), None)
2. (Mix(Zero, 0.384), None)
------------------------------------------------------------
------------------------------Current Architecture [73]------------------------------
0. (Mix(9x1_DilatedConv, 0.256), None)
1. (Mix(Zero, 0.159), None)
2. (Mix(Zero, 0.389), None)
------------------------------------------------------------
------------------------------Current Architecture [74]------------------------------
0. (Mix(9x1_DilatedConv, 0.260), None)
1. (Mix(Zero, 0.163), None)
2. (Mix(Zero, 0.392), None)
------------------------------------------------------------
------------------------------Current Architecture [75]------------------------------
0. (Mix(9x1_DilatedConv, 0.264), None)
1. (Mix(Zero, 0.165), None)
2. (Mix(Zero, 0.395), None)
------------------------------------------------------------
------------------------------Current Architecture [76]------------------------------
0. (Mix(9x1_DilatedConv, 0.269), None)
1. (Mix(Zero, 0.170), None)
2. (Mix(Zero, 0.401), None)
------------------------------------------------------------
------------------------------Current Architecture [77]------------------------------
0. (Mix(9x1_DilatedConv, 0.271), None)
1. (Mix(Zero, 0.166), None)
2. (Mix(Zero, 0.413), None)
------------------------------------------------------------
------------------------------Current Architecture [78]------------------------------
0. (Mix(9x1_DilatedConv, 0.278), None)
1. (Mix(Zero, 0.172), None)
2. (Mix(Zero, 0.423), None)
------------------------------------------------------------
------------------------------Current Architecture [79]------------------------------
0. (Mix(9x1_DilatedConv, 0.280), None)
1. (Mix(Zero, 0.172), None)
2. (Mix(Zero, 0.432), None)
------------------------------------------------------------
------------------------------Current Architecture [80]------------------------------
0. (Mix(9x1_DilatedConv, 0.269), None)
1. (Mix(Zero, 0.174), None)
2. (Mix(Zero, 0.445), None)
------------------------------------------------------------
------------------------------Current Architecture [81]------------------------------
0. (Mix(9x1_DilatedConv, 0.268), None)
1. (Mix(Zero, 0.178), None)
2. (Mix(Zero, 0.451), None)
------------------------------------------------------------
------------------------------Current Architecture [82]------------------------------
0. (Mix(9x1_DilatedConv, 0.271), None)
1. (Mix(Zero, 0.182), None)
2. (Mix(Zero, 0.457), None)
------------------------------------------------------------
------------------------------Current Architecture [83]------------------------------
0. (Mix(9x1_DilatedConv, 0.271), None)
1. (Mix(Zero, 0.183), None)
2. (Mix(Zero, 0.466), None)
------------------------------------------------------------
------------------------------Current Architecture [84]------------------------------
0. (Mix(9x1_DilatedConv, 0.273), None)
1. (Mix(Zero, 0.185), None)
2. (Mix(Zero, 0.469), None)
------------------------------------------------------------
------------------------------Current Architecture [85]------------------------------
0. (Mix(9x1_DilatedConv, 0.279), None)
1. (Mix(Zero, 0.184), None)
2. (Mix(Zero, 0.476), None)
------------------------------------------------------------
------------------------------Current Architecture [86]------------------------------
0. (Mix(9x1_DilatedConv, 0.276), None)
1. (Mix(Zero, 0.184), None)
2. (Mix(Zero, 0.480), None)
------------------------------------------------------------
------------------------------Current Architecture [87]------------------------------
0. (Mix(9x1_DilatedConv, 0.277), None)
1. (Mix(Zero, 0.185), None)
2. (Mix(Zero, 0.481), None)
------------------------------------------------------------
------------------------------Current Architecture [88]------------------------------
0. (Mix(9x1_DilatedConv, 0.273), None)
1. (Mix(Zero, 0.188), None)
2. (Mix(Zero, 0.482), None)
------------------------------------------------------------
------------------------------Current Architecture [89]------------------------------
0. (Mix(9x1_DilatedConv, 0.262), None)
1. (Mix(Zero, 0.190), None)
2. (Mix(Zero, 0.486), None)
------------------------------------------------------------
------------------------------Current Architecture [90]------------------------------
0. (Mix(9x1_DilatedConv, 0.267), None)
1. (Mix(Zero, 0.192), None)
2. (Mix(Zero, 0.490), None)
------------------------------------------------------------
------------------------------Current Architecture [91]------------------------------
0. (Mix(9x1_DilatedConv, 0.273), None)
1. (Mix(Zero, 0.194), None)
2. (Mix(Zero, 0.498), None)
------------------------------------------------------------
------------------------------Current Architecture [92]------------------------------
0. (Mix(9x1_DilatedConv, 0.279), None)
1. (Mix(Zero, 0.195), None)
2. (Mix(Zero, 0.500), None)
------------------------------------------------------------
------------------------------Current Architecture [93]------------------------------
0. (Mix(9x1_DilatedConv, 0.281), None)
1. (Mix(Zero, 0.198), None)
2. (Mix(Zero, 0.507), None)
------------------------------------------------------------
------------------------------Current Architecture [94]------------------------------
0. (Mix(9x1_DilatedConv, 0.283), None)
1. (Mix(Zero, 0.198), None)
2. (Mix(Zero, 0.511), None)
------------------------------------------------------------
------------------------------Current Architecture [95]------------------------------
0. (Mix(9x1_DilatedConv, 0.283), None)
1. (Mix(Zero, 0.198), None)
2. (Mix(Zero, 0.520), None)
------------------------------------------------------------
------------------------------Current Architecture [96]------------------------------
0. (Mix(9x1_DilatedConv, 0.281), None)
1. (Mix(Zero, 0.203), None)
2. (Mix(Zero, 0.522), None)
------------------------------------------------------------
------------------------------Current Architecture [97]------------------------------
0. (Mix(9x1_DilatedConv, 0.284), None)
1. (Mix(Zero, 0.204), None)
2. (Mix(Zero, 0.533), None)
------------------------------------------------------------
------------------------------Current Architecture [98]------------------------------
0. (Mix(9x1_DilatedConv, 0.289), None)
1. (Mix(Zero, 0.203), None)
2. (Mix(Zero, 0.536), None)
------------------------------------------------------------
------------------------------Current Architecture [99]------------------------------
0. (Mix(9x1_DilatedConv, 0.288), None)
1. (Mix(Zero, 0.209), None)
2. (Mix(Zero, 0.539), None)
------------------------------------------------------------
------------------------------Current Architecture [100]------------------------------
0. (Mix(9x1_DilatedConv, 0.285), None)
1. (Mix(Zero, 0.212), None)
2. (Mix(Zero, 0.543), None)
------------------------------------------------------------
