------------------------------Current Architecture [1]------------------------------
0. (Mix(7x1_Conv, 0.125), None)
1. (Mix(3x1_Conv, 0.111), None)
2. (Mix(7x1_DilatedConv, 0.111), None)
------------------------------------------------------------
------------------------------Current Architecture [2]------------------------------
0. (Mix(9x1_DilatedConv, 0.131), None)
1. (Mix(5x1_DilatedConv, 0.114), None)
2. (Mix(3x1_DilatedConv, 0.115), None)
------------------------------------------------------------
------------------------------Current Architecture [3]------------------------------
0. (Mix(9x1_DilatedConv, 0.133), None)
1. (Mix(5x1_DilatedConv, 0.115), None)
2. (Mix(Zero, 0.117), None)
------------------------------------------------------------
------------------------------Current Architecture [4]------------------------------
0. (Mix(9x1_DilatedConv, 0.135), None)
1. (Mix(3x1_DilatedConv, 0.116), None)
2. (Mix(Zero, 0.120), None)
------------------------------------------------------------
------------------------------Current Architecture [5]------------------------------
0. (Mix(9x1_DilatedConv, 0.133), None)
1. (Mix(3x1_DilatedConv, 0.116), None)
2. (Mix(Zero, 0.123), None)
------------------------------------------------------------
------------------------------Current Architecture [6]------------------------------
0. (Mix(9x1_DilatedConv, 0.135), None)
1. (Mix(9x1_DilatedConv, 0.117), None)
2. (Mix(Zero, 0.126), None)
------------------------------------------------------------
------------------------------Current Architecture [7]------------------------------
0. (Mix(9x1_DilatedConv, 0.140), None)
1. (Mix(3x1_DilatedConv, 0.118), None)
2. (Mix(Zero, 0.129), None)
------------------------------------------------------------
------------------------------Current Architecture [8]------------------------------
0. (Mix(9x1_DilatedConv, 0.141), None)
1. (Mix(3x1_DilatedConv, 0.118), None)
2. (Mix(Zero, 0.128), None)
------------------------------------------------------------
------------------------------Current Architecture [9]------------------------------
0. (Mix(9x1_DilatedConv, 0.146), None)
1. (Mix(3x1_DilatedConv, 0.118), None)
2. (Mix(Zero, 0.127), None)
------------------------------------------------------------
------------------------------Current Architecture [10]------------------------------
0. (Mix(9x1_DilatedConv, 0.148), None)
1. (Mix(5x1_DilatedConv, 0.116), None)
2. (Mix(Zero, 0.129), None)
------------------------------------------------------------
------------------------------Current Architecture [11]------------------------------
0. (Mix(9x1_DilatedConv, 0.142), None)
1. (Mix(5x1_DilatedConv, 0.117), None)
2. (Mix(Zero, 0.135), None)
------------------------------------------------------------
------------------------------Current Architecture [12]------------------------------
0. (Mix(9x1_DilatedConv, 0.144), None)
1. (Mix(5x1_DilatedConv, 0.118), None)
2. (Mix(Zero, 0.141), None)
------------------------------------------------------------
------------------------------Current Architecture [13]------------------------------
0. (Mix(9x1_DilatedConv, 0.143), None)
1. (Mix(5x1_DilatedConv, 0.117), None)
2. (Mix(Zero, 0.144), None)
------------------------------------------------------------
------------------------------Current Architecture [14]------------------------------
0. (Mix(7x1_DilatedConv, 0.143), None)
1. (Mix(9x1_DilatedConv, 0.117), None)
2. (Mix(Zero, 0.145), None)
------------------------------------------------------------
------------------------------Current Architecture [15]------------------------------
0. (Mix(7x1_DilatedConv, 0.146), None)
1. (Mix(3x1_DilatedConv, 0.116), None)
2. (Mix(Zero, 0.150), None)
------------------------------------------------------------
------------------------------Current Architecture [16]------------------------------
0. (Mix(7x1_DilatedConv, 0.144), None)
1. (Mix(3x1_DilatedConv, 0.117), None)
2. (Mix(Zero, 0.154), None)
------------------------------------------------------------
------------------------------Current Architecture [17]------------------------------
0. (Mix(7x1_DilatedConv, 0.150), None)
1. (Mix(3x1_DilatedConv, 0.119), None)
2. (Mix(Zero, 0.156), None)
------------------------------------------------------------
------------------------------Current Architecture [18]------------------------------
0. (Mix(7x1_DilatedConv, 0.152), None)
1. (Mix(9x1_DilatedConv, 0.118), None)
2. (Mix(Zero, 0.163), None)
------------------------------------------------------------
------------------------------Current Architecture [19]------------------------------
0. (Mix(7x1_DilatedConv, 0.154), None)
1. (Mix(9x1_DilatedConv, 0.119), None)
2. (Mix(Zero, 0.165), None)
------------------------------------------------------------
------------------------------Current Architecture [20]------------------------------
0. (Mix(7x1_DilatedConv, 0.155), None)
1. (Mix(9x1_DilatedConv, 0.119), None)
2. (Mix(Zero, 0.166), None)
------------------------------------------------------------
------------------------------Current Architecture [21]------------------------------
0. (Mix(7x1_DilatedConv, 0.159), None)
1. (Mix(9x1_DilatedConv, 0.120), None)
2. (Mix(Zero, 0.167), None)
------------------------------------------------------------
------------------------------Current Architecture [22]------------------------------
0. (Mix(7x1_DilatedConv, 0.160), None)
1. (Mix(9x1_DilatedConv, 0.119), None)
2. (Mix(Zero, 0.172), None)
------------------------------------------------------------
------------------------------Current Architecture [23]------------------------------
0. (Mix(7x1_DilatedConv, 0.162), None)
1. (Mix(9x1_DilatedConv, 0.120), None)
2. (Mix(Zero, 0.174), None)
------------------------------------------------------------
------------------------------Current Architecture [24]------------------------------
0. (Mix(7x1_DilatedConv, 0.163), None)
1. (Mix(9x1_DilatedConv, 0.122), None)
2. (Mix(Zero, 0.180), None)
------------------------------------------------------------
------------------------------Current Architecture [25]------------------------------
0. (Mix(7x1_DilatedConv, 0.164), None)
1. (Mix(9x1_DilatedConv, 0.123), None)
2. (Mix(Zero, 0.180), None)
------------------------------------------------------------
------------------------------Current Architecture [26]------------------------------
0. (Mix(7x1_DilatedConv, 0.164), None)
1. (Mix(Zero, 0.123), None)
2. (Mix(Zero, 0.183), None)
------------------------------------------------------------
------------------------------Current Architecture [27]------------------------------
0. (Mix(7x1_DilatedConv, 0.170), None)
1. (Mix(9x1_DilatedConv, 0.125), None)
2. (Mix(Zero, 0.190), None)
------------------------------------------------------------
------------------------------Current Architecture [28]------------------------------
0. (Mix(7x1_DilatedConv, 0.173), None)
1. (Mix(9x1_DilatedConv, 0.127), None)
2. (Mix(Zero, 0.195), None)
------------------------------------------------------------
------------------------------Current Architecture [29]------------------------------
0. (Mix(7x1_DilatedConv, 0.170), None)
1. (Mix(9x1_DilatedConv, 0.128), None)
2. (Mix(Zero, 0.198), None)
------------------------------------------------------------
------------------------------Current Architecture [30]------------------------------
0. (Mix(7x1_DilatedConv, 0.169), None)
1. (Mix(9x1_DilatedConv, 0.129), None)
2. (Mix(Zero, 0.205), None)
------------------------------------------------------------
------------------------------Current Architecture [31]------------------------------
0. (Mix(7x1_DilatedConv, 0.168), None)
1. (Mix(9x1_DilatedConv, 0.128), None)
2. (Mix(Zero, 0.205), None)
------------------------------------------------------------
------------------------------Current Architecture [32]------------------------------
0. (Mix(7x1_DilatedConv, 0.174), None)
1. (Mix(9x1_DilatedConv, 0.131), None)
2. (Mix(Zero, 0.208), None)
------------------------------------------------------------
------------------------------Current Architecture [33]------------------------------
0. (Mix(7x1_DilatedConv, 0.172), None)
1. (Mix(9x1_DilatedConv, 0.131), None)
2. (Mix(Zero, 0.212), None)
------------------------------------------------------------
------------------------------Current Architecture [34]------------------------------
0. (Mix(7x1_DilatedConv, 0.179), None)
1. (Mix(9x1_DilatedConv, 0.129), None)
2. (Mix(Zero, 0.223), None)
------------------------------------------------------------
------------------------------Current Architecture [35]------------------------------
0. (Mix(7x1_DilatedConv, 0.181), None)
1. (Mix(9x1_DilatedConv, 0.134), None)
2. (Mix(Zero, 0.233), None)
------------------------------------------------------------
------------------------------Current Architecture [36]------------------------------
0. (Mix(7x1_DilatedConv, 0.184), None)
1. (Mix(9x1_DilatedConv, 0.140), None)
2. (Mix(Zero, 0.244), None)
------------------------------------------------------------
------------------------------Current Architecture [37]------------------------------
0. (Mix(7x1_DilatedConv, 0.189), None)
1. (Mix(9x1_DilatedConv, 0.139), None)
2. (Mix(Zero, 0.251), None)
------------------------------------------------------------
------------------------------Current Architecture [38]------------------------------
0. (Mix(7x1_DilatedConv, 0.204), None)
1. (Mix(9x1_DilatedConv, 0.142), None)
2. (Mix(Zero, 0.259), None)
------------------------------------------------------------
------------------------------Current Architecture [39]------------------------------
0. (Mix(7x1_DilatedConv, 0.205), None)
1. (Mix(9x1_DilatedConv, 0.142), None)
2. (Mix(Zero, 0.261), None)
------------------------------------------------------------
------------------------------Current Architecture [40]------------------------------
0. (Mix(7x1_DilatedConv, 0.218), None)
1. (Mix(9x1_DilatedConv, 0.144), None)
2. (Mix(Zero, 0.270), None)
------------------------------------------------------------
------------------------------Current Architecture [41]------------------------------
0. (Mix(7x1_DilatedConv, 0.222), None)
1. (Mix(9x1_DilatedConv, 0.144), None)
2. (Mix(Zero, 0.280), None)
------------------------------------------------------------
------------------------------Current Architecture [42]------------------------------
0. (Mix(7x1_DilatedConv, 0.233), None)
1. (Mix(9x1_DilatedConv, 0.149), None)
2. (Mix(Zero, 0.289), None)
------------------------------------------------------------
------------------------------Current Architecture [43]------------------------------
0. (Mix(7x1_DilatedConv, 0.235), None)
1. (Mix(9x1_DilatedConv, 0.150), None)
2. (Mix(Zero, 0.295), None)
------------------------------------------------------------
------------------------------Current Architecture [44]------------------------------
0. (Mix(7x1_DilatedConv, 0.240), None)
1. (Mix(9x1_DilatedConv, 0.150), None)
2. (Mix(Zero, 0.300), None)
------------------------------------------------------------
------------------------------Current Architecture [45]------------------------------
0. (Mix(7x1_DilatedConv, 0.242), None)
1. (Mix(9x1_DilatedConv, 0.152), None)
2. (Mix(Zero, 0.302), None)
------------------------------------------------------------
------------------------------Current Architecture [46]------------------------------
0. (Mix(7x1_DilatedConv, 0.254), None)
1. (Mix(9x1_DilatedConv, 0.155), None)
2. (Mix(Zero, 0.305), None)
------------------------------------------------------------
------------------------------Current Architecture [47]------------------------------
0. (Mix(7x1_DilatedConv, 0.257), None)
1. (Mix(9x1_DilatedConv, 0.148), None)
2. (Mix(Zero, 0.312), None)
------------------------------------------------------------
------------------------------Current Architecture [48]------------------------------
0. (Mix(7x1_DilatedConv, 0.256), None)
1. (Mix(9x1_DilatedConv, 0.148), None)
2. (Mix(Zero, 0.314), None)
------------------------------------------------------------
------------------------------Current Architecture [49]------------------------------
0. (Mix(7x1_DilatedConv, 0.253), None)
1. (Mix(9x1_DilatedConv, 0.148), None)
2. (Mix(Zero, 0.320), None)
------------------------------------------------------------
------------------------------Current Architecture [50]------------------------------
0. (Mix(7x1_DilatedConv, 0.255), None)
1. (Mix(9x1_DilatedConv, 0.148), None)
2. (Mix(Zero, 0.322), None)
------------------------------------------------------------
------------------------------Current Architecture [51]------------------------------
0. (Mix(7x1_DilatedConv, 0.256), None)
1. (Mix(9x1_DilatedConv, 0.148), None)
2. (Mix(Zero, 0.332), None)
------------------------------------------------------------
------------------------------Current Architecture [52]------------------------------
0. (Mix(7x1_DilatedConv, 0.258), None)
1. (Mix(9x1_DilatedConv, 0.148), None)
2. (Mix(Zero, 0.337), None)
------------------------------------------------------------
------------------------------Current Architecture [53]------------------------------
0. (Mix(7x1_DilatedConv, 0.263), None)
1. (Mix(9x1_DilatedConv, 0.147), None)
2. (Mix(Zero, 0.345), None)
------------------------------------------------------------
------------------------------Current Architecture [54]------------------------------
0. (Mix(7x1_DilatedConv, 0.263), None)
1. (Mix(9x1_DilatedConv, 0.147), None)
2. (Mix(Zero, 0.351), None)
------------------------------------------------------------
------------------------------Current Architecture [55]------------------------------
0. (Mix(7x1_DilatedConv, 0.265), None)
1. (Mix(9x1_DilatedConv, 0.146), None)
2. (Mix(Zero, 0.354), None)
------------------------------------------------------------
------------------------------Current Architecture [56]------------------------------
0. (Mix(7x1_DilatedConv, 0.271), None)
1. (Mix(9x1_DilatedConv, 0.144), None)
2. (Mix(Zero, 0.360), None)
------------------------------------------------------------
------------------------------Current Architecture [57]------------------------------
0. (Mix(7x1_DilatedConv, 0.269), None)
1. (Mix(9x1_DilatedConv, 0.142), None)
2. (Mix(Zero, 0.366), None)
------------------------------------------------------------
------------------------------Current Architecture [58]------------------------------
0. (Mix(7x1_DilatedConv, 0.269), None)
1. (Mix(9x1_DilatedConv, 0.143), None)
2. (Mix(Zero, 0.374), None)
------------------------------------------------------------
------------------------------Current Architecture [59]------------------------------
0. (Mix(7x1_DilatedConv, 0.269), None)
1. (Mix(9x1_DilatedConv, 0.142), None)
2. (Mix(Zero, 0.381), None)
------------------------------------------------------------
------------------------------Current Architecture [60]------------------------------
0. (Mix(7x1_DilatedConv, 0.271), None)
1. (Mix(9x1_DilatedConv, 0.144), None)
2. (Mix(Zero, 0.382), None)
------------------------------------------------------------
------------------------------Current Architecture [61]------------------------------
0. (Mix(7x1_DilatedConv, 0.272), None)
1. (Mix(Zero, 0.145), None)
2. (Mix(Zero, 0.387), None)
------------------------------------------------------------
------------------------------Current Architecture [62]------------------------------
0. (Mix(7x1_DilatedConv, 0.268), None)
1. (Mix(Zero, 0.146), None)
2. (Mix(Zero, 0.392), None)
------------------------------------------------------------
------------------------------Current Architecture [63]------------------------------
0. (Mix(7x1_DilatedConv, 0.273), None)
1. (Mix(Zero, 0.148), None)
2. (Mix(Zero, 0.395), None)
------------------------------------------------------------
------------------------------Current Architecture [64]------------------------------
0. (Mix(7x1_DilatedConv, 0.276), None)
1. (Mix(Zero, 0.151), None)
2. (Mix(Zero, 0.403), None)
------------------------------------------------------------
------------------------------Current Architecture [65]------------------------------
0. (Mix(7x1_DilatedConv, 0.279), None)
1. (Mix(Zero, 0.151), None)
2. (Mix(Zero, 0.409), None)
------------------------------------------------------------
------------------------------Current Architecture [66]------------------------------
0. (Mix(7x1_DilatedConv, 0.280), None)
1. (Mix(Zero, 0.150), None)
2. (Mix(Zero, 0.422), None)
------------------------------------------------------------
------------------------------Current Architecture [67]------------------------------
0. (Mix(7x1_DilatedConv, 0.283), None)
1. (Mix(Zero, 0.152), None)
2. (Mix(Zero, 0.424), None)
------------------------------------------------------------
------------------------------Current Architecture [68]------------------------------
0. (Mix(7x1_DilatedConv, 0.274), None)
1. (Mix(Zero, 0.155), None)
2. (Mix(Zero, 0.433), None)
------------------------------------------------------------
------------------------------Current Architecture [69]------------------------------
0. (Mix(7x1_DilatedConv, 0.278), None)
1. (Mix(Zero, 0.157), None)
2. (Mix(Zero, 0.434), None)
------------------------------------------------------------
------------------------------Current Architecture [70]------------------------------
0. (Mix(7x1_DilatedConv, 0.281), None)
1. (Mix(Zero, 0.155), None)
2. (Mix(Zero, 0.446), None)
------------------------------------------------------------
------------------------------Current Architecture [71]------------------------------
0. (Mix(7x1_DilatedConv, 0.285), None)
1. (Mix(Zero, 0.158), None)
2. (Mix(Zero, 0.448), None)
------------------------------------------------------------
------------------------------Current Architecture [72]------------------------------
0. (Mix(7x1_DilatedConv, 0.287), None)
1. (Mix(Zero, 0.165), None)
2. (Mix(Zero, 0.456), None)
------------------------------------------------------------
------------------------------Current Architecture [73]------------------------------
0. (Mix(7x1_DilatedConv, 0.285), None)
1. (Mix(Zero, 0.168), None)
2. (Mix(Zero, 0.460), None)
------------------------------------------------------------
------------------------------Current Architecture [74]------------------------------
0. (Mix(7x1_DilatedConv, 0.287), None)
1. (Mix(Zero, 0.169), None)
2. (Mix(Zero, 0.473), None)
------------------------------------------------------------
------------------------------Current Architecture [75]------------------------------
0. (Mix(7x1_DilatedConv, 0.290), None)
1. (Mix(Zero, 0.171), None)
2. (Mix(Zero, 0.477), None)
------------------------------------------------------------
------------------------------Current Architecture [76]------------------------------
0. (Mix(7x1_DilatedConv, 0.294), None)
1. (Mix(Zero, 0.173), None)
2. (Mix(Zero, 0.483), None)
------------------------------------------------------------
------------------------------Current Architecture [77]------------------------------
0. (Mix(7x1_DilatedConv, 0.298), None)
1. (Mix(Zero, 0.174), None)
2. (Mix(Zero, 0.484), None)
------------------------------------------------------------
------------------------------Current Architecture [78]------------------------------
0. (Mix(7x1_DilatedConv, 0.302), None)
1. (Mix(Zero, 0.176), None)
2. (Mix(Zero, 0.485), None)
------------------------------------------------------------
------------------------------Current Architecture [79]------------------------------
0. (Mix(7x1_DilatedConv, 0.301), None)
1. (Mix(Zero, 0.177), None)
2. (Mix(Zero, 0.485), None)
------------------------------------------------------------
------------------------------Current Architecture [80]------------------------------
0. (Mix(7x1_DilatedConv, 0.300), None)
1. (Mix(Zero, 0.178), None)
2. (Mix(Zero, 0.486), None)
------------------------------------------------------------
------------------------------Current Architecture [81]------------------------------
0. (Mix(7x1_DilatedConv, 0.295), None)
1. (Mix(Zero, 0.180), None)
2. (Mix(Zero, 0.491), None)
------------------------------------------------------------
------------------------------Current Architecture [82]------------------------------
0. (Mix(7x1_DilatedConv, 0.295), None)
1. (Mix(Zero, 0.181), None)
2. (Mix(Zero, 0.499), None)
------------------------------------------------------------
------------------------------Current Architecture [83]------------------------------
0. (Mix(7x1_DilatedConv, 0.297), None)
1. (Mix(Zero, 0.184), None)
2. (Mix(Zero, 0.504), None)
------------------------------------------------------------
------------------------------Current Architecture [84]------------------------------
0. (Mix(7x1_DilatedConv, 0.305), None)
1. (Mix(Zero, 0.188), None)
2. (Mix(Zero, 0.508), None)
------------------------------------------------------------
------------------------------Current Architecture [85]------------------------------
0. (Mix(7x1_DilatedConv, 0.301), None)
1. (Mix(Zero, 0.192), None)
2. (Mix(Zero, 0.515), None)
------------------------------------------------------------
------------------------------Current Architecture [86]------------------------------
0. (Mix(7x1_DilatedConv, 0.302), None)
1. (Mix(Zero, 0.195), None)
2. (Mix(Zero, 0.520), None)
------------------------------------------------------------
------------------------------Current Architecture [87]------------------------------
0. (Mix(7x1_DilatedConv, 0.300), None)
1. (Mix(Zero, 0.195), None)
2. (Mix(Zero, 0.529), None)
------------------------------------------------------------
------------------------------Current Architecture [88]------------------------------
0. (Mix(7x1_DilatedConv, 0.305), None)
1. (Mix(Zero, 0.197), None)
2. (Mix(Zero, 0.540), None)
------------------------------------------------------------
------------------------------Current Architecture [89]------------------------------
0. (Mix(7x1_DilatedConv, 0.304), None)
1. (Mix(Zero, 0.199), None)
2. (Mix(Zero, 0.548), None)
------------------------------------------------------------
------------------------------Current Architecture [90]------------------------------
0. (Mix(7x1_DilatedConv, 0.307), None)
1. (Mix(Zero, 0.201), None)
2. (Mix(Zero, 0.552), None)
------------------------------------------------------------
------------------------------Current Architecture [91]------------------------------
0. (Mix(7x1_DilatedConv, 0.298), None)
1. (Mix(Zero, 0.205), None)
2. (Mix(Zero, 0.559), None)
------------------------------------------------------------
------------------------------Current Architecture [92]------------------------------
0. (Mix(7x1_DilatedConv, 0.296), None)
1. (Mix(Zero, 0.207), None)
2. (Mix(Zero, 0.561), None)
------------------------------------------------------------
------------------------------Current Architecture [93]------------------------------
0. (Mix(7x1_DilatedConv, 0.303), None)
1. (Mix(Zero, 0.211), None)
2. (Mix(Zero, 0.562), None)
------------------------------------------------------------
------------------------------Current Architecture [94]------------------------------
0. (Mix(7x1_DilatedConv, 0.309), None)
1. (Mix(Zero, 0.212), None)
2. (Mix(Zero, 0.567), None)
------------------------------------------------------------
------------------------------Current Architecture [95]------------------------------
0. (Mix(7x1_DilatedConv, 0.308), None)
1. (Mix(Zero, 0.215), None)
2. (Mix(Zero, 0.575), None)
------------------------------------------------------------
------------------------------Current Architecture [96]------------------------------
0. (Mix(7x1_DilatedConv, 0.307), None)
1. (Mix(Zero, 0.217), None)
2. (Mix(Zero, 0.577), None)
------------------------------------------------------------
------------------------------Current Architecture [97]------------------------------
0. (Mix(7x1_DilatedConv, 0.307), None)
1. (Mix(Zero, 0.218), None)
2. (Mix(Zero, 0.579), None)
------------------------------------------------------------
------------------------------Current Architecture [98]------------------------------
0. (Mix(7x1_DilatedConv, 0.303), None)
1. (Mix(Zero, 0.225), None)
2. (Mix(Zero, 0.580), None)
------------------------------------------------------------
------------------------------Current Architecture [99]------------------------------
0. (Mix(7x1_DilatedConv, 0.293), None)
1. (Mix(Zero, 0.231), None)
2. (Mix(Zero, 0.581), None)
------------------------------------------------------------
------------------------------Current Architecture [100]------------------------------
0. (Mix(7x1_DilatedConv, 0.289), None)
1. (Mix(Zero, 0.233), None)
2. (Mix(Zero, 0.586), None)
------------------------------------------------------------
