------------------------------Current Architecture [1]------------------------------
0. (Mix(7x1_Conv, 0.125), None)
1. (Mix(3x1_Conv, 0.111), None)
2. (Mix(7x1_DilatedConv, 0.111), None)
------------------------------------------------------------
------------------------------Current Architecture [2]------------------------------
0. (Mix(3x1_DilatedConv, 0.159), None)
1. (Mix(7x1_DilatedConv, 0.130), None)
2. (Mix(3x1_Conv, 0.123), None)
------------------------------------------------------------
------------------------------Current Architecture [3]------------------------------
0. (Mix(3x1_DilatedConv, 0.165), None)
1. (Mix(Zero, 0.134), None)
2. (Mix(7x1_DilatedConv, 0.160), None)
------------------------------------------------------------
------------------------------Current Architecture [4]------------------------------
0. (Mix(3x1_DilatedConv, 0.225), None)
1. (Mix(7x1_DilatedConv, 0.143), None)
2. (Mix(Zero, 0.156), None)
------------------------------------------------------------
------------------------------Current Architecture [5]------------------------------
0. (Mix(3x1_DilatedConv, 0.242), None)
1. (Mix(Zero, 0.148), None)
2. (Mix(Zero, 0.185), None)
------------------------------------------------------------
------------------------------Current Architecture [6]------------------------------
0. (Mix(3x1_DilatedConv, 0.248), None)
1. (Mix(Zero, 0.169), None)
2. (Mix(Zero, 0.215), None)
------------------------------------------------------------
------------------------------Current Architecture [7]------------------------------
0. (Mix(3x1_DilatedConv, 0.266), None)
1. (Mix(Zero, 0.171), None)
2. (Mix(Zero, 0.254), None)
------------------------------------------------------------
------------------------------Current Architecture [8]------------------------------
0. (Mix(3x1_DilatedConv, 0.249), None)
1. (Mix(Zero, 0.202), None)
2. (Mix(Zero, 0.286), None)
------------------------------------------------------------
------------------------------Current Architecture [9]------------------------------
0. (Mix(3x1_DilatedConv, 0.256), None)
1. (Mix(Zero, 0.205), None)
2. (Mix(Zero, 0.293), None)
------------------------------------------------------------
------------------------------Current Architecture [10]------------------------------
0. (Mix(3x1_DilatedConv, 0.267), None)
1. (Mix(Zero, 0.210), None)
2. (Mix(Zero, 0.305), None)
------------------------------------------------------------
------------------------------Current Architecture [11]------------------------------
0. (Mix(3x1_DilatedConv, 0.282), None)
1. (Mix(Zero, 0.207), None)
2. (Mix(Zero, 0.334), None)
------------------------------------------------------------
------------------------------Current Architecture [12]------------------------------
0. (Mix(3x1_DilatedConv, 0.336), None)
1. (Mix(Zero, 0.206), None)
2. (Mix(Zero, 0.372), None)
------------------------------------------------------------
------------------------------Current Architecture [13]------------------------------
0. (Mix(3x1_DilatedConv, 0.335), None)
1. (Mix(Zero, 0.241), None)
2. (Mix(Zero, 0.388), None)
------------------------------------------------------------
------------------------------Current Architecture [14]------------------------------
0. (Mix(3x1_DilatedConv, 0.350), None)
1. (Mix(Zero, 0.336), None)
2. (Mix(Zero, 0.386), None)
------------------------------------------------------------
------------------------------Current Architecture [15]------------------------------
0. (Mix(3x1_DilatedConv, 0.362), None)
1. (Mix(Zero, 0.356), None)
2. (Mix(Zero, 0.386), None)
------------------------------------------------------------
------------------------------Current Architecture [16]------------------------------
0. (Mix(3x1_DilatedConv, 0.350), None)
1. (Mix(Zero, 0.362), None)
2. (Mix(Zero, 0.386), None)
------------------------------------------------------------
------------------------------Current Architecture [17]------------------------------
0. (Mix(3x1_DilatedConv, 0.357), None)
1. (Mix(Zero, 0.362), None)
2. (Mix(Zero, 0.388), None)
------------------------------------------------------------
------------------------------Current Architecture [18]------------------------------
0. (Mix(3x1_DilatedConv, 0.297), None)
1. (Mix(Zero, 0.402), None)
2. (Mix(Zero, 0.400), None)
------------------------------------------------------------
------------------------------Current Architecture [19]------------------------------
0. (Mix(3x1_DilatedConv, 0.320), None)
1. (Mix(Zero, 0.423), None)
2. (Mix(Zero, 0.401), None)
------------------------------------------------------------
------------------------------Current Architecture [20]------------------------------
0. (Mix(3x1_DilatedConv, 0.311), None)
1. (Mix(Zero, 0.423), None)
2. (Mix(Zero, 0.401), None)
------------------------------------------------------------
------------------------------Current Architecture [21]------------------------------
0. (Mix(3x1_DilatedConv, 0.310), None)
1. (Mix(Zero, 0.423), None)
2. (Mix(Zero, 0.402), None)
------------------------------------------------------------
------------------------------Current Architecture [22]------------------------------
0. (Mix(3x1_DilatedConv, 0.307), None)
1. (Mix(Zero, 0.435), None)
2. (Mix(Zero, 0.402), None)
------------------------------------------------------------
------------------------------Current Architecture [23]------------------------------
0. (Mix(3x1_DilatedConv, 0.329), None)
1. (Mix(Zero, 0.456), None)
2. (Mix(Zero, 0.404), None)
------------------------------------------------------------
------------------------------Current Architecture [24]------------------------------
0. (Mix(3x1_DilatedConv, 0.332), None)
1. (Mix(Zero, 0.494), None)
2. (Mix(Zero, 0.413), None)
------------------------------------------------------------
------------------------------Current Architecture [25]------------------------------
0. (Mix(3x1_DilatedConv, 0.364), None)
1. (Mix(Zero, 0.494), None)
2. (Mix(Zero, 0.436), None)
------------------------------------------------------------
------------------------------Current Architecture [26]------------------------------
0. (Mix(3x1_DilatedConv, 0.296), None)
1. (Mix(Zero, 0.512), None)
2. (Mix(Zero, 0.452), None)
------------------------------------------------------------
------------------------------Current Architecture [27]------------------------------
0. (Mix(3x1_DilatedConv, 0.321), None)
1. (Mix(Zero, 0.515), None)
2. (Mix(Zero, 0.480), None)
------------------------------------------------------------
------------------------------Current Architecture [28]------------------------------
0. (Mix(3x1_DilatedConv, 0.334), None)
1. (Mix(Zero, 0.519), None)
2. (Mix(Zero, 0.498), None)
------------------------------------------------------------
------------------------------Current Architecture [29]------------------------------
0. (Mix(5x1_Conv, 0.306), None)
1. (Mix(Zero, 0.519), None)
2. (Mix(Zero, 0.500), None)
------------------------------------------------------------
------------------------------Current Architecture [30]------------------------------
0. (Mix(5x1_Conv, 0.256), None)
1. (Mix(Zero, 0.518), None)
2. (Mix(Zero, 0.502), None)
------------------------------------------------------------
------------------------------Current Architecture [31]------------------------------
0. (Mix(5x1_Conv, 0.239), None)
1. (Mix(Zero, 0.522), None)
2. (Mix(Zero, 0.505), None)
------------------------------------------------------------
------------------------------Current Architecture [32]------------------------------
0. (Mix(5x1_DilatedConv, 0.231), None)
1. (Mix(Zero, 0.524), None)
2. (Mix(Zero, 0.514), None)
------------------------------------------------------------
------------------------------Current Architecture [33]------------------------------
0. (Mix(5x1_Conv, 0.271), None)
1. (Mix(Zero, 0.526), None)
2. (Mix(Zero, 0.516), None)
------------------------------------------------------------
------------------------------Current Architecture [34]------------------------------
0. (Mix(5x1_Conv, 0.341), None)
1. (Mix(Zero, 0.527), None)
2. (Mix(Zero, 0.530), None)
------------------------------------------------------------
------------------------------Current Architecture [35]------------------------------
0. (Mix(5x1_Conv, 0.353), None)
1. (Mix(Zero, 0.535), None)
2. (Mix(Zero, 0.555), None)
------------------------------------------------------------
------------------------------Current Architecture [36]------------------------------
0. (Mix(5x1_Conv, 0.386), None)
1. (Mix(Zero, 0.554), None)
2. (Mix(Zero, 0.569), None)
------------------------------------------------------------
------------------------------Current Architecture [37]------------------------------
0. (Mix(5x1_Conv, 0.342), None)
1. (Mix(Zero, 0.563), None)
2. (Mix(Zero, 0.572), None)
------------------------------------------------------------
------------------------------Current Architecture [38]------------------------------
0. (Mix(5x1_Conv, 0.353), None)
1. (Mix(Zero, 0.590), None)
2. (Mix(Zero, 0.572), None)
------------------------------------------------------------
------------------------------Current Architecture [39]------------------------------
0. (Mix(5x1_Conv, 0.309), None)
1. (Mix(Zero, 0.605), None)
2. (Mix(Zero, 0.571), None)
------------------------------------------------------------
------------------------------Current Architecture [40]------------------------------
0. (Mix(5x1_Conv, 0.323), None)
1. (Mix(Zero, 0.611), None)
2. (Mix(Zero, 0.570), None)
------------------------------------------------------------
------------------------------Current Architecture [41]------------------------------
0. (Mix(5x1_Conv, 0.289), None)
1. (Mix(Zero, 0.618), None)
2. (Mix(Zero, 0.572), None)
------------------------------------------------------------
------------------------------Current Architecture [42]------------------------------
0. (Mix(5x1_Conv, 0.299), None)
1. (Mix(Zero, 0.618), None)
2. (Mix(Zero, 0.572), None)
------------------------------------------------------------
------------------------------Current Architecture [43]------------------------------
0. (Mix(5x1_Conv, 0.333), None)
1. (Mix(Zero, 0.628), None)
2. (Mix(Zero, 0.582), None)
------------------------------------------------------------
------------------------------Current Architecture [44]------------------------------
0. (Mix(5x1_Conv, 0.320), None)
1. (Mix(Zero, 0.629), None)
2. (Mix(Zero, 0.590), None)
------------------------------------------------------------
------------------------------Current Architecture [45]------------------------------
0. (Mix(5x1_Conv, 0.355), None)
1. (Mix(Zero, 0.639), None)
2. (Mix(Zero, 0.595), None)
------------------------------------------------------------
------------------------------Current Architecture [46]------------------------------
0. (Mix(5x1_Conv, 0.357), None)
1. (Mix(Zero, 0.643), None)
2. (Mix(Zero, 0.607), None)
------------------------------------------------------------
------------------------------Current Architecture [47]------------------------------
0. (Mix(5x1_Conv, 0.376), None)
1. (Mix(Zero, 0.643), None)
2. (Mix(Zero, 0.607), None)
------------------------------------------------------------
------------------------------Current Architecture [48]------------------------------
0. (Mix(5x1_Conv, 0.370), None)
1. (Mix(Zero, 0.644), None)
2. (Mix(Zero, 0.620), None)
------------------------------------------------------------
------------------------------Current Architecture [49]------------------------------
0. (Mix(5x1_Conv, 0.309), None)
1. (Mix(Zero, 0.644), None)
2. (Mix(Zero, 0.626), None)
------------------------------------------------------------
------------------------------Current Architecture [50]------------------------------
0. (Mix(5x1_Conv, 0.314), None)
1. (Mix(Zero, 0.645), None)
2. (Mix(Zero, 0.626), None)
------------------------------------------------------------
------------------------------Current Architecture [51]------------------------------
0. (Mix(5x1_Conv, 0.298), None)
1. (Mix(Zero, 0.645), None)
2. (Mix(Zero, 0.629), None)
------------------------------------------------------------
------------------------------Current Architecture [52]------------------------------
0. (Mix(5x1_Conv, 0.255), None)
1. (Mix(Zero, 0.645), None)
2. (Mix(Zero, 0.640), None)
------------------------------------------------------------
------------------------------Current Architecture [53]------------------------------
0. (Mix(5x1_DilatedConv, 0.254), None)
1. (Mix(Zero, 0.645), None)
2. (Mix(Zero, 0.646), None)
------------------------------------------------------------
------------------------------Current Architecture [54]------------------------------
0. (Mix(5x1_DilatedConv, 0.264), None)
1. (Mix(Zero, 0.645), None)
2. (Mix(Zero, 0.660), None)
------------------------------------------------------------
------------------------------Current Architecture [55]------------------------------
0. (Mix(5x1_DilatedConv, 0.263), None)
1. (Mix(Zero, 0.651), None)
2. (Mix(Zero, 0.663), None)
------------------------------------------------------------
------------------------------Current Architecture [56]------------------------------
0. (Mix(5x1_Conv, 0.256), None)
1. (Mix(Zero, 0.651), None)
2. (Mix(Zero, 0.669), None)
------------------------------------------------------------
------------------------------Current Architecture [57]------------------------------
0. (Mix(5x1_Conv, 0.265), None)
1. (Mix(Zero, 0.657), None)
2. (Mix(Zero, 0.670), None)
------------------------------------------------------------
------------------------------Current Architecture [58]------------------------------
0. (Mix(5x1_Conv, 0.279), None)
1. (Mix(Zero, 0.657), None)
2. (Mix(Zero, 0.670), None)
------------------------------------------------------------
------------------------------Current Architecture [59]------------------------------
0. (Mix(5x1_Conv, 0.227), None)
1. (Mix(Zero, 0.657), None)
2. (Mix(Zero, 0.672), None)
------------------------------------------------------------
------------------------------Current Architecture [60]------------------------------
0. (Mix(9x1_DilatedConv, 0.239), None)
1. (Mix(Zero, 0.659), None)
2. (Mix(Zero, 0.672), None)
------------------------------------------------------------
------------------------------Current Architecture [61]------------------------------
0. (Mix(9x1_DilatedConv, 0.284), None)
1. (Mix(Zero, 0.659), None)
2. (Mix(Zero, 0.672), None)
------------------------------------------------------------
------------------------------Current Architecture [62]------------------------------
0. (Mix(9x1_DilatedConv, 0.299), None)
1. (Mix(Zero, 0.659), None)
2. (Mix(Zero, 0.673), None)
------------------------------------------------------------
------------------------------Current Architecture [63]------------------------------
0. (Mix(9x1_DilatedConv, 0.284), None)
1. (Mix(Zero, 0.658), None)
2. (Mix(Zero, 0.678), None)
------------------------------------------------------------
------------------------------Current Architecture [64]------------------------------
0. (Mix(9x1_DilatedConv, 0.395), None)
1. (Mix(Zero, 0.660), None)
2. (Mix(Zero, 0.679), None)
------------------------------------------------------------
------------------------------Current Architecture [65]------------------------------
0. (Mix(9x1_DilatedConv, 0.389), None)
1. (Mix(Zero, 0.662), None)
2. (Mix(Zero, 0.679), None)
------------------------------------------------------------
------------------------------Current Architecture [66]------------------------------
0. (Mix(9x1_DilatedConv, 0.419), None)
1. (Mix(Zero, 0.670), None)
2. (Mix(Zero, 0.679), None)
------------------------------------------------------------
------------------------------Current Architecture [67]------------------------------
0. (Mix(9x1_DilatedConv, 0.410), None)
1. (Mix(Zero, 0.672), None)
2. (Mix(Zero, 0.680), None)
------------------------------------------------------------
------------------------------Current Architecture [68]------------------------------
0. (Mix(9x1_DilatedConv, 0.437), None)
1. (Mix(Zero, 0.675), None)
2. (Mix(Zero, 0.680), None)
------------------------------------------------------------
------------------------------Current Architecture [69]------------------------------
0. (Mix(9x1_DilatedConv, 0.471), None)
1. (Mix(Zero, 0.674), None)
2. (Mix(Zero, 0.680), None)
------------------------------------------------------------
------------------------------Current Architecture [70]------------------------------
0. (Mix(9x1_DilatedConv, 0.463), None)
1. (Mix(Zero, 0.675), None)
2. (Mix(Zero, 0.683), None)
------------------------------------------------------------
------------------------------Current Architecture [71]------------------------------
0. (Mix(9x1_DilatedConv, 0.443), None)
1. (Mix(Zero, 0.675), None)
2. (Mix(Zero, 0.685), None)
------------------------------------------------------------
------------------------------Current Architecture [72]------------------------------
0. (Mix(9x1_DilatedConv, 0.416), None)
1. (Mix(Zero, 0.675), None)
2. (Mix(Zero, 0.686), None)
------------------------------------------------------------
------------------------------Current Architecture [73]------------------------------
0. (Mix(9x1_DilatedConv, 0.389), None)
1. (Mix(Zero, 0.673), None)
2. (Mix(Zero, 0.688), None)
------------------------------------------------------------
------------------------------Current Architecture [74]------------------------------
0. (Mix(9x1_DilatedConv, 0.357), None)
1. (Mix(Zero, 0.674), None)
2. (Mix(Zero, 0.693), None)
------------------------------------------------------------
------------------------------Current Architecture [75]------------------------------
0. (Mix(7x1_DilatedConv, 0.302), None)
1. (Mix(Zero, 0.674), None)
2. (Mix(Zero, 0.693), None)
------------------------------------------------------------
------------------------------Current Architecture [76]------------------------------
0. (Mix(9x1_DilatedConv, 0.296), None)
1. (Mix(Zero, 0.675), None)
2. (Mix(Zero, 0.693), None)
------------------------------------------------------------
------------------------------Current Architecture [77]------------------------------
0. (Mix(7x1_DilatedConv, 0.302), None)
1. (Mix(Zero, 0.680), None)
2. (Mix(Zero, 0.693), None)
------------------------------------------------------------
------------------------------Current Architecture [78]------------------------------
0. (Mix(7x1_DilatedConv, 0.325), None)
1. (Mix(Zero, 0.689), None)
2. (Mix(Zero, 0.695), None)
------------------------------------------------------------
------------------------------Current Architecture [79]------------------------------
0. (Mix(7x1_DilatedConv, 0.330), None)
1. (Mix(Zero, 0.689), None)
2. (Mix(Zero, 0.695), None)
------------------------------------------------------------
------------------------------Current Architecture [80]------------------------------
0. (Mix(7x1_DilatedConv, 0.319), None)
1. (Mix(Zero, 0.690), None)
2. (Mix(Zero, 0.695), None)
------------------------------------------------------------
------------------------------Current Architecture [81]------------------------------
0. (Mix(7x1_DilatedConv, 0.280), None)
1. (Mix(Zero, 0.691), None)
2. (Mix(Zero, 0.696), None)
------------------------------------------------------------
------------------------------Current Architecture [82]------------------------------
0. (Mix(7x1_DilatedConv, 0.306), None)
1. (Mix(Zero, 0.688), None)
2. (Mix(Zero, 0.699), None)
------------------------------------------------------------
------------------------------Current Architecture [83]------------------------------
0. (Mix(7x1_DilatedConv, 0.297), None)
1. (Mix(Zero, 0.687), None)
2. (Mix(Zero, 0.704), None)
------------------------------------------------------------
------------------------------Current Architecture [84]------------------------------
0. (Mix(5x1_DilatedConv, 0.306), None)
1. (Mix(Zero, 0.685), None)
2. (Mix(Zero, 0.704), None)
------------------------------------------------------------
------------------------------Current Architecture [85]------------------------------
0. (Mix(7x1_DilatedConv, 0.329), None)
1. (Mix(Zero, 0.687), None)
2. (Mix(Zero, 0.704), None)
------------------------------------------------------------
------------------------------Current Architecture [86]------------------------------
0. (Mix(7x1_DilatedConv, 0.393), None)
1. (Mix(Zero, 0.694), None)
2. (Mix(Zero, 0.710), None)
------------------------------------------------------------
------------------------------Current Architecture [87]------------------------------
0. (Mix(7x1_DilatedConv, 0.415), None)
1. (Mix(Zero, 0.694), None)
2. (Mix(Zero, 0.718), None)
------------------------------------------------------------
------------------------------Current Architecture [88]------------------------------
0. (Mix(7x1_DilatedConv, 0.438), None)
1. (Mix(Zero, 0.694), None)
2. (Mix(Zero, 0.722), None)
------------------------------------------------------------
------------------------------Current Architecture [89]------------------------------
0. (Mix(7x1_DilatedConv, 0.484), None)
1. (Mix(Zero, 0.703), None)
2. (Mix(Zero, 0.723), None)
------------------------------------------------------------
------------------------------Current Architecture [90]------------------------------
0. (Mix(7x1_DilatedConv, 0.478), None)
1. (Mix(Zero, 0.704), None)
2. (Mix(Zero, 0.724), None)
------------------------------------------------------------
------------------------------Current Architecture [91]------------------------------
0. (Mix(7x1_DilatedConv, 0.454), None)
1. (Mix(Zero, 0.704), None)
2. (Mix(Zero, 0.724), None)
------------------------------------------------------------
------------------------------Current Architecture [92]------------------------------
0. (Mix(7x1_DilatedConv, 0.453), None)
1. (Mix(Zero, 0.704), None)
2. (Mix(Zero, 0.725), None)
------------------------------------------------------------
------------------------------Current Architecture [93]------------------------------
0. (Mix(7x1_DilatedConv, 0.452), None)
1. (Mix(Zero, 0.704), None)
2. (Mix(Zero, 0.728), None)
------------------------------------------------------------
------------------------------Current Architecture [94]------------------------------
0. (Mix(7x1_DilatedConv, 0.439), None)
1. (Mix(Zero, 0.703), None)
2. (Mix(Zero, 0.728), None)
------------------------------------------------------------
------------------------------Current Architecture [95]------------------------------
0. (Mix(7x1_DilatedConv, 0.396), None)
1. (Mix(Zero, 0.703), None)
2. (Mix(Zero, 0.729), None)
------------------------------------------------------------
------------------------------Current Architecture [96]------------------------------
0. (Mix(7x1_DilatedConv, 0.367), None)
1. (Mix(Zero, 0.703), None)
2. (Mix(Zero, 0.730), None)
------------------------------------------------------------
------------------------------Current Architecture [97]------------------------------
0. (Mix(7x1_DilatedConv, 0.415), None)
1. (Mix(Zero, 0.701), None)
2. (Mix(Zero, 0.729), None)
------------------------------------------------------------
------------------------------Current Architecture [98]------------------------------
0. (Mix(7x1_DilatedConv, 0.435), None)
1. (Mix(Zero, 0.700), None)
2. (Mix(Zero, 0.729), None)
------------------------------------------------------------
------------------------------Current Architecture [99]------------------------------
0. (Mix(7x1_DilatedConv, 0.455), None)
1. (Mix(Zero, 0.700), None)
2. (Mix(Zero, 0.729), None)
------------------------------------------------------------
------------------------------Current Architecture [100]------------------------------
0. (Mix(7x1_DilatedConv, 0.452), None)
1. (Mix(Zero, 0.700), None)
2. (Mix(Zero, 0.728), None)
------------------------------------------------------------
