(0.0010, 0.0090, 0.0420)	Architecture [2-4]	 Time 0.0540	 Loss 4.0184	 flops 2808496.5
(0.0000, 0.0090, 0.0420)	Architecture [2-9]	 Time 0.0530	 Loss 1.3410	 flops 1707515.375
(0.0010, 0.0080, 0.0510)	Architecture [2-14]	 Time 0.0600	 Loss 0.4943	 flops 2885880.0
(0.0010, 0.0070, 0.0180)	Architecture [2-19]	 Time 0.0280	 Loss 1.4275	 flops 3152329.75
(0.0010, 0.0070, 0.0230)	Architecture [2-24]	 Time 0.0320	 Loss 1.9233	 flops 1444670.0
(0.0010, 0.0080, 0.0110)	Architecture [2-29]	 Time 0.0210	 Loss 0.5657	 flops 1665805.25
(0.0010, 0.0090, 0.0130)	Architecture [2-34]	 Time 0.0240	 Loss 2.1276	 flops 2023446.875
(0.0010, 0.0080, 0.0100)	Architecture [2-39]	 Time 0.0210	 Loss 4.3235	 flops 2414925.25
(0.0010, 0.0080, 0.0140)	Architecture [2-44]	 Time 0.0250	 Loss 5.6916	 flops 3093105.5
(0.0010, 0.0080, 0.0090)	Architecture [3-4]	 Time 0.0180	 Loss 1.0652	 flops 3106954.5
(0.0010, 0.0080, 0.0140)	Architecture [3-9]	 Time 0.0230	 Loss 3.8234	 flops 2064713.5
(0.0010, 0.0070, 0.0080)	Architecture [3-14]	 Time 0.0180	 Loss 1.3428	 flops 1437001.375
(0.0010, 0.0070, 0.0090)	Architecture [3-19]	 Time 0.0170	 Loss 2.2870	 flops 2177751.25
(0.0010, 0.0080, 0.0100)	Architecture [3-24]	 Time 0.0200	 Loss 1.7524	 flops 2128512.5
(0.0010, 0.0100, 0.0120)	Architecture [3-29]	 Time 0.0240	 Loss 4.1821	 flops 3322473.75
(0.0010, 0.0080, 0.0100)	Architecture [3-34]	 Time 0.0210	 Loss 2.7943	 flops 2527854.5
(0.0010, 0.0090, 0.0110)	Architecture [3-39]	 Time 0.0230	 Loss 0.5810	 flops 2826392.0
(0.0010, 0.0080, 0.0100)	Architecture [3-44]	 Time 0.0200	 Loss 2.3409	 flops 1234562.125
(0.0010, 0.0080, 0.0110)	Architecture [4-4]	 Time 0.0220	 Loss 2.4397	 flops 3618394.5
(0.0010, 0.0080, 0.0100)	Architecture [4-9]	 Time 0.0210	 Loss 1.0409	 flops 2980855.5
(0.0010, 0.0070, 0.0080)	Architecture [4-14]	 Time 0.0170	 Loss 3.0008	 flops 2102643.5
(0.0010, 0.0080, 0.0080)	Architecture [4-19]	 Time 0.0180	 Loss 3.7394	 flops 2056641.25
(0.0010, 0.0100, 0.0130)	Architecture [4-24]	 Time 0.0250	 Loss 3.7716	 flops 2776547.5
(0.0010, 0.0090, 0.0100)	Architecture [4-29]	 Time 0.0210	 Loss 2.2789	 flops 1839440.375
(0.0010, 0.0090, 0.0120)	Architecture [4-34]	 Time 0.0240	 Loss 2.4978	 flops 3272080.75
(0.0010, 0.0100, 0.0110)	Architecture [4-39]	 Time 0.0240	 Loss 2.1855	 flops 2421500.5
(0.0010, 0.0100, 0.0080)	Architecture [4-44]	 Time 0.0210	 Loss 3.5962	 flops 1501253.0
(0.0010, 0.0070, 0.0090)	Architecture [5-4]	 Time 0.0180	 Loss 2.4320	 flops 1824594.0
(0.0010, 0.0080, 0.0060)	Architecture [5-9]	 Time 0.0170	 Loss 0.9820	 flops 1149416.25
(0.0010, 0.0080, 0.0100)	Architecture [5-14]	 Time 0.0210	 Loss 3.5512	 flops 2122800.0
(0.0010, 0.0100, 0.0110)	Architecture [5-19]	 Time 0.0230	 Loss 0.3720	 flops 1917920.0
(0.0010, 0.0100, 0.0100)	Architecture [5-24]	 Time 0.0220	 Loss 2.1004	 flops 2954182.25
(0.0010, 0.0080, 0.0100)	Architecture [5-29]	 Time 0.0200	 Loss 2.7962	 flops 2139860.75
(0.0010, 0.0090, 0.0080)	Architecture [5-34]	 Time 0.0180	 Loss 1.5275	 flops 1720961.375
(0.0010, 0.0090, 0.0090)	Architecture [5-39]	 Time 0.0210	 Loss 1.8953	 flops 1302936.375
(0.0010, 0.0070, 0.0080)	Architecture [5-44]	 Time 0.0180	 Loss 5.5813	 flops 1947290.75
(0.0010, 0.0110, 0.0110)	Architecture [6-4]	 Time 0.0240	 Loss 3.8572	 flops 2128108.25
(0.0010, 0.0090, 0.0110)	Architecture [6-9]	 Time 0.0220	 Loss 3.1816	 flops 2129495.5
(0.0010, 0.0070, 0.0090)	Architecture [6-14]	 Time 0.0180	 Loss 2.3959	 flops 1650205.375
(0.0000, 0.0090, 0.0110)	Architecture [6-19]	 Time 0.0210	 Loss 1.0438	 flops 2204602.5
(0.0010, 0.0070, 0.0110)	Architecture [6-24]	 Time 0.0200	 Loss 2.3889	 flops 1998452.875
(0.0010, 0.0080, 0.0100)	Architecture [6-29]	 Time 0.0200	 Loss 2.2637	 flops 1343610.25
(0.0010, 0.0100, 0.0110)	Architecture [6-34]	 Time 0.0220	 Loss 2.5491	 flops 2816117.25
(0.0010, 0.0080, 0.0100)	Architecture [6-39]	 Time 0.0200	 Loss 1.9341	 flops 1461432.125
(0.0010, 0.0070, 0.0090)	Architecture [6-44]	 Time 0.0170	 Loss 0.7700	 flops 2352571.25
(0.0010, 0.0070, 0.0070)	Architecture [7-4]	 Time 0.0170	 Loss 1.1918	 flops 1011354.25
(0.0010, 0.0100, 0.0110)	Architecture [7-9]	 Time 0.0230	 Loss 2.5483	 flops 2560990.0
(0.0010, 0.0090, 0.0110)	Architecture [7-14]	 Time 0.0220	 Loss 1.5413	 flops 2473800.25
(0.0010, 0.0080, 0.0100)	Architecture [7-19]	 Time 0.0210	 Loss 2.5137	 flops 1190284.25
(0.0010, 0.0070, 0.0110)	Architecture [7-24]	 Time 0.0210	 Loss 4.0799	 flops 1691485.625
(0.0010, 0.0070, 0.0110)	Architecture [7-29]	 Time 0.0190	 Loss 3.9255	 flops 2335946.75
(0.0010, 0.0070, 0.0050)	Architecture [7-34]	 Time 0.0150	 Loss 1.2715	 flops 1141949.25
(0.0000, 0.0080, 0.0090)	Architecture [7-39]	 Time 0.0190	 Loss 3.2648	 flops 1703560.25
(0.0010, 0.0060, 0.0070)	Architecture [7-44]	 Time 0.0150	 Loss 1.5577	 flops 1568397.25
(0.0010, 0.0080, 0.0100)	Architecture [8-4]	 Time 0.0210	 Loss 4.5162	 flops 1861015.5
(0.0010, 0.0070, 0.0080)	Architecture [8-9]	 Time 0.0170	 Loss 0.6596	 flops 754108.375
(0.0010, 0.0100, 0.0110)	Architecture [8-14]	 Time 0.0240	 Loss 3.7211	 flops 2090493.5
(0.0010, 0.0100, 0.0110)	Architecture [8-19]	 Time 0.0230	 Loss 1.1381	 flops 1853322.75
(0.0010, 0.0070, 0.0060)	Architecture [8-24]	 Time 0.0140	 Loss 1.8341	 flops 878707.9375
(0.0010, 0.0080, 0.0110)	Architecture [8-29]	 Time 0.0210	 Loss 1.7338	 flops 3017823.5
(0.0010, 0.0090, 0.0080)	Architecture [8-34]	 Time 0.0190	 Loss 2.7348	 flops 2678997.0
(0.0010, 0.0080, 0.0090)	Architecture [8-39]	 Time 0.0200	 Loss 0.5697	 flops 2189409.0
(0.0010, 0.0080, 0.0100)	Architecture [8-44]	 Time 0.0200	 Loss 1.7618	 flops 1489492.125
(0.0010, 0.0100, 0.0100)	Architecture [9-4]	 Time 0.0220	 Loss 4.8593	 flops 1523957.5
(0.0010, 0.0070, 0.0110)	Architecture [9-9]	 Time 0.0210	 Loss 3.5991	 flops 2828722.75
(0.0010, 0.0080, 0.0080)	Architecture [9-14]	 Time 0.0180	 Loss 1.0310	 flops 2068699.625
(0.0010, 0.0090, 0.0100)	Architecture [9-19]	 Time 0.0210	 Loss 1.6604	 flops 1187928.75
(0.0010, 0.0100, 0.0090)	Architecture [9-24]	 Time 0.0210	 Loss 1.0824	 flops 1357923.5
(0.0010, 0.0060, 0.0070)	Architecture [9-29]	 Time 0.0150	 Loss 1.0619	 flops 1048723.75
(0.0010, 0.0090, 0.0110)	Architecture [9-34]	 Time 0.0220	 Loss 5.2627	 flops 1681423.75
(0.0010, 0.0100, 0.0110)	Architecture [9-39]	 Time 0.0220	 Loss 3.3714	 flops 2746851.0
(0.0010, 0.0080, 0.0100)	Architecture [9-44]	 Time 0.0190	 Loss 1.0395	 flops 1622615.5
(0.0010, 0.0090, 0.0090)	Architecture [10-4]	 Time 0.0210	 Loss 1.6138	 flops 1676112.5
(0.0010, 0.0070, 0.0080)	Architecture [10-9]	 Time 0.0170	 Loss 0.7854	 flops 1054146.125
(0.0010, 0.0080, 0.0110)	Architecture [10-14]	 Time 0.0210	 Loss 3.1513	 flops 1814535.75
(0.0010, 0.0090, 0.0110)	Architecture [10-19]	 Time 0.0230	 Loss 1.6794	 flops 3083075.5
(0.0010, 0.0070, 0.0090)	Architecture [10-24]	 Time 0.0180	 Loss 1.3774	 flops 1735949.0
(0.0010, 0.0080, 0.0100)	Architecture [10-29]	 Time 0.0210	 Loss 4.0663	 flops 1959897.625
(0.0010, 0.0100, 0.0120)	Architecture [10-34]	 Time 0.0230	 Loss 3.4991	 flops 3483653.0
(0.0020, 0.0080, 0.0110)	Architecture [10-39]	 Time 0.0220	 Loss 2.1480	 flops 1875251.875
(0.0010, 0.0080, 0.0110)	Architecture [10-44]	 Time 0.0210	 Loss 2.4898	 flops 2602735.0
(0.0010, 0.0090, 0.0110)	Architecture [11-4]	 Time 0.0220	 Loss 4.0202	 flops 3222382.0
(0.0010, 0.0070, 0.0110)	Architecture [11-9]	 Time 0.0210	 Loss 2.5291	 flops 1910505.0
(0.0010, 0.0070, 0.0090)	Architecture [11-14]	 Time 0.0180	 Loss 1.8152	 flops 1411203.875
(0.0010, 0.0070, 0.0090)	Architecture [11-19]	 Time 0.0180	 Loss 1.5571	 flops 1463334.0
(0.0010, 0.0090, 0.0100)	Architecture [11-24]	 Time 0.0200	 Loss 1.6258	 flops 1763987.25
(0.0010, 0.0100, 0.0110)	Architecture [11-29]	 Time 0.0220	 Loss 0.3721	 flops 1721523.75
(0.0020, 0.0080, 0.0080)	Architecture [11-34]	 Time 0.0190	 Loss 0.9099	 flops 1582222.875
(0.0010, 0.0080, 0.0120)	Architecture [11-39]	 Time 0.0220	 Loss 1.9351	 flops 2793631.75
(0.0000, 0.0090, 0.0100)	Architecture [11-44]	 Time 0.0210	 Loss 1.8310	 flops 2101017.75
(0.0010, 0.0080, 0.0060)	Architecture [12-4]	 Time 0.0160	 Loss 0.5035	 flops 1630506.5
(0.0010, 0.0090, 0.0120)	Architecture [12-9]	 Time 0.0230	 Loss 5.1050	 flops 2492075.25
(0.0010, 0.0080, 0.0110)	Architecture [12-14]	 Time 0.0220	 Loss 3.9105	 flops 2379206.25
(0.0010, 0.0070, 0.0060)	Architecture [12-19]	 Time 0.0150	 Loss 1.1895	 flops 1065397.125
(0.0010, 0.0070, 0.0080)	Architecture [12-24]	 Time 0.0170	 Loss 3.8984	 flops 1898839.125
(0.0010, 0.0070, 0.0090)	Architecture [12-29]	 Time 0.0190	 Loss 2.7443	 flops 2424229.5
(0.0010, 0.0080, 0.0110)	Architecture [12-34]	 Time 0.0210	 Loss 2.0902	 flops 2855136.25
(0.0010, 0.0080, 0.0090)	Architecture [12-39]	 Time 0.0180	 Loss 2.1105	 flops 1520224.75
(0.0010, 0.0090, 0.0100)	Architecture [12-44]	 Time 0.0200	 Loss 3.9098	 flops 1227445.875
(0.0010, 0.0090, 0.0110)	Architecture [13-4]	 Time 0.0230	 Loss 1.2347	 flops 2227617.5
(0.0010, 0.0090, 0.0110)	Architecture [13-9]	 Time 0.0230	 Loss 0.6011	 flops 2786943.0
(0.0000, 0.0080, 0.0100)	Architecture [13-14]	 Time 0.0200	 Loss 2.7566	 flops 3516501.25
(0.0010, 0.0080, 0.0090)	Architecture [13-19]	 Time 0.0180	 Loss 4.1034	 flops 1776156.875
(0.0010, 0.0070, 0.0090)	Architecture [13-24]	 Time 0.0180	 Loss 1.5537	 flops 1224656.25
(0.0010, 0.0090, 0.0080)	Architecture [13-29]	 Time 0.0200	 Loss 2.0695	 flops 1403599.25
(0.0010, 0.0080, 0.0090)	Architecture [13-34]	 Time 0.0180	 Loss 3.6005	 flops 1253384.875
(0.0010, 0.0070, 0.0080)	Architecture [13-39]	 Time 0.0170	 Loss 2.5029	 flops 1225386.25
(0.0000, 0.0070, 0.0080)	Architecture [13-44]	 Time 0.0160	 Loss 1.2868	 flops 884147.5
(0.0010, 0.0100, 0.0080)	Architecture [14-4]	 Time 0.0200	 Loss 2.0636	 flops 1134495.875
(0.0010, 0.0080, 0.0090)	Architecture [14-9]	 Time 0.0190	 Loss 1.3137	 flops 1333605.0
(0.0010, 0.0080, 0.0100)	Architecture [14-14]	 Time 0.0200	 Loss 3.5003	 flops 1928971.5
(0.0010, 0.0070, 0.0060)	Architecture [14-19]	 Time 0.0140	 Loss 0.8099	 flops 916262.6875
(0.0010, 0.0070, 0.0090)	Architecture [14-24]	 Time 0.0190	 Loss 2.1982	 flops 1513519.75
(0.0010, 0.0100, 0.0090)	Architecture [14-29]	 Time 0.0210	 Loss 2.3508	 flops 703183.1875
(0.0010, 0.0100, 0.0110)	Architecture [14-34]	 Time 0.0230	 Loss 0.4244	 flops 2042779.375
(0.0020, 0.0070, 0.0060)	Architecture [14-39]	 Time 0.0150	 Loss 0.7624	 flops 873203.875
(0.0010, 0.0070, 0.0060)	Architecture [14-44]	 Time 0.0160	 Loss 1.4593	 flops 991456.125
(0.0010, 0.0090, 0.0110)	Architecture [15-4]	 Time 0.0230	 Loss 1.8421	 flops 2100934.0
(0.0010, 0.0070, 0.0090)	Architecture [15-9]	 Time 0.0180	 Loss 1.4911	 flops 1328941.375
(0.0010, 0.0060, 0.0060)	Architecture [15-14]	 Time 0.0150	 Loss 4.2156	 flops 995158.25
(0.0000, 0.0070, 0.0060)	Architecture [15-19]	 Time 0.0150	 Loss 1.8152	 flops 732863.5
(0.0010, 0.0080, 0.0100)	Architecture [15-24]	 Time 0.0200	 Loss 2.1862	 flops 1759118.5
(0.0010, 0.0070, 0.0090)	Architecture [15-29]	 Time 0.0170	 Loss 1.5158	 flops 1675264.0
(0.0010, 0.0070, 0.0090)	Architecture [15-34]	 Time 0.0180	 Loss 0.7181	 flops 2080449.375
(0.0010, 0.0080, 0.0060)	Architecture [15-39]	 Time 0.0160	 Loss 2.8702	 flops 549945.0
(0.0010, 0.0070, 0.0080)	Architecture [15-44]	 Time 0.0170	 Loss 1.1207	 flops 926248.5
(0.0010, 0.0070, 0.0070)	Architecture [16-4]	 Time 0.0160	 Loss 0.8958	 flops 563680.5
(0.0010, 0.0070, 0.0060)	Architecture [16-9]	 Time 0.0160	 Loss 1.0999	 flops 628748.625
(0.0010, 0.0090, 0.0120)	Architecture [16-14]	 Time 0.0230	 Loss 0.4030	 flops 2289135.25
(0.0000, 0.0090, 0.0090)	Architecture [16-19]	 Time 0.0200	 Loss 1.1328	 flops 1443667.0
(0.0010, 0.0100, 0.0080)	Architecture [16-24]	 Time 0.0200	 Loss 2.3087	 flops 2949077.75
(0.0010, 0.0090, 0.0090)	Architecture [16-29]	 Time 0.0210	 Loss 0.8538	 flops 1029129.4375
(0.0020, 0.0090, 0.0140)	Architecture [16-34]	 Time 0.0260	 Loss 1.8651	 flops 2107130.25
(0.0010, 0.0090, 0.0090)	Architecture [16-39]	 Time 0.0200	 Loss 3.3513	 flops 1520304.25
(0.0010, 0.0070, 0.0090)	Architecture [16-44]	 Time 0.0170	 Loss 2.8522	 flops 2422949.0
(0.0010, 0.0070, 0.0060)	Architecture [17-4]	 Time 0.0160	 Loss 0.6894	 flops 932336.875
(0.0010, 0.0090, 0.0100)	Architecture [17-9]	 Time 0.0210	 Loss 1.9008	 flops 2687164.5
(0.0010, 0.0070, 0.0090)	Architecture [17-14]	 Time 0.0190	 Loss 1.1788	 flops 1026988.125
(0.0010, 0.0070, 0.0060)	Architecture [17-19]	 Time 0.0150	 Loss 1.0889	 flops 658020.625
(0.0010, 0.0070, 0.0050)	Architecture [17-24]	 Time 0.0150	 Loss 0.9510	 flops 528157.5
(0.0010, 0.0060, 0.0060)	Architecture [17-29]	 Time 0.0140	 Loss 1.3263	 flops 484885.375
(0.0010, 0.0080, 0.0080)	Architecture [17-34]	 Time 0.0190	 Loss 1.4177	 flops 808701.625
(0.0010, 0.0070, 0.0060)	Architecture [17-39]	 Time 0.0160	 Loss 0.9826	 flops 762326.25
(0.0010, 0.0070, 0.0060)	Architecture [17-44]	 Time 0.0150	 Loss 0.7677	 flops 760956.25
(0.0010, 0.0090, 0.0080)	Architecture [18-4]	 Time 0.0200	 Loss 3.8743	 flops 2587756.25
(0.0010, 0.0070, 0.0090)	Architecture [18-9]	 Time 0.0170	 Loss 1.5431	 flops 2115515.0
(0.0010, 0.0080, 0.0080)	Architecture [18-14]	 Time 0.0180	 Loss 1.4124	 flops 942775.875
(0.0010, 0.0070, 0.0090)	Architecture [18-19]	 Time 0.0180	 Loss 5.2989	 flops 1702332.875
(0.0010, 0.0070, 0.0070)	Architecture [18-24]	 Time 0.0150	 Loss 1.1319	 flops 850723.3125
(0.0020, 0.0080, 0.0090)	Architecture [18-29]	 Time 0.0200	 Loss 1.9938	 flops 2257621.75
(0.0010, 0.0070, 0.0090)	Architecture [18-34]	 Time 0.0180	 Loss 3.7170	 flops 1289468.25
(0.0010, 0.0080, 0.0080)	Architecture [18-39]	 Time 0.0170	 Loss 2.3656	 flops 1600123.625
(0.0010, 0.0070, 0.0060)	Architecture [18-44]	 Time 0.0150	 Loss 1.5731	 flops 589806.75
(0.0010, 0.0080, 0.0070)	Architecture [19-4]	 Time 0.0170	 Loss 1.3681	 flops 955186.0
(0.0010, 0.0090, 0.0090)	Architecture [19-9]	 Time 0.0210	 Loss 2.4186	 flops 1837332.5
(0.0010, 0.0080, 0.0060)	Architecture [19-14]	 Time 0.0170	 Loss 0.7641	 flops 1050989.5
(0.0010, 0.0090, 0.0060)	Architecture [19-19]	 Time 0.0170	 Loss 0.5556	 flops 1033381.3125
(0.0010, 0.0070, 0.0080)	Architecture [19-24]	 Time 0.0180	 Loss 0.9596	 flops 1884227.625
(0.0010, 0.0080, 0.0090)	Architecture [19-29]	 Time 0.0200	 Loss 3.8050	 flops 970875.875
(0.0010, 0.0080, 0.0110)	Architecture [19-34]	 Time 0.0210	 Loss 0.8730	 flops 1804132.25
(0.0010, 0.0070, 0.0110)	Architecture [19-39]	 Time 0.0210	 Loss 1.7328	 flops 2160516.75
(0.0010, 0.0090, 0.0090)	Architecture [19-44]	 Time 0.0210	 Loss 6.9004	 flops 1525058.75
(0.0010, 0.0080, 0.0060)	Architecture [20-4]	 Time 0.0160	 Loss 0.7892	 flops 716190.875
(0.0010, 0.0080, 0.0100)	Architecture [20-9]	 Time 0.0200	 Loss 3.5728	 flops 1873848.75
(0.0010, 0.0070, 0.0080)	Architecture [20-14]	 Time 0.0180	 Loss 1.1211	 flops 1075125.75
(0.0010, 0.0070, 0.0060)	Architecture [20-19]	 Time 0.0150	 Loss 1.8121	 flops 660069.8125
(0.0050, 0.0080, 0.0070)	Architecture [20-24]	 Time 0.0220	 Loss 0.6444	 flops 759694.5
(0.0010, 0.0090, 0.0110)	Architecture [20-29]	 Time 0.0230	 Loss 3.2862	 flops 1437999.5
(0.0010, 0.0090, 0.0100)	Architecture [20-34]	 Time 0.0220	 Loss 2.3479	 flops 1197895.25
(0.0010, 0.0090, 0.0100)	Architecture [20-39]	 Time 0.0210	 Loss 0.8722	 flops 748080.25
(0.0010, 0.0070, 0.0070)	Architecture [20-44]	 Time 0.0170	 Loss 0.5104	 flops 584833.875
(0.0010, 0.0070, 0.0060)	Architecture [21-4]	 Time 0.0150	 Loss 0.5063	 flops 659131.625
(0.0010, 0.0080, 0.0110)	Architecture [21-9]	 Time 0.0220	 Loss 2.1525	 flops 873073.125
(0.0010, 0.0090, 0.0060)	Architecture [21-14]	 Time 0.0170	 Loss 1.4593	 flops 989126.875
(0.0010, 0.0090, 0.0080)	Architecture [21-19]	 Time 0.0200	 Loss 2.1060	 flops 1170608.375
(0.0010, 0.0070, 0.0060)	Architecture [21-24]	 Time 0.0150	 Loss 0.8187	 flops 769093.125
(0.0010, 0.0070, 0.0060)	Architecture [21-29]	 Time 0.0150	 Loss 0.8345	 flops 708767.0
(0.0010, 0.0070, 0.0060)	Architecture [21-34]	 Time 0.0160	 Loss 1.1094	 flops 859659.375
(0.0010, 0.0060, 0.0060)	Architecture [21-39]	 Time 0.0150	 Loss 2.1272	 flops 746849.8125
(0.0010, 0.0100, 0.0120)	Architecture [21-44]	 Time 0.0240	 Loss 2.0142	 flops 2201388.5
(0.0010, 0.0100, 0.0130)	Architecture [22-4]	 Time 0.0250	 Loss 4.0503	 flops 2155805.75
(0.0010, 0.0070, 0.0070)	Architecture [22-9]	 Time 0.0160	 Loss 1.5381	 flops 828297.625
(0.0010, 0.0080, 0.0080)	Architecture [22-14]	 Time 0.0170	 Loss 2.0986	 flops 891678.125
(0.0010, 0.0080, 0.0120)	Architecture [22-19]	 Time 0.0230	 Loss 1.4845	 flops 2526645.75
(0.0010, 0.0070, 0.0070)	Architecture [22-24]	 Time 0.0150	 Loss 0.5763	 flops 750934.6875
(0.0010, 0.0080, 0.0060)	Architecture [22-29]	 Time 0.0170	 Loss 1.0830	 flops 723897.0625
(0.0010, 0.0100, 0.0090)	Architecture [22-34]	 Time 0.0210	 Loss 3.0029	 flops 2101192.5
(0.0010, 0.0070, 0.0100)	Architecture [22-39]	 Time 0.0180	 Loss 1.0332	 flops 1638903.125
(0.0010, 0.0070, 0.0080)	Architecture [22-44]	 Time 0.0170	 Loss 1.7191	 flops 939222.625
(0.0010, 0.0070, 0.0060)	Architecture [23-4]	 Time 0.0150	 Loss 3.8419	 flops 1004524.4375
(0.0010, 0.0070, 0.0100)	Architecture [23-9]	 Time 0.0200	 Loss 4.5656	 flops 1260866.0
(0.0010, 0.0080, 0.0060)	Architecture [23-14]	 Time 0.0160	 Loss 1.4551	 flops 724254.125
(0.0010, 0.0080, 0.0090)	Architecture [23-19]	 Time 0.0200	 Loss 3.2045	 flops 621606.8125
(0.0020, 0.0080, 0.0060)	Architecture [23-24]	 Time 0.0170	 Loss 1.1823	 flops 827009.625
(0.0010, 0.0080, 0.0070)	Architecture [23-29]	 Time 0.0170	 Loss 1.4501	 flops 994120.625
(0.0010, 0.0080, 0.0060)	Architecture [23-34]	 Time 0.0160	 Loss 1.0489	 flops 430263.75
(0.0010, 0.0090, 0.0090)	Architecture [23-39]	 Time 0.0200	 Loss 1.6391	 flops 1565528.125
(0.0010, 0.0090, 0.0080)	Architecture [23-44]	 Time 0.0200	 Loss 1.2067	 flops 441849.5625
(0.0010, 0.0080, 0.0060)	Architecture [24-4]	 Time 0.0160	 Loss 0.6988	 flops 738274.875
(0.0000, 0.0070, 0.0080)	Architecture [24-9]	 Time 0.0170	 Loss 0.8608	 flops 548316.125
(0.0010, 0.0070, 0.0090)	Architecture [24-14]	 Time 0.0180	 Loss 2.3323	 flops 2157023.5
(0.0010, 0.0070, 0.0080)	Architecture [24-19]	 Time 0.0170	 Loss 1.2000	 flops 522215.1875
(0.0010, 0.0080, 0.0070)	Architecture [24-24]	 Time 0.0170	 Loss 1.0960	 flops 482780.65625
(0.0010, 0.0090, 0.0100)	Architecture [24-29]	 Time 0.0210	 Loss 4.6345	 flops 3098251.0
(0.0010, 0.0060, 0.0090)	Architecture [24-34]	 Time 0.0170	 Loss 2.4417	 flops 865218.6875
(0.0010, 0.0080, 0.0090)	Architecture [24-39]	 Time 0.0190	 Loss 2.0607	 flops 2070201.125
(0.0000, 0.0080, 0.0090)	Architecture [24-44]	 Time 0.0190	 Loss 1.9451	 flops 2216327.75
(0.0010, 0.0100, 0.0080)	Architecture [25-4]	 Time 0.0210	 Loss 1.9347	 flops 863052.875
(0.0010, 0.0080, 0.0050)	Architecture [25-9]	 Time 0.0150	 Loss 1.0989	 flops 690982.375
(0.0010, 0.0070, 0.0070)	Architecture [25-14]	 Time 0.0170	 Loss 1.0180	 flops 743628.5
(0.0010, 0.0090, 0.0110)	Architecture [25-19]	 Time 0.0230	 Loss 2.9025	 flops 1370206.25
(0.0010, 0.0080, 0.0090)	Architecture [25-24]	 Time 0.0190	 Loss 1.3476	 flops 464329.875
(0.0010, 0.0060, 0.0070)	Architecture [25-29]	 Time 0.0150	 Loss 0.4470	 flops 833113.3125
(0.0010, 0.0070, 0.0060)	Architecture [25-34]	 Time 0.0150	 Loss 1.4659	 flops 621916.75
(0.0010, 0.0090, 0.0100)	Architecture [25-39]	 Time 0.0200	 Loss 2.1768	 flops 1211600.5
(0.0010, 0.0080, 0.0080)	Architecture [25-44]	 Time 0.0190	 Loss 0.7513	 flops 1066869.25
(0.0010, 0.0080, 0.0090)	Architecture [26-4]	 Time 0.0190	 Loss 0.9371	 flops 1304797.25
(0.0010, 0.0070, 0.0070)	Architecture [26-9]	 Time 0.0150	 Loss 3.0126	 flops 608375.5
(0.0010, 0.0090, 0.0080)	Architecture [26-14]	 Time 0.0200	 Loss 3.1468	 flops 921830.1875
(0.0010, 0.0070, 0.0100)	Architecture [26-19]	 Time 0.0180	 Loss 2.5757	 flops 2014102.75
(0.0010, 0.0070, 0.0080)	Architecture [26-24]	 Time 0.0170	 Loss 2.1090	 flops 451170.6875
(0.0010, 0.0070, 0.0100)	Architecture [26-29]	 Time 0.0200	 Loss 3.1983	 flops 1827008.625
(0.0010, 0.0080, 0.0070)	Architecture [26-34]	 Time 0.0180	 Loss 0.9133	 flops 875685.125
(0.0010, 0.0080, 0.0060)	Architecture [26-39]	 Time 0.0170	 Loss 0.9548	 flops 639184.5
(0.0020, 0.0070, 0.0080)	Architecture [26-44]	 Time 0.0180	 Loss 2.9810	 flops 803937.5625
(0.0010, 0.0070, 0.0090)	Architecture [27-4]	 Time 0.0190	 Loss 1.3359	 flops 1448890.0
(0.0010, 0.0090, 0.0090)	Architecture [27-9]	 Time 0.0190	 Loss 1.0326	 flops 898028.0
(0.0010, 0.0070, 0.0070)	Architecture [27-14]	 Time 0.0160	 Loss 0.9051	 flops 646733.0625
(0.0000, 0.0090, 0.0090)	Architecture [27-19]	 Time 0.0200	 Loss 4.0060	 flops 2487226.0
(0.0010, 0.0070, 0.0110)	Architecture [27-24]	 Time 0.0200	 Loss 1.1651	 flops 1469590.375
(0.0000, 0.0070, 0.0060)	Architecture [27-29]	 Time 0.0150	 Loss 0.3518	 flops 584317.1875
(0.0010, 0.0080, 0.0070)	Architecture [27-34]	 Time 0.0180	 Loss 1.0621	 flops 602804.25
(0.0010, 0.0070, 0.0100)	Architecture [27-39]	 Time 0.0190	 Loss 3.4510	 flops 482399.46875
(0.0020, 0.0080, 0.0070)	Architecture [27-44]	 Time 0.0170	 Loss 1.0763	 flops 669230.4375
(0.0010, 0.0070, 0.0090)	Architecture [28-4]	 Time 0.0180	 Loss 2.6956	 flops 1726707.875
(0.0010, 0.0080, 0.0070)	Architecture [28-9]	 Time 0.0160	 Loss 0.7929	 flops 614723.3125
(0.0010, 0.0080, 0.0070)	Architecture [28-14]	 Time 0.0160	 Loss 0.6260	 flops 564708.375
(0.0010, 0.0070, 0.0110)	Architecture [28-19]	 Time 0.0210	 Loss 1.6795	 flops 2347440.0
(0.0010, 0.0090, 0.0090)	Architecture [28-24]	 Time 0.0200	 Loss 4.9751	 flops 2559007.25
(0.0010, 0.0070, 0.0060)	Architecture [28-29]	 Time 0.0160	 Loss 1.4487	 flops 554800.8125
(0.0010, 0.0080, 0.0090)	Architecture [28-34]	 Time 0.0190	 Loss 0.5251	 flops 1440509.5
(0.0010, 0.0070, 0.0080)	Architecture [28-39]	 Time 0.0170	 Loss 0.7206	 flops 682377.25
(0.0010, 0.0080, 0.0100)	Architecture [28-44]	 Time 0.0210	 Loss 2.0088	 flops 2570860.25
(0.0010, 0.0060, 0.0070)	Architecture [29-4]	 Time 0.0160	 Loss 1.0098	 flops 478428.5625
(0.0010, 0.0070, 0.0100)	Architecture [29-9]	 Time 0.0200	 Loss 2.8510	 flops 1196970.5
(0.0010, 0.0080, 0.0060)	Architecture [29-14]	 Time 0.0160	 Loss 2.7972	 flops 635431.5
(0.0020, 0.0080, 0.0120)	Architecture [29-19]	 Time 0.0230	 Loss 6.9773	 flops 2503822.5
(0.0010, 0.0080, 0.0060)	Architecture [29-24]	 Time 0.0170	 Loss 1.5686	 flops 530007.0
(0.0010, 0.0070, 0.0070)	Architecture [29-29]	 Time 0.0160	 Loss 2.4992	 flops 394251.625
(0.0010, 0.0090, 0.0110)	Architecture [29-34]	 Time 0.0220	 Loss 4.0735	 flops 3392725.75
(0.0010, 0.0070, 0.0060)	Architecture [29-39]	 Time 0.0150	 Loss 1.6419	 flops 442727.0625
(0.0010, 0.0090, 0.0100)	Architecture [29-44]	 Time 0.0200	 Loss 1.5704	 flops 971789.3125
(0.0010, 0.0070, 0.0070)	Architecture [30-4]	 Time 0.0160	 Loss 1.4974	 flops 813172.0
(0.0010, 0.0080, 0.0080)	Architecture [30-9]	 Time 0.0180	 Loss 2.9730	 flops 2495248.25
(0.0010, 0.0070, 0.0080)	Architecture [30-14]	 Time 0.0180	 Loss 0.4106	 flops 604243.875
(0.0010, 0.0070, 0.0090)	Architecture [30-19]	 Time 0.0180	 Loss 1.2649	 flops 1290740.625
(0.0010, 0.0080, 0.0060)	Architecture [30-24]	 Time 0.0170	 Loss 2.6808	 flops 758862.6875
(0.0010, 0.0060, 0.0070)	Architecture [30-29]	 Time 0.0160	 Loss 1.2396	 flops 677740.0
(0.0010, 0.0080, 0.0100)	Architecture [30-34]	 Time 0.0210	 Loss 3.0627	 flops 1562067.375
(0.0010, 0.0080, 0.0080)	Architecture [30-39]	 Time 0.0180	 Loss 4.7506	 flops 1090644.0
(0.0010, 0.0070, 0.0080)	Architecture [30-44]	 Time 0.0170	 Loss 3.2417	 flops 923070.25
(0.0010, 0.0070, 0.0080)	Architecture [31-4]	 Time 0.0180	 Loss 1.7241	 flops 703140.5
(0.0010, 0.0080, 0.0080)	Architecture [31-9]	 Time 0.0170	 Loss 3.6661	 flops 2188918.0
(0.0010, 0.0070, 0.0110)	Architecture [31-14]	 Time 0.0210	 Loss 3.3419	 flops 2697327.0
(0.0010, 0.0070, 0.0080)	Architecture [31-19]	 Time 0.0180	 Loss 2.6447	 flops 1220466.5
(0.0010, 0.0080, 0.0050)	Architecture [31-24]	 Time 0.0160	 Loss 3.0795	 flops 695279.0
(0.0020, 0.0070, 0.0060)	Architecture [31-29]	 Time 0.0160	 Loss 1.2169	 flops 753688.25
(0.0020, 0.0080, 0.0100)	Architecture [31-34]	 Time 0.0200	 Loss 2.4927	 flops 2208162.5
(0.0010, 0.0070, 0.0060)	Architecture [31-39]	 Time 0.0150	 Loss 0.2653	 flops 692394.5625
(0.0010, 0.0070, 0.0080)	Architecture [31-44]	 Time 0.0160	 Loss 0.4804	 flops 645246.0625
(0.0010, 0.0070, 0.0070)	Architecture [32-4]	 Time 0.0170	 Loss 2.0100	 flops 609783.25
(0.0010, 0.0070, 0.0090)	Architecture [32-9]	 Time 0.0190	 Loss 1.0266	 flops 383245.75
(0.0010, 0.0070, 0.0080)	Architecture [32-14]	 Time 0.0180	 Loss 2.3170	 flops 1344969.875
(0.0010, 0.0080, 0.0090)	Architecture [32-19]	 Time 0.0190	 Loss 4.3585	 flops 884188.25
(0.0010, 0.0070, 0.0070)	Architecture [32-24]	 Time 0.0160	 Loss 1.3550	 flops 648816.0
(0.0010, 0.0090, 0.0080)	Architecture [32-29]	 Time 0.0190	 Loss 1.7278	 flops 812441.75
(0.0010, 0.0080, 0.0060)	Architecture [32-34]	 Time 0.0170	 Loss 1.8532	 flops 636301.0625
(0.0010, 0.0080, 0.0100)	Architecture [32-39]	 Time 0.0200	 Loss 1.5806	 flops 601218.8125
(0.0010, 0.0070, 0.0090)	Architecture [32-44]	 Time 0.0180	 Loss 3.2814	 flops 914149.25
(0.0010, 0.0070, 0.0070)	Architecture [33-4]	 Time 0.0150	 Loss 1.0115	 flops 489403.84375
(0.0010, 0.0070, 0.0060)	Architecture [33-9]	 Time 0.0150	 Loss 1.2615	 flops 581266.8125
(0.0010, 0.0070, 0.0060)	Architecture [33-14]	 Time 0.0150	 Loss 0.6880	 flops 538083.75
(0.0000, 0.0090, 0.0130)	Architecture [33-19]	 Time 0.0240	 Loss 0.5739	 flops 2219745.5
(0.0010, 0.0110, 0.0100)	Architecture [33-24]	 Time 0.0230	 Loss 1.2429	 flops 2013473.75
(0.0010, 0.0070, 0.0090)	Architecture [33-29]	 Time 0.0180	 Loss 3.2871	 flops 944967.4375
(0.0010, 0.0080, 0.0080)	Architecture [33-34]	 Time 0.0190	 Loss 0.4928	 flops 937538.9375
(0.0010, 0.0070, 0.0060)	Architecture [33-39]	 Time 0.0150	 Loss 1.3301	 flops 443254.28125
(0.0010, 0.0080, 0.0070)	Architecture [33-44]	 Time 0.0180	 Loss 2.6917	 flops 891536.75
(0.0010, 0.0090, 0.0080)	Architecture [34-4]	 Time 0.0190	 Loss 2.2378	 flops 2829077.5
(0.0010, 0.0090, 0.0090)	Architecture [34-9]	 Time 0.0200	 Loss 1.9859	 flops 1354398.0
(0.0010, 0.0080, 0.0110)	Architecture [34-14]	 Time 0.0210	 Loss 2.6322	 flops 2213190.0
(0.0010, 0.0060, 0.0070)	Architecture [34-19]	 Time 0.0160	 Loss 0.6601	 flops 814926.8125
(0.0010, 0.0060, 0.0060)	Architecture [34-24]	 Time 0.0150	 Loss 0.9884	 flops 591951.375
(0.0010, 0.0060, 0.0060)	Architecture [34-29]	 Time 0.0150	 Loss 0.6731	 flops 521262.71875
(0.0010, 0.0090, 0.0070)	Architecture [34-34]	 Time 0.0180	 Loss 0.7725	 flops 825227.6875
(0.0010, 0.0080, 0.0120)	Architecture [34-39]	 Time 0.0230	 Loss 2.0852	 flops 2517009.75
(0.0010, 0.0070, 0.0060)	Architecture [34-44]	 Time 0.0140	 Loss 1.1699	 flops 979702.1875
(0.0010, 0.0070, 0.0090)	Architecture [35-4]	 Time 0.0190	 Loss 2.0795	 flops 1410979.375
(0.0010, 0.0060, 0.0070)	Architecture [35-9]	 Time 0.0150	 Loss 1.0091	 flops 1029191.25
(0.0010, 0.0070, 0.0050)	Architecture [35-14]	 Time 0.0140	 Loss 1.3993	 flops 514152.3125
(0.0010, 0.0080, 0.0060)	Architecture [35-19]	 Time 0.0170	 Loss 0.3056	 flops 798636.8125
(0.0010, 0.0070, 0.0080)	Architecture [35-24]	 Time 0.0170	 Loss 4.4561	 flops 614901.75
(0.0010, 0.0080, 0.0090)	Architecture [35-29]	 Time 0.0190	 Loss 3.4204	 flops 595636.375
(0.0010, 0.0090, 0.0090)	Architecture [35-34]	 Time 0.0200	 Loss 1.5580	 flops 2576508.5
(0.0010, 0.0080, 0.0080)	Architecture [35-39]	 Time 0.0190	 Loss 5.0085	 flops 527184.3125
(0.0010, 0.0070, 0.0060)	Architecture [35-44]	 Time 0.0160	 Loss 0.9440	 flops 734522.1875
(0.0010, 0.0080, 0.0110)	Architecture [36-4]	 Time 0.0210	 Loss 2.2563	 flops 1799680.125
(0.0010, 0.0080, 0.0060)	Architecture [36-9]	 Time 0.0170	 Loss 0.8059	 flops 519505.34375
(0.0010, 0.0080, 0.0080)	Architecture [36-14]	 Time 0.0190	 Loss 2.2261	 flops 1039741.1875
(0.0010, 0.0070, 0.0050)	Architecture [36-19]	 Time 0.0140	 Loss 0.5671	 flops 631327.25
(0.0010, 0.0070, 0.0090)	Architecture [36-24]	 Time 0.0180	 Loss 0.6192	 flops 2098024.25
(0.0010, 0.0070, 0.0060)	Architecture [36-29]	 Time 0.0150	 Loss 0.4969	 flops 500367.65625
(0.0010, 0.0080, 0.0060)	Architecture [36-34]	 Time 0.0170	 Loss 2.2451	 flops 594419.0625
(0.0010, 0.0080, 0.0070)	Architecture [36-39]	 Time 0.0170	 Loss 0.8234	 flops 613969.375
(0.0010, 0.0070, 0.0070)	Architecture [36-44]	 Time 0.0150	 Loss 0.3488	 flops 531121.375
(0.0020, 0.0080, 0.0060)	Architecture [37-4]	 Time 0.0170	 Loss 1.6478	 flops 579038.3125
(0.0010, 0.0070, 0.0080)	Architecture [37-9]	 Time 0.0180	 Loss 5.0651	 flops 2628104.5
(0.0010, 0.0090, 0.0050)	Architecture [37-14]	 Time 0.0160	 Loss 1.0319	 flops 480221.28125
(0.0010, 0.0060, 0.0060)	Architecture [37-19]	 Time 0.0150	 Loss 0.8038	 flops 443885.875
(0.0010, 0.0080, 0.0100)	Architecture [37-24]	 Time 0.0200	 Loss 3.1766	 flops 883640.625
(0.0010, 0.0070, 0.0090)	Architecture [37-29]	 Time 0.0170	 Loss 3.9476	 flops 1838913.125
(0.0010, 0.0080, 0.0070)	Architecture [37-34]	 Time 0.0170	 Loss 0.7405	 flops 516173.5
(0.0010, 0.0070, 0.0060)	Architecture [37-39]	 Time 0.0160	 Loss 0.8894	 flops 767647.4375
(0.0010, 0.0070, 0.0080)	Architecture [37-44]	 Time 0.0180	 Loss 2.7252	 flops 501470.6875
(0.0010, 0.0080, 0.0060)	Architecture [38-4]	 Time 0.0160	 Loss 0.2262	 flops 573956.1875
(0.0010, 0.0070, 0.0070)	Architecture [38-9]	 Time 0.0170	 Loss 0.6174	 flops 553628.3125
(0.0010, 0.0070, 0.0090)	Architecture [38-14]	 Time 0.0180	 Loss 3.4776	 flops 2168173.25
(0.0010, 0.0090, 0.0110)	Architecture [38-19]	 Time 0.0220	 Loss 1.2198	 flops 2634689.5
(0.0010, 0.0060, 0.0070)	Architecture [38-24]	 Time 0.0160	 Loss 0.8695	 flops 500918.21875
(0.0010, 0.0080, 0.0070)	Architecture [38-29]	 Time 0.0170	 Loss 2.3984	 flops 754547.5625
(0.0010, 0.0080, 0.0080)	Architecture [38-34]	 Time 0.0190	 Loss 4.4680	 flops 741867.3125
(0.0010, 0.0060, 0.0070)	Architecture [38-39]	 Time 0.0150	 Loss 0.9612	 flops 552922.4375
(0.0010, 0.0070, 0.0060)	Architecture [38-44]	 Time 0.0150	 Loss 1.3513	 flops 661685.75
(0.0010, 0.0080, 0.0060)	Architecture [39-4]	 Time 0.0170	 Loss 0.6400	 flops 649079.375
(0.0010, 0.0070, 0.0080)	Architecture [39-9]	 Time 0.0170	 Loss 2.7013	 flops 912540.875
(0.0010, 0.0070, 0.0060)	Architecture [39-14]	 Time 0.0150	 Loss 0.6980	 flops 592418.625
(0.0010, 0.0070, 0.0060)	Architecture [39-19]	 Time 0.0150	 Loss 0.7852	 flops 777569.875
(0.0010, 0.0090, 0.0090)	Architecture [39-24]	 Time 0.0200	 Loss 2.5966	 flops 1741948.875
(0.0010, 0.0060, 0.0060)	Architecture [39-29]	 Time 0.0140	 Loss 0.3140	 flops 519717.65625
(0.0010, 0.0080, 0.0070)	Architecture [39-34]	 Time 0.0180	 Loss 0.4927	 flops 623861.625
(0.0010, 0.0060, 0.0070)	Architecture [39-39]	 Time 0.0140	 Loss 2.8179	 flops 592626.875
(0.0010, 0.0070, 0.0070)	Architecture [39-44]	 Time 0.0150	 Loss 0.9674	 flops 660418.9375
(0.0010, 0.0090, 0.0070)	Architecture [40-4]	 Time 0.0170	 Loss 0.6333	 flops 469143.0
(0.0010, 0.0080, 0.0070)	Architecture [40-9]	 Time 0.0170	 Loss 1.3568	 flops 553488.5625
(0.0010, 0.0070, 0.0060)	Architecture [40-14]	 Time 0.0150	 Loss 1.8742	 flops 630415.375
(0.0010, 0.0070, 0.0070)	Architecture [40-19]	 Time 0.0170	 Loss 1.3472	 flops 701366.875
(0.0010, 0.0070, 0.0090)	Architecture [40-24]	 Time 0.0190	 Loss 4.6086	 flops 1533111.625
(0.0010, 0.0080, 0.0060)	Architecture [40-29]	 Time 0.0160	 Loss 0.6548	 flops 525991.625
(0.0010, 0.0080, 0.0060)	Architecture [40-34]	 Time 0.0160	 Loss 0.5576	 flops 538076.375
(0.0010, 0.0080, 0.0060)	Architecture [40-39]	 Time 0.0170	 Loss 0.5127	 flops 872896.5625
(0.0010, 0.0080, 0.0080)	Architecture [40-44]	 Time 0.0190	 Loss 2.0558	 flops 1041454.9375
(0.0010, 0.0080, 0.0070)	Architecture [41-4]	 Time 0.0170	 Loss 0.6578	 flops 589302.3125
(0.0010, 0.0070, 0.0080)	Architecture [41-9]	 Time 0.0160	 Loss 0.6373	 flops 550158.9375
(0.0010, 0.0070, 0.0110)	Architecture [41-14]	 Time 0.0210	 Loss 1.9981	 flops 1994433.5
(0.0010, 0.0090, 0.0080)	Architecture [41-19]	 Time 0.0200	 Loss 3.7162	 flops 517325.125
(0.0010, 0.0070, 0.0080)	Architecture [41-24]	 Time 0.0170	 Loss 0.6587	 flops 1061136.5
(0.0010, 0.0070, 0.0060)	Architecture [41-29]	 Time 0.0160	 Loss 1.1523	 flops 651140.8125
(0.0010, 0.0070, 0.0060)	Architecture [41-34]	 Time 0.0150	 Loss 1.7797	 flops 708839.9375
(0.0010, 0.0080, 0.0070)	Architecture [41-39]	 Time 0.0170	 Loss 1.2606	 flops 486065.53125
(0.0010, 0.0070, 0.0060)	Architecture [41-44]	 Time 0.0150	 Loss 1.0481	 flops 572001.25
(0.0000, 0.0090, 0.0090)	Architecture [42-4]	 Time 0.0200	 Loss 0.7339	 flops 1439207.5
(0.0010, 0.0070, 0.0060)	Architecture [42-9]	 Time 0.0150	 Loss 1.6542	 flops 656862.875
(0.0010, 0.0070, 0.0060)	Architecture [42-14]	 Time 0.0150	 Loss 1.1823	 flops 576254.5625
(0.0010, 0.0080, 0.0070)	Architecture [42-19]	 Time 0.0160	 Loss 0.5618	 flops 520223.84375
(0.0010, 0.0060, 0.0060)	Architecture [42-24]	 Time 0.0150	 Loss 1.3107	 flops 595252.6875
(0.0010, 0.0070, 0.0060)	Architecture [42-29]	 Time 0.0150	 Loss 0.7787	 flops 616129.1875
(0.0010, 0.0090, 0.0090)	Architecture [42-34]	 Time 0.0200	 Loss 0.3357	 flops 998734.875
(0.0010, 0.0070, 0.0060)	Architecture [42-39]	 Time 0.0150	 Loss 1.1364	 flops 621741.875
(0.0010, 0.0060, 0.0060)	Architecture [42-44]	 Time 0.0150	 Loss 1.6243	 flops 592196.125
(0.0010, 0.0090, 0.0090)	Architecture [43-4]	 Time 0.0210	 Loss 1.6793	 flops 1760300.375
(0.0010, 0.0060, 0.0070)	Architecture [43-9]	 Time 0.0150	 Loss 0.7635	 flops 582741.8125
(0.0000, 0.0070, 0.0060)	Architecture [43-14]	 Time 0.0150	 Loss 2.0136	 flops 632646.9375
(0.0010, 0.0070, 0.0110)	Architecture [43-19]	 Time 0.0200	 Loss 7.4856	 flops 3147634.75
(0.0010, 0.0080, 0.0080)	Architecture [43-24]	 Time 0.0180	 Loss 2.4868	 flops 923565.0
(0.0010, 0.0070, 0.0070)	Architecture [43-29]	 Time 0.0160	 Loss 3.2266	 flops 715858.625
(0.0010, 0.0080, 0.0070)	Architecture [43-34]	 Time 0.0180	 Loss 0.6448	 flops 610991.125
(0.0010, 0.0080, 0.0080)	Architecture [43-39]	 Time 0.0180	 Loss 1.7958	 flops 1731977.875
(0.0010, 0.0060, 0.0060)	Architecture [43-44]	 Time 0.0150	 Loss 1.3437	 flops 654204.4375
(0.0010, 0.0070, 0.0060)	Architecture [44-4]	 Time 0.0150	 Loss 0.8214	 flops 534882.1875
(0.0010, 0.0070, 0.0080)	Architecture [44-9]	 Time 0.0160	 Loss 1.7764	 flops 493928.0
(0.0010, 0.0100, 0.0070)	Architecture [44-14]	 Time 0.0190	 Loss 0.4368	 flops 634417.1875
(0.0010, 0.0090, 0.0060)	Architecture [44-19]	 Time 0.0170	 Loss 0.9466	 flops 903656.0625
(0.0010, 0.0080, 0.0060)	Architecture [44-24]	 Time 0.0170	 Loss 2.9991	 flops 585456.0
(0.0010, 0.0070, 0.0080)	Architecture [44-29]	 Time 0.0180	 Loss 0.6191	 flops 862242.625
(0.0010, 0.0070, 0.0070)	Architecture [44-34]	 Time 0.0160	 Loss 0.4165	 flops 474152.0625
(0.0010, 0.0080, 0.0060)	Architecture [44-39]	 Time 0.0170	 Loss 2.3315	 flops 576184.375
(0.0000, 0.0070, 0.0060)	Architecture [44-44]	 Time 0.0150	 Loss 1.3095	 flops 537195.0
(0.0010, 0.0080, 0.0080)	Architecture [45-4]	 Time 0.0190	 Loss 2.0192	 flops 656400.25
(0.0010, 0.0060, 0.0070)	Architecture [45-9]	 Time 0.0150	 Loss 1.3080	 flops 587189.875
(0.0010, 0.0070, 0.0070)	Architecture [45-14]	 Time 0.0150	 Loss 0.4537	 flops 606823.375
(0.0010, 0.0090, 0.0090)	Architecture [45-19]	 Time 0.0200	 Loss 1.7415	 flops 2058910.25
(0.0010, 0.0070, 0.0060)	Architecture [45-24]	 Time 0.0150	 Loss 1.5315	 flops 684007.125
(0.0010, 0.0070, 0.0060)	Architecture [45-29]	 Time 0.0150	 Loss 0.7398	 flops 480915.46875
(0.0010, 0.0070, 0.0080)	Architecture [45-34]	 Time 0.0180	 Loss 1.6367	 flops 892776.0
(0.0010, 0.0070, 0.0080)	Architecture [45-39]	 Time 0.0180	 Loss 0.5557	 flops 496222.59375
(0.0010, 0.0080, 0.0070)	Architecture [45-44]	 Time 0.0170	 Loss 0.4559	 flops 592267.75
(0.0010, 0.0070, 0.0090)	Architecture [46-4]	 Time 0.0190	 Loss 2.9283	 flops 942786.1875
(0.0010, 0.0080, 0.0060)	Architecture [46-9]	 Time 0.0170	 Loss 1.1719	 flops 496589.34375
(0.0010, 0.0080, 0.0090)	Architecture [46-14]	 Time 0.0190	 Loss 1.9284	 flops 1116843.5
(0.0010, 0.0070, 0.0070)	Architecture [46-19]	 Time 0.0160	 Loss 5.8459	 flops 475424.25
(0.0010, 0.0070, 0.0080)	Architecture [46-24]	 Time 0.0170	 Loss 1.9765	 flops 2310776.0
(0.0010, 0.0070, 0.0060)	Architecture [46-29]	 Time 0.0140	 Loss 1.3327	 flops 486704.1875
(0.0010, 0.0070, 0.0070)	Architecture [46-34]	 Time 0.0160	 Loss 1.1452	 flops 593692.4375
(0.0010, 0.0080, 0.0080)	Architecture [46-39]	 Time 0.0180	 Loss 2.3063	 flops 1215405.875
(0.0010, 0.0090, 0.0060)	Architecture [46-44]	 Time 0.0170	 Loss 1.0131	 flops 603387.25
(0.0010, 0.0070, 0.0070)	Architecture [47-4]	 Time 0.0160	 Loss 0.4446	 flops 586477.0625
(0.0010, 0.0080, 0.0070)	Architecture [47-9]	 Time 0.0160	 Loss 1.3124	 flops 572037.8125
(0.0010, 0.0070, 0.0060)	Architecture [47-14]	 Time 0.0160	 Loss 0.6766	 flops 586799.0
(0.0010, 0.0060, 0.0060)	Architecture [47-19]	 Time 0.0150	 Loss 0.9791	 flops 484269.90625
(0.0010, 0.0060, 0.0060)	Architecture [47-24]	 Time 0.0150	 Loss 0.3309	 flops 756033.125
(0.0020, 0.0080, 0.0070)	Architecture [47-29]	 Time 0.0170	 Loss 2.4672	 flops 468109.71875
(0.0010, 0.0070, 0.0050)	Architecture [47-34]	 Time 0.0150	 Loss 1.2764	 flops 518711.125
(0.0010, 0.0070, 0.0060)	Architecture [47-39]	 Time 0.0160	 Loss 0.4499	 flops 564142.0
(0.0010, 0.0080, 0.0070)	Architecture [47-44]	 Time 0.0160	 Loss 1.1343	 flops 889861.5
(0.0010, 0.0100, 0.0090)	Architecture [48-4]	 Time 0.0220	 Loss 1.4542	 flops 481667.125
(0.0010, 0.0090, 0.0090)	Architecture [48-9]	 Time 0.0200	 Loss 1.0843	 flops 769717.125
(0.0010, 0.0080, 0.0070)	Architecture [48-14]	 Time 0.0180	 Loss 1.3798	 flops 495835.96875
(0.0010, 0.0090, 0.0080)	Architecture [48-19]	 Time 0.0200	 Loss 0.3525	 flops 501320.0625
(0.0020, 0.0130, 0.0110)	Architecture [48-24]	 Time 0.0270	 Loss 0.6975	 flops 597832.75
(0.0000, 0.0070, 0.0080)	Architecture [48-29]	 Time 0.0170	 Loss 2.7636	 flops 556524.75
(0.0010, 0.0070, 0.0070)	Architecture [48-34]	 Time 0.0160	 Loss 1.3231	 flops 702022.5
(0.0010, 0.0090, 0.0090)	Architecture [48-39]	 Time 0.0200	 Loss 1.4493	 flops 2585461.25
(0.0010, 0.0090, 0.0090)	Architecture [48-44]	 Time 0.0200	 Loss 0.5112	 flops 658585.5625
(0.0010, 0.0070, 0.0060)	Architecture [49-4]	 Time 0.0150	 Loss 0.4934	 flops 498135.375
(0.0010, 0.0070, 0.0090)	Architecture [49-9]	 Time 0.0170	 Loss 4.5159	 flops 2366479.0
(0.0010, 0.0070, 0.0060)	Architecture [49-14]	 Time 0.0150	 Loss 1.4831	 flops 559804.5
(0.0010, 0.0070, 0.0060)	Architecture [49-19]	 Time 0.0150	 Loss 1.2850	 flops 544978.0625
(0.0010, 0.0060, 0.0070)	Architecture [49-24]	 Time 0.0150	 Loss 2.9615	 flops 546749.3125
(0.0010, 0.0080, 0.0060)	Architecture [49-29]	 Time 0.0160	 Loss 0.9455	 flops 698304.1875
(0.0020, 0.0080, 0.0060)	Architecture [49-34]	 Time 0.0160	 Loss 0.8581	 flops 503232.40625
(0.0010, 0.0070, 0.0090)	Architecture [49-39]	 Time 0.0180	 Loss 2.2063	 flops 592195.5
(0.0010, 0.0060, 0.0060)	Architecture [49-44]	 Time 0.0150	 Loss 0.4014	 flops 713307.1875
(0.0020, 0.0080, 0.0060)	Architecture [50-4]	 Time 0.0170	 Loss 1.0650	 flops 432890.28125
(0.0010, 0.0070, 0.0090)	Architecture [50-9]	 Time 0.0180	 Loss 2.3235	 flops 1364140.875
(0.0010, 0.0090, 0.0060)	Architecture [50-14]	 Time 0.0170	 Loss 1.0860	 flops 697996.0625
(0.0010, 0.0080, 0.0050)	Architecture [50-19]	 Time 0.0150	 Loss 0.8244	 flops 444976.53125
(0.0010, 0.0070, 0.0080)	Architecture [50-24]	 Time 0.0170	 Loss 0.2297	 flops 507868.46875
(0.0010, 0.0080, 0.0050)	Architecture [50-29]	 Time 0.0150	 Loss 0.3176	 flops 438996.75
(0.0000, 0.0070, 0.0070)	Architecture [50-34]	 Time 0.0160	 Loss 1.2430	 flops 564467.9375
(0.0010, 0.0070, 0.0060)	Architecture [50-39]	 Time 0.0150	 Loss 1.4122	 flops 544600.375
(0.0010, 0.0060, 0.0070)	Architecture [50-44]	 Time 0.0140	 Loss 0.4253	 flops 476047.40625
(0.0020, 0.0080, 0.0090)	Architecture [51-4]	 Time 0.0200	 Loss 5.8389	 flops 2130234.75
(0.0010, 0.0070, 0.0060)	Architecture [51-9]	 Time 0.0140	 Loss 1.2590	 flops 552750.9375
(0.0010, 0.0070, 0.0060)	Architecture [51-14]	 Time 0.0150	 Loss 0.9802	 flops 536896.0625
(0.0010, 0.0070, 0.0060)	Architecture [51-19]	 Time 0.0150	 Loss 0.5538	 flops 667953.6875
(0.0000, 0.0070, 0.0060)	Architecture [51-24]	 Time 0.0150	 Loss 0.4228	 flops 535001.25
(0.0010, 0.0070, 0.0060)	Architecture [51-29]	 Time 0.0140	 Loss 1.7940	 flops 533619.8125
(0.0020, 0.0070, 0.0060)	Architecture [51-34]	 Time 0.0160	 Loss 0.8247	 flops 496740.4375
(0.0010, 0.0090, 0.0080)	Architecture [51-39]	 Time 0.0200	 Loss 1.9327	 flops 586355.25
(0.0010, 0.0070, 0.0070)	Architecture [51-44]	 Time 0.0150	 Loss 0.5364	 flops 707160.5
(0.0010, 0.0080, 0.0060)	Architecture [52-4]	 Time 0.0170	 Loss 0.1733	 flops 422280.75
(0.0010, 0.0080, 0.0080)	Architecture [52-9]	 Time 0.0180	 Loss 0.9249	 flops 1362921.5
(0.0010, 0.0070, 0.0080)	Architecture [52-14]	 Time 0.0170	 Loss 2.9076	 flops 638131.625
(0.0010, 0.0060, 0.0070)	Architecture [52-19]	 Time 0.0150	 Loss 1.7531	 flops 651121.875
(0.0000, 0.0090, 0.0070)	Architecture [52-24]	 Time 0.0170	 Loss 0.4940	 flops 588865.75
(0.0010, 0.0070, 0.0070)	Architecture [52-29]	 Time 0.0150	 Loss 2.5833	 flops 611321.4375
(0.0010, 0.0060, 0.0080)	Architecture [52-34]	 Time 0.0170	 Loss 1.3602	 flops 548795.625
(0.0010, 0.0090, 0.0080)	Architecture [52-39]	 Time 0.0190	 Loss 1.3358	 flops 590184.6875
(0.0010, 0.0060, 0.0060)	Architecture [52-44]	 Time 0.0150	 Loss 2.2789	 flops 460619.34375
(0.0010, 0.0060, 0.0070)	Architecture [53-4]	 Time 0.0150	 Loss 0.4238	 flops 725913.0
(0.0010, 0.0080, 0.0070)	Architecture [53-9]	 Time 0.0170	 Loss 1.0500	 flops 438548.75
(0.0010, 0.0070, 0.0060)	Architecture [53-14]	 Time 0.0150	 Loss 2.5435	 flops 696675.875
(0.0010, 0.0070, 0.0080)	Architecture [53-19]	 Time 0.0160	 Loss 2.2354	 flops 613520.5625
(0.0010, 0.0080, 0.0070)	Architecture [53-24]	 Time 0.0170	 Loss 0.8960	 flops 422055.21875
(0.0010, 0.0080, 0.0090)	Architecture [53-29]	 Time 0.0190	 Loss 0.2719	 flops 1188614.25
(0.0020, 0.0080, 0.0070)	Architecture [53-34]	 Time 0.0180	 Loss 0.2896	 flops 448623.8125
(0.0010, 0.0060, 0.0060)	Architecture [53-39]	 Time 0.0150	 Loss 3.6800	 flops 593625.5625
(0.0010, 0.0070, 0.0070)	Architecture [53-44]	 Time 0.0170	 Loss 1.4092	 flops 636456.875
(0.0010, 0.0100, 0.0090)	Architecture [54-4]	 Time 0.0200	 Loss 2.7178	 flops 2029755.375
(0.0010, 0.0080, 0.0090)	Architecture [54-9]	 Time 0.0200	 Loss 3.0473	 flops 668102.125
(0.0000, 0.0080, 0.0060)	Architecture [54-14]	 Time 0.0160	 Loss 1.6540	 flops 676672.0625
(0.0010, 0.0080, 0.0070)	Architecture [54-19]	 Time 0.0170	 Loss 0.8284	 flops 544057.875
(0.0010, 0.0080, 0.0090)	Architecture [54-24]	 Time 0.0180	 Loss 2.2727	 flops 1028711.6875
(0.0010, 0.0070, 0.0070)	Architecture [54-29]	 Time 0.0150	 Loss 0.3403	 flops 558936.0625
(0.0010, 0.0070, 0.0070)	Architecture [54-34]	 Time 0.0150	 Loss 0.9015	 flops 681942.0
(0.0010, 0.0070, 0.0090)	Architecture [54-39]	 Time 0.0180	 Loss 2.1096	 flops 1110933.5
(0.0010, 0.0070, 0.0060)	Architecture [54-44]	 Time 0.0150	 Loss 0.7471	 flops 615013.875
(0.0010, 0.0070, 0.0070)	Architecture [55-4]	 Time 0.0160	 Loss 0.5321	 flops 632770.375
(0.0010, 0.0080, 0.0070)	Architecture [55-9]	 Time 0.0160	 Loss 0.6078	 flops 613243.4375
(0.0010, 0.0070, 0.0070)	Architecture [55-14]	 Time 0.0170	 Loss 0.3778	 flops 630694.0
(0.0010, 0.0070, 0.0080)	Architecture [55-19]	 Time 0.0170	 Loss 2.2873	 flops 507725.125
(0.0010, 0.0070, 0.0080)	Architecture [55-24]	 Time 0.0160	 Loss 1.2017	 flops 619264.0625
(0.0000, 0.0080, 0.0060)	Architecture [55-29]	 Time 0.0160	 Loss 0.5221	 flops 323012.03125
(0.0020, 0.0090, 0.0080)	Architecture [55-34]	 Time 0.0200	 Loss 1.3815	 flops 720460.1875
(0.0010, 0.0090, 0.0090)	Architecture [55-39]	 Time 0.0190	 Loss 2.5336	 flops 514959.84375
(0.0010, 0.0080, 0.0060)	Architecture [55-44]	 Time 0.0170	 Loss 1.1968	 flops 537486.375
(0.0010, 0.0070, 0.0060)	Architecture [56-4]	 Time 0.0150	 Loss 1.7906	 flops 571492.5
(0.0010, 0.0080, 0.0060)	Architecture [56-9]	 Time 0.0160	 Loss 0.3496	 flops 629085.8125
(0.0010, 0.0070, 0.0050)	Architecture [56-14]	 Time 0.0140	 Loss 1.2134	 flops 695219.5625
(0.0010, 0.0070, 0.0080)	Architecture [56-19]	 Time 0.0170	 Loss 1.6549	 flops 1139434.25
(0.0010, 0.0070, 0.0060)	Architecture [56-24]	 Time 0.0150	 Loss 0.8063	 flops 608912.5
(0.0010, 0.0070, 0.0080)	Architecture [56-29]	 Time 0.0170	 Loss 1.1562	 flops 546844.625
(0.0010, 0.0070, 0.0070)	Architecture [56-34]	 Time 0.0160	 Loss 0.6738	 flops 587480.0
(0.0010, 0.0070, 0.0090)	Architecture [56-39]	 Time 0.0180	 Loss 1.7969	 flops 1088968.5
(0.0010, 0.0070, 0.0070)	Architecture [56-44]	 Time 0.0160	 Loss 2.6271	 flops 621346.0
(0.0010, 0.0080, 0.0080)	Architecture [57-4]	 Time 0.0190	 Loss 0.9597	 flops 556246.875
(0.0010, 0.0090, 0.0080)	Architecture [57-9]	 Time 0.0190	 Loss 1.5195	 flops 562046.125
(0.0010, 0.0090, 0.0090)	Architecture [57-14]	 Time 0.0200	 Loss 6.4840	 flops 2150555.0
(0.0010, 0.0080, 0.0060)	Architecture [57-19]	 Time 0.0160	 Loss 0.8259	 flops 598043.875
(0.0010, 0.0080, 0.0060)	Architecture [57-24]	 Time 0.0160	 Loss 1.0965	 flops 572928.3125
(0.0010, 0.0070, 0.0060)	Architecture [57-29]	 Time 0.0150	 Loss 0.9082	 flops 488802.25
(0.0010, 0.0070, 0.0070)	Architecture [57-34]	 Time 0.0170	 Loss 0.4633	 flops 691455.25
(0.0010, 0.0070, 0.0060)	Architecture [57-39]	 Time 0.0140	 Loss 0.3729	 flops 689486.5
(0.0010, 0.0080, 0.0060)	Architecture [57-44]	 Time 0.0160	 Loss 1.1031	 flops 590367.6875
(0.0010, 0.0080, 0.0060)	Architecture [58-4]	 Time 0.0150	 Loss 0.6641	 flops 597018.1875
(0.0010, 0.0090, 0.0060)	Architecture [58-9]	 Time 0.0170	 Loss 0.6068	 flops 529944.5
(0.0010, 0.0090, 0.0070)	Architecture [58-14]	 Time 0.0170	 Loss 0.2194	 flops 469637.65625
(0.0010, 0.0070, 0.0070)	Architecture [58-19]	 Time 0.0170	 Loss 0.2616	 flops 597213.4375
(0.0010, 0.0080, 0.0070)	Architecture [58-24]	 Time 0.0170	 Loss 0.8770	 flops 677749.9375
(0.0010, 0.0070, 0.0070)	Architecture [58-29]	 Time 0.0160	 Loss 1.3132	 flops 797333.625
(0.0020, 0.0080, 0.0070)	Architecture [58-34]	 Time 0.0170	 Loss 0.4886	 flops 660773.4375
(0.0010, 0.0070, 0.0060)	Architecture [58-39]	 Time 0.0150	 Loss 1.7920	 flops 491898.59375
(0.0000, 0.0070, 0.0070)	Architecture [58-44]	 Time 0.0150	 Loss 0.8454	 flops 605817.8125
(0.0010, 0.0070, 0.0070)	Architecture [59-4]	 Time 0.0170	 Loss 1.0532	 flops 553402.5625
(0.0010, 0.0070, 0.0070)	Architecture [59-9]	 Time 0.0160	 Loss 2.2648	 flops 752012.9375
(0.0000, 0.0070, 0.0070)	Architecture [59-14]	 Time 0.0160	 Loss 0.3612	 flops 706303.5625
(0.0010, 0.0070, 0.0060)	Architecture [59-19]	 Time 0.0150	 Loss 1.1851	 flops 707839.25
(0.0010, 0.0060, 0.0070)	Architecture [59-24]	 Time 0.0150	 Loss 1.2769	 flops 557096.1875
(0.0010, 0.0080, 0.0070)	Architecture [59-29]	 Time 0.0170	 Loss 0.6315	 flops 429940.34375
(0.0010, 0.0080, 0.0060)	Architecture [59-34]	 Time 0.0160	 Loss 0.5432	 flops 565109.625
(0.0010, 0.0060, 0.0070)	Architecture [59-39]	 Time 0.0150	 Loss 0.1197	 flops 660767.0
(0.0010, 0.0070, 0.0080)	Architecture [59-44]	 Time 0.0180	 Loss 0.8105	 flops 1382140.375
(0.0010, 0.0070, 0.0070)	Architecture [60-4]	 Time 0.0150	 Loss 1.0877	 flops 747794.875
(0.0010, 0.0070, 0.0070)	Architecture [60-9]	 Time 0.0160	 Loss 1.2155	 flops 494839.75
(0.0010, 0.0080, 0.0070)	Architecture [60-14]	 Time 0.0170	 Loss 1.0705	 flops 812390.375
(0.0010, 0.0060, 0.0070)	Architecture [60-19]	 Time 0.0160	 Loss 1.3090	 flops 601756.5
(0.0010, 0.0080, 0.0070)	Architecture [60-24]	 Time 0.0170	 Loss 0.6298	 flops 659652.4375
(0.0010, 0.0070, 0.0080)	Architecture [60-29]	 Time 0.0180	 Loss 2.3726	 flops 1448747.25
(0.0010, 0.0070, 0.0060)	Architecture [60-34]	 Time 0.0160	 Loss 1.1553	 flops 684466.8125
(0.0010, 0.0060, 0.0060)	Architecture [60-39]	 Time 0.0150	 Loss 0.4086	 flops 763430.1875
(0.0010, 0.0070, 0.0060)	Architecture [60-44]	 Time 0.0160	 Loss 0.5908	 flops 749407.0
(0.0010, 0.0070, 0.0090)	Architecture [61-4]	 Time 0.0180	 Loss 1.0462	 flops 1669443.625
(0.0010, 0.0070, 0.0060)	Architecture [61-9]	 Time 0.0150	 Loss 0.7941	 flops 602451.0
(0.0010, 0.0100, 0.0060)	Architecture [61-14]	 Time 0.0190	 Loss 0.5573	 flops 657595.6875
(0.0010, 0.0070, 0.0060)	Architecture [61-19]	 Time 0.0150	 Loss 0.1721	 flops 573231.625
(0.0010, 0.0060, 0.0070)	Architecture [61-24]	 Time 0.0150	 Loss 0.2919	 flops 717345.5625
(0.0010, 0.0070, 0.0060)	Architecture [61-29]	 Time 0.0160	 Loss 3.3860	 flops 640152.375
(0.0010, 0.0080, 0.0070)	Architecture [61-34]	 Time 0.0180	 Loss 1.1329	 flops 773341.75
(0.0010, 0.0070, 0.0060)	Architecture [61-39]	 Time 0.0150	 Loss 0.7716	 flops 736375.1875
(0.0010, 0.0060, 0.0060)	Architecture [61-44]	 Time 0.0150	 Loss 1.9013	 flops 640827.9375
(0.0010, 0.0070, 0.0060)	Architecture [62-4]	 Time 0.0150	 Loss 1.7858	 flops 634923.25
(0.0010, 0.0060, 0.0060)	Architecture [62-9]	 Time 0.0150	 Loss 1.3201	 flops 771718.8125
(0.0010, 0.0070, 0.0060)	Architecture [62-14]	 Time 0.0150	 Loss 1.0592	 flops 670895.5625
(0.0010, 0.0080, 0.0070)	Architecture [62-19]	 Time 0.0170	 Loss 0.4247	 flops 839333.375
(0.0010, 0.0070, 0.0060)	Architecture [62-24]	 Time 0.0150	 Loss 0.4904	 flops 678273.1875
(0.0010, 0.0070, 0.0070)	Architecture [62-29]	 Time 0.0160	 Loss 1.7007	 flops 514202.1875
(0.0010, 0.0070, 0.0060)	Architecture [62-34]	 Time 0.0150	 Loss 0.7799	 flops 784356.375
(0.0010, 0.0070, 0.0060)	Architecture [62-39]	 Time 0.0140	 Loss 0.4627	 flops 741502.0625
(0.0010, 0.0090, 0.0080)	Architecture [62-44]	 Time 0.0190	 Loss 0.4705	 flops 945069.625
(0.0010, 0.0070, 0.0080)	Architecture [63-4]	 Time 0.0170	 Loss 1.0918	 flops 947273.1875
(0.0010, 0.0070, 0.0090)	Architecture [63-9]	 Time 0.0170	 Loss 4.1036	 flops 1688310.0
(0.0000, 0.0070, 0.0060)	Architecture [63-14]	 Time 0.0140	 Loss 1.2219	 flops 799136.0625
(0.0010, 0.0080, 0.0060)	Architecture [63-19]	 Time 0.0170	 Loss 0.9090	 flops 711075.625
(0.0010, 0.0080, 0.0050)	Architecture [63-24]	 Time 0.0150	 Loss 1.6665	 flops 674319.375
(0.0010, 0.0070, 0.0080)	Architecture [63-29]	 Time 0.0170	 Loss 2.9798	 flops 572257.3125
(0.0010, 0.0080, 0.0100)	Architecture [63-34]	 Time 0.0210	 Loss 2.3966	 flops 1899670.5
(0.0000, 0.0080, 0.0090)	Architecture [63-39]	 Time 0.0190	 Loss 2.2763	 flops 1131020.5
(0.0010, 0.0060, 0.0070)	Architecture [63-44]	 Time 0.0150	 Loss 0.3565	 flops 462083.40625
(0.0010, 0.0080, 0.0080)	Architecture [64-4]	 Time 0.0180	 Loss 4.8637	 flops 1297518.25
(0.0010, 0.0090, 0.0090)	Architecture [64-9]	 Time 0.0210	 Loss 1.6695	 flops 1224244.25
(0.0010, 0.0080, 0.0090)	Architecture [64-14]	 Time 0.0190	 Loss 2.9078	 flops 2760313.25
(0.0010, 0.0090, 0.0060)	Architecture [64-19]	 Time 0.0170	 Loss 0.7209	 flops 728574.25
(0.0010, 0.0080, 0.0090)	Architecture [64-24]	 Time 0.0190	 Loss 0.6322	 flops 2751358.0
(0.0000, 0.0070, 0.0060)	Architecture [64-29]	 Time 0.0150	 Loss 0.2998	 flops 876196.5
(0.0010, 0.0070, 0.0070)	Architecture [64-34]	 Time 0.0160	 Loss 2.9501	 flops 701722.9375
(0.0010, 0.0070, 0.0080)	Architecture [64-39]	 Time 0.0170	 Loss 1.5733	 flops 608245.1875
(0.0010, 0.0060, 0.0060)	Architecture [64-44]	 Time 0.0150	 Loss 0.3764	 flops 811191.3125
(0.0020, 0.0060, 0.0070)	Architecture [65-4]	 Time 0.0150	 Loss 2.3893	 flops 745262.9375
(0.0010, 0.0060, 0.0060)	Architecture [65-9]	 Time 0.0140	 Loss 1.0208	 flops 704280.625
(0.0010, 0.0070, 0.0060)	Architecture [65-14]	 Time 0.0150	 Loss 1.1298	 flops 445217.25
(0.0010, 0.0060, 0.0060)	Architecture [65-19]	 Time 0.0150	 Loss 1.8010	 flops 571193.375
(0.0010, 0.0070, 0.0060)	Architecture [65-24]	 Time 0.0140	 Loss 0.5012	 flops 733910.3125
(0.0010, 0.0090, 0.0090)	Architecture [65-29]	 Time 0.0190	 Loss 2.1650	 flops 1953569.125
(0.0010, 0.0090, 0.0070)	Architecture [65-34]	 Time 0.0180	 Loss 2.0604	 flops 636100.1875
(0.0010, 0.0080, 0.0070)	Architecture [65-39]	 Time 0.0170	 Loss 0.5986	 flops 720047.125
(0.0010, 0.0070, 0.0070)	Architecture [65-44]	 Time 0.0160	 Loss 0.6626	 flops 819279.8125
(0.0010, 0.0070, 0.0070)	Architecture [66-4]	 Time 0.0170	 Loss 0.1315	 flops 920298.6875
(0.0010, 0.0070, 0.0060)	Architecture [66-9]	 Time 0.0150	 Loss 0.4437	 flops 774014.375
(0.0010, 0.0070, 0.0070)	Architecture [66-14]	 Time 0.0170	 Loss 4.4248	 flops 714326.25
(0.0010, 0.0080, 0.0060)	Architecture [66-19]	 Time 0.0170	 Loss 1.3670	 flops 570414.625
(0.0010, 0.0060, 0.0070)	Architecture [66-24]	 Time 0.0140	 Loss 0.7821	 flops 856043.1875
(0.0010, 0.0070, 0.0060)	Architecture [66-29]	 Time 0.0150	 Loss 1.4613	 flops 543624.8125
(0.0010, 0.0070, 0.0060)	Architecture [66-34]	 Time 0.0150	 Loss 0.7940	 flops 788173.5
(0.0010, 0.0060, 0.0060)	Architecture [66-39]	 Time 0.0150	 Loss 1.1973	 flops 741228.0625
(0.0010, 0.0070, 0.0080)	Architecture [66-44]	 Time 0.0180	 Loss 3.0132	 flops 1678062.5
(0.0010, 0.0080, 0.0060)	Architecture [67-4]	 Time 0.0170	 Loss 0.5033	 flops 918710.0
(0.0010, 0.0070, 0.0070)	Architecture [67-9]	 Time 0.0150	 Loss 0.7228	 flops 668367.75
(0.0000, 0.0070, 0.0090)	Architecture [67-14]	 Time 0.0180	 Loss 2.2637	 flops 1042954.0625
(0.0010, 0.0080, 0.0070)	Architecture [67-19]	 Time 0.0170	 Loss 1.0010	 flops 564401.9375
(0.0010, 0.0080, 0.0070)	Architecture [67-24]	 Time 0.0160	 Loss 0.5270	 flops 624732.5
(0.0010, 0.0100, 0.0080)	Architecture [67-29]	 Time 0.0200	 Loss 0.3105	 flops 2122965.5
(0.0010, 0.0090, 0.0090)	Architecture [67-34]	 Time 0.0210	 Loss 0.6070	 flops 1547030.5
(0.0010, 0.0070, 0.0060)	Architecture [67-39]	 Time 0.0160	 Loss 1.3814	 flops 572361.5
(0.0010, 0.0070, 0.0070)	Architecture [67-44]	 Time 0.0150	 Loss 1.0139	 flops 692761.8125
(0.0010, 0.0070, 0.0060)	Architecture [68-4]	 Time 0.0150	 Loss 0.6757	 flops 781262.8125
(0.0010, 0.0070, 0.0070)	Architecture [68-9]	 Time 0.0150	 Loss 2.4456	 flops 916225.4375
(0.0010, 0.0070, 0.0050)	Architecture [68-14]	 Time 0.0140	 Loss 0.7237	 flops 324698.375
(0.0010, 0.0080, 0.0080)	Architecture [68-19]	 Time 0.0180	 Loss 3.3569	 flops 2650067.25
(0.0010, 0.0060, 0.0060)	Architecture [68-24]	 Time 0.0140	 Loss 1.2203	 flops 672595.625
(0.0010, 0.0070, 0.0060)	Architecture [68-29]	 Time 0.0140	 Loss 0.8371	 flops 734710.875
(0.0010, 0.0070, 0.0060)	Architecture [68-34]	 Time 0.0160	 Loss 0.5060	 flops 710315.0
(0.0010, 0.0090, 0.0080)	Architecture [68-39]	 Time 0.0190	 Loss 1.3469	 flops 411420.59375
(0.0010, 0.0080, 0.0090)	Architecture [68-44]	 Time 0.0200	 Loss 4.0938	 flops 1748703.25
(0.0010, 0.0070, 0.0060)	Architecture [69-4]	 Time 0.0150	 Loss 0.8702	 flops 787816.25
(0.0010, 0.0090, 0.0090)	Architecture [69-9]	 Time 0.0210	 Loss 0.9149	 flops 2905179.25
(0.0010, 0.0070, 0.0060)	Architecture [69-14]	 Time 0.0150	 Loss 0.3798	 flops 758273.6875
(0.0000, 0.0070, 0.0070)	Architecture [69-19]	 Time 0.0150	 Loss 1.1691	 flops 770412.375
(0.0010, 0.0070, 0.0060)	Architecture [69-24]	 Time 0.0150	 Loss 1.2240	 flops 757342.9375
(0.0010, 0.0070, 0.0060)	Architecture [69-29]	 Time 0.0160	 Loss 0.8443	 flops 729376.375
(0.0010, 0.0070, 0.0070)	Architecture [69-34]	 Time 0.0150	 Loss 1.4999	 flops 870076.25
(0.0010, 0.0070, 0.0060)	Architecture [69-39]	 Time 0.0150	 Loss 0.7468	 flops 792295.8125
(0.0010, 0.0070, 0.0050)	Architecture [69-44]	 Time 0.0150	 Loss 1.2762	 flops 750895.75
(0.0010, 0.0080, 0.0070)	Architecture [70-4]	 Time 0.0170	 Loss 1.3638	 flops 881285.5625
(0.0010, 0.0070, 0.0090)	Architecture [70-9]	 Time 0.0180	 Loss 1.9264	 flops 1467002.875
(0.0010, 0.0070, 0.0080)	Architecture [70-14]	 Time 0.0180	 Loss 4.8068	 flops 703970.0
(0.0020, 0.0080, 0.0090)	Architecture [70-19]	 Time 0.0200	 Loss 1.0656	 flops 2027567.125
(0.0010, 0.0070, 0.0060)	Architecture [70-24]	 Time 0.0150	 Loss 0.6477	 flops 693720.0625
(0.0010, 0.0080, 0.0080)	Architecture [70-29]	 Time 0.0170	 Loss 1.3732	 flops 776031.25
(0.0010, 0.0070, 0.0070)	Architecture [70-34]	 Time 0.0170	 Loss 0.1579	 flops 824196.0
(0.0010, 0.0080, 0.0060)	Architecture [70-39]	 Time 0.0170	 Loss 0.4203	 flops 844599.1875
(0.0010, 0.0070, 0.0060)	Architecture [70-44]	 Time 0.0150	 Loss 3.5034	 flops 525074.125
(0.0010, 0.0090, 0.0080)	Architecture [71-4]	 Time 0.0200	 Loss 0.9975	 flops 615991.625
(0.0010, 0.0070, 0.0090)	Architecture [71-9]	 Time 0.0170	 Loss 1.4764	 flops 1435424.0
(0.0010, 0.0060, 0.0070)	Architecture [71-14]	 Time 0.0160	 Loss 1.2277	 flops 876724.9375
(0.0010, 0.0070, 0.0060)	Architecture [71-19]	 Time 0.0150	 Loss 1.4558	 flops 622426.4375
(0.0010, 0.0060, 0.0060)	Architecture [71-24]	 Time 0.0150	 Loss 1.5808	 flops 842245.75
(0.0010, 0.0080, 0.0060)	Architecture [71-29]	 Time 0.0170	 Loss 1.9581	 flops 872226.8125
(0.0010, 0.0090, 0.0070)	Architecture [71-34]	 Time 0.0180	 Loss 0.3329	 flops 773072.0
(0.0010, 0.0070, 0.0060)	Architecture [71-39]	 Time 0.0150	 Loss 0.7780	 flops 872479.6875
(0.0010, 0.0080, 0.0070)	Architecture [71-44]	 Time 0.0160	 Loss 1.4342	 flops 807210.4375
(0.0010, 0.0080, 0.0090)	Architecture [72-4]	 Time 0.0190	 Loss 3.9455	 flops 1512377.875
(0.0010, 0.0080, 0.0090)	Architecture [72-9]	 Time 0.0200	 Loss 1.5802	 flops 1606535.875
(0.0010, 0.0070, 0.0060)	Architecture [72-14]	 Time 0.0160	 Loss 0.1735	 flops 768961.8125
(0.0010, 0.0080, 0.0060)	Architecture [72-19]	 Time 0.0170	 Loss 0.3735	 flops 813822.6875
(0.0010, 0.0060, 0.0060)	Architecture [72-24]	 Time 0.0140	 Loss 0.6730	 flops 877144.25
(0.0010, 0.0070, 0.0060)	Architecture [72-29]	 Time 0.0140	 Loss 1.5142	 flops 877923.9375
(0.0020, 0.0090, 0.0090)	Architecture [72-34]	 Time 0.0210	 Loss 1.9901	 flops 2033048.125
(0.0010, 0.0080, 0.0070)	Architecture [72-39]	 Time 0.0160	 Loss 2.5559	 flops 760427.6875
(0.0010, 0.0080, 0.0060)	Architecture [72-44]	 Time 0.0170	 Loss 0.8098	 flops 683515.75
(0.0060, 0.0110, 0.0110)	Architecture [73-4]	 Time 0.0300	 Loss 1.1488	 flops 1384699.5
(0.0020, 0.0110, 0.0140)	Architecture [73-9]	 Time 0.0290	 Loss 3.1036	 flops 2773687.75
(0.0020, 0.0090, 0.0090)	Architecture [73-14]	 Time 0.0210	 Loss 0.6047	 flops 797312.125
(0.0010, 0.0070, 0.0070)	Architecture [73-19]	 Time 0.0170	 Loss 1.5161	 flops 720780.0
(0.0020, 0.0100, 0.0090)	Architecture [73-24]	 Time 0.0220	 Loss 1.9210	 flops 838291.0
(0.0010, 0.0100, 0.0060)	Architecture [73-29]	 Time 0.0180	 Loss 0.5683	 flops 822235.75
(0.0010, 0.0090, 0.0070)	Architecture [73-34]	 Time 0.0190	 Loss 0.7371	 flops 641111.0625
(0.0010, 0.0090, 0.0060)	Architecture [73-39]	 Time 0.0160	 Loss 0.1485	 flops 723725.6875
(0.0010, 0.0080, 0.0070)	Architecture [73-44]	 Time 0.0170	 Loss 0.3675	 flops 691342.5625
(0.0010, 0.0080, 0.0080)	Architecture [74-4]	 Time 0.0180	 Loss 3.0347	 flops 1486983.0
(0.0010, 0.0070, 0.0100)	Architecture [74-9]	 Time 0.0190	 Loss 0.7426	 flops 1064589.125
(0.0010, 0.0070, 0.0060)	Architecture [74-14]	 Time 0.0150	 Loss 0.4166	 flops 723974.0
(0.0010, 0.0070, 0.0070)	Architecture [74-19]	 Time 0.0150	 Loss 2.3357	 flops 757299.6875
(0.0010, 0.0080, 0.0060)	Architecture [74-24]	 Time 0.0170	 Loss 0.5947	 flops 797770.125
(0.0010, 0.0060, 0.0070)	Architecture [74-29]	 Time 0.0150	 Loss 1.1101	 flops 730657.625
(0.0010, 0.0080, 0.0070)	Architecture [74-34]	 Time 0.0180	 Loss 1.6674	 flops 843419.8125
(0.0010, 0.0080, 0.0080)	Architecture [74-39]	 Time 0.0180	 Loss 0.6764	 flops 701314.0625
(0.0010, 0.0080, 0.0110)	Architecture [74-44]	 Time 0.0210	 Loss 3.6850	 flops 1086942.125
(0.0010, 0.0070, 0.0060)	Architecture [75-4]	 Time 0.0150	 Loss 1.0990	 flops 842050.6875
(0.0010, 0.0070, 0.0060)	Architecture [75-9]	 Time 0.0140	 Loss 0.7704	 flops 821049.8125
(0.0010, 0.0070, 0.0090)	Architecture [75-14]	 Time 0.0180	 Loss 2.3248	 flops 2037281.0
(0.0010, 0.0070, 0.0060)	Architecture [75-19]	 Time 0.0150	 Loss 0.3467	 flops 705936.0
(0.0010, 0.0070, 0.0060)	Architecture [75-24]	 Time 0.0140	 Loss 0.2408	 flops 563041.3125
(0.0010, 0.0060, 0.0070)	Architecture [75-29]	 Time 0.0140	 Loss 0.8516	 flops 692154.25
(0.0010, 0.0070, 0.0070)	Architecture [75-34]	 Time 0.0170	 Loss 1.3340	 flops 752675.5
(0.0010, 0.0070, 0.0070)	Architecture [75-39]	 Time 0.0150	 Loss 0.9830	 flops 533738.125
(0.0010, 0.0090, 0.0060)	Architecture [75-44]	 Time 0.0170	 Loss 1.6246	 flops 486791.125
(0.0010, 0.0070, 0.0070)	Architecture [76-4]	 Time 0.0160	 Loss 0.6742	 flops 719218.6875
(0.0010, 0.0080, 0.0070)	Architecture [76-9]	 Time 0.0160	 Loss 1.3357	 flops 822458.625
(0.0010, 0.0070, 0.0060)	Architecture [76-14]	 Time 0.0150	 Loss 2.2322	 flops 577526.375
(0.0010, 0.0080, 0.0080)	Architecture [76-19]	 Time 0.0180	 Loss 0.9348	 flops 563143.0
(0.0010, 0.0090, 0.0060)	Architecture [76-24]	 Time 0.0170	 Loss 0.7292	 flops 849558.8125
(0.0010, 0.0070, 0.0060)	Architecture [76-29]	 Time 0.0160	 Loss 0.7971	 flops 842602.5
(0.0010, 0.0070, 0.0060)	Architecture [76-34]	 Time 0.0150	 Loss 0.7595	 flops 835704.25
(0.0010, 0.0080, 0.0070)	Architecture [76-39]	 Time 0.0170	 Loss 0.6198	 flops 645241.4375
(0.0010, 0.0070, 0.0060)	Architecture [76-44]	 Time 0.0150	 Loss 0.1944	 flops 717167.3125
(0.0010, 0.0080, 0.0090)	Architecture [77-4]	 Time 0.0190	 Loss 0.9228	 flops 1246612.875
(0.0010, 0.0070, 0.0060)	Architecture [77-9]	 Time 0.0150	 Loss 3.5220	 flops 473253.625
(0.0010, 0.0070, 0.0060)	Architecture [77-14]	 Time 0.0150	 Loss 1.4465	 flops 681302.125
(0.0010, 0.0070, 0.0070)	Architecture [77-19]	 Time 0.0170	 Loss 2.4811	 flops 623239.625
(0.0010, 0.0080, 0.0070)	Architecture [77-24]	 Time 0.0160	 Loss 2.4051	 flops 705261.5625
(0.0010, 0.0060, 0.0060)	Architecture [77-29]	 Time 0.0150	 Loss 1.7779	 flops 540587.9375
(0.0010, 0.0080, 0.0060)	Architecture [77-34]	 Time 0.0160	 Loss 1.2844	 flops 715826.3125
(0.0010, 0.0060, 0.0060)	Architecture [77-39]	 Time 0.0150	 Loss 1.4420	 flops 675184.375
(0.0010, 0.0070, 0.0080)	Architecture [77-44]	 Time 0.0170	 Loss 1.5645	 flops 524673.0
(0.0010, 0.0070, 0.0060)	Architecture [78-4]	 Time 0.0150	 Loss 0.9258	 flops 775692.5
(0.0010, 0.0060, 0.0060)	Architecture [78-9]	 Time 0.0150	 Loss 1.7270	 flops 696980.25
(0.0010, 0.0080, 0.0060)	Architecture [78-14]	 Time 0.0160	 Loss 0.7203	 flops 692101.0
(0.0010, 0.0070, 0.0080)	Architecture [78-19]	 Time 0.0170	 Loss 1.1361	 flops 1159559.0
(0.0010, 0.0060, 0.0060)	Architecture [78-24]	 Time 0.0150	 Loss 0.1941	 flops 698640.1875
(0.0010, 0.0080, 0.0110)	Architecture [78-29]	 Time 0.0210	 Loss 2.8935	 flops 2785409.25
(0.0010, 0.0070, 0.0070)	Architecture [78-34]	 Time 0.0160	 Loss 1.4118	 flops 728896.0625
(0.0010, 0.0080, 0.0060)	Architecture [78-39]	 Time 0.0160	 Loss 1.2945	 flops 790523.1875
(0.0010, 0.0080, 0.0090)	Architecture [78-44]	 Time 0.0200	 Loss 4.1361	 flops 1752082.0
(0.0010, 0.0080, 0.0060)	Architecture [79-4]	 Time 0.0170	 Loss 1.6453	 flops 665774.625
(0.0010, 0.0100, 0.0080)	Architecture [79-9]	 Time 0.0200	 Loss 3.0406	 flops 2683165.5
(0.0010, 0.0080, 0.0060)	Architecture [79-14]	 Time 0.0170	 Loss 1.2586	 flops 793923.5625
(0.0010, 0.0090, 0.0060)	Architecture [79-19]	 Time 0.0180	 Loss 1.5197	 flops 825400.375
(0.0010, 0.0080, 0.0070)	Architecture [79-24]	 Time 0.0170	 Loss 0.2534	 flops 634128.875
(0.0010, 0.0070, 0.0060)	Architecture [79-29]	 Time 0.0160	 Loss 1.0008	 flops 626622.25
(0.0010, 0.0080, 0.0060)	Architecture [79-34]	 Time 0.0150	 Loss 1.4053	 flops 703980.25
(0.0010, 0.0070, 0.0090)	Architecture [79-39]	 Time 0.0180	 Loss 2.6946	 flops 1276163.5
(0.0000, 0.0070, 0.0060)	Architecture [79-44]	 Time 0.0140	 Loss 0.3737	 flops 628794.1875
(0.0020, 0.0080, 0.0060)	Architecture [80-4]	 Time 0.0170	 Loss 0.0822	 flops 721324.625
(0.0010, 0.0080, 0.0080)	Architecture [80-9]	 Time 0.0180	 Loss 0.3761	 flops 2028856.25
(0.0010, 0.0100, 0.0090)	Architecture [80-14]	 Time 0.0210	 Loss 3.2676	 flops 1983044.125
(0.0010, 0.0070, 0.0060)	Architecture [80-19]	 Time 0.0150	 Loss 1.6560	 flops 568435.25
(0.0000, 0.0070, 0.0070)	Architecture [80-24]	 Time 0.0150	 Loss 0.7268	 flops 571888.875
(0.0010, 0.0070, 0.0090)	Architecture [80-29]	 Time 0.0180	 Loss 8.0141	 flops 2750294.0
(0.0010, 0.0070, 0.0060)	Architecture [80-34]	 Time 0.0150	 Loss 1.2111	 flops 563942.3125
(0.0010, 0.0060, 0.0060)	Architecture [80-39]	 Time 0.0150	 Loss 1.6282	 flops 553582.1875
(0.0010, 0.0070, 0.0060)	Architecture [80-44]	 Time 0.0140	 Loss 1.4646	 flops 760134.0
(0.0010, 0.0080, 0.0080)	Architecture [81-4]	 Time 0.0170	 Loss 0.3950	 flops 586953.3125
(0.0010, 0.0070, 0.0060)	Architecture [81-9]	 Time 0.0150	 Loss 1.2209	 flops 549473.875
(0.0010, 0.0070, 0.0070)	Architecture [81-14]	 Time 0.0160	 Loss 0.8512	 flops 760586.1875
(0.0010, 0.0070, 0.0060)	Architecture [81-19]	 Time 0.0140	 Loss 0.6524	 flops 803667.0
(0.0010, 0.0070, 0.0090)	Architecture [81-24]	 Time 0.0180	 Loss 1.7783	 flops 1062905.0
(0.0010, 0.0080, 0.0060)	Architecture [81-29]	 Time 0.0170	 Loss 0.2486	 flops 648214.1875
(0.0010, 0.0070, 0.0060)	Architecture [81-34]	 Time 0.0160	 Loss 0.3710	 flops 577486.0625
(0.0010, 0.0060, 0.0060)	Architecture [81-39]	 Time 0.0150	 Loss 1.8301	 flops 643580.0
(0.0010, 0.0070, 0.0060)	Architecture [81-44]	 Time 0.0160	 Loss 1.4368	 flops 643832.625
(0.0010, 0.0080, 0.0070)	Architecture [82-4]	 Time 0.0180	 Loss 0.7187	 flops 467697.875
(0.0010, 0.0070, 0.0060)	Architecture [82-9]	 Time 0.0160	 Loss 1.9778	 flops 457339.3125
(0.0010, 0.0080, 0.0070)	Architecture [82-14]	 Time 0.0170	 Loss 1.2860	 flops 532163.9375
(0.0010, 0.0070, 0.0080)	Architecture [82-19]	 Time 0.0180	 Loss 2.2717	 flops 986924.25
(0.0010, 0.0070, 0.0070)	Architecture [82-24]	 Time 0.0150	 Loss 2.0043	 flops 574413.4375
(0.0010, 0.0070, 0.0060)	Architecture [82-29]	 Time 0.0150	 Loss 0.2671	 flops 710824.5625
(0.0010, 0.0090, 0.0060)	Architecture [82-34]	 Time 0.0180	 Loss 0.8655	 flops 386038.21875
(0.0010, 0.0070, 0.0080)	Architecture [82-39]	 Time 0.0180	 Loss 2.4635	 flops 644527.1875
(0.0010, 0.0090, 0.0100)	Architecture [82-44]	 Time 0.0210	 Loss 2.8932	 flops 2153270.25
(0.0010, 0.0070, 0.0090)	Architecture [83-4]	 Time 0.0190	 Loss 1.8068	 flops 1836194.0
(0.0010, 0.0070, 0.0080)	Architecture [83-9]	 Time 0.0170	 Loss 0.3707	 flops 578901.1875
(0.0010, 0.0070, 0.0080)	Architecture [83-14]	 Time 0.0180	 Loss 1.0704	 flops 1348816.25
(0.0000, 0.0070, 0.0060)	Architecture [83-19]	 Time 0.0150	 Loss 1.4020	 flops 758639.375
(0.0010, 0.0080, 0.0060)	Architecture [83-24]	 Time 0.0160	 Loss 1.2962	 flops 740955.0
(0.0010, 0.0070, 0.0080)	Architecture [83-29]	 Time 0.0170	 Loss 2.0208	 flops 401726.9375
(0.0010, 0.0070, 0.0080)	Architecture [83-34]	 Time 0.0170	 Loss 2.6923	 flops 575908.1875
(0.0010, 0.0080, 0.0060)	Architecture [83-39]	 Time 0.0170	 Loss 1.7822	 flops 542917.1875
(0.0010, 0.0090, 0.0070)	Architecture [83-44]	 Time 0.0180	 Loss 1.5509	 flops 639127.1875
(0.0010, 0.0070, 0.0070)	Architecture [84-4]	 Time 0.0160	 Loss 1.2758	 flops 543647.75
(0.0010, 0.0070, 0.0090)	Architecture [84-9]	 Time 0.0170	 Loss 0.6059	 flops 2242834.75
(0.0010, 0.0070, 0.0050)	Architecture [84-14]	 Time 0.0150	 Loss 1.1434	 flops 437692.15625
(0.0010, 0.0060, 0.0060)	Architecture [84-19]	 Time 0.0140	 Loss 1.5867	 flops 615894.25
(0.0010, 0.0080, 0.0060)	Architecture [84-24]	 Time 0.0160	 Loss 0.6065	 flops 564738.125
(0.0010, 0.0070, 0.0060)	Architecture [84-29]	 Time 0.0150	 Loss 0.5111	 flops 549612.6875
(0.0010, 0.0090, 0.0060)	Architecture [84-34]	 Time 0.0170	 Loss 0.2422	 flops 689850.25
(0.0010, 0.0070, 0.0060)	Architecture [84-39]	 Time 0.0140	 Loss 0.2162	 flops 657645.25
(0.0010, 0.0070, 0.0070)	Architecture [84-44]	 Time 0.0160	 Loss 2.5995	 flops 641087.25
(0.0010, 0.0070, 0.0070)	Architecture [85-4]	 Time 0.0170	 Loss 1.4479	 flops 643120.0
(0.0010, 0.0070, 0.0060)	Architecture [85-9]	 Time 0.0150	 Loss 0.6854	 flops 724992.8125
(0.0010, 0.0070, 0.0060)	Architecture [85-14]	 Time 0.0150	 Loss 2.6052	 flops 553128.4375
(0.0010, 0.0070, 0.0070)	Architecture [85-19]	 Time 0.0150	 Loss 1.6591	 flops 532474.1875
(0.0010, 0.0080, 0.0070)	Architecture [85-24]	 Time 0.0160	 Loss 1.3288	 flops 697153.0
(0.0010, 0.0070, 0.0070)	Architecture [85-29]	 Time 0.0160	 Loss 4.2907	 flops 559624.125
(0.0010, 0.0100, 0.0060)	Architecture [85-34]	 Time 0.0190	 Loss 0.3955	 flops 659954.25
(0.0010, 0.0070, 0.0060)	Architecture [85-39]	 Time 0.0150	 Loss 1.4998	 flops 823573.1875
(0.0010, 0.0060, 0.0070)	Architecture [85-44]	 Time 0.0150	 Loss 1.6937	 flops 593404.1875
(0.0010, 0.0070, 0.0090)	Architecture [86-4]	 Time 0.0190	 Loss 3.4464	 flops 2208790.25
(0.0010, 0.0070, 0.0060)	Architecture [86-9]	 Time 0.0150	 Loss 0.5270	 flops 557240.5625
(0.0010, 0.0070, 0.0060)	Architecture [86-14]	 Time 0.0140	 Loss 0.1772	 flops 690890.25
(0.0010, 0.0070, 0.0080)	Architecture [86-19]	 Time 0.0180	 Loss 0.3674	 flops 2848288.25
(0.0000, 0.0080, 0.0070)	Architecture [86-24]	 Time 0.0170	 Loss 1.3024	 flops 770757.8125
(0.0010, 0.0060, 0.0070)	Architecture [86-29]	 Time 0.0160	 Loss 1.3814	 flops 731198.5625
(0.0010, 0.0080, 0.0070)	Architecture [86-34]	 Time 0.0180	 Loss 0.8555	 flops 697748.375
(0.0020, 0.0080, 0.0080)	Architecture [86-39]	 Time 0.0190	 Loss 4.4434	 flops 705522.3125
(0.0010, 0.0070, 0.0060)	Architecture [86-44]	 Time 0.0140	 Loss 1.2868	 flops 498568.0625
(0.0010, 0.0070, 0.0070)	Architecture [87-4]	 Time 0.0160	 Loss 1.4138	 flops 637172.5
(0.0010, 0.0070, 0.0060)	Architecture [87-9]	 Time 0.0150	 Loss 1.8513	 flops 637191.1875
(0.0010, 0.0090, 0.0070)	Architecture [87-14]	 Time 0.0180	 Loss 0.2093	 flops 627375.75
(0.0010, 0.0070, 0.0060)	Architecture [87-19]	 Time 0.0140	 Loss 0.9236	 flops 629582.75
(0.0010, 0.0080, 0.0080)	Architecture [87-24]	 Time 0.0180	 Loss 1.9452	 flops 981945.3125
(0.0030, 0.0070, 0.0070)	Architecture [87-29]	 Time 0.0180	 Loss 0.9174	 flops 639741.9375
(0.0010, 0.0090, 0.0060)	Architecture [87-34]	 Time 0.0170	 Loss 0.5054	 flops 438971.3125
(0.0010, 0.0060, 0.0070)	Architecture [87-39]	 Time 0.0140	 Loss 0.2777	 flops 375248.96875
(0.0010, 0.0070, 0.0090)	Architecture [87-44]	 Time 0.0190	 Loss 0.2610	 flops 665919.25
(0.0010, 0.0090, 0.0060)	Architecture [88-4]	 Time 0.0170	 Loss 1.5622	 flops 682449.0
(0.0010, 0.0070, 0.0060)	Architecture [88-9]	 Time 0.0150	 Loss 1.4728	 flops 619930.9375
(0.0000, 0.0070, 0.0060)	Architecture [88-14]	 Time 0.0150	 Loss 0.5864	 flops 702704.1875
(0.0000, 0.0080, 0.0080)	Architecture [88-19]	 Time 0.0180	 Loss 4.8707	 flops 1010607.125
(0.0010, 0.0070, 0.0060)	Architecture [88-24]	 Time 0.0150	 Loss 1.7839	 flops 703770.4375
(0.0010, 0.0070, 0.0060)	Architecture [88-29]	 Time 0.0140	 Loss 1.4084	 flops 664436.0625
(0.0010, 0.0080, 0.0060)	Architecture [88-34]	 Time 0.0170	 Loss 1.7870	 flops 641803.8125
(0.0010, 0.0060, 0.0070)	Architecture [88-39]	 Time 0.0160	 Loss 0.5189	 flops 643789.1875
(0.0010, 0.0070, 0.0060)	Architecture [88-44]	 Time 0.0150	 Loss 0.5010	 flops 386036.71875
(0.0010, 0.0080, 0.0060)	Architecture [89-4]	 Time 0.0160	 Loss 1.6091	 flops 770986.6875
(0.0010, 0.0080, 0.0080)	Architecture [89-9]	 Time 0.0180	 Loss 2.9890	 flops 649755.3125
(0.0010, 0.0070, 0.0080)	Architecture [89-14]	 Time 0.0170	 Loss 0.6594	 flops 639697.0625
(0.0010, 0.0070, 0.0070)	Architecture [89-19]	 Time 0.0170	 Loss 0.2212	 flops 606774.75
(0.0010, 0.0070, 0.0080)	Architecture [89-24]	 Time 0.0180	 Loss 0.4745	 flops 1865729.625
(0.0010, 0.0080, 0.0080)	Architecture [89-29]	 Time 0.0180	 Loss 4.7912	 flops 2442877.75
(0.0010, 0.0070, 0.0060)	Architecture [89-34]	 Time 0.0150	 Loss 1.4081	 flops 700323.625
(0.0010, 0.0070, 0.0080)	Architecture [89-39]	 Time 0.0180	 Loss 1.7322	 flops 1166919.625
(0.0010, 0.0070, 0.0060)	Architecture [89-44]	 Time 0.0150	 Loss 1.5450	 flops 583129.875
(0.0010, 0.0070, 0.0060)	Architecture [90-4]	 Time 0.0160	 Loss 1.7214	 flops 766067.6875
(0.0010, 0.0080, 0.0060)	Architecture [90-9]	 Time 0.0170	 Loss 1.3504	 flops 631707.8125
(0.0010, 0.0070, 0.0090)	Architecture [90-14]	 Time 0.0170	 Loss 3.8214	 flops 2741416.25
(0.0010, 0.0070, 0.0060)	Architecture [90-19]	 Time 0.0150	 Loss 0.2574	 flops 648525.75
(0.0010, 0.0070, 0.0080)	Architecture [90-24]	 Time 0.0180	 Loss 2.0333	 flops 2741345.0
(0.0010, 0.0060, 0.0060)	Architecture [90-29]	 Time 0.0150	 Loss 1.4759	 flops 601116.5
(0.0010, 0.0070, 0.0060)	Architecture [90-34]	 Time 0.0160	 Loss 0.9161	 flops 639419.0
(0.0010, 0.0080, 0.0070)	Architecture [90-39]	 Time 0.0160	 Loss 0.4924	 flops 480341.8125
(0.0010, 0.0080, 0.0100)	Architecture [90-44]	 Time 0.0210	 Loss 0.5269	 flops 742192.4375
(0.0010, 0.0070, 0.0060)	Architecture [91-4]	 Time 0.0150	 Loss 0.2056	 flops 679052.375
(0.0010, 0.0070, 0.0060)	Architecture [91-9]	 Time 0.0150	 Loss 1.6081	 flops 630055.375
(0.0010, 0.0080, 0.0070)	Architecture [91-14]	 Time 0.0170	 Loss 1.6056	 flops 609428.5625
(0.0010, 0.0070, 0.0070)	Architecture [91-19]	 Time 0.0170	 Loss 0.7580	 flops 591013.125
(0.0010, 0.0060, 0.0070)	Architecture [91-24]	 Time 0.0150	 Loss 1.5878	 flops 698992.125
(0.0010, 0.0060, 0.0070)	Architecture [91-29]	 Time 0.0160	 Loss 0.9592	 flops 596594.8125
(0.0010, 0.0070, 0.0070)	Architecture [91-34]	 Time 0.0160	 Loss 0.8591	 flops 560825.4375
(0.0010, 0.0070, 0.0060)	Architecture [91-39]	 Time 0.0140	 Loss 2.1875	 flops 597135.125
(0.0010, 0.0070, 0.0060)	Architecture [91-44]	 Time 0.0150	 Loss 0.4087	 flops 555728.875
(0.0010, 0.0070, 0.0070)	Architecture [92-4]	 Time 0.0160	 Loss 0.9480	 flops 449570.8125
(0.0010, 0.0070, 0.0060)	Architecture [92-9]	 Time 0.0150	 Loss 1.4864	 flops 637649.375
(0.0010, 0.0070, 0.0080)	Architecture [92-14]	 Time 0.0180	 Loss 3.7979	 flops 1097079.0
(0.0010, 0.0070, 0.0060)	Architecture [92-19]	 Time 0.0140	 Loss 0.6510	 flops 552631.5625
(0.0010, 0.0080, 0.0080)	Architecture [92-24]	 Time 0.0180	 Loss 0.4420	 flops 2510463.75
(0.0010, 0.0070, 0.0070)	Architecture [92-29]	 Time 0.0150	 Loss 0.2019	 flops 674536.8125
(0.0010, 0.0100, 0.0080)	Architecture [92-34]	 Time 0.0210	 Loss 2.9759	 flops 702657.125
(0.0010, 0.0080, 0.0080)	Architecture [92-39]	 Time 0.0190	 Loss 1.3972	 flops 2703437.0
(0.0010, 0.0070, 0.0070)	Architecture [92-44]	 Time 0.0160	 Loss 0.6011	 flops 612289.0625
(0.0020, 0.0080, 0.0060)	Architecture [93-4]	 Time 0.0170	 Loss 2.8457	 flops 526117.0
(0.0010, 0.0090, 0.0080)	Architecture [93-9]	 Time 0.0200	 Loss 3.2326	 flops 1301139.5
(0.0010, 0.0070, 0.0070)	Architecture [93-14]	 Time 0.0160	 Loss 1.2095	 flops 431817.09375
(0.0010, 0.0070, 0.0060)	Architecture [93-19]	 Time 0.0150	 Loss 1.2881	 flops 529616.25
(0.0000, 0.0070, 0.0070)	Architecture [93-24]	 Time 0.0150	 Loss 0.2462	 flops 629905.25
(0.0010, 0.0070, 0.0060)	Architecture [93-29]	 Time 0.0150	 Loss 1.1294	 flops 602845.3125
(0.0010, 0.0080, 0.0070)	Architecture [93-34]	 Time 0.0160	 Loss 1.4546	 flops 619559.3125
(0.0010, 0.0060, 0.0070)	Architecture [93-39]	 Time 0.0150	 Loss 0.6962	 flops 563758.625
(0.0010, 0.0080, 0.0070)	Architecture [93-44]	 Time 0.0170	 Loss 0.6096	 flops 702665.875
(0.0010, 0.0080, 0.0060)	Architecture [94-4]	 Time 0.0170	 Loss 0.2454	 flops 576631.375
(0.0010, 0.0090, 0.0060)	Architecture [94-9]	 Time 0.0170	 Loss 0.2010	 flops 589160.5
(0.0010, 0.0070, 0.0060)	Architecture [94-14]	 Time 0.0150	 Loss 1.4492	 flops 606427.25
(0.0010, 0.0070, 0.0090)	Architecture [94-19]	 Time 0.0180	 Loss 1.4551	 flops 2727366.5
(0.0000, 0.0070, 0.0060)	Architecture [94-24]	 Time 0.0150	 Loss 0.8431	 flops 583624.1875
(0.0010, 0.0070, 0.0070)	Architecture [94-29]	 Time 0.0150	 Loss 2.9616	 flops 433380.875
(0.0010, 0.0080, 0.0090)	Architecture [94-34]	 Time 0.0190	 Loss 5.7986	 flops 2502117.5
(0.0010, 0.0080, 0.0060)	Architecture [94-39]	 Time 0.0160	 Loss 1.3871	 flops 593149.0625
(0.0010, 0.0080, 0.0060)	Architecture [94-44]	 Time 0.0170	 Loss 1.9735	 flops 624924.625
(0.0010, 0.0080, 0.0070)	Architecture [95-4]	 Time 0.0170	 Loss 0.2757	 flops 698484.75
(0.0000, 0.0080, 0.0080)	Architecture [95-9]	 Time 0.0180	 Loss 2.8242	 flops 2628371.0
(0.0010, 0.0080, 0.0070)	Architecture [95-14]	 Time 0.0180	 Loss 1.4713	 flops 699087.625
(0.0010, 0.0080, 0.0080)	Architecture [95-19]	 Time 0.0190	 Loss 1.8466	 flops 674450.6875
(0.0010, 0.0060, 0.0070)	Architecture [95-24]	 Time 0.0160	 Loss 0.4837	 flops 596517.8125
(0.0010, 0.0070, 0.0060)	Architecture [95-29]	 Time 0.0150	 Loss 0.1600	 flops 576603.25
(0.0010, 0.0090, 0.0090)	Architecture [95-34]	 Time 0.0200	 Loss 0.4374	 flops 2187644.25
(0.0010, 0.0070, 0.0060)	Architecture [95-39]	 Time 0.0140	 Loss 1.5057	 flops 585716.5
(0.0010, 0.0080, 0.0090)	Architecture [95-44]	 Time 0.0180	 Loss 1.1652	 flops 2426794.5
(0.0010, 0.0070, 0.0060)	Architecture [96-4]	 Time 0.0160	 Loss 0.6329	 flops 664983.0
(0.0010, 0.0070, 0.0090)	Architecture [96-9]	 Time 0.0170	 Loss 6.1424	 flops 1018668.0
(0.0010, 0.0090, 0.0080)	Architecture [96-14]	 Time 0.0200	 Loss 3.4123	 flops 1074419.625
(0.0010, 0.0090, 0.0100)	Architecture [96-19]	 Time 0.0210	 Loss 5.0950	 flops 2108329.5
(0.0010, 0.0070, 0.0070)	Architecture [96-24]	 Time 0.0150	 Loss 2.0428	 flops 617250.375
(0.0010, 0.0060, 0.0060)	Architecture [96-29]	 Time 0.0140	 Loss 0.4583	 flops 618302.9375
(0.0010, 0.0080, 0.0100)	Architecture [96-34]	 Time 0.0200	 Loss 1.8817	 flops 2146914.25
(0.0010, 0.0070, 0.0070)	Architecture [96-39]	 Time 0.0160	 Loss 1.5125	 flops 699729.625
(0.0020, 0.0060, 0.0060)	Architecture [96-44]	 Time 0.0150	 Loss 0.7101	 flops 503753.9375
(0.0010, 0.0070, 0.0090)	Architecture [97-4]	 Time 0.0180	 Loss 1.9985	 flops 2541901.0
(0.0010, 0.0060, 0.0070)	Architecture [97-9]	 Time 0.0140	 Loss 0.1293	 flops 610748.1875
(0.0000, 0.0070, 0.0070)	Architecture [97-14]	 Time 0.0150	 Loss 0.1748	 flops 573464.0625
(0.0010, 0.0060, 0.0060)	Architecture [97-19]	 Time 0.0150	 Loss 3.3144	 flops 654702.9375
(0.0010, 0.0060, 0.0070)	Architecture [97-24]	 Time 0.0150	 Loss 1.4327	 flops 609923.125
(0.0010, 0.0080, 0.0080)	Architecture [97-29]	 Time 0.0180	 Loss 3.4344	 flops 1238814.375
(0.0010, 0.0080, 0.0070)	Architecture [97-34]	 Time 0.0170	 Loss 3.0103	 flops 717268.375
(0.0010, 0.0080, 0.0080)	Architecture [97-39]	 Time 0.0190	 Loss 3.1367	 flops 1413148.875
(0.0010, 0.0070, 0.0070)	Architecture [97-44]	 Time 0.0160	 Loss 1.4792	 flops 829626.6875
(0.0010, 0.0060, 0.0070)	Architecture [98-4]	 Time 0.0150	 Loss 2.1018	 flops 385645.84375
(0.0010, 0.0070, 0.0060)	Architecture [98-9]	 Time 0.0150	 Loss 0.4863	 flops 622383.0
(0.0010, 0.0070, 0.0080)	Architecture [98-14]	 Time 0.0180	 Loss 2.2089	 flops 1621962.875
(0.0010, 0.0080, 0.0070)	Architecture [98-19]	 Time 0.0180	 Loss 1.6152	 flops 664763.0625
(0.0010, 0.0070, 0.0060)	Architecture [98-24]	 Time 0.0150	 Loss 0.9283	 flops 628667.3125
(0.0010, 0.0070, 0.0060)	Architecture [98-29]	 Time 0.0140	 Loss 0.5885	 flops 730209.625
(0.0010, 0.0090, 0.0070)	Architecture [98-34]	 Time 0.0190	 Loss 0.1531	 flops 614057.0
(0.0010, 0.0070, 0.0060)	Architecture [98-39]	 Time 0.0140	 Loss 0.1828	 flops 560900.125
(0.0010, 0.0070, 0.0080)	Architecture [98-44]	 Time 0.0180	 Loss 4.5305	 flops 3008008.5
(0.0010, 0.0070, 0.0060)	Architecture [99-4]	 Time 0.0150	 Loss 1.3722	 flops 611588.25
(0.0010, 0.0070, 0.0070)	Architecture [99-9]	 Time 0.0150	 Loss 0.9955	 flops 650381.0
(0.0010, 0.0070, 0.0090)	Architecture [99-14]	 Time 0.0180	 Loss 4.7858	 flops 1083490.0
(0.0010, 0.0090, 0.0070)	Architecture [99-19]	 Time 0.0180	 Loss 1.7823	 flops 630259.1875
(0.0010, 0.0080, 0.0060)	Architecture [99-24]	 Time 0.0160	 Loss 1.5573	 flops 667869.4375
(0.0010, 0.0070, 0.0060)	Architecture [99-29]	 Time 0.0150	 Loss 1.7673	 flops 686821.5
(0.0010, 0.0080, 0.0060)	Architecture [99-34]	 Time 0.0160	 Loss 0.4461	 flops 645551.125
(0.0010, 0.0080, 0.0070)	Architecture [99-39]	 Time 0.0170	 Loss 1.3808	 flops 659163.9375
(0.0010, 0.0080, 0.0060)	Architecture [99-44]	 Time 0.0160	 Loss 1.5465	 flops 612100.6875
(0.0100, 0.0160, 0.0080)	Architecture [100-4]	 Time 0.0350	 Loss 0.8940	 flops 631897.375
(0.0010, 0.0110, 0.0090)	Architecture [100-9]	 Time 0.0230	 Loss 0.6425	 flops 655237.125
(0.0010, 0.0080, 0.0070)	Architecture [100-14]	 Time 0.0180	 Loss 0.1289	 flops 683134.3125
(0.0010, 0.0090, 0.0070)	Architecture [100-19]	 Time 0.0170	 Loss 0.1834	 flops 776036.875
(0.0010, 0.0080, 0.0070)	Architecture [100-24]	 Time 0.0180	 Loss 1.1326	 flops 575831.6875
(0.0010, 0.0090, 0.0090)	Architecture [100-29]	 Time 0.0200	 Loss 0.9640	 flops 1338624.5
(0.0010, 0.0080, 0.0060)	Architecture [100-34]	 Time 0.0170	 Loss 0.8596	 flops 474407.03125
(0.0010, 0.0070, 0.0060)	Architecture [100-39]	 Time 0.0140	 Loss 2.9595	 flops 536781.375
(0.0010, 0.0080, 0.0070)	Architecture [100-44]	 Time 0.0170	 Loss 0.8752	 flops 473220.125
