------------------------------Current Architecture [1]------------------------------
0. (Mix(7x1_Conv, 0.125), None)
1. (Mix(3x1_Conv, 0.111), None)
2. (Mix(7x1_DilatedConv, 0.111), None)
------------------------------------------------------------
------------------------------Current Architecture [2]------------------------------
0. (Mix(5x1_Conv, 0.139), None)
1. (Mix(7x1_Conv, 0.128), None)
2. (Mix(9x1_DilatedConv, 0.126), None)
------------------------------------------------------------
------------------------------Current Architecture [3]------------------------------
0. (Mix(7x1_Conv, 0.163), None)
1. (Mix(3x1_Conv, 0.124), None)
2. (Mix(7x1_DilatedConv, 0.141), None)
------------------------------------------------------------
------------------------------Current Architecture [4]------------------------------
0. (Mix(7x1_Conv, 0.180), None)
1. (Mix(9x1_Conv, 0.162), None)
2. (Mix(7x1_DilatedConv, 0.147), None)
------------------------------------------------------------
------------------------------Current Architecture [5]------------------------------
0. (Mix(7x1_Conv, 0.172), None)
1. (Mix(9x1_Conv, 0.146), None)
2. (Mix(7x1_DilatedConv, 0.148), None)
------------------------------------------------------------
------------------------------Current Architecture [6]------------------------------
0. (Mix(7x1_Conv, 0.189), None)
1. (Mix(3x1_DilatedConv, 0.155), None)
2. (Mix(7x1_DilatedConv, 0.138), None)
------------------------------------------------------------
------------------------------Current Architecture [7]------------------------------
0. (Mix(7x1_Conv, 0.192), None)
1. (Mix(3x1_DilatedConv, 0.158), None)
2. (Mix(9x1_DilatedConv, 0.141), None)
------------------------------------------------------------
------------------------------Current Architecture [8]------------------------------
0. (Mix(7x1_Conv, 0.214), None)
1. (Mix(9x1_DilatedConv, 0.137), None)
2. (Mix(5x1_DilatedConv, 0.158), None)
------------------------------------------------------------
------------------------------Current Architecture [9]------------------------------
0. (Mix(7x1_Conv, 0.207), None)
1. (Mix(9x1_Conv, 0.172), None)
2. (Mix(5x1_DilatedConv, 0.159), None)
------------------------------------------------------------
------------------------------Current Architecture [10]------------------------------
0. (Mix(7x1_Conv, 0.215), None)
1. (Mix(9x1_Conv, 0.189), None)
2. (Mix(5x1_DilatedConv, 0.206), None)
------------------------------------------------------------
------------------------------Current Architecture [11]------------------------------
0. (Mix(7x1_Conv, 0.233), None)
1. (Mix(9x1_Conv, 0.166), None)
2. (Mix(3x1_DilatedConv, 0.169), None)
------------------------------------------------------------
------------------------------Current Architecture [12]------------------------------
0. (Mix(7x1_Conv, 0.262), None)
1. (Mix(9x1_Conv, 0.156), None)
2. (Mix(3x1_DilatedConv, 0.180), None)
------------------------------------------------------------
------------------------------Current Architecture [13]------------------------------
0. (Mix(7x1_Conv, 0.241), None)
1. (Mix(7x1_Conv, 0.150), None)
2. (Mix(3x1_DilatedConv, 0.178), None)
------------------------------------------------------------
------------------------------Current Architecture [14]------------------------------
0. (Mix(7x1_Conv, 0.223), None)
1. (Mix(5x1_Conv, 0.161), None)
2. (Mix(3x1_DilatedConv, 0.180), None)
------------------------------------------------------------
------------------------------Current Architecture [15]------------------------------
0. (Mix(7x1_Conv, 0.308), None)
1. (Mix(5x1_DilatedConv, 0.191), None)
2. (Mix(3x1_DilatedConv, 0.182), None)
------------------------------------------------------------
------------------------------Current Architecture [16]------------------------------
0. (Mix(7x1_Conv, 0.323), None)
1. (Mix(5x1_DilatedConv, 0.210), None)
2. (Mix(3x1_DilatedConv, 0.187), None)
------------------------------------------------------------
------------------------------Current Architecture [17]------------------------------
0. (Mix(7x1_Conv, 0.356), None)
1. (Mix(5x1_DilatedConv, 0.178), None)
2. (Mix(3x1_DilatedConv, 0.192), None)
------------------------------------------------------------
------------------------------Current Architecture [18]------------------------------
0. (Mix(7x1_Conv, 0.383), None)
1. (Mix(5x1_DilatedConv, 0.178), None)
2. (Mix(3x1_DilatedConv, 0.199), None)
------------------------------------------------------------
------------------------------Current Architecture [19]------------------------------
0. (Mix(7x1_Conv, 0.379), None)
1. (Mix(5x1_DilatedConv, 0.181), None)
2. (Mix(7x1_Conv, 0.201), None)
------------------------------------------------------------
------------------------------Current Architecture [20]------------------------------
0. (Mix(7x1_Conv, 0.362), None)
1. (Mix(5x1_DilatedConv, 0.182), None)
2. (Mix(Zero, 0.216), None)
------------------------------------------------------------
------------------------------Current Architecture [21]------------------------------
0. (Mix(7x1_Conv, 0.345), None)
1. (Mix(5x1_DilatedConv, 0.180), None)
2. (Mix(Zero, 0.217), None)
------------------------------------------------------------
------------------------------Current Architecture [22]------------------------------
0. (Mix(7x1_Conv, 0.323), None)
1. (Mix(5x1_DilatedConv, 0.184), None)
2. (Mix(Zero, 0.231), None)
------------------------------------------------------------
------------------------------Current Architecture [23]------------------------------
0. (Mix(7x1_Conv, 0.368), None)
1. (Mix(5x1_DilatedConv, 0.183), None)
2. (Mix(Zero, 0.265), None)
------------------------------------------------------------
------------------------------Current Architecture [24]------------------------------
0. (Mix(7x1_Conv, 0.391), None)
1. (Mix(5x1_DilatedConv, 0.162), None)
2. (Mix(Zero, 0.272), None)
------------------------------------------------------------
------------------------------Current Architecture [25]------------------------------
0. (Mix(7x1_Conv, 0.396), None)
1. (Mix(Zero, 0.158), None)
2. (Mix(Zero, 0.269), None)
------------------------------------------------------------
------------------------------Current Architecture [26]------------------------------
0. (Mix(7x1_Conv, 0.421), None)
1. (Mix(7x1_Conv, 0.205), None)
2. (Mix(Zero, 0.268), None)
------------------------------------------------------------
------------------------------Current Architecture [27]------------------------------
0. (Mix(7x1_Conv, 0.381), None)
1. (Mix(9x1_DilatedConv, 0.208), None)
2. (Mix(Zero, 0.305), None)
------------------------------------------------------------
------------------------------Current Architecture [28]------------------------------
0. (Mix(7x1_Conv, 0.380), None)
1. (Mix(9x1_DilatedConv, 0.218), None)
2. (Mix(Zero, 0.353), None)
------------------------------------------------------------
------------------------------Current Architecture [29]------------------------------
0. (Mix(7x1_Conv, 0.382), None)
1. (Mix(9x1_DilatedConv, 0.226), None)
2. (Mix(Zero, 0.352), None)
------------------------------------------------------------
------------------------------Current Architecture [30]------------------------------
0. (Mix(7x1_Conv, 0.378), None)
1. (Mix(7x1_Conv, 0.218), None)
2. (Mix(Zero, 0.409), None)
------------------------------------------------------------
------------------------------Current Architecture [31]------------------------------
0. (Mix(7x1_Conv, 0.358), None)
1. (Mix(7x1_Conv, 0.217), None)
2. (Mix(Zero, 0.413), None)
------------------------------------------------------------
------------------------------Current Architecture [32]------------------------------
0. (Mix(7x1_Conv, 0.311), None)
1. (Mix(Zero, 0.217), None)
2. (Mix(Zero, 0.416), None)
------------------------------------------------------------
------------------------------Current Architecture [33]------------------------------
0. (Mix(7x1_Conv, 0.305), None)
1. (Mix(Zero, 0.222), None)
2. (Mix(Zero, 0.418), None)
------------------------------------------------------------
------------------------------Current Architecture [34]------------------------------
0. (Mix(7x1_DilatedConv, 0.346), None)
1. (Mix(7x1_Conv, 0.226), None)
2. (Mix(Zero, 0.417), None)
------------------------------------------------------------
------------------------------Current Architecture [35]------------------------------
0. (Mix(7x1_DilatedConv, 0.340), None)
1. (Mix(7x1_Conv, 0.221), None)
2. (Mix(Zero, 0.414), None)
------------------------------------------------------------
------------------------------Current Architecture [36]------------------------------
0. (Mix(7x1_DilatedConv, 0.363), None)
1. (Mix(Zero, 0.212), None)
2. (Mix(Zero, 0.412), None)
------------------------------------------------------------
------------------------------Current Architecture [37]------------------------------
0. (Mix(7x1_DilatedConv, 0.338), None)
1. (Mix(Zero, 0.214), None)
2. (Mix(Zero, 0.405), None)
------------------------------------------------------------
------------------------------Current Architecture [38]------------------------------
0. (Mix(7x1_DilatedConv, 0.346), None)
1. (Mix(Zero, 0.214), None)
2. (Mix(Zero, 0.405), None)
------------------------------------------------------------
------------------------------Current Architecture [39]------------------------------
0. (Mix(7x1_DilatedConv, 0.312), None)
1. (Mix(5x1_DilatedConv, 0.231), None)
2. (Mix(Zero, 0.436), None)
------------------------------------------------------------
------------------------------Current Architecture [40]------------------------------
0. (Mix(7x1_DilatedConv, 0.260), None)
1. (Mix(5x1_DilatedConv, 0.239), None)
2. (Mix(Zero, 0.528), None)
------------------------------------------------------------
------------------------------Current Architecture [41]------------------------------
0. (Mix(7x1_DilatedConv, 0.259), None)
1. (Mix(5x1_DilatedConv, 0.232), None)
2. (Mix(Zero, 0.537), None)
------------------------------------------------------------
------------------------------Current Architecture [42]------------------------------
0. (Mix(7x1_DilatedConv, 0.241), None)
1. (Mix(5x1_DilatedConv, 0.249), None)
2. (Mix(Zero, 0.543), None)
------------------------------------------------------------
------------------------------Current Architecture [43]------------------------------
0. (Mix(5x1_DilatedConv, 0.215), None)
1. (Mix(5x1_DilatedConv, 0.260), None)
2. (Mix(Zero, 0.544), None)
------------------------------------------------------------
------------------------------Current Architecture [44]------------------------------
0. (Mix(5x1_DilatedConv, 0.237), None)
1. (Mix(5x1_DilatedConv, 0.278), None)
2. (Mix(Zero, 0.543), None)
------------------------------------------------------------
------------------------------Current Architecture [45]------------------------------
0. (Mix(5x1_DilatedConv, 0.249), None)
1. (Mix(Zero, 0.298), None)
2. (Mix(Zero, 0.543), None)
------------------------------------------------------------
------------------------------Current Architecture [46]------------------------------
0. (Mix(7x1_Conv, 0.235), None)
1. (Mix(Zero, 0.296), None)
2. (Mix(Zero, 0.541), None)
------------------------------------------------------------
------------------------------Current Architecture [47]------------------------------
0. (Mix(7x1_Conv, 0.242), None)
1. (Mix(Zero, 0.363), None)
2. (Mix(Zero, 0.540), None)
------------------------------------------------------------
------------------------------Current Architecture [48]------------------------------
0. (Mix(5x1_DilatedConv, 0.256), None)
1. (Mix(Zero, 0.374), None)
2. (Mix(Zero, 0.539), None)
------------------------------------------------------------
------------------------------Current Architecture [49]------------------------------
0. (Mix(7x1_Conv, 0.256), None)
1. (Mix(Zero, 0.374), None)
2. (Mix(Zero, 0.538), None)
------------------------------------------------------------
------------------------------Current Architecture [50]------------------------------
0. (Mix(7x1_Conv, 0.252), None)
1. (Mix(Zero, 0.371), None)
2. (Mix(Zero, 0.539), None)
------------------------------------------------------------
------------------------------Current Architecture [51]------------------------------
0. (Mix(7x1_Conv, 0.266), None)
1. (Mix(Zero, 0.370), None)
2. (Mix(Zero, 0.539), None)
------------------------------------------------------------
------------------------------Current Architecture [52]------------------------------
0. (Mix(7x1_Conv, 0.259), None)
1. (Mix(Zero, 0.370), None)
2. (Mix(Zero, 0.537), None)
------------------------------------------------------------
------------------------------Current Architecture [53]------------------------------
0. (Mix(7x1_Conv, 0.210), None)
1. (Mix(Zero, 0.390), None)
2. (Mix(Zero, 0.537), None)
------------------------------------------------------------
------------------------------Current Architecture [54]------------------------------
0. (Mix(5x1_DilatedConv, 0.310), None)
1. (Mix(Zero, 0.395), None)
2. (Mix(Zero, 0.537), None)
------------------------------------------------------------
------------------------------Current Architecture [55]------------------------------
0. (Mix(5x1_DilatedConv, 0.314), None)
1. (Mix(Zero, 0.394), None)
2. (Mix(Zero, 0.536), None)
------------------------------------------------------------
------------------------------Current Architecture [56]------------------------------
0. (Mix(5x1_DilatedConv, 0.311), None)
1. (Mix(Zero, 0.400), None)
2. (Mix(Zero, 0.536), None)
------------------------------------------------------------
------------------------------Current Architecture [57]------------------------------
0. (Mix(7x1_Conv, 0.275), None)
1. (Mix(Zero, 0.408), None)
2. (Mix(Zero, 0.535), None)
------------------------------------------------------------
------------------------------Current Architecture [58]------------------------------
0. (Mix(7x1_Conv, 0.285), None)
1. (Mix(Zero, 0.406), None)
2. (Mix(Zero, 0.535), None)
------------------------------------------------------------
------------------------------Current Architecture [59]------------------------------
0. (Mix(7x1_Conv, 0.283), None)
1. (Mix(Zero, 0.396), None)
2. (Mix(Zero, 0.535), None)
------------------------------------------------------------
------------------------------Current Architecture [60]------------------------------
0. (Mix(7x1_Conv, 0.270), None)
1. (Mix(Zero, 0.395), None)
2. (Mix(Zero, 0.536), None)
------------------------------------------------------------
------------------------------Current Architecture [61]------------------------------
0. (Mix(7x1_Conv, 0.391), None)
1. (Mix(Zero, 0.393), None)
2. (Mix(Zero, 0.536), None)
------------------------------------------------------------
------------------------------Current Architecture [62]------------------------------
0. (Mix(7x1_Conv, 0.345), None)
1. (Mix(Zero, 0.388), None)
2. (Mix(Zero, 0.536), None)
------------------------------------------------------------
------------------------------Current Architecture [63]------------------------------
0. (Mix(7x1_Conv, 0.316), None)
1. (Mix(Zero, 0.381), None)
2. (Mix(Zero, 0.533), None)
------------------------------------------------------------
------------------------------Current Architecture [64]------------------------------
0. (Mix(7x1_Conv, 0.295), None)
1. (Mix(Zero, 0.380), None)
2. (Mix(Zero, 0.531), None)
------------------------------------------------------------
------------------------------Current Architecture [65]------------------------------
0. (Mix(7x1_Conv, 0.337), None)
1. (Mix(Zero, 0.378), None)
2. (Mix(Zero, 0.534), None)
------------------------------------------------------------
------------------------------Current Architecture [66]------------------------------
0. (Mix(7x1_Conv, 0.346), None)
1. (Mix(Zero, 0.377), None)
2. (Mix(Zero, 0.534), None)
------------------------------------------------------------
------------------------------Current Architecture [67]------------------------------
0. (Mix(7x1_Conv, 0.344), None)
1. (Mix(Zero, 0.380), None)
2. (Mix(Zero, 0.539), None)
------------------------------------------------------------
------------------------------Current Architecture [68]------------------------------
0. (Mix(7x1_Conv, 0.324), None)
1. (Mix(Zero, 0.379), None)
2. (Mix(Zero, 0.539), None)
------------------------------------------------------------
------------------------------Current Architecture [69]------------------------------
0. (Mix(7x1_Conv, 0.359), None)
1. (Mix(Zero, 0.411), None)
2. (Mix(Zero, 0.537), None)
------------------------------------------------------------
------------------------------Current Architecture [70]------------------------------
0. (Mix(7x1_Conv, 0.362), None)
1. (Mix(Zero, 0.414), None)
2. (Mix(Zero, 0.536), None)
------------------------------------------------------------
------------------------------Current Architecture [71]------------------------------
0. (Mix(7x1_Conv, 0.355), None)
1. (Mix(Zero, 0.417), None)
2. (Mix(Zero, 0.534), None)
------------------------------------------------------------
------------------------------Current Architecture [72]------------------------------
0. (Mix(7x1_Conv, 0.345), None)
1. (Mix(Zero, 0.432), None)
2. (Mix(Zero, 0.532), None)
------------------------------------------------------------
------------------------------Current Architecture [73]------------------------------
0. (Mix(7x1_Conv, 0.351), None)
1. (Mix(Zero, 0.437), None)
2. (Mix(Zero, 0.531), None)
------------------------------------------------------------
------------------------------Current Architecture [74]------------------------------
0. (Mix(7x1_Conv, 0.337), None)
1. (Mix(Zero, 0.438), None)
2. (Mix(Zero, 0.533), None)
------------------------------------------------------------
------------------------------Current Architecture [75]------------------------------
0. (Mix(7x1_Conv, 0.329), None)
1. (Mix(Zero, 0.450), None)
2. (Mix(Zero, 0.541), None)
------------------------------------------------------------
------------------------------Current Architecture [76]------------------------------
0. (Mix(7x1_Conv, 0.320), None)
1. (Mix(Zero, 0.451), None)
2. (Mix(Zero, 0.544), None)
------------------------------------------------------------
------------------------------Current Architecture [77]------------------------------
0. (Mix(7x1_Conv, 0.324), None)
1. (Mix(Zero, 0.452), None)
2. (Mix(Zero, 0.543), None)
------------------------------------------------------------
------------------------------Current Architecture [78]------------------------------
0. (Mix(7x1_Conv, 0.321), None)
1. (Mix(Zero, 0.451), None)
2. (Mix(Zero, 0.543), None)
------------------------------------------------------------
------------------------------Current Architecture [79]------------------------------
0. (Mix(7x1_Conv, 0.304), None)
1. (Mix(Zero, 0.451), None)
2. (Mix(Zero, 0.542), None)
------------------------------------------------------------
------------------------------Current Architecture [80]------------------------------
0. (Mix(7x1_Conv, 0.271), None)
1. (Mix(Zero, 0.449), None)
2. (Mix(Zero, 0.542), None)
------------------------------------------------------------
------------------------------Current Architecture [81]------------------------------
0. (Mix(7x1_Conv, 0.260), None)
1. (Mix(Zero, 0.452), None)
2. (Mix(Zero, 0.540), None)
------------------------------------------------------------
------------------------------Current Architecture [82]------------------------------
0. (Mix(7x1_Conv, 0.267), None)
1. (Mix(Zero, 0.451), None)
2. (Mix(Zero, 0.537), None)
------------------------------------------------------------
------------------------------Current Architecture [83]------------------------------
0. (Mix(7x1_Conv, 0.267), None)
1. (Mix(Zero, 0.450), None)
2. (Mix(Zero, 0.538), None)
------------------------------------------------------------
------------------------------Current Architecture [84]------------------------------
0. (Mix(7x1_Conv, 0.249), None)
1. (Mix(Zero, 0.449), None)
2. (Mix(Zero, 0.537), None)
------------------------------------------------------------
------------------------------Current Architecture [85]------------------------------
0. (Mix(7x1_DilatedConv, 0.222), None)
1. (Mix(Zero, 0.450), None)
2. (Mix(Zero, 0.535), None)
------------------------------------------------------------
------------------------------Current Architecture [86]------------------------------
0. (Mix(7x1_Conv, 0.220), None)
1. (Mix(Zero, 0.452), None)
2. (Mix(Zero, 0.528), None)
------------------------------------------------------------
------------------------------Current Architecture [87]------------------------------
0. (Mix(5x1_DilatedConv, 0.239), None)
1. (Mix(Zero, 0.449), None)
2. (Mix(Zero, 0.524), None)
------------------------------------------------------------
------------------------------Current Architecture [88]------------------------------
0. (Mix(7x1_DilatedConv, 0.233), None)
1. (Mix(Zero, 0.446), None)
2. (Mix(Zero, 0.524), None)
------------------------------------------------------------
------------------------------Current Architecture [89]------------------------------
0. (Mix(5x1_DilatedConv, 0.260), None)
1. (Mix(Zero, 0.444), None)
2. (Mix(Zero, 0.523), None)
------------------------------------------------------------
------------------------------Current Architecture [90]------------------------------
0. (Mix(5x1_DilatedConv, 0.265), None)
1. (Mix(Zero, 0.443), None)
2. (Mix(Zero, 0.522), None)
------------------------------------------------------------
------------------------------Current Architecture [91]------------------------------
0. (Mix(5x1_DilatedConv, 0.293), None)
1. (Mix(Zero, 0.426), None)
2. (Mix(Zero, 0.521), None)
------------------------------------------------------------
------------------------------Current Architecture [92]------------------------------
0. (Mix(5x1_DilatedConv, 0.283), None)
1. (Mix(Zero, 0.425), None)
2. (Mix(Zero, 0.527), None)
------------------------------------------------------------
------------------------------Current Architecture [93]------------------------------
0. (Mix(5x1_DilatedConv, 0.330), None)
1. (Mix(Zero, 0.428), None)
2. (Mix(Zero, 0.547), None)
------------------------------------------------------------
------------------------------Current Architecture [94]------------------------------
0. (Mix(5x1_DilatedConv, 0.342), None)
1. (Mix(Zero, 0.437), None)
2. (Mix(Zero, 0.557), None)
------------------------------------------------------------
------------------------------Current Architecture [95]------------------------------
0. (Mix(5x1_DilatedConv, 0.339), None)
1. (Mix(Zero, 0.442), None)
2. (Mix(Zero, 0.557), None)
------------------------------------------------------------
------------------------------Current Architecture [96]------------------------------
0. (Mix(5x1_DilatedConv, 0.333), None)
1. (Mix(Zero, 0.441), None)
2. (Mix(Zero, 0.557), None)
------------------------------------------------------------
------------------------------Current Architecture [97]------------------------------
0. (Mix(5x1_DilatedConv, 0.331), None)
1. (Mix(Zero, 0.439), None)
2. (Mix(Zero, 0.557), None)
------------------------------------------------------------
------------------------------Current Architecture [98]------------------------------
0. (Mix(5x1_DilatedConv, 0.322), None)
1. (Mix(Zero, 0.443), None)
2. (Mix(Zero, 0.557), None)
------------------------------------------------------------
------------------------------Current Architecture [99]------------------------------
0. (Mix(5x1_DilatedConv, 0.298), None)
1. (Mix(Zero, 0.474), None)
2. (Mix(Zero, 0.557), None)
------------------------------------------------------------
------------------------------Current Architecture [100]------------------------------
0. (Mix(5x1_DilatedConv, 0.322), None)
1. (Mix(Zero, 0.473), None)
2. (Mix(Zero, 0.558), None)
------------------------------------------------------------
