------------------------------Current Architecture [1]------------------------------
0. (Mix(7x1_Conv, 0.125), None)
1. (Mix(3x1_Conv, 0.111), None)
2. (Mix(7x1_DilatedConv, 0.111), None)
------------------------------------------------------------
------------------------------Current Architecture [2]------------------------------
0. (Mix(9x1_DilatedConv, 0.129), None)
1. (Mix(3x1_Conv, 0.114), None)
2. (Mix(9x1_DilatedConv, 0.114), None)
------------------------------------------------------------
------------------------------Current Architecture [3]------------------------------
0. (Mix(9x1_DilatedConv, 0.133), None)
1. (Mix(3x1_Conv, 0.115), None)
2. (Mix(Zero, 0.117), None)
------------------------------------------------------------
------------------------------Current Architecture [4]------------------------------
0. (Mix(5x1_DilatedConv, 0.133), None)
1. (Mix(5x1_Conv, 0.118), None)
2. (Mix(Zero, 0.117), None)
------------------------------------------------------------
------------------------------Current Architecture [5]------------------------------
0. (Mix(5x1_DilatedConv, 0.135), None)
1. (Mix(5x1_DilatedConv, 0.120), None)
2. (Mix(Zero, 0.120), None)
------------------------------------------------------------
------------------------------Current Architecture [6]------------------------------
0. (Mix(5x1_DilatedConv, 0.135), None)
1. (Mix(5x1_DilatedConv, 0.120), None)
2. (Mix(Zero, 0.121), None)
------------------------------------------------------------
------------------------------Current Architecture [7]------------------------------
0. (Mix(9x1_DilatedConv, 0.136), None)
1. (Mix(5x1_DilatedConv, 0.121), None)
2. (Mix(Zero, 0.124), None)
------------------------------------------------------------
------------------------------Current Architecture [8]------------------------------
0. (Mix(9x1_DilatedConv, 0.137), None)
1. (Mix(5x1_DilatedConv, 0.119), None)
2. (Mix(Zero, 0.126), None)
------------------------------------------------------------
------------------------------Current Architecture [9]------------------------------
0. (Mix(5x1_DilatedConv, 0.143), None)
1. (Mix(9x1_Conv, 0.124), None)
2. (Mix(Zero, 0.129), None)
------------------------------------------------------------
------------------------------Current Architecture [10]------------------------------
0. (Mix(5x1_DilatedConv, 0.144), None)
1. (Mix(9x1_Conv, 0.126), None)
2. (Mix(Zero, 0.134), None)
------------------------------------------------------------
------------------------------Current Architecture [11]------------------------------
0. (Mix(5x1_DilatedConv, 0.147), None)
1. (Mix(9x1_Conv, 0.130), None)
2. (Mix(Zero, 0.135), None)
------------------------------------------------------------
------------------------------Current Architecture [12]------------------------------
0. (Mix(5x1_DilatedConv, 0.147), None)
1. (Mix(9x1_Conv, 0.131), None)
2. (Mix(Zero, 0.135), None)
------------------------------------------------------------
------------------------------Current Architecture [13]------------------------------
0. (Mix(5x1_DilatedConv, 0.148), None)
1. (Mix(9x1_Conv, 0.131), None)
2. (Mix(Zero, 0.137), None)
------------------------------------------------------------
------------------------------Current Architecture [14]------------------------------
0. (Mix(5x1_DilatedConv, 0.148), None)
1. (Mix(9x1_Conv, 0.133), None)
2. (Mix(Zero, 0.139), None)
------------------------------------------------------------
------------------------------Current Architecture [15]------------------------------
0. (Mix(5x1_DilatedConv, 0.148), None)
1. (Mix(9x1_Conv, 0.133), None)
2. (Mix(Zero, 0.139), None)
------------------------------------------------------------
------------------------------Current Architecture [16]------------------------------
0. (Mix(5x1_DilatedConv, 0.149), None)
1. (Mix(9x1_Conv, 0.133), None)
2. (Mix(Zero, 0.142), None)
------------------------------------------------------------
------------------------------Current Architecture [17]------------------------------
0. (Mix(5x1_DilatedConv, 0.153), None)
1. (Mix(9x1_Conv, 0.133), None)
2. (Mix(Zero, 0.146), None)
------------------------------------------------------------
------------------------------Current Architecture [18]------------------------------
0. (Mix(5x1_DilatedConv, 0.155), None)
1. (Mix(9x1_Conv, 0.135), None)
2. (Mix(Zero, 0.151), None)
------------------------------------------------------------
------------------------------Current Architecture [19]------------------------------
0. (Mix(5x1_DilatedConv, 0.156), None)
1. (Mix(9x1_Conv, 0.135), None)
2. (Mix(Zero, 0.152), None)
------------------------------------------------------------
------------------------------Current Architecture [20]------------------------------
0. (Mix(5x1_DilatedConv, 0.154), None)
1. (Mix(9x1_Conv, 0.137), None)
2. (Mix(Zero, 0.154), None)
------------------------------------------------------------
------------------------------Current Architecture [21]------------------------------
0. (Mix(5x1_DilatedConv, 0.155), None)
1. (Mix(9x1_Conv, 0.143), None)
2. (Mix(Zero, 0.156), None)
------------------------------------------------------------
------------------------------Current Architecture [22]------------------------------
0. (Mix(5x1_DilatedConv, 0.152), None)
1. (Mix(9x1_Conv, 0.145), None)
2. (Mix(Zero, 0.163), None)
------------------------------------------------------------
------------------------------Current Architecture [23]------------------------------
0. (Mix(5x1_DilatedConv, 0.155), None)
1. (Mix(9x1_Conv, 0.145), None)
2. (Mix(Zero, 0.163), None)
------------------------------------------------------------
------------------------------Current Architecture [24]------------------------------
0. (Mix(5x1_DilatedConv, 0.149), None)
1. (Mix(9x1_Conv, 0.143), None)
2. (Mix(Zero, 0.172), None)
------------------------------------------------------------
------------------------------Current Architecture [25]------------------------------
0. (Mix(5x1_DilatedConv, 0.156), None)
1. (Mix(9x1_Conv, 0.143), None)
2. (Mix(Zero, 0.174), None)
------------------------------------------------------------
------------------------------Current Architecture [26]------------------------------
0. (Mix(5x1_DilatedConv, 0.156), None)
1. (Mix(9x1_Conv, 0.147), None)
2. (Mix(Zero, 0.182), None)
------------------------------------------------------------
------------------------------Current Architecture [27]------------------------------
0. (Mix(5x1_DilatedConv, 0.152), None)
1. (Mix(9x1_Conv, 0.142), None)
2. (Mix(Zero, 0.184), None)
------------------------------------------------------------
------------------------------Current Architecture [28]------------------------------
0. (Mix(5x1_DilatedConv, 0.154), None)
1. (Mix(9x1_Conv, 0.146), None)
2. (Mix(Zero, 0.191), None)
------------------------------------------------------------
------------------------------Current Architecture [29]------------------------------
0. (Mix(5x1_DilatedConv, 0.154), None)
1. (Mix(9x1_Conv, 0.148), None)
2. (Mix(Zero, 0.194), None)
------------------------------------------------------------
------------------------------Current Architecture [30]------------------------------
0. (Mix(5x1_DilatedConv, 0.153), None)
1. (Mix(9x1_Conv, 0.149), None)
2. (Mix(Zero, 0.199), None)
------------------------------------------------------------
------------------------------Current Architecture [31]------------------------------
0. (Mix(5x1_DilatedConv, 0.152), None)
1. (Mix(9x1_Conv, 0.149), None)
2. (Mix(Zero, 0.200), None)
------------------------------------------------------------
------------------------------Current Architecture [32]------------------------------
0. (Mix(7x1_Conv, 0.146), None)
1. (Mix(9x1_Conv, 0.157), None)
2. (Mix(Zero, 0.202), None)
------------------------------------------------------------
------------------------------Current Architecture [33]------------------------------
0. (Mix(7x1_Conv, 0.147), None)
1. (Mix(9x1_Conv, 0.162), None)
2. (Mix(Zero, 0.205), None)
------------------------------------------------------------
------------------------------Current Architecture [34]------------------------------
0. (Mix(7x1_Conv, 0.148), None)
1. (Mix(9x1_Conv, 0.166), None)
2. (Mix(Zero, 0.207), None)
------------------------------------------------------------
------------------------------Current Architecture [35]------------------------------
0. (Mix(7x1_Conv, 0.148), None)
1. (Mix(9x1_Conv, 0.167), None)
2. (Mix(Zero, 0.207), None)
------------------------------------------------------------
------------------------------Current Architecture [36]------------------------------
0. (Mix(7x1_Conv, 0.150), None)
1. (Mix(9x1_Conv, 0.167), None)
2. (Mix(Zero, 0.209), None)
------------------------------------------------------------
------------------------------Current Architecture [37]------------------------------
0. (Mix(7x1_Conv, 0.147), None)
1. (Mix(9x1_Conv, 0.168), None)
2. (Mix(Zero, 0.217), None)
------------------------------------------------------------
------------------------------Current Architecture [38]------------------------------
0. (Mix(7x1_Conv, 0.148), None)
1. (Mix(9x1_Conv, 0.170), None)
2. (Mix(Zero, 0.222), None)
------------------------------------------------------------
------------------------------Current Architecture [39]------------------------------
0. (Mix(7x1_Conv, 0.150), None)
1. (Mix(9x1_Conv, 0.174), None)
2. (Mix(Zero, 0.226), None)
------------------------------------------------------------
------------------------------Current Architecture [40]------------------------------
0. (Mix(7x1_Conv, 0.146), None)
1. (Mix(9x1_Conv, 0.177), None)
2. (Mix(Zero, 0.227), None)
------------------------------------------------------------
------------------------------Current Architecture [41]------------------------------
0. (Mix(7x1_Conv, 0.146), None)
1. (Mix(9x1_Conv, 0.181), None)
2. (Mix(Zero, 0.232), None)
------------------------------------------------------------
------------------------------Current Architecture [42]------------------------------
0. (Mix(7x1_Conv, 0.147), None)
1. (Mix(9x1_Conv, 0.182), None)
2. (Mix(Zero, 0.237), None)
------------------------------------------------------------
------------------------------Current Architecture [43]------------------------------
0. (Mix(7x1_Conv, 0.149), None)
1. (Mix(9x1_Conv, 0.186), None)
2. (Mix(Zero, 0.246), None)
------------------------------------------------------------
------------------------------Current Architecture [44]------------------------------
0. (Mix(7x1_DilatedConv, 0.148), None)
1. (Mix(9x1_Conv, 0.185), None)
2. (Mix(Zero, 0.248), None)
------------------------------------------------------------
------------------------------Current Architecture [45]------------------------------
0. (Mix(7x1_DilatedConv, 0.152), None)
1. (Mix(9x1_Conv, 0.174), None)
2. (Mix(Zero, 0.255), None)
------------------------------------------------------------
------------------------------Current Architecture [46]------------------------------
0. (Mix(7x1_DilatedConv, 0.156), None)
1. (Mix(9x1_Conv, 0.173), None)
2. (Mix(Zero, 0.260), None)
------------------------------------------------------------
------------------------------Current Architecture [47]------------------------------
0. (Mix(7x1_DilatedConv, 0.159), None)
1. (Mix(9x1_Conv, 0.177), None)
2. (Mix(Zero, 0.274), None)
------------------------------------------------------------
------------------------------Current Architecture [48]------------------------------
0. (Mix(7x1_DilatedConv, 0.157), None)
1. (Mix(9x1_Conv, 0.178), None)
2. (Mix(Zero, 0.278), None)
------------------------------------------------------------
------------------------------Current Architecture [49]------------------------------
0. (Mix(7x1_DilatedConv, 0.158), None)
1. (Mix(9x1_Conv, 0.180), None)
2. (Mix(Zero, 0.284), None)
------------------------------------------------------------
------------------------------Current Architecture [50]------------------------------
0. (Mix(7x1_DilatedConv, 0.156), None)
1. (Mix(9x1_Conv, 0.180), None)
2. (Mix(Zero, 0.290), None)
------------------------------------------------------------
------------------------------Current Architecture [51]------------------------------
0. (Mix(7x1_DilatedConv, 0.161), None)
1. (Mix(9x1_Conv, 0.177), None)
2. (Mix(Zero, 0.294), None)
------------------------------------------------------------
------------------------------Current Architecture [52]------------------------------
0. (Mix(7x1_DilatedConv, 0.160), None)
1. (Mix(9x1_Conv, 0.176), None)
2. (Mix(Zero, 0.297), None)
------------------------------------------------------------
------------------------------Current Architecture [53]------------------------------
0. (Mix(7x1_DilatedConv, 0.167), None)
1. (Mix(9x1_Conv, 0.175), None)
2. (Mix(Zero, 0.308), None)
------------------------------------------------------------
------------------------------Current Architecture [54]------------------------------
0. (Mix(7x1_Conv, 0.162), None)
1. (Mix(9x1_Conv, 0.173), None)
2. (Mix(Zero, 0.308), None)
------------------------------------------------------------
------------------------------Current Architecture [55]------------------------------
0. (Mix(7x1_DilatedConv, 0.164), None)
1. (Mix(9x1_Conv, 0.172), None)
2. (Mix(Zero, 0.311), None)
------------------------------------------------------------
------------------------------Current Architecture [56]------------------------------
0. (Mix(7x1_DilatedConv, 0.162), None)
1. (Mix(9x1_Conv, 0.171), None)
2. (Mix(Zero, 0.312), None)
------------------------------------------------------------
------------------------------Current Architecture [57]------------------------------
0. (Mix(7x1_DilatedConv, 0.162), None)
1. (Mix(9x1_Conv, 0.172), None)
2. (Mix(Zero, 0.314), None)
------------------------------------------------------------
------------------------------Current Architecture [58]------------------------------
0. (Mix(7x1_Conv, 0.163), None)
1. (Mix(9x1_Conv, 0.172), None)
2. (Mix(Zero, 0.322), None)
------------------------------------------------------------
------------------------------Current Architecture [59]------------------------------
0. (Mix(7x1_Conv, 0.162), None)
1. (Mix(9x1_Conv, 0.175), None)
2. (Mix(Zero, 0.326), None)
------------------------------------------------------------
------------------------------Current Architecture [60]------------------------------
0. (Mix(7x1_Conv, 0.161), None)
1. (Mix(9x1_Conv, 0.176), None)
2. (Mix(Zero, 0.328), None)
------------------------------------------------------------
------------------------------Current Architecture [61]------------------------------
0. (Mix(7x1_Conv, 0.167), None)
1. (Mix(9x1_Conv, 0.177), None)
2. (Mix(Zero, 0.335), None)
------------------------------------------------------------
------------------------------Current Architecture [62]------------------------------
0. (Mix(7x1_Conv, 0.162), None)
1. (Mix(9x1_Conv, 0.180), None)
2. (Mix(Zero, 0.343), None)
------------------------------------------------------------
------------------------------Current Architecture [63]------------------------------
0. (Mix(7x1_Conv, 0.161), None)
1. (Mix(9x1_Conv, 0.181), None)
2. (Mix(Zero, 0.349), None)
------------------------------------------------------------
------------------------------Current Architecture [64]------------------------------
0. (Mix(7x1_Conv, 0.160), None)
1. (Mix(9x1_Conv, 0.181), None)
2. (Mix(Zero, 0.355), None)
------------------------------------------------------------
------------------------------Current Architecture [65]------------------------------
0. (Mix(7x1_Conv, 0.164), None)
1. (Mix(9x1_Conv, 0.181), None)
2. (Mix(Zero, 0.361), None)
------------------------------------------------------------
------------------------------Current Architecture [66]------------------------------
0. (Mix(7x1_Conv, 0.166), None)
1. (Mix(9x1_Conv, 0.181), None)
2. (Mix(Zero, 0.369), None)
------------------------------------------------------------
------------------------------Current Architecture [67]------------------------------
0. (Mix(7x1_Conv, 0.168), None)
1. (Mix(9x1_Conv, 0.181), None)
2. (Mix(Zero, 0.372), None)
------------------------------------------------------------
------------------------------Current Architecture [68]------------------------------
0. (Mix(7x1_Conv, 0.168), None)
1. (Mix(9x1_Conv, 0.177), None)
2. (Mix(Zero, 0.378), None)
------------------------------------------------------------
------------------------------Current Architecture [69]------------------------------
0. (Mix(7x1_Conv, 0.170), None)
1. (Mix(9x1_Conv, 0.176), None)
2. (Mix(Zero, 0.380), None)
------------------------------------------------------------
------------------------------Current Architecture [70]------------------------------
0. (Mix(7x1_Conv, 0.169), None)
1. (Mix(9x1_Conv, 0.176), None)
2. (Mix(Zero, 0.381), None)
------------------------------------------------------------
------------------------------Current Architecture [71]------------------------------
0. (Mix(7x1_Conv, 0.169), None)
1. (Mix(9x1_Conv, 0.173), None)
2. (Mix(Zero, 0.382), None)
------------------------------------------------------------
------------------------------Current Architecture [72]------------------------------
0. (Mix(7x1_Conv, 0.171), None)
1. (Mix(9x1_Conv, 0.173), None)
2. (Mix(Zero, 0.387), None)
------------------------------------------------------------
------------------------------Current Architecture [73]------------------------------
0. (Mix(7x1_Conv, 0.172), None)
1. (Mix(9x1_Conv, 0.173), None)
2. (Mix(Zero, 0.394), None)
------------------------------------------------------------
------------------------------Current Architecture [74]------------------------------
0. (Mix(7x1_Conv, 0.172), None)
1. (Mix(9x1_Conv, 0.173), None)
2. (Mix(Zero, 0.398), None)
------------------------------------------------------------
------------------------------Current Architecture [75]------------------------------
0. (Mix(7x1_Conv, 0.170), None)
1. (Mix(9x1_Conv, 0.173), None)
2. (Mix(Zero, 0.400), None)
------------------------------------------------------------
------------------------------Current Architecture [76]------------------------------
0. (Mix(7x1_Conv, 0.175), None)
1. (Mix(9x1_Conv, 0.176), None)
2. (Mix(Zero, 0.408), None)
------------------------------------------------------------
------------------------------Current Architecture [77]------------------------------
0. (Mix(7x1_Conv, 0.179), None)
1. (Mix(9x1_Conv, 0.176), None)
2. (Mix(Zero, 0.418), None)
------------------------------------------------------------
------------------------------Current Architecture [78]------------------------------
0. (Mix(7x1_Conv, 0.184), None)
1. (Mix(9x1_Conv, 0.180), None)
2. (Mix(Zero, 0.429), None)
------------------------------------------------------------
------------------------------Current Architecture [79]------------------------------
0. (Mix(7x1_Conv, 0.181), None)
1. (Mix(9x1_Conv, 0.179), None)
2. (Mix(Zero, 0.430), None)
------------------------------------------------------------
------------------------------Current Architecture [80]------------------------------
0. (Mix(7x1_Conv, 0.180), None)
1. (Mix(9x1_Conv, 0.177), None)
2. (Mix(Zero, 0.433), None)
------------------------------------------------------------
------------------------------Current Architecture [81]------------------------------
0. (Mix(7x1_Conv, 0.186), None)
1. (Mix(9x1_Conv, 0.178), None)
2. (Mix(Zero, 0.440), None)
------------------------------------------------------------
------------------------------Current Architecture [82]------------------------------
0. (Mix(7x1_Conv, 0.190), None)
1. (Mix(9x1_Conv, 0.178), None)
2. (Mix(Zero, 0.456), None)
------------------------------------------------------------
------------------------------Current Architecture [83]------------------------------
0. (Mix(7x1_Conv, 0.190), None)
1. (Mix(9x1_Conv, 0.181), None)
2. (Mix(Zero, 0.465), None)
------------------------------------------------------------
------------------------------Current Architecture [84]------------------------------
0. (Mix(7x1_Conv, 0.192), None)
1. (Mix(9x1_Conv, 0.179), None)
2. (Mix(Zero, 0.472), None)
------------------------------------------------------------
------------------------------Current Architecture [85]------------------------------
0. (Mix(7x1_Conv, 0.193), None)
1. (Mix(9x1_Conv, 0.179), None)
2. (Mix(Zero, 0.478), None)
------------------------------------------------------------
------------------------------Current Architecture [86]------------------------------
0. (Mix(7x1_Conv, 0.192), None)
1. (Mix(9x1_Conv, 0.175), None)
2. (Mix(Zero, 0.480), None)
------------------------------------------------------------
------------------------------Current Architecture [87]------------------------------
0. (Mix(7x1_Conv, 0.192), None)
1. (Mix(9x1_Conv, 0.175), None)
2. (Mix(Zero, 0.484), None)
------------------------------------------------------------
------------------------------Current Architecture [88]------------------------------
0. (Mix(7x1_Conv, 0.192), None)
1. (Mix(9x1_Conv, 0.175), None)
2. (Mix(Zero, 0.485), None)
------------------------------------------------------------
------------------------------Current Architecture [89]------------------------------
0. (Mix(7x1_Conv, 0.193), None)
1. (Mix(9x1_Conv, 0.173), None)
2. (Mix(Zero, 0.493), None)
------------------------------------------------------------
------------------------------Current Architecture [90]------------------------------
0. (Mix(7x1_Conv, 0.203), None)
1. (Mix(9x1_Conv, 0.176), None)
2. (Mix(Zero, 0.498), None)
------------------------------------------------------------
------------------------------Current Architecture [91]------------------------------
0. (Mix(7x1_Conv, 0.213), None)
1. (Mix(9x1_Conv, 0.176), None)
2. (Mix(Zero, 0.505), None)
------------------------------------------------------------
------------------------------Current Architecture [92]------------------------------
0. (Mix(7x1_Conv, 0.215), None)
1. (Mix(9x1_Conv, 0.172), None)
2. (Mix(Zero, 0.508), None)
------------------------------------------------------------
------------------------------Current Architecture [93]------------------------------
0. (Mix(7x1_Conv, 0.217), None)
1. (Mix(9x1_Conv, 0.171), None)
2. (Mix(Zero, 0.522), None)
------------------------------------------------------------
------------------------------Current Architecture [94]------------------------------
0. (Mix(7x1_Conv, 0.219), None)
1. (Mix(9x1_Conv, 0.172), None)
2. (Mix(Zero, 0.526), None)
------------------------------------------------------------
------------------------------Current Architecture [95]------------------------------
0. (Mix(7x1_Conv, 0.221), None)
1. (Mix(9x1_Conv, 0.171), None)
2. (Mix(Zero, 0.526), None)
------------------------------------------------------------
------------------------------Current Architecture [96]------------------------------
0. (Mix(7x1_Conv, 0.221), None)
1. (Mix(9x1_DilatedConv, 0.174), None)
2. (Mix(Zero, 0.526), None)
------------------------------------------------------------
------------------------------Current Architecture [97]------------------------------
0. (Mix(7x1_Conv, 0.218), None)
1. (Mix(9x1_DilatedConv, 0.179), None)
2. (Mix(Zero, 0.533), None)
------------------------------------------------------------
------------------------------Current Architecture [98]------------------------------
0. (Mix(7x1_Conv, 0.217), None)
1. (Mix(9x1_DilatedConv, 0.180), None)
2. (Mix(Zero, 0.535), None)
------------------------------------------------------------
------------------------------Current Architecture [99]------------------------------
0. (Mix(7x1_Conv, 0.220), None)
1. (Mix(9x1_DilatedConv, 0.176), None)
2. (Mix(Zero, 0.535), None)
------------------------------------------------------------
------------------------------Current Architecture [100]------------------------------
0. (Mix(7x1_Conv, 0.219), None)
1. (Mix(9x1_DilatedConv, 0.176), None)
2. (Mix(Zero, 0.543), None)
------------------------------------------------------------
