------------------------------Current Architecture [1]------------------------------
0. (Mix(7x1_Conv, 0.125), None)
1. (Mix(3x1_Conv, 0.111), None)
2. (Mix(7x1_DilatedConv, 0.111), None)
------------------------------------------------------------
------------------------------Current Architecture [2]------------------------------
0. (Mix(9x1_DilatedConv, 0.130), None)
1. (Mix(Zero, 0.116), None)
2. (Mix(5x1_DilatedConv, 0.115), None)
------------------------------------------------------------
------------------------------Current Architecture [3]------------------------------
0. (Mix(9x1_DilatedConv, 0.134), None)
1. (Mix(Zero, 0.118), None)
2. (Mix(5x1_DilatedConv, 0.119), None)
------------------------------------------------------------
------------------------------Current Architecture [4]------------------------------
0. (Mix(9x1_DilatedConv, 0.139), None)
1. (Mix(Zero, 0.118), None)
2. (Mix(5x1_DilatedConv, 0.122), None)
------------------------------------------------------------
------------------------------Current Architecture [5]------------------------------
0. (Mix(9x1_DilatedConv, 0.143), None)
1. (Mix(Zero, 0.119), None)
2. (Mix(5x1_DilatedConv, 0.123), None)
------------------------------------------------------------
------------------------------Current Architecture [6]------------------------------
0. (Mix(7x1_DilatedConv, 0.141), None)
1. (Mix(Zero, 0.121), None)
2. (Mix(5x1_DilatedConv, 0.127), None)
------------------------------------------------------------
------------------------------Current Architecture [7]------------------------------
0. (Mix(7x1_DilatedConv, 0.142), None)
1. (Mix(Zero, 0.119), None)
2. (Mix(5x1_DilatedConv, 0.133), None)
------------------------------------------------------------
------------------------------Current Architecture [8]------------------------------
0. (Mix(7x1_DilatedConv, 0.143), None)
1. (Mix(5x1_Conv, 0.119), None)
2. (Mix(5x1_DilatedConv, 0.131), None)
------------------------------------------------------------
------------------------------Current Architecture [9]------------------------------
0. (Mix(7x1_DilatedConv, 0.145), None)
1. (Mix(5x1_Conv, 0.119), None)
2. (Mix(5x1_DilatedConv, 0.132), None)
------------------------------------------------------------
------------------------------Current Architecture [10]------------------------------
0. (Mix(7x1_DilatedConv, 0.147), None)
1. (Mix(5x1_Conv, 0.121), None)
2. (Mix(5x1_DilatedConv, 0.136), None)
------------------------------------------------------------
------------------------------Current Architecture [11]------------------------------
0. (Mix(9x1_DilatedConv, 0.152), None)
1. (Mix(5x1_Conv, 0.122), None)
2. (Mix(5x1_DilatedConv, 0.136), None)
------------------------------------------------------------
------------------------------Current Architecture [12]------------------------------
0. (Mix(9x1_DilatedConv, 0.157), None)
1. (Mix(5x1_Conv, 0.122), None)
2. (Mix(5x1_DilatedConv, 0.136), None)
------------------------------------------------------------
------------------------------Current Architecture [13]------------------------------
0. (Mix(9x1_DilatedConv, 0.159), None)
1. (Mix(5x1_Conv, 0.120), None)
2. (Mix(5x1_DilatedConv, 0.135), None)
------------------------------------------------------------
------------------------------Current Architecture [14]------------------------------
0. (Mix(9x1_DilatedConv, 0.162), None)
1. (Mix(5x1_Conv, 0.121), None)
2. (Mix(5x1_DilatedConv, 0.135), None)
------------------------------------------------------------
------------------------------Current Architecture [15]------------------------------
0. (Mix(9x1_DilatedConv, 0.171), None)
1. (Mix(5x1_Conv, 0.120), None)
2. (Mix(5x1_DilatedConv, 0.134), None)
------------------------------------------------------------
------------------------------Current Architecture [16]------------------------------
0. (Mix(9x1_DilatedConv, 0.179), None)
1. (Mix(Zero, 0.121), None)
2. (Mix(5x1_DilatedConv, 0.132), None)
------------------------------------------------------------
------------------------------Current Architecture [17]------------------------------
0. (Mix(9x1_DilatedConv, 0.187), None)
1. (Mix(Zero, 0.122), None)
2. (Mix(5x1_DilatedConv, 0.133), None)
------------------------------------------------------------
------------------------------Current Architecture [18]------------------------------
0. (Mix(9x1_DilatedConv, 0.195), None)
1. (Mix(Zero, 0.124), None)
2. (Mix(5x1_DilatedConv, 0.133), None)
------------------------------------------------------------
------------------------------Current Architecture [19]------------------------------
0. (Mix(9x1_DilatedConv, 0.196), None)
1. (Mix(7x1_DilatedConv, 0.126), None)
2. (Mix(5x1_DilatedConv, 0.134), None)
------------------------------------------------------------
------------------------------Current Architecture [20]------------------------------
0. (Mix(9x1_DilatedConv, 0.205), None)
1. (Mix(7x1_DilatedConv, 0.127), None)
2. (Mix(Zero, 0.137), None)
------------------------------------------------------------
------------------------------Current Architecture [21]------------------------------
0. (Mix(9x1_DilatedConv, 0.206), None)
1. (Mix(5x1_DilatedConv, 0.130), None)
2. (Mix(Zero, 0.141), None)
------------------------------------------------------------
------------------------------Current Architecture [22]------------------------------
0. (Mix(9x1_DilatedConv, 0.207), None)
1. (Mix(5x1_DilatedConv, 0.130), None)
2. (Mix(Zero, 0.150), None)
------------------------------------------------------------
------------------------------Current Architecture [23]------------------------------
0. (Mix(9x1_DilatedConv, 0.210), None)
1. (Mix(5x1_DilatedConv, 0.132), None)
2. (Mix(Zero, 0.150), None)
------------------------------------------------------------
------------------------------Current Architecture [24]------------------------------
0. (Mix(9x1_DilatedConv, 0.217), None)
1. (Mix(5x1_DilatedConv, 0.132), None)
2. (Mix(Zero, 0.153), None)
------------------------------------------------------------
------------------------------Current Architecture [25]------------------------------
0. (Mix(9x1_DilatedConv, 0.223), None)
1. (Mix(5x1_DilatedConv, 0.134), None)
2. (Mix(Zero, 0.153), None)
------------------------------------------------------------
------------------------------Current Architecture [26]------------------------------
0. (Mix(9x1_DilatedConv, 0.230), None)
1. (Mix(5x1_DilatedConv, 0.133), None)
2. (Mix(Zero, 0.159), None)
------------------------------------------------------------
------------------------------Current Architecture [27]------------------------------
0. (Mix(9x1_DilatedConv, 0.232), None)
1. (Mix(5x1_DilatedConv, 0.136), None)
2. (Mix(Zero, 0.159), None)
------------------------------------------------------------
------------------------------Current Architecture [28]------------------------------
0. (Mix(9x1_DilatedConv, 0.240), None)
1. (Mix(5x1_DilatedConv, 0.137), None)
2. (Mix(Zero, 0.166), None)
------------------------------------------------------------
------------------------------Current Architecture [29]------------------------------
0. (Mix(9x1_DilatedConv, 0.239), None)
1. (Mix(5x1_DilatedConv, 0.138), None)
2. (Mix(Zero, 0.168), None)
------------------------------------------------------------
------------------------------Current Architecture [30]------------------------------
0. (Mix(9x1_DilatedConv, 0.243), None)
1. (Mix(5x1_DilatedConv, 0.144), None)
2. (Mix(Zero, 0.181), None)
------------------------------------------------------------
------------------------------Current Architecture [31]------------------------------
0. (Mix(9x1_DilatedConv, 0.243), None)
1. (Mix(5x1_DilatedConv, 0.145), None)
2. (Mix(Zero, 0.184), None)
------------------------------------------------------------
------------------------------Current Architecture [32]------------------------------
0. (Mix(9x1_DilatedConv, 0.248), None)
1. (Mix(5x1_DilatedConv, 0.147), None)
2. (Mix(Zero, 0.188), None)
------------------------------------------------------------
------------------------------Current Architecture [33]------------------------------
0. (Mix(9x1_DilatedConv, 0.245), None)
1. (Mix(5x1_DilatedConv, 0.152), None)
2. (Mix(Zero, 0.187), None)
------------------------------------------------------------
------------------------------Current Architecture [34]------------------------------
0. (Mix(9x1_DilatedConv, 0.253), None)
1. (Mix(5x1_DilatedConv, 0.150), None)
2. (Mix(Zero, 0.194), None)
------------------------------------------------------------
------------------------------Current Architecture [35]------------------------------
0. (Mix(9x1_DilatedConv, 0.249), None)
1. (Mix(5x1_DilatedConv, 0.151), None)
2. (Mix(Zero, 0.199), None)
------------------------------------------------------------
------------------------------Current Architecture [36]------------------------------
0. (Mix(9x1_DilatedConv, 0.250), None)
1. (Mix(5x1_DilatedConv, 0.151), None)
2. (Mix(Zero, 0.201), None)
------------------------------------------------------------
------------------------------Current Architecture [37]------------------------------
0. (Mix(9x1_DilatedConv, 0.254), None)
1. (Mix(5x1_DilatedConv, 0.154), None)
2. (Mix(Zero, 0.201), None)
------------------------------------------------------------
------------------------------Current Architecture [38]------------------------------
0. (Mix(9x1_DilatedConv, 0.259), None)
1. (Mix(5x1_DilatedConv, 0.152), None)
2. (Mix(Zero, 0.208), None)
------------------------------------------------------------
------------------------------Current Architecture [39]------------------------------
0. (Mix(9x1_DilatedConv, 0.261), None)
1. (Mix(5x1_DilatedConv, 0.155), None)
2. (Mix(Zero, 0.213), None)
------------------------------------------------------------
------------------------------Current Architecture [40]------------------------------
0. (Mix(9x1_DilatedConv, 0.262), None)
1. (Mix(5x1_DilatedConv, 0.154), None)
2. (Mix(Zero, 0.215), None)
------------------------------------------------------------
------------------------------Current Architecture [41]------------------------------
0. (Mix(9x1_DilatedConv, 0.263), None)
1. (Mix(5x1_DilatedConv, 0.152), None)
2. (Mix(Zero, 0.222), None)
------------------------------------------------------------
------------------------------Current Architecture [42]------------------------------
0. (Mix(9x1_DilatedConv, 0.263), None)
1. (Mix(5x1_DilatedConv, 0.154), None)
2. (Mix(Zero, 0.225), None)
------------------------------------------------------------
------------------------------Current Architecture [43]------------------------------
0. (Mix(9x1_DilatedConv, 0.266), None)
1. (Mix(5x1_DilatedConv, 0.158), None)
2. (Mix(Zero, 0.228), None)
------------------------------------------------------------
------------------------------Current Architecture [44]------------------------------
0. (Mix(9x1_DilatedConv, 0.268), None)
1. (Mix(5x1_DilatedConv, 0.158), None)
2. (Mix(Zero, 0.232), None)
------------------------------------------------------------
------------------------------Current Architecture [45]------------------------------
0. (Mix(9x1_DilatedConv, 0.269), None)
1. (Mix(5x1_DilatedConv, 0.159), None)
2. (Mix(Zero, 0.236), None)
------------------------------------------------------------
------------------------------Current Architecture [46]------------------------------
0. (Mix(9x1_DilatedConv, 0.273), None)
1. (Mix(5x1_DilatedConv, 0.159), None)
2. (Mix(Zero, 0.240), None)
------------------------------------------------------------
------------------------------Current Architecture [47]------------------------------
0. (Mix(9x1_DilatedConv, 0.278), None)
1. (Mix(5x1_DilatedConv, 0.160), None)
2. (Mix(Zero, 0.245), None)
------------------------------------------------------------
------------------------------Current Architecture [48]------------------------------
0. (Mix(9x1_DilatedConv, 0.276), None)
1. (Mix(5x1_DilatedConv, 0.161), None)
2. (Mix(Zero, 0.252), None)
------------------------------------------------------------
------------------------------Current Architecture [49]------------------------------
0. (Mix(9x1_DilatedConv, 0.271), None)
1. (Mix(5x1_DilatedConv, 0.165), None)
2. (Mix(Zero, 0.262), None)
------------------------------------------------------------
------------------------------Current Architecture [50]------------------------------
0. (Mix(9x1_DilatedConv, 0.272), None)
1. (Mix(5x1_DilatedConv, 0.165), None)
2. (Mix(Zero, 0.263), None)
------------------------------------------------------------
------------------------------Current Architecture [51]------------------------------
0. (Mix(9x1_DilatedConv, 0.271), None)
1. (Mix(5x1_DilatedConv, 0.166), None)
2. (Mix(Zero, 0.266), None)
------------------------------------------------------------
------------------------------Current Architecture [52]------------------------------
0. (Mix(9x1_DilatedConv, 0.272), None)
1. (Mix(5x1_DilatedConv, 0.167), None)
2. (Mix(Zero, 0.270), None)
------------------------------------------------------------
------------------------------Current Architecture [53]------------------------------
0. (Mix(9x1_DilatedConv, 0.277), None)
1. (Mix(5x1_DilatedConv, 0.168), None)
2. (Mix(Zero, 0.273), None)
------------------------------------------------------------
------------------------------Current Architecture [54]------------------------------
0. (Mix(9x1_DilatedConv, 0.279), None)
1. (Mix(5x1_DilatedConv, 0.165), None)
2. (Mix(Zero, 0.280), None)
------------------------------------------------------------
------------------------------Current Architecture [55]------------------------------
0. (Mix(9x1_DilatedConv, 0.280), None)
1. (Mix(5x1_DilatedConv, 0.164), None)
2. (Mix(Zero, 0.287), None)
------------------------------------------------------------
------------------------------Current Architecture [56]------------------------------
0. (Mix(9x1_DilatedConv, 0.277), None)
1. (Mix(5x1_DilatedConv, 0.165), None)
2. (Mix(Zero, 0.295), None)
------------------------------------------------------------
------------------------------Current Architecture [57]------------------------------
0. (Mix(9x1_DilatedConv, 0.277), None)
1. (Mix(5x1_DilatedConv, 0.165), None)
2. (Mix(Zero, 0.306), None)
------------------------------------------------------------
------------------------------Current Architecture [58]------------------------------
0. (Mix(9x1_DilatedConv, 0.276), None)
1. (Mix(5x1_DilatedConv, 0.163), None)
2. (Mix(Zero, 0.313), None)
------------------------------------------------------------
------------------------------Current Architecture [59]------------------------------
0. (Mix(9x1_DilatedConv, 0.273), None)
1. (Mix(5x1_DilatedConv, 0.163), None)
2. (Mix(Zero, 0.321), None)
------------------------------------------------------------
------------------------------Current Architecture [60]------------------------------
0. (Mix(9x1_DilatedConv, 0.273), None)
1. (Mix(5x1_DilatedConv, 0.163), None)
2. (Mix(Zero, 0.326), None)
------------------------------------------------------------
------------------------------Current Architecture [61]------------------------------
0. (Mix(9x1_DilatedConv, 0.280), None)
1. (Mix(5x1_DilatedConv, 0.163), None)
2. (Mix(Zero, 0.336), None)
------------------------------------------------------------
------------------------------Current Architecture [62]------------------------------
0. (Mix(9x1_DilatedConv, 0.281), None)
1. (Mix(Zero, 0.167), None)
2. (Mix(Zero, 0.342), None)
------------------------------------------------------------
------------------------------Current Architecture [63]------------------------------
0. (Mix(9x1_DilatedConv, 0.294), None)
1. (Mix(Zero, 0.166), None)
2. (Mix(Zero, 0.356), None)
------------------------------------------------------------
------------------------------Current Architecture [64]------------------------------
0. (Mix(9x1_DilatedConv, 0.298), None)
1. (Mix(Zero, 0.170), None)
2. (Mix(Zero, 0.359), None)
------------------------------------------------------------
------------------------------Current Architecture [65]------------------------------
0. (Mix(9x1_DilatedConv, 0.305), None)
1. (Mix(Zero, 0.175), None)
2. (Mix(Zero, 0.368), None)
------------------------------------------------------------
------------------------------Current Architecture [66]------------------------------
0. (Mix(9x1_DilatedConv, 0.308), None)
1. (Mix(Zero, 0.184), None)
2. (Mix(Zero, 0.371), None)
------------------------------------------------------------
------------------------------Current Architecture [67]------------------------------
0. (Mix(9x1_DilatedConv, 0.311), None)
1. (Mix(Zero, 0.193), None)
2. (Mix(Zero, 0.377), None)
------------------------------------------------------------
------------------------------Current Architecture [68]------------------------------
0. (Mix(9x1_DilatedConv, 0.311), None)
1. (Mix(Zero, 0.199), None)
2. (Mix(Zero, 0.394), None)
------------------------------------------------------------
------------------------------Current Architecture [69]------------------------------
0. (Mix(9x1_DilatedConv, 0.313), None)
1. (Mix(Zero, 0.198), None)
2. (Mix(Zero, 0.398), None)
------------------------------------------------------------
------------------------------Current Architecture [70]------------------------------
0. (Mix(9x1_DilatedConv, 0.307), None)
1. (Mix(Zero, 0.197), None)
2. (Mix(Zero, 0.409), None)
------------------------------------------------------------
------------------------------Current Architecture [71]------------------------------
0. (Mix(9x1_DilatedConv, 0.313), None)
1. (Mix(Zero, 0.199), None)
2. (Mix(Zero, 0.413), None)
------------------------------------------------------------
------------------------------Current Architecture [72]------------------------------
0. (Mix(9x1_DilatedConv, 0.316), None)
1. (Mix(Zero, 0.207), None)
2. (Mix(Zero, 0.417), None)
------------------------------------------------------------
------------------------------Current Architecture [73]------------------------------
0. (Mix(9x1_DilatedConv, 0.315), None)
1. (Mix(Zero, 0.211), None)
2. (Mix(Zero, 0.425), None)
------------------------------------------------------------
------------------------------Current Architecture [74]------------------------------
0. (Mix(9x1_DilatedConv, 0.315), None)
1. (Mix(Zero, 0.219), None)
2. (Mix(Zero, 0.428), None)
------------------------------------------------------------
------------------------------Current Architecture [75]------------------------------
0. (Mix(9x1_DilatedConv, 0.319), None)
1. (Mix(Zero, 0.226), None)
2. (Mix(Zero, 0.429), None)
------------------------------------------------------------
------------------------------Current Architecture [76]------------------------------
0. (Mix(9x1_DilatedConv, 0.323), None)
1. (Mix(Zero, 0.230), None)
2. (Mix(Zero, 0.435), None)
------------------------------------------------------------
------------------------------Current Architecture [77]------------------------------
0. (Mix(9x1_DilatedConv, 0.326), None)
1. (Mix(Zero, 0.227), None)
2. (Mix(Zero, 0.446), None)
------------------------------------------------------------
------------------------------Current Architecture [78]------------------------------
0. (Mix(9x1_DilatedConv, 0.336), None)
1. (Mix(Zero, 0.230), None)
2. (Mix(Zero, 0.460), None)
------------------------------------------------------------
------------------------------Current Architecture [79]------------------------------
0. (Mix(9x1_DilatedConv, 0.337), None)
1. (Mix(Zero, 0.233), None)
2. (Mix(Zero, 0.462), None)
------------------------------------------------------------
------------------------------Current Architecture [80]------------------------------
0. (Mix(9x1_DilatedConv, 0.338), None)
1. (Mix(Zero, 0.238), None)
2. (Mix(Zero, 0.467), None)
------------------------------------------------------------
------------------------------Current Architecture [81]------------------------------
0. (Mix(9x1_DilatedConv, 0.340), None)
1. (Mix(Zero, 0.233), None)
2. (Mix(Zero, 0.475), None)
------------------------------------------------------------
------------------------------Current Architecture [82]------------------------------
0. (Mix(9x1_DilatedConv, 0.344), None)
1. (Mix(Zero, 0.234), None)
2. (Mix(Zero, 0.485), None)
------------------------------------------------------------
------------------------------Current Architecture [83]------------------------------
0. (Mix(9x1_DilatedConv, 0.341), None)
1. (Mix(Zero, 0.236), None)
2. (Mix(Zero, 0.497), None)
------------------------------------------------------------
------------------------------Current Architecture [84]------------------------------
0. (Mix(9x1_DilatedConv, 0.344), None)
1. (Mix(Zero, 0.250), None)
2. (Mix(Zero, 0.498), None)
------------------------------------------------------------
------------------------------Current Architecture [85]------------------------------
0. (Mix(9x1_DilatedConv, 0.341), None)
1. (Mix(Zero, 0.254), None)
2. (Mix(Zero, 0.502), None)
------------------------------------------------------------
------------------------------Current Architecture [86]------------------------------
0. (Mix(9x1_DilatedConv, 0.351), None)
1. (Mix(Zero, 0.259), None)
2. (Mix(Zero, 0.508), None)
------------------------------------------------------------
------------------------------Current Architecture [87]------------------------------
0. (Mix(9x1_DilatedConv, 0.353), None)
1. (Mix(Zero, 0.261), None)
2. (Mix(Zero, 0.515), None)
------------------------------------------------------------
------------------------------Current Architecture [88]------------------------------
0. (Mix(9x1_DilatedConv, 0.354), None)
1. (Mix(Zero, 0.263), None)
2. (Mix(Zero, 0.521), None)
------------------------------------------------------------
------------------------------Current Architecture [89]------------------------------
0. (Mix(9x1_DilatedConv, 0.346), None)
1. (Mix(Zero, 0.270), None)
2. (Mix(Zero, 0.527), None)
------------------------------------------------------------
------------------------------Current Architecture [90]------------------------------
0. (Mix(9x1_DilatedConv, 0.348), None)
1. (Mix(Zero, 0.268), None)
2. (Mix(Zero, 0.531), None)
------------------------------------------------------------
------------------------------Current Architecture [91]------------------------------
0. (Mix(9x1_DilatedConv, 0.356), None)
1. (Mix(Zero, 0.276), None)
2. (Mix(Zero, 0.543), None)
------------------------------------------------------------
------------------------------Current Architecture [92]------------------------------
0. (Mix(9x1_DilatedConv, 0.361), None)
1. (Mix(Zero, 0.282), None)
2. (Mix(Zero, 0.545), None)
------------------------------------------------------------
------------------------------Current Architecture [93]------------------------------
0. (Mix(9x1_DilatedConv, 0.367), None)
1. (Mix(Zero, 0.280), None)
2. (Mix(Zero, 0.549), None)
------------------------------------------------------------
------------------------------Current Architecture [94]------------------------------
0. (Mix(9x1_DilatedConv, 0.376), None)
1. (Mix(Zero, 0.278), None)
2. (Mix(Zero, 0.559), None)
------------------------------------------------------------
------------------------------Current Architecture [95]------------------------------
0. (Mix(9x1_DilatedConv, 0.380), None)
1. (Mix(Zero, 0.283), None)
2. (Mix(Zero, 0.564), None)
------------------------------------------------------------
------------------------------Current Architecture [96]------------------------------
0. (Mix(9x1_DilatedConv, 0.387), None)
1. (Mix(Zero, 0.284), None)
2. (Mix(Zero, 0.568), None)
------------------------------------------------------------
------------------------------Current Architecture [97]------------------------------
0. (Mix(9x1_DilatedConv, 0.396), None)
1. (Mix(Zero, 0.295), None)
2. (Mix(Zero, 0.570), None)
------------------------------------------------------------
------------------------------Current Architecture [98]------------------------------
0. (Mix(9x1_DilatedConv, 0.403), None)
1. (Mix(Zero, 0.299), None)
2. (Mix(Zero, 0.570), None)
------------------------------------------------------------
------------------------------Current Architecture [99]------------------------------
0. (Mix(9x1_DilatedConv, 0.409), None)
1. (Mix(Zero, 0.310), None)
2. (Mix(Zero, 0.574), None)
------------------------------------------------------------
------------------------------Current Architecture [100]------------------------------
0. (Mix(9x1_DilatedConv, 0.396), None)
1. (Mix(Zero, 0.311), None)
2. (Mix(Zero, 0.574), None)
------------------------------------------------------------
