------------------------------Current Architecture [1]------------------------------
0. (Mix(7x1_Conv, 0.125), None)
1. (Mix(3x1_Conv, 0.111), None)
2. (Mix(7x1_DilatedConv, 0.111), None)
------------------------------------------------------------
------------------------------Current Architecture [2]------------------------------
0. (Mix(9x1_DilatedConv, 0.209), None)
1. (Mix(Zero, 0.141), None)
2. (Mix(9x1_DilatedConv, 0.147), None)
------------------------------------------------------------
------------------------------Current Architecture [3]------------------------------
0. (Mix(9x1_DilatedConv, 0.231), None)
1. (Mix(Zero, 0.156), None)
2. (Mix(7x1_DilatedConv, 0.139), None)
------------------------------------------------------------
------------------------------Current Architecture [4]------------------------------
0. (Mix(9x1_DilatedConv, 0.323), None)
1. (Mix(Zero, 0.160), None)
2. (Mix(7x1_DilatedConv, 0.160), None)
------------------------------------------------------------
------------------------------Current Architecture [5]------------------------------
0. (Mix(9x1_DilatedConv, 0.451), None)
1. (Mix(5x1_Conv, 0.161), None)
2. (Mix(Zero, 0.217), None)
------------------------------------------------------------
------------------------------Current Architecture [6]------------------------------
0. (Mix(9x1_DilatedConv, 0.564), None)
1. (Mix(Zero, 0.174), None)
2. (Mix(Zero, 0.251), None)
------------------------------------------------------------
------------------------------Current Architecture [7]------------------------------
0. (Mix(9x1_DilatedConv, 0.622), None)
1. (Mix(3x1_Conv, 0.184), None)
2. (Mix(Zero, 0.340), None)
------------------------------------------------------------
------------------------------Current Architecture [8]------------------------------
0. (Mix(9x1_DilatedConv, 0.700), None)
1. (Mix(5x1_Conv, 0.177), None)
2. (Mix(Zero, 0.394), None)
------------------------------------------------------------
------------------------------Current Architecture [9]------------------------------
0. (Mix(9x1_DilatedConv, 0.744), None)
1. (Mix(Zero, 0.252), None)
2. (Mix(Zero, 0.389), None)
------------------------------------------------------------
------------------------------Current Architecture [10]------------------------------
0. (Mix(9x1_DilatedConv, 0.833), None)
1. (Mix(Zero, 0.318), None)
2. (Mix(Zero, 0.462), None)
------------------------------------------------------------
------------------------------Current Architecture [11]------------------------------
0. (Mix(9x1_DilatedConv, 0.819), None)
1. (Mix(Zero, 0.462), None)
2. (Mix(Zero, 0.486), None)
------------------------------------------------------------
------------------------------Current Architecture [12]------------------------------
0. (Mix(9x1_DilatedConv, 0.803), None)
1. (Mix(Zero, 0.546), None)
2. (Mix(Zero, 0.500), None)
------------------------------------------------------------
------------------------------Current Architecture [13]------------------------------
0. (Mix(9x1_DilatedConv, 0.773), None)
1. (Mix(Zero, 0.541), None)
2. (Mix(Zero, 0.567), None)
------------------------------------------------------------
------------------------------Current Architecture [14]------------------------------
0. (Mix(9x1_DilatedConv, 0.812), None)
1. (Mix(Zero, 0.597), None)
2. (Mix(Zero, 0.561), None)
------------------------------------------------------------
------------------------------Current Architecture [15]------------------------------
0. (Mix(9x1_DilatedConv, 0.792), None)
1. (Mix(Zero, 0.567), None)
2. (Mix(Zero, 0.578), None)
------------------------------------------------------------
------------------------------Current Architecture [16]------------------------------
0. (Mix(9x1_DilatedConv, 0.850), None)
1. (Mix(Zero, 0.641), None)
2. (Mix(Zero, 0.580), None)
------------------------------------------------------------
------------------------------Current Architecture [17]------------------------------
0. (Mix(9x1_DilatedConv, 0.854), None)
1. (Mix(Zero, 0.647), None)
2. (Mix(Zero, 0.707), None)
------------------------------------------------------------
------------------------------Current Architecture [18]------------------------------
0. (Mix(9x1_DilatedConv, 0.760), None)
1. (Mix(Zero, 0.642), None)
2. (Mix(Zero, 0.735), None)
------------------------------------------------------------
------------------------------Current Architecture [19]------------------------------
0. (Mix(9x1_DilatedConv, 0.628), None)
1. (Mix(Zero, 0.657), None)
2. (Mix(Zero, 0.778), None)
------------------------------------------------------------
------------------------------Current Architecture [20]------------------------------
0. (Mix(9x1_DilatedConv, 0.460), None)
1. (Mix(Zero, 0.659), None)
2. (Mix(Zero, 0.801), None)
------------------------------------------------------------
------------------------------Current Architecture [21]------------------------------
0. (Mix(9x1_DilatedConv, 0.413), None)
1. (Mix(Zero, 0.664), None)
2. (Mix(Zero, 0.805), None)
------------------------------------------------------------
------------------------------Current Architecture [22]------------------------------
0. (Mix(9x1_DilatedConv, 0.333), None)
1. (Mix(Zero, 0.660), None)
2. (Mix(Zero, 0.805), None)
------------------------------------------------------------
------------------------------Current Architecture [23]------------------------------
0. (Mix(9x1_DilatedConv, 0.423), None)
1. (Mix(Zero, 0.662), None)
2. (Mix(Zero, 0.811), None)
------------------------------------------------------------
------------------------------Current Architecture [24]------------------------------
0. (Mix(9x1_DilatedConv, 0.524), None)
1. (Mix(Zero, 0.658), None)
2. (Mix(Zero, 0.821), None)
------------------------------------------------------------
------------------------------Current Architecture [25]------------------------------
0. (Mix(9x1_DilatedConv, 0.427), None)
1. (Mix(Zero, 0.605), None)
2. (Mix(Zero, 0.843), None)
------------------------------------------------------------
------------------------------Current Architecture [26]------------------------------
0. (Mix(7x1_DilatedConv, 0.341), None)
1. (Mix(Zero, 0.588), None)
2. (Mix(Zero, 0.855), None)
------------------------------------------------------------
------------------------------Current Architecture [27]------------------------------
0. (Mix(7x1_DilatedConv, 0.428), None)
1. (Mix(Zero, 0.592), None)
2. (Mix(Zero, 0.853), None)
------------------------------------------------------------
------------------------------Current Architecture [28]------------------------------
0. (Mix(7x1_DilatedConv, 0.419), None)
1. (Mix(Zero, 0.663), None)
2. (Mix(Zero, 0.864), None)
------------------------------------------------------------
------------------------------Current Architecture [29]------------------------------
0. (Mix(7x1_DilatedConv, 0.410), None)
1. (Mix(Zero, 0.667), None)
2. (Mix(Zero, 0.869), None)
------------------------------------------------------------
------------------------------Current Architecture [30]------------------------------
0. (Mix(7x1_DilatedConv, 0.421), None)
1. (Mix(Zero, 0.692), None)
2. (Mix(Zero, 0.879), None)
------------------------------------------------------------
------------------------------Current Architecture [31]------------------------------
0. (Mix(7x1_DilatedConv, 0.531), None)
1. (Mix(Zero, 0.694), None)
2. (Mix(Zero, 0.879), None)
------------------------------------------------------------
------------------------------Current Architecture [32]------------------------------
0. (Mix(7x1_DilatedConv, 0.404), None)
1. (Mix(Zero, 0.695), None)
2. (Mix(Zero, 0.879), None)
------------------------------------------------------------
------------------------------Current Architecture [33]------------------------------
0. (Mix(7x1_DilatedConv, 0.436), None)
1. (Mix(Zero, 0.691), None)
2. (Mix(Zero, 0.879), None)
------------------------------------------------------------
------------------------------Current Architecture [34]------------------------------
0. (Mix(7x1_DilatedConv, 0.432), None)
1. (Mix(Zero, 0.726), None)
2. (Mix(Zero, 0.877), None)
------------------------------------------------------------
------------------------------Current Architecture [35]------------------------------
0. (Mix(7x1_DilatedConv, 0.439), None)
1. (Mix(Zero, 0.791), None)
2. (Mix(Zero, 0.875), None)
------------------------------------------------------------
------------------------------Current Architecture [36]------------------------------
0. (Mix(7x1_DilatedConv, 0.503), None)
1. (Mix(Zero, 0.799), None)
2. (Mix(Zero, 0.873), None)
------------------------------------------------------------
------------------------------Current Architecture [37]------------------------------
0. (Mix(7x1_DilatedConv, 0.490), None)
1. (Mix(Zero, 0.805), None)
2. (Mix(Zero, 0.871), None)
------------------------------------------------------------
------------------------------Current Architecture [38]------------------------------
0. (Mix(7x1_DilatedConv, 0.420), None)
1. (Mix(Zero, 0.805), None)
2. (Mix(Zero, 0.876), None)
------------------------------------------------------------
------------------------------Current Architecture [39]------------------------------
0. (Mix(7x1_DilatedConv, 0.492), None)
1. (Mix(Zero, 0.819), None)
2. (Mix(Zero, 0.877), None)
------------------------------------------------------------
------------------------------Current Architecture [40]------------------------------
0. (Mix(7x1_DilatedConv, 0.511), None)
1. (Mix(Zero, 0.817), None)
2. (Mix(Zero, 0.880), None)
------------------------------------------------------------
------------------------------Current Architecture [41]------------------------------
0. (Mix(7x1_DilatedConv, 0.590), None)
1. (Mix(Zero, 0.817), None)
2. (Mix(Zero, 0.881), None)
------------------------------------------------------------
------------------------------Current Architecture [42]------------------------------
0. (Mix(7x1_DilatedConv, 0.301), None)
1. (Mix(Zero, 0.818), None)
2. (Mix(Zero, 0.881), None)
------------------------------------------------------------
------------------------------Current Architecture [43]------------------------------
0. (Mix(5x1_DilatedConv, 0.337), None)
1. (Mix(Zero, 0.818), None)
2. (Mix(Zero, 0.881), None)
------------------------------------------------------------
------------------------------Current Architecture [44]------------------------------
0. (Mix(7x1_DilatedConv, 0.366), None)
1. (Mix(Zero, 0.829), None)
2. (Mix(Zero, 0.881), None)
------------------------------------------------------------
------------------------------Current Architecture [45]------------------------------
0. (Mix(7x1_DilatedConv, 0.386), None)
1. (Mix(Zero, 0.830), None)
2. (Mix(Zero, 0.881), None)
------------------------------------------------------------
------------------------------Current Architecture [46]------------------------------
0. (Mix(7x1_DilatedConv, 0.484), None)
1. (Mix(Zero, 0.836), None)
2. (Mix(Zero, 0.881), None)
------------------------------------------------------------
------------------------------Current Architecture [47]------------------------------
0. (Mix(7x1_DilatedConv, 0.493), None)
1. (Mix(Zero, 0.836), None)
2. (Mix(Zero, 0.881), None)
------------------------------------------------------------
------------------------------Current Architecture [48]------------------------------
0. (Mix(7x1_DilatedConv, 0.490), None)
1. (Mix(Zero, 0.838), None)
2. (Mix(Zero, 0.883), None)
------------------------------------------------------------
------------------------------Current Architecture [49]------------------------------
0. (Mix(7x1_DilatedConv, 0.498), None)
1. (Mix(Zero, 0.838), None)
2. (Mix(Zero, 0.884), None)
------------------------------------------------------------
------------------------------Current Architecture [50]------------------------------
0. (Mix(7x1_DilatedConv, 0.472), None)
1. (Mix(Zero, 0.838), None)
2. (Mix(Zero, 0.884), None)
------------------------------------------------------------
------------------------------Current Architecture [51]------------------------------
0. (Mix(7x1_DilatedConv, 0.436), None)
1. (Mix(Zero, 0.849), None)
2. (Mix(Zero, 0.883), None)
------------------------------------------------------------
------------------------------Current Architecture [52]------------------------------
0. (Mix(7x1_DilatedConv, 0.448), None)
1. (Mix(Zero, 0.859), None)
2. (Mix(Zero, 0.883), None)
------------------------------------------------------------
------------------------------Current Architecture [53]------------------------------
0. (Mix(7x1_DilatedConv, 0.453), None)
1. (Mix(Zero, 0.859), None)
2. (Mix(Zero, 0.882), None)
------------------------------------------------------------
------------------------------Current Architecture [54]------------------------------
0. (Mix(7x1_DilatedConv, 0.492), None)
1. (Mix(Zero, 0.880), None)
2. (Mix(Zero, 0.881), None)
------------------------------------------------------------
------------------------------Current Architecture [55]------------------------------
0. (Mix(7x1_DilatedConv, 0.428), None)
1. (Mix(Zero, 0.892), None)
2. (Mix(Zero, 0.881), None)
------------------------------------------------------------
------------------------------Current Architecture [56]------------------------------
0. (Mix(7x1_DilatedConv, 0.453), None)
1. (Mix(Zero, 0.893), None)
2. (Mix(Zero, 0.884), None)
------------------------------------------------------------
------------------------------Current Architecture [57]------------------------------
0. (Mix(7x1_DilatedConv, 0.534), None)
1. (Mix(Zero, 0.887), None)
2. (Mix(Zero, 0.886), None)
------------------------------------------------------------
------------------------------Current Architecture [58]------------------------------
0. (Mix(7x1_DilatedConv, 0.564), None)
1. (Mix(Zero, 0.887), None)
2. (Mix(Zero, 0.899), None)
------------------------------------------------------------
------------------------------Current Architecture [59]------------------------------
0. (Mix(7x1_DilatedConv, 0.417), None)
1. (Mix(Zero, 0.886), None)
2. (Mix(Zero, 0.899), None)
------------------------------------------------------------
------------------------------Current Architecture [60]------------------------------
0. (Mix(7x1_DilatedConv, 0.582), None)
1. (Mix(Zero, 0.886), None)
2. (Mix(Zero, 0.899), None)
------------------------------------------------------------
------------------------------Current Architecture [61]------------------------------
0. (Mix(7x1_DilatedConv, 0.636), None)
1. (Mix(Zero, 0.885), None)
2. (Mix(Zero, 0.899), None)
------------------------------------------------------------
------------------------------Current Architecture [62]------------------------------
0. (Mix(7x1_DilatedConv, 0.590), None)
1. (Mix(Zero, 0.885), None)
2. (Mix(Zero, 0.899), None)
------------------------------------------------------------
------------------------------Current Architecture [63]------------------------------
0. (Mix(7x1_DilatedConv, 0.595), None)
1. (Mix(Zero, 0.885), None)
2. (Mix(Zero, 0.899), None)
------------------------------------------------------------
------------------------------Current Architecture [64]------------------------------
0. (Mix(7x1_DilatedConv, 0.637), None)
1. (Mix(Zero, 0.885), None)
2. (Mix(Zero, 0.899), None)
------------------------------------------------------------
------------------------------Current Architecture [65]------------------------------
0. (Mix(7x1_DilatedConv, 0.666), None)
1. (Mix(Zero, 0.886), None)
2. (Mix(Zero, 0.900), None)
------------------------------------------------------------
------------------------------Current Architecture [66]------------------------------
0. (Mix(7x1_DilatedConv, 0.617), None)
1. (Mix(Zero, 0.886), None)
2. (Mix(Zero, 0.900), None)
------------------------------------------------------------
------------------------------Current Architecture [67]------------------------------
0. (Mix(7x1_DilatedConv, 0.503), None)
1. (Mix(Zero, 0.884), None)
2. (Mix(Zero, 0.897), None)
------------------------------------------------------------
------------------------------Current Architecture [68]------------------------------
0. (Mix(7x1_DilatedConv, 0.505), None)
1. (Mix(Zero, 0.883), None)
2. (Mix(Zero, 0.892), None)
------------------------------------------------------------
------------------------------Current Architecture [69]------------------------------
0. (Mix(7x1_DilatedConv, 0.493), None)
1. (Mix(Zero, 0.882), None)
2. (Mix(Zero, 0.890), None)
------------------------------------------------------------
------------------------------Current Architecture [70]------------------------------
0. (Mix(7x1_DilatedConv, 0.535), None)
1. (Mix(Zero, 0.882), None)
2. (Mix(Zero, 0.899), None)
------------------------------------------------------------
------------------------------Current Architecture [71]------------------------------
0. (Mix(7x1_DilatedConv, 0.617), None)
1. (Mix(Zero, 0.882), None)
2. (Mix(Zero, 0.905), None)
------------------------------------------------------------
------------------------------Current Architecture [72]------------------------------
0. (Mix(7x1_DilatedConv, 0.621), None)
1. (Mix(Zero, 0.882), None)
2. (Mix(Zero, 0.905), None)
------------------------------------------------------------
------------------------------Current Architecture [73]------------------------------
0. (Mix(7x1_DilatedConv, 0.498), None)
1. (Mix(Zero, 0.882), None)
2. (Mix(Zero, 0.906), None)
------------------------------------------------------------
------------------------------Current Architecture [74]------------------------------
0. (Mix(7x1_DilatedConv, 0.612), None)
1. (Mix(Zero, 0.882), None)
2. (Mix(Zero, 0.907), None)
------------------------------------------------------------
------------------------------Current Architecture [75]------------------------------
0. (Mix(7x1_DilatedConv, 0.561), None)
1. (Mix(Zero, 0.882), None)
2. (Mix(Zero, 0.907), None)
------------------------------------------------------------
------------------------------Current Architecture [76]------------------------------
0. (Mix(7x1_DilatedConv, 0.641), None)
1. (Mix(Zero, 0.885), None)
2. (Mix(Zero, 0.907), None)
------------------------------------------------------------
------------------------------Current Architecture [77]------------------------------
0. (Mix(7x1_DilatedConv, 0.601), None)
1. (Mix(Zero, 0.882), None)
2. (Mix(Zero, 0.907), None)
------------------------------------------------------------
------------------------------Current Architecture [78]------------------------------
0. (Mix(7x1_DilatedConv, 0.728), None)
1. (Mix(Zero, 0.880), None)
2. (Mix(Zero, 0.904), None)
------------------------------------------------------------
------------------------------Current Architecture [79]------------------------------
0. (Mix(7x1_DilatedConv, 0.610), None)
1. (Mix(Zero, 0.880), None)
2. (Mix(Zero, 0.901), None)
------------------------------------------------------------
------------------------------Current Architecture [80]------------------------------
0. (Mix(7x1_DilatedConv, 0.699), None)
1. (Mix(Zero, 0.880), None)
2. (Mix(Zero, 0.901), None)
------------------------------------------------------------
------------------------------Current Architecture [81]------------------------------
0. (Mix(7x1_DilatedConv, 0.749), None)
1. (Mix(Zero, 0.884), None)
2. (Mix(Zero, 0.900), None)
------------------------------------------------------------
------------------------------Current Architecture [82]------------------------------
0. (Mix(7x1_DilatedConv, 0.590), None)
1. (Mix(Zero, 0.884), None)
2. (Mix(Zero, 0.900), None)
------------------------------------------------------------
------------------------------Current Architecture [83]------------------------------
0. (Mix(7x1_DilatedConv, 0.572), None)
1. (Mix(Zero, 0.884), None)
2. (Mix(Zero, 0.900), None)
------------------------------------------------------------
------------------------------Current Architecture [84]------------------------------
0. (Mix(7x1_DilatedConv, 0.439), None)
1. (Mix(Zero, 0.884), None)
2. (Mix(Zero, 0.899), None)
------------------------------------------------------------
------------------------------Current Architecture [85]------------------------------
0. (Mix(7x1_DilatedConv, 0.635), None)
1. (Mix(Zero, 0.883), None)
2. (Mix(Zero, 0.898), None)
------------------------------------------------------------
------------------------------Current Architecture [86]------------------------------
0. (Mix(7x1_DilatedConv, 0.564), None)
1. (Mix(Zero, 0.883), None)
2. (Mix(Zero, 0.896), None)
------------------------------------------------------------
------------------------------Current Architecture [87]------------------------------
0. (Mix(7x1_DilatedConv, 0.505), None)
1. (Mix(Zero, 0.882), None)
2. (Mix(Zero, 0.896), None)
------------------------------------------------------------
------------------------------Current Architecture [88]------------------------------
0. (Mix(7x1_DilatedConv, 0.426), None)
1. (Mix(Zero, 0.887), None)
2. (Mix(Zero, 0.896), None)
------------------------------------------------------------
------------------------------Current Architecture [89]------------------------------
0. (Mix(7x1_DilatedConv, 0.371), None)
1. (Mix(Zero, 0.887), None)
2. (Mix(Zero, 0.894), None)
------------------------------------------------------------
------------------------------Current Architecture [90]------------------------------
0. (Mix(7x1_DilatedConv, 0.405), None)
1. (Mix(Zero, 0.887), None)
2. (Mix(Zero, 0.893), None)
------------------------------------------------------------
------------------------------Current Architecture [91]------------------------------
0. (Mix(7x1_DilatedConv, 0.337), None)
1. (Mix(Zero, 0.888), None)
2. (Mix(Zero, 0.893), None)
------------------------------------------------------------
------------------------------Current Architecture [92]------------------------------
0. (Mix(3x1_DilatedConv, 0.317), None)
1. (Mix(Zero, 0.887), None)
2. (Mix(Zero, 0.891), None)
------------------------------------------------------------
------------------------------Current Architecture [93]------------------------------
0. (Mix(9x1_Conv, 0.343), None)
1. (Mix(Zero, 0.885), None)
2. (Mix(Zero, 0.890), None)
------------------------------------------------------------
------------------------------Current Architecture [94]------------------------------
0. (Mix(7x1_DilatedConv, 0.422), None)
1. (Mix(Zero, 0.885), None)
2. (Mix(Zero, 0.891), None)
------------------------------------------------------------
------------------------------Current Architecture [95]------------------------------
0. (Mix(7x1_DilatedConv, 0.578), None)
1. (Mix(Zero, 0.885), None)
2. (Mix(Zero, 0.891), None)
------------------------------------------------------------
------------------------------Current Architecture [96]------------------------------
0. (Mix(7x1_DilatedConv, 0.479), None)
1. (Mix(Zero, 0.884), None)
2. (Mix(Zero, 0.891), None)
------------------------------------------------------------
------------------------------Current Architecture [97]------------------------------
0. (Mix(7x1_DilatedConv, 0.527), None)
1. (Mix(Zero, 0.884), None)
2. (Mix(Zero, 0.888), None)
------------------------------------------------------------
------------------------------Current Architecture [98]------------------------------
0. (Mix(7x1_DilatedConv, 0.526), None)
1. (Mix(Zero, 0.884), None)
2. (Mix(Zero, 0.888), None)
------------------------------------------------------------
------------------------------Current Architecture [99]------------------------------
0. (Mix(7x1_DilatedConv, 0.584), None)
1. (Mix(Zero, 0.883), None)
2. (Mix(Zero, 0.883), None)
------------------------------------------------------------
------------------------------Current Architecture [100]------------------------------
0. (Mix(7x1_DilatedConv, 0.468), None)
1. (Mix(Zero, 0.883), None)
2. (Mix(Zero, 0.883), None)
------------------------------------------------------------
