------------------------------Current Architecture [1]------------------------------
0. (Mix(7x1_Conv, 0.125), None)
1. (Mix(3x1_Conv, 0.111), None)
2. (Mix(7x1_DilatedConv, 0.111), None)
------------------------------------------------------------
------------------------------Current Architecture [2]------------------------------
0. (Mix(5x1_Conv, 0.140), None)
1. (Mix(9x1_Conv, 0.136), None)
2. (Mix(7x1_Conv, 0.120), None)
------------------------------------------------------------
------------------------------Current Architecture [3]------------------------------
0. (Mix(9x1_DilatedConv, 0.174), None)
1. (Mix(9x1_Conv, 0.168), None)
2. (Mix(7x1_Conv, 0.149), None)
------------------------------------------------------------
------------------------------Current Architecture [4]------------------------------
0. (Mix(9x1_DilatedConv, 0.209), None)
1. (Mix(9x1_Conv, 0.162), None)
2. (Mix(7x1_Conv, 0.159), None)
------------------------------------------------------------
------------------------------Current Architecture [5]------------------------------
0. (Mix(9x1_DilatedConv, 0.167), None)
1. (Mix(9x1_Conv, 0.193), None)
2. (Mix(3x1_DilatedConv, 0.167), None)
------------------------------------------------------------
------------------------------Current Architecture [6]------------------------------
0. (Mix(9x1_DilatedConv, 0.167), None)
1. (Mix(7x1_DilatedConv, 0.178), None)
2. (Mix(3x1_DilatedConv, 0.170), None)
------------------------------------------------------------
------------------------------Current Architecture [7]------------------------------
0. (Mix(9x1_DilatedConv, 0.215), None)
1. (Mix(5x1_DilatedConv, 0.180), None)
2. (Mix(7x1_Conv, 0.194), None)
------------------------------------------------------------
------------------------------Current Architecture [8]------------------------------
0. (Mix(9x1_DilatedConv, 0.208), None)
1. (Mix(5x1_DilatedConv, 0.193), None)
2. (Mix(7x1_Conv, 0.198), None)
------------------------------------------------------------
------------------------------Current Architecture [9]------------------------------
0. (Mix(9x1_Conv, 0.188), None)
1. (Mix(5x1_DilatedConv, 0.207), None)
2. (Mix(7x1_Conv, 0.178), None)
------------------------------------------------------------
------------------------------Current Architecture [10]------------------------------
0. (Mix(9x1_DilatedConv, 0.202), None)
1. (Mix(5x1_DilatedConv, 0.218), None)
2. (Mix(7x1_Conv, 0.180), None)
------------------------------------------------------------
------------------------------Current Architecture [11]------------------------------
0. (Mix(9x1_DilatedConv, 0.202), None)
1. (Mix(5x1_DilatedConv, 0.203), None)
2. (Mix(7x1_Conv, 0.187), None)
------------------------------------------------------------
------------------------------Current Architecture [12]------------------------------
0. (Mix(9x1_Conv, 0.200), None)
1. (Mix(9x1_Conv, 0.224), None)
2. (Mix(7x1_Conv, 0.207), None)
------------------------------------------------------------
------------------------------Current Architecture [13]------------------------------
0. (Mix(7x1_Conv, 0.174), None)
1. (Mix(5x1_Conv, 0.169), None)
2. (Mix(7x1_DilatedConv, 0.202), None)
------------------------------------------------------------
------------------------------Current Architecture [14]------------------------------
0. (Mix(7x1_Conv, 0.204), None)
1. (Mix(5x1_DilatedConv, 0.195), None)
2. (Mix(7x1_Conv, 0.193), None)
------------------------------------------------------------
------------------------------Current Architecture [15]------------------------------
0. (Mix(7x1_Conv, 0.189), None)
1. (Mix(5x1_DilatedConv, 0.207), None)
2. (Mix(3x1_DilatedConv, 0.220), None)
------------------------------------------------------------
------------------------------Current Architecture [16]------------------------------
0. (Mix(7x1_Conv, 0.190), None)
1. (Mix(5x1_DilatedConv, 0.200), None)
2. (Mix(3x1_DilatedConv, 0.219), None)
------------------------------------------------------------
------------------------------Current Architecture [17]------------------------------
0. (Mix(3x1_DilatedConv, 0.185), None)
1. (Mix(5x1_DilatedConv, 0.224), None)
2. (Mix(7x1_DilatedConv, 0.204), None)
------------------------------------------------------------
------------------------------Current Architecture [18]------------------------------
0. (Mix(3x1_DilatedConv, 0.187), None)
1. (Mix(5x1_DilatedConv, 0.223), None)
2. (Mix(7x1_DilatedConv, 0.206), None)
------------------------------------------------------------
------------------------------Current Architecture [19]------------------------------
0. (Mix(9x1_DilatedConv, 0.275), None)
1. (Mix(5x1_DilatedConv, 0.217), None)
2. (Mix(7x1_Conv, 0.217), None)
------------------------------------------------------------
------------------------------Current Architecture [20]------------------------------
0. (Mix(9x1_DilatedConv, 0.256), None)
1. (Mix(5x1_DilatedConv, 0.198), None)
2. (Mix(7x1_Conv, 0.215), None)
------------------------------------------------------------
------------------------------Current Architecture [21]------------------------------
0. (Mix(9x1_DilatedConv, 0.264), None)
1. (Mix(5x1_DilatedConv, 0.215), None)
2. (Mix(7x1_Conv, 0.241), None)
------------------------------------------------------------
------------------------------Current Architecture [22]------------------------------
0. (Mix(9x1_DilatedConv, 0.233), None)
1. (Mix(5x1_DilatedConv, 0.227), None)
2. (Mix(7x1_Conv, 0.247), None)
------------------------------------------------------------
------------------------------Current Architecture [23]------------------------------
0. (Mix(9x1_DilatedConv, 0.266), None)
1. (Mix(5x1_DilatedConv, 0.233), None)
2. (Mix(7x1_Conv, 0.231), None)
------------------------------------------------------------
------------------------------Current Architecture [24]------------------------------
0. (Mix(9x1_DilatedConv, 0.254), None)
1. (Mix(5x1_DilatedConv, 0.223), None)
2. (Mix(3x1_DilatedConv, 0.223), None)
------------------------------------------------------------
------------------------------Current Architecture [25]------------------------------
0. (Mix(9x1_DilatedConv, 0.271), None)
1. (Mix(5x1_DilatedConv, 0.229), None)
2. (Mix(7x1_Conv, 0.242), None)
------------------------------------------------------------
------------------------------Current Architecture [26]------------------------------
0. (Mix(9x1_DilatedConv, 0.263), None)
1. (Mix(5x1_DilatedConv, 0.212), None)
2. (Mix(7x1_DilatedConv, 0.222), None)
------------------------------------------------------------
------------------------------Current Architecture [27]------------------------------
0. (Mix(9x1_DilatedConv, 0.254), None)
1. (Mix(5x1_DilatedConv, 0.210), None)
2. (Mix(3x1_DilatedConv, 0.248), None)
------------------------------------------------------------
------------------------------Current Architecture [28]------------------------------
0. (Mix(9x1_DilatedConv, 0.255), None)
1. (Mix(5x1_DilatedConv, 0.185), None)
2. (Mix(3x1_DilatedConv, 0.323), None)
------------------------------------------------------------
------------------------------Current Architecture [29]------------------------------
0. (Mix(9x1_DilatedConv, 0.242), None)
1. (Mix(Zero, 0.185), None)
2. (Mix(3x1_DilatedConv, 0.300), None)
------------------------------------------------------------
------------------------------Current Architecture [30]------------------------------
0. (Mix(9x1_DilatedConv, 0.253), None)
1. (Mix(Zero, 0.184), None)
2. (Mix(3x1_DilatedConv, 0.360), None)
------------------------------------------------------------
------------------------------Current Architecture [31]------------------------------
0. (Mix(9x1_DilatedConv, 0.263), None)
1. (Mix(Zero, 0.181), None)
2. (Mix(3x1_DilatedConv, 0.288), None)
------------------------------------------------------------
------------------------------Current Architecture [32]------------------------------
0. (Mix(9x1_DilatedConv, 0.249), None)
1. (Mix(5x1_DilatedConv, 0.167), None)
2. (Mix(3x1_DilatedConv, 0.330), None)
------------------------------------------------------------
------------------------------Current Architecture [33]------------------------------
0. (Mix(9x1_DilatedConv, 0.278), None)
1. (Mix(Zero, 0.167), None)
2. (Mix(3x1_DilatedConv, 0.307), None)
------------------------------------------------------------
------------------------------Current Architecture [34]------------------------------
0. (Mix(9x1_DilatedConv, 0.316), None)
1. (Mix(5x1_DilatedConv, 0.168), None)
2. (Mix(3x1_DilatedConv, 0.213), None)
------------------------------------------------------------
------------------------------Current Architecture [35]------------------------------
0. (Mix(9x1_DilatedConv, 0.289), None)
1. (Mix(5x1_DilatedConv, 0.171), None)
2. (Mix(7x1_DilatedConv, 0.209), None)
------------------------------------------------------------
------------------------------Current Architecture [36]------------------------------
0. (Mix(9x1_DilatedConv, 0.288), None)
1. (Mix(Zero, 0.164), None)
2. (Mix(5x1_DilatedConv, 0.196), None)
------------------------------------------------------------
------------------------------Current Architecture [37]------------------------------
0. (Mix(9x1_DilatedConv, 0.283), None)
1. (Mix(9x1_Conv, 0.163), None)
2. (Mix(5x1_DilatedConv, 0.224), None)
------------------------------------------------------------
------------------------------Current Architecture [38]------------------------------
0. (Mix(9x1_DilatedConv, 0.242), None)
1. (Mix(9x1_Conv, 0.141), None)
2. (Mix(3x1_DilatedConv, 0.219), None)
------------------------------------------------------------
------------------------------Current Architecture [39]------------------------------
0. (Mix(9x1_DilatedConv, 0.233), None)
1. (Mix(9x1_Conv, 0.139), None)
2. (Mix(7x1_DilatedConv, 0.189), None)
------------------------------------------------------------
------------------------------Current Architecture [40]------------------------------
0. (Mix(9x1_Conv, 0.207), None)
1. (Mix(9x1_Conv, 0.139), None)
2. (Mix(7x1_Conv, 0.207), None)
------------------------------------------------------------
------------------------------Current Architecture [41]------------------------------
0. (Mix(9x1_Conv, 0.197), None)
1. (Mix(9x1_Conv, 0.144), None)
2. (Mix(5x1_DilatedConv, 0.240), None)
------------------------------------------------------------
------------------------------Current Architecture [42]------------------------------
0. (Mix(9x1_Conv, 0.206), None)
1. (Mix(7x1_DilatedConv, 0.204), None)
2. (Mix(7x1_Conv, 0.226), None)
------------------------------------------------------------
------------------------------Current Architecture [43]------------------------------
0. (Mix(9x1_Conv, 0.198), None)
1. (Mix(7x1_DilatedConv, 0.213), None)
2. (Mix(7x1_Conv, 0.231), None)
------------------------------------------------------------
------------------------------Current Architecture [44]------------------------------
0. (Mix(7x1_DilatedConv, 0.279), None)
1. (Mix(7x1_DilatedConv, 0.208), None)
2. (Mix(Zero, 0.198), None)
------------------------------------------------------------
------------------------------Current Architecture [45]------------------------------
0. (Mix(7x1_DilatedConv, 0.326), None)
1. (Mix(7x1_DilatedConv, 0.279), None)
2. (Mix(Zero, 0.278), None)
------------------------------------------------------------
------------------------------Current Architecture [46]------------------------------
0. (Mix(7x1_DilatedConv, 0.399), None)
1. (Mix(7x1_DilatedConv, 0.338), None)
2. (Mix(Zero, 0.279), None)
------------------------------------------------------------
------------------------------Current Architecture [47]------------------------------
0. (Mix(7x1_DilatedConv, 0.404), None)
1. (Mix(7x1_DilatedConv, 0.346), None)
2. (Mix(Zero, 0.274), None)
------------------------------------------------------------
------------------------------Current Architecture [48]------------------------------
0. (Mix(7x1_DilatedConv, 0.398), None)
1. (Mix(7x1_DilatedConv, 0.338), None)
2. (Mix(Zero, 0.274), None)
------------------------------------------------------------
------------------------------Current Architecture [49]------------------------------
0. (Mix(7x1_DilatedConv, 0.370), None)
1. (Mix(7x1_DilatedConv, 0.301), None)
2. (Mix(Zero, 0.275), None)
------------------------------------------------------------
------------------------------Current Architecture [50]------------------------------
0. (Mix(7x1_DilatedConv, 0.353), None)
1. (Mix(7x1_DilatedConv, 0.302), None)
2. (Mix(Zero, 0.276), None)
------------------------------------------------------------
------------------------------Current Architecture [51]------------------------------
0. (Mix(7x1_DilatedConv, 0.321), None)
1. (Mix(7x1_DilatedConv, 0.293), None)
2. (Mix(Zero, 0.271), None)
------------------------------------------------------------
------------------------------Current Architecture [52]------------------------------
0. (Mix(7x1_DilatedConv, 0.312), None)
1. (Mix(7x1_DilatedConv, 0.275), None)
2. (Mix(Zero, 0.297), None)
------------------------------------------------------------
------------------------------Current Architecture [53]------------------------------
0. (Mix(7x1_DilatedConv, 0.301), None)
1. (Mix(5x1_Conv, 0.177), None)
2. (Mix(Zero, 0.319), None)
------------------------------------------------------------
------------------------------Current Architecture [54]------------------------------
0. (Mix(7x1_DilatedConv, 0.317), None)
1. (Mix(5x1_Conv, 0.233), None)
2. (Mix(Zero, 0.324), None)
------------------------------------------------------------
------------------------------Current Architecture [55]------------------------------
0. (Mix(7x1_DilatedConv, 0.323), None)
1. (Mix(5x1_Conv, 0.292), None)
2. (Mix(Zero, 0.421), None)
------------------------------------------------------------
------------------------------Current Architecture [56]------------------------------
0. (Mix(7x1_DilatedConv, 0.282), None)
1. (Mix(5x1_Conv, 0.294), None)
2. (Mix(Zero, 0.535), None)
------------------------------------------------------------
------------------------------Current Architecture [57]------------------------------
0. (Mix(7x1_DilatedConv, 0.291), None)
1. (Mix(5x1_Conv, 0.279), None)
2. (Mix(Zero, 0.538), None)
------------------------------------------------------------
------------------------------Current Architecture [58]------------------------------
0. (Mix(7x1_DilatedConv, 0.299), None)
1. (Mix(Zero, 0.320), None)
2. (Mix(Zero, 0.537), None)
------------------------------------------------------------
------------------------------Current Architecture [59]------------------------------
0. (Mix(7x1_DilatedConv, 0.301), None)
1. (Mix(Zero, 0.323), None)
2. (Mix(Zero, 0.540), None)
------------------------------------------------------------
------------------------------Current Architecture [60]------------------------------
0. (Mix(7x1_DilatedConv, 0.319), None)
1. (Mix(Zero, 0.323), None)
2. (Mix(Zero, 0.542), None)
------------------------------------------------------------
------------------------------Current Architecture [61]------------------------------
0. (Mix(7x1_DilatedConv, 0.314), None)
1. (Mix(Zero, 0.390), None)
2. (Mix(Zero, 0.552), None)
------------------------------------------------------------
------------------------------Current Architecture [62]------------------------------
0. (Mix(7x1_DilatedConv, 0.290), None)
1. (Mix(Zero, 0.422), None)
2. (Mix(Zero, 0.555), None)
------------------------------------------------------------
------------------------------Current Architecture [63]------------------------------
0. (Mix(7x1_DilatedConv, 0.314), None)
1. (Mix(Zero, 0.421), None)
2. (Mix(Zero, 0.555), None)
------------------------------------------------------------
------------------------------Current Architecture [64]------------------------------
0. (Mix(7x1_DilatedConv, 0.330), None)
1. (Mix(Zero, 0.418), None)
2. (Mix(Zero, 0.555), None)
------------------------------------------------------------
------------------------------Current Architecture [65]------------------------------
0. (Mix(7x1_DilatedConv, 0.263), None)
1. (Mix(Zero, 0.418), None)
2. (Mix(Zero, 0.555), None)
------------------------------------------------------------
------------------------------Current Architecture [66]------------------------------
0. (Mix(7x1_DilatedConv, 0.233), None)
1. (Mix(Zero, 0.422), None)
2. (Mix(Zero, 0.554), None)
------------------------------------------------------------
------------------------------Current Architecture [67]------------------------------
0. (Mix(5x1_DilatedConv, 0.234), None)
1. (Mix(Zero, 0.432), None)
2. (Mix(Zero, 0.557), None)
------------------------------------------------------------
------------------------------Current Architecture [68]------------------------------
0. (Mix(5x1_DilatedConv, 0.366), None)
1. (Mix(Zero, 0.434), None)
2. (Mix(Zero, 0.552), None)
------------------------------------------------------------
------------------------------Current Architecture [69]------------------------------
0. (Mix(5x1_DilatedConv, 0.386), None)
1. (Mix(Zero, 0.432), None)
2. (Mix(Zero, 0.551), None)
------------------------------------------------------------
------------------------------Current Architecture [70]------------------------------
0. (Mix(5x1_DilatedConv, 0.403), None)
1. (Mix(Zero, 0.486), None)
2. (Mix(Zero, 0.550), None)
------------------------------------------------------------
------------------------------Current Architecture [71]------------------------------
0. (Mix(5x1_DilatedConv, 0.413), None)
1. (Mix(Zero, 0.509), None)
2. (Mix(Zero, 0.549), None)
------------------------------------------------------------
------------------------------Current Architecture [72]------------------------------
0. (Mix(5x1_DilatedConv, 0.422), None)
1. (Mix(Zero, 0.515), None)
2. (Mix(Zero, 0.565), None)
------------------------------------------------------------
------------------------------Current Architecture [73]------------------------------
0. (Mix(5x1_DilatedConv, 0.413), None)
1. (Mix(Zero, 0.519), None)
2. (Mix(Zero, 0.575), None)
------------------------------------------------------------
------------------------------Current Architecture [74]------------------------------
0. (Mix(5x1_DilatedConv, 0.377), None)
1. (Mix(Zero, 0.520), None)
2. (Mix(Zero, 0.579), None)
------------------------------------------------------------
------------------------------Current Architecture [75]------------------------------
0. (Mix(5x1_DilatedConv, 0.355), None)
1. (Mix(Zero, 0.519), None)
2. (Mix(Zero, 0.580), None)
------------------------------------------------------------
------------------------------Current Architecture [76]------------------------------
0. (Mix(5x1_DilatedConv, 0.322), None)
1. (Mix(Zero, 0.519), None)
2. (Mix(Zero, 0.594), None)
------------------------------------------------------------
------------------------------Current Architecture [77]------------------------------
0. (Mix(5x1_DilatedConv, 0.318), None)
1. (Mix(Zero, 0.518), None)
2. (Mix(Zero, 0.598), None)
------------------------------------------------------------
------------------------------Current Architecture [78]------------------------------
0. (Mix(5x1_DilatedConv, 0.307), None)
1. (Mix(Zero, 0.517), None)
2. (Mix(Zero, 0.597), None)
------------------------------------------------------------
------------------------------Current Architecture [79]------------------------------
0. (Mix(5x1_DilatedConv, 0.261), None)
1. (Mix(Zero, 0.515), None)
2. (Mix(Zero, 0.595), None)
------------------------------------------------------------
------------------------------Current Architecture [80]------------------------------
0. (Mix(5x1_DilatedConv, 0.246), None)
1. (Mix(Zero, 0.514), None)
2. (Mix(Zero, 0.594), None)
------------------------------------------------------------
------------------------------Current Architecture [81]------------------------------
0. (Mix(5x1_DilatedConv, 0.267), None)
1. (Mix(Zero, 0.514), None)
2. (Mix(Zero, 0.616), None)
------------------------------------------------------------
------------------------------Current Architecture [82]------------------------------
0. (Mix(5x1_DilatedConv, 0.257), None)
1. (Mix(Zero, 0.548), None)
2. (Mix(Zero, 0.618), None)
------------------------------------------------------------
------------------------------Current Architecture [83]------------------------------
0. (Mix(5x1_DilatedConv, 0.247), None)
1. (Mix(Zero, 0.552), None)
2. (Mix(Zero, 0.618), None)
------------------------------------------------------------
------------------------------Current Architecture [84]------------------------------
0. (Mix(5x1_DilatedConv, 0.261), None)
1. (Mix(Zero, 0.552), None)
2. (Mix(Zero, 0.617), None)
------------------------------------------------------------
------------------------------Current Architecture [85]------------------------------
0. (Mix(5x1_DilatedConv, 0.262), None)
1. (Mix(Zero, 0.550), None)
2. (Mix(Zero, 0.608), None)
------------------------------------------------------------
------------------------------Current Architecture [86]------------------------------
0. (Mix(5x1_DilatedConv, 0.265), None)
1. (Mix(Zero, 0.550), None)
2. (Mix(Zero, 0.606), None)
------------------------------------------------------------
------------------------------Current Architecture [87]------------------------------
0. (Mix(5x1_DilatedConv, 0.281), None)
1. (Mix(Zero, 0.548), None)
2. (Mix(Zero, 0.605), None)
------------------------------------------------------------
------------------------------Current Architecture [88]------------------------------
0. (Mix(5x1_DilatedConv, 0.281), None)
1. (Mix(Zero, 0.540), None)
2. (Mix(Zero, 0.602), None)
------------------------------------------------------------
------------------------------Current Architecture [89]------------------------------
0. (Mix(5x1_DilatedConv, 0.260), None)
1. (Mix(Zero, 0.535), None)
2. (Mix(Zero, 0.604), None)
------------------------------------------------------------
------------------------------Current Architecture [90]------------------------------
0. (Mix(5x1_DilatedConv, 0.282), None)
1. (Mix(Zero, 0.532), None)
2. (Mix(Zero, 0.604), None)
------------------------------------------------------------
------------------------------Current Architecture [91]------------------------------
0. (Mix(5x1_DilatedConv, 0.280), None)
1. (Mix(Zero, 0.532), None)
2. (Mix(Zero, 0.604), None)
------------------------------------------------------------
------------------------------Current Architecture [92]------------------------------
0. (Mix(5x1_DilatedConv, 0.282), None)
1. (Mix(Zero, 0.545), None)
2. (Mix(Zero, 0.607), None)
------------------------------------------------------------
------------------------------Current Architecture [93]------------------------------
0. (Mix(5x1_DilatedConv, 0.255), None)
1. (Mix(Zero, 0.550), None)
2. (Mix(Zero, 0.608), None)
------------------------------------------------------------
------------------------------Current Architecture [94]------------------------------
0. (Mix(9x1_Conv, 0.281), None)
1. (Mix(Zero, 0.551), None)
2. (Mix(Zero, 0.609), None)
------------------------------------------------------------
------------------------------Current Architecture [95]------------------------------
0. (Mix(9x1_Conv, 0.293), None)
1. (Mix(Zero, 0.549), None)
2. (Mix(Zero, 0.609), None)
------------------------------------------------------------
------------------------------Current Architecture [96]------------------------------
0. (Mix(5x1_DilatedConv, 0.303), None)
1. (Mix(Zero, 0.547), None)
2. (Mix(Zero, 0.609), None)
------------------------------------------------------------
------------------------------Current Architecture [97]------------------------------
0. (Mix(9x1_Conv, 0.290), None)
1. (Mix(Zero, 0.560), None)
2. (Mix(Zero, 0.609), None)
------------------------------------------------------------
------------------------------Current Architecture [98]------------------------------
0. (Mix(9x1_Conv, 0.313), None)
1. (Mix(Zero, 0.577), None)
2. (Mix(Zero, 0.606), None)
------------------------------------------------------------
------------------------------Current Architecture [99]------------------------------
0. (Mix(9x1_Conv, 0.331), None)
1. (Mix(Zero, 0.579), None)
2. (Mix(Zero, 0.605), None)
------------------------------------------------------------
------------------------------Current Architecture [100]------------------------------
0. (Mix(9x1_Conv, 0.309), None)
1. (Mix(Zero, 0.579), None)
2. (Mix(Zero, 0.604), None)
------------------------------------------------------------
